###############################################################
#  Generated by:      Cadence Innovus 15.23-s045_1
#  OS:                Linux x86_64(Host ID ieng6-ece-04.ucsd.edu)
#  Generated on:      Thu Mar  5 12:03:11 2026
#  Design:            sram_128b_w16
#  Command:           report_timing -max_paths 5 > ${design}.post_route.timing.rpt
###############################################################
Path 1: VIOLATED Late External Delay Assertion 
Endpoint:   Q[15]          (^) checked with  leading edge of 'CLK'
Beginpoint: add_q_reg_2_/Q (v) triggered by  leading edge of 'CLK'
Path Groups: {CLK}
Analysis View: WC_VIEW
Other End Arrival Time          0.000
- External Delay                0.100
+ Phase Shift                   1.000
+ CPPR Adjustment               0.000
= Required Time                 0.900
- Arrival Time                  0.917
= Slack Time                   -0.017
     Clock Rise Edge                 0.000
     + Clock Network Latency (Prop)  0.158
     = Beginpoint Arrival Time       0.158
     +-----------------------------------------------------------------------+ 
     |    Instance     |     Arc      |  Cell   | Delay | Arrival | Required | 
     |                 |              |         |       |  Time   |   Time   | 
     |-----------------+--------------+---------+-------+---------+----------| 
     | add_q_reg_2_    | CP ^         |         |       |   0.158 |    0.141 | 
     | add_q_reg_2_    | CP ^ -> Q v  | EDFQD4  | 0.138 |   0.296 |    0.279 | 
     | U1851           | I v -> ZN ^  | INVD2   | 0.026 |   0.321 |    0.304 | 
     | U2013           | A1 ^ -> ZN v | CKND2D2 | 0.037 |   0.358 |    0.341 | 
     | U1946           | A1 v -> ZN ^ | NR2XD0  | 0.050 |   0.408 |    0.391 | 
     | FE_OFC313_n1670 | I ^ -> ZN v  | INVD2   | 0.043 |   0.451 |    0.434 | 
     | FE_OFC314_n1670 | I v -> ZN ^  | INVD12  | 0.179 |   0.629 |    0.612 | 
     | U2754           | A1 ^ -> ZN v | AOI22D0 | 0.154 |   0.783 |    0.766 | 
     | U1869           | A2 v -> Z v  | AN4D0   | 0.090 |   0.873 |    0.856 | 
     | U1491           | A1 v -> ZN ^ | CKND2D1 | 0.044 |   0.917 |    0.900 | 
     |                 | Q[15] ^      |         | 0.000 |   0.917 |    0.900 | 
     +-----------------------------------------------------------------------+ 
Path 2: VIOLATED Late External Delay Assertion 
Endpoint:   Q[105]         (^) checked with  leading edge of 'CLK'
Beginpoint: add_q_reg_2_/Q (v) triggered by  leading edge of 'CLK'
Path Groups: {CLK}
Analysis View: WC_VIEW
Other End Arrival Time          0.000
- External Delay                0.100
+ Phase Shift                   1.000
+ CPPR Adjustment               0.000
= Required Time                 0.900
- Arrival Time                  0.911
= Slack Time                   -0.011
     Clock Rise Edge                 0.000
     + Clock Network Latency (Prop)  0.158
     = Beginpoint Arrival Time       0.158
     +-----------------------------------------------------------------------+ 
     |    Instance     |     Arc      |  Cell   | Delay | Arrival | Required | 
     |                 |              |         |       |  Time   |   Time   | 
     |-----------------+--------------+---------+-------+---------+----------| 
     | add_q_reg_2_    | CP ^         |         |       |   0.158 |    0.147 | 
     | add_q_reg_2_    | CP ^ -> Q v  | EDFQD4  | 0.138 |   0.296 |    0.285 | 
     | U1851           | I v -> ZN ^  | INVD2   | 0.026 |   0.321 |    0.311 | 
     | U2013           | A1 ^ -> ZN v | CKND2D2 | 0.037 |   0.358 |    0.347 | 
     | U1946           | A1 v -> ZN ^ | NR2XD0  | 0.050 |   0.408 |    0.397 | 
     | FE_OFC313_n1670 | I ^ -> ZN v  | INVD2   | 0.043 |   0.451 |    0.440 | 
     | FE_OFC314_n1670 | I v -> ZN ^  | INVD12  | 0.179 |   0.629 |    0.619 | 
     | U2927           | A1 ^ -> ZN v | AOI22D0 | 0.157 |   0.786 |    0.776 | 
     | U1575           | A2 v -> Z v  | AN4D0   | 0.089 |   0.875 |    0.865 | 
     | U1478           | A1 v -> ZN ^ | CKND2D1 | 0.035 |   0.911 |    0.900 | 
     |                 | Q[105] ^     |         | 0.000 |   0.911 |    0.900 | 
     +-----------------------------------------------------------------------+ 
Path 3: VIOLATED Late External Delay Assertion 
Endpoint:   Q[7]           (^) checked with  leading edge of 'CLK'
Beginpoint: add_q_reg_3_/Q (v) triggered by  leading edge of 'CLK'
Path Groups: {CLK}
Analysis View: WC_VIEW
Other End Arrival Time          0.000
- External Delay                0.100
+ Phase Shift                   1.000
+ CPPR Adjustment               0.000
= Required Time                 0.900
- Arrival Time                  0.910
= Slack Time                   -0.010
     Clock Rise Edge                 0.000
     + Clock Network Latency (Prop)  0.158
     = Beginpoint Arrival Time       0.158
     +-----------------------------------------------------------------------+ 
     |    Instance     |     Arc      |  Cell   | Delay | Arrival | Required | 
     |                 |              |         |       |  Time   |   Time   | 
     |-----------------+--------------+---------+-------+---------+----------| 
     | add_q_reg_3_    | CP ^         |         |       |   0.158 |    0.148 | 
     | add_q_reg_3_    | CP ^ -> Q v  | EDFQD4  | 0.140 |   0.298 |    0.287 | 
     | U2021           | I v -> ZN ^  | INVD2   | 0.021 |   0.319 |    0.308 | 
     | U1516           | A2 ^ -> ZN v | ND2D2   | 0.038 |   0.357 |    0.346 | 
     | U2026           | A1 v -> ZN ^ | NR2XD1  | 0.045 |   0.402 |    0.391 | 
     | FE_OFC317_n1633 | I ^ -> Z ^   | BUFFD12 | 0.166 |   0.567 |    0.557 | 
     | U2314           | B1 ^ -> ZN v | AOI22D1 | 0.232 |   0.800 |    0.790 | 
     | U1721           | A2 v -> Z v  | AN4XD1  | 0.076 |   0.876 |    0.866 | 
     | U2317           | A2 v -> ZN ^ | ND2D1   | 0.034 |   0.910 |    0.900 | 
     |                 | Q[7] ^       |         | 0.000 |   0.910 |    0.900 | 
     +-----------------------------------------------------------------------+ 
Path 4: VIOLATED Late External Delay Assertion 
Endpoint:   Q[81]          (^) checked with  leading edge of 'CLK'
Beginpoint: add_q_reg_2_/Q (v) triggered by  leading edge of 'CLK'
Path Groups: {CLK}
Analysis View: WC_VIEW
Other End Arrival Time          0.000
- External Delay                0.100
+ Phase Shift                   1.000
+ CPPR Adjustment               0.000
= Required Time                 0.900
- Arrival Time                  0.907
= Slack Time                   -0.007
     Clock Rise Edge                 0.000
     + Clock Network Latency (Prop)  0.158
     = Beginpoint Arrival Time       0.158
     +-----------------------------------------------------------------------+ 
     |    Instance     |     Arc      |  Cell   | Delay | Arrival | Required | 
     |                 |              |         |       |  Time   |   Time   | 
     |-----------------+--------------+---------+-------+---------+----------| 
     | add_q_reg_2_    | CP ^         |         |       |   0.158 |    0.151 | 
     | add_q_reg_2_    | CP ^ -> Q v  | EDFQD4  | 0.138 |   0.296 |    0.289 | 
     | U1851           | I v -> ZN ^  | INVD2   | 0.026 |   0.321 |    0.314 | 
     | U2013           | A1 ^ -> ZN v | CKND2D2 | 0.037 |   0.358 |    0.351 | 
     | U1946           | A1 v -> ZN ^ | NR2XD0  | 0.050 |   0.408 |    0.401 | 
     | FE_OFC313_n1670 | I ^ -> ZN v  | INVD2   | 0.043 |   0.451 |    0.444 | 
     | FE_OFC314_n1670 | I v -> ZN ^  | INVD12  | 0.179 |   0.629 |    0.622 | 
     | U2384           | A1 ^ -> ZN v | AOI22D0 | 0.153 |   0.782 |    0.775 | 
     | U1692           | A2 v -> Z v  | AN4D0   | 0.092 |   0.875 |    0.867 | 
     | U2389           | A1 v -> ZN ^ | CKND2D1 | 0.032 |   0.907 |    0.900 | 
     |                 | Q[81] ^      |         | 0.000 |   0.907 |    0.900 | 
     +-----------------------------------------------------------------------+ 
Path 5: VIOLATED Late External Delay Assertion 
Endpoint:   Q[66]          (^) checked with  leading edge of 'CLK'
Beginpoint: add_q_reg_0_/Q (v) triggered by  leading edge of 'CLK'
Path Groups: {CLK}
Analysis View: WC_VIEW
Other End Arrival Time          0.000
- External Delay                0.100
+ Phase Shift                   1.000
+ CPPR Adjustment               0.000
= Required Time                 0.900
- Arrival Time                  0.907
= Slack Time                   -0.007
     Clock Rise Edge                 0.000
     + Clock Network Latency (Prop)  0.158
     = Beginpoint Arrival Time       0.158
     +-----------------------------------------------------------------------+ 
     |    Instance     |     Arc      |  Cell   | Delay | Arrival | Required | 
     |                 |              |         |       |  Time   |   Time   | 
     |-----------------+--------------+---------+-------+---------+----------| 
     | add_q_reg_0_    | CP ^         |         |       |   0.158 |    0.151 | 
     | add_q_reg_0_    | CP ^ -> Q v  | EDFQD4  | 0.139 |   0.297 |    0.290 | 
     | FE_RC_4_0       | A2 v -> Z v  | OR2D4   | 0.069 |   0.366 |    0.359 | 
     | U2024           | A2 v -> ZN ^ | NR2XD1  | 0.036 |   0.402 |    0.396 | 
     | FE_OFC301_n2582 | I ^ -> ZN v  | INVD2   | 0.035 |   0.438 |    0.431 | 
     | FE_OFC302_n2582 | I v -> ZN ^  | INVD12  | 0.172 |   0.610 |    0.603 | 
     | U2633           | B2 ^ -> ZN v | AOI22D1 | 0.163 |   0.773 |    0.766 | 
     | U1621           | A1 v -> Z v  | AN4XD1  | 0.067 |   0.840 |    0.834 | 
     | U2636           | A2 v -> ZN ^ | ND2D1   | 0.066 |   0.906 |    0.900 | 
     |                 | Q[66] ^      |         | 0.000 |   0.907 |    0.900 | 
     +-----------------------------------------------------------------------+ 

