###############################################################
#  Generated by:      Cadence Innovus 15.23-s045_1
#  OS:                Linux x86_64(Host ID ieng6-ece-04.ucsd.edu)
#  Generated on:      Thu Mar  5 12:03:10 2026
#  Design:            sram_128b_w16
#  Command:           verifyConnectivity
###############################################################
Verify Connectivity Report is created on Thu Mar  5 12:03:10 2026



Net VDD, Pin FE_RC_3_0/VDD: has an unconnected terminal at (158.230, 22.435) (158.600, 22.765)
Net VDD, Pin FE_RC_2_0/VDD: has an unconnected terminal at (160.230, 22.435) (160.600, 22.765)
Net VDD, Pin FE_OFC305_n1675/VDD: has an unconnected terminal at (149.860, 36.835) (150.000, 37.165)
Net VDD, Pin FE_OFC227_N145/VDD: has an unconnected terminal at (370.465, 29.635) (370.600, 29.965)
Net VDD, Pin FE_OFC209_n2210/VDD: has an unconnected terminal at (386.445, 26.035) (386.800, 26.365)
Net VDD, Pin FE_OFC208_n2210/VDD: has an unconnected terminal at (516.245, 47.635) (516.600, 47.965)
Net VDD, Pin FE_OFC197_n2213/VDD: has an unconnected terminal at (257.045, 51.235) (257.400, 51.565)
Net VDD, Pin FE_OFC182_N137/VDD: has an unconnected terminal at (628.845, 18.835) (629.200, 19.165)
Net VDD, Pin FE_OFC180_N137/VDD: has an unconnected terminal at (497.645, 65.635) (498.000, 65.965)
Net VDD, Pin FE_OFC134_n1353/VDD: has an unconnected terminal at (272.045, 29.635) (272.400, 29.965)
Net VDD, Pin FE_OFC129_N117/VDD: has an unconnected terminal at (395.655, 44.035) (396.000, 44.365)
Net VDD, Pin memory12_reg_80_/VDD: has an unconnected terminal at (261.745, 22.435) (263.800, 22.765)
Net VDD, Pin memory12_reg_64_/VDD: has an unconnected terminal at (301.745, 22.435) (303.800, 22.765)
Net VDD, Pin memory12_reg_60_/VDD: has an unconnected terminal at (195.145, 29.635) (197.200, 29.965)
Net VDD, Pin memory12_reg_47_/VDD: has an unconnected terminal at (396.945, 29.635) (399.000, 29.965)
Net VDD, Pin memory12_reg_41_/VDD: has an unconnected terminal at (276.945, 51.235) (279.000, 51.565)
Net VDD, Pin memory12_reg_33_/VDD: has an unconnected terminal at (190.345, 65.635) (192.400, 65.965)
Net VDD, Pin memory12_reg_25_/VDD: has an unconnected terminal at (463.945, 69.235) (466.000, 69.565)
Net VDD, Pin memory12_reg_23_/VDD: has an unconnected terminal at (446.545, 69.235) (448.600, 69.565)
Net VDD, Pin memory12_reg_15_/VDD: has an unconnected terminal at (424.345, 69.235) (426.400, 69.565)
Net VDD, Pin memory10_reg_93_/VDD: has an unconnected terminal at (408.745, 69.235) (410.800, 69.565)
Net VDD, Pin memory10_reg_86_/VDD: has an unconnected terminal at (645.945, 15.235) (648.000, 15.565)
Net VDD, Pin memory10_reg_82_/VDD: has an unconnected terminal at (236.945, 69.235) (239.000, 69.565)
Net VDD, Pin memory10_reg_74_/VDD: has an unconnected terminal at (658.145, 15.235) (660.200, 15.565)
Net VDD, Pin memory10_reg_64_/VDD: has an unconnected terminal at (302.945, 29.635) (305.000, 29.965)
Net VDD, Pin memory10_reg_60_/VDD: has an unconnected terminal at (190.745, 36.835) (192.800, 37.165)
Net VDD, Pin memory10_reg_45_/VDD: has an unconnected terminal at (468.145, 18.835) (470.200, 19.165)
Net VDD, Pin memory10_reg_43_/VDD: has an unconnected terminal at (247.745, 22.435) (249.800, 22.765)
Net VDD, Pin memory10_reg_40_/VDD: has an unconnected terminal at (286.145, 65.635) (288.200, 65.965)
Net VDD, Pin memory10_reg_11_/VDD: has an unconnected terminal at (651.545, 15.235) (653.600, 15.565)
Net VDD, Pin memory11_reg_125_/VDD: has an unconnected terminal at (390.745, 36.835) (392.800, 37.165)
Net VDD, Pin memory11_reg_124_/VDD: has an unconnected terminal at (539.945, 18.835) (542.000, 19.165)
Net VDD, Pin memory11_reg_120_/VDD: has an unconnected terminal at (485.545, 22.435) (487.600, 22.765)
Net VDD, Pin memory11_reg_112_/VDD: has an unconnected terminal at (524.945, 62.035) (527.000, 62.365)
Net VDD, Pin memory11_reg_105_/VDD: has an unconnected terminal at (595.145, 18.835) (597.200, 19.165)
Net VDD, Pin memory11_reg_97_/VDD: has an unconnected terminal at (236.545, 22.435) (238.600, 22.765)
Net VDD, Pin memory11_reg_79_/VDD: has an unconnected terminal at (195.945, 65.635) (198.000, 65.965)
Net VDD, Pin memory11_reg_69_/VDD: has an unconnected terminal at (666.745, 62.035) (668.800, 62.365)
Net VDD, Pin memory11_reg_66_/VDD: has an unconnected terminal at (372.745, 18.835) (374.800, 19.165)
Net VDD, Pin memory11_reg_51_/VDD: has an unconnected terminal at (670.345, 54.835) (672.400, 55.165)
Net VDD, Pin memory11_reg_46_/VDD: has an unconnected terminal at (211.545, 62.035) (213.600, 62.365)
Net VDD, Pin memory11_reg_43_/VDD: has an unconnected terminal at (255.745, 22.435) (257.800, 22.765)
Net VDD, Pin memory11_reg_1_/VDD: has an unconnected terminal at (628.745, 62.035) (630.800, 62.365)
Net VDD, Pin memory13_reg_95_/VDD: has an unconnected terminal at (507.345, 26.035) (509.400, 26.365)
Net VDD, Pin memory13_reg_29_/VDD: has an unconnected terminal at (588.345, 26.035) (590.400, 26.365)
Net VDD, Pin memory13_reg_3_/VDD: has an unconnected terminal at (584.345, 58.435) (586.400, 58.765)
Net VDD, Pin memory13_reg_0_/VDD: has an unconnected terminal at (590.145, 58.435) (592.200, 58.765)
Net VDD, Pin memory14_reg_127_/VDD: has an unconnected terminal at (616.945, 51.235) (619.000, 51.565)
Net VDD, Pin memory14_reg_109_/VDD: has an unconnected terminal at (296.345, 69.235) (298.400, 69.565)
Net VDD, Pin memory14_reg_107_/VDD: has an unconnected terminal at (148.745, 62.035) (150.800, 62.365)
Net VDD, Pin memory14_reg_96_/VDD: has an unconnected terminal at (416.545, 69.235) (418.600, 69.565)
Net VDD, Pin memory14_reg_85_/VDD: has an unconnected terminal at (564.145, 18.835) (566.200, 19.165)
Net VDD, Pin memory14_reg_82_/VDD: has an unconnected terminal at (232.945, 62.035) (235.000, 62.365)
Net VDD, Pin memory14_reg_74_/VDD: has an unconnected terminal at (657.945, 26.035) (660.000, 26.365)
Net VDD, Pin memory14_reg_54_/VDD: has an unconnected terminal at (337.345, 26.035) (339.400, 26.365)
Net VDD, Pin memory14_reg_42_/VDD: has an unconnected terminal at (290.745, 22.435) (292.800, 22.765)
Net VDD, Pin memory14_reg_37_/VDD: has an unconnected terminal at (185.145, 62.035) (187.200, 62.365)
Net VDD, Pin memory14_reg_29_/VDD: has an unconnected terminal at (593.545, 22.435) (595.600, 22.765)
Net VDD, Pin memory14_reg_5_/VDD: has an unconnected terminal at (433.945, 26.035) (436.000, 26.365)
Net VDD, Pin memory14_reg_3_/VDD: has an unconnected terminal at (580.545, 69.235) (582.600, 69.565)
Net VDD, Pin memory14_reg_0_/VDD: has an unconnected terminal at (588.545, 69.235) (590.600, 69.565)
Net VDD, Pin memory15_reg_113_/VDD: has an unconnected terminal at (544.545, 58.435) (546.600, 58.765)
Net VDD, Pin memory15_reg_99_/VDD: has an unconnected terminal at (225.545, 58.435) (227.600, 58.765)
Net VDD, Pin memory15_reg_89_/VDD: has an unconnected terminal at (287.745, 54.835) (289.800, 55.165)
Net VDD, Pin memory15_reg_83_/VDD: has an unconnected terminal at (255.345, 62.035) (257.400, 62.365)
Net VDD, Pin memory15_reg_76_/VDD: has an unconnected terminal at (249.745, 62.035) (251.800, 62.365)
Net VDD, Pin memory15_reg_63_/VDD: has an unconnected terminal at (635.145, 26.035) (637.200, 26.365)
Net VDD, Pin memory15_reg_54_/VDD: has an unconnected terminal at (336.745, 29.635) (338.800, 29.965)
Net VDD, Pin memory15_reg_50_/VDD: has an unconnected terminal at (229.745, 29.635) (231.800, 29.965)
Net VDD, Pin memory15_reg_20_/VDD: has an unconnected terminal at (488.345, 62.035) (490.400, 62.365)
Net VDD, Pin memory0_reg_108_/VDD: has an unconnected terminal at (578.545, 47.635) (580.600, 47.965)
Net VDD, Pin memory0_reg_104_/VDD: has an unconnected terminal at (605.745, 29.635) (607.800, 29.965)
Net VDD, Pin memory0_reg_89_/VDD: has an unconnected terminal at (305.945, 58.435) (308.000, 58.765)
Net VDD, Pin memory0_reg_78_/VDD: has an unconnected terminal at (633.945, 65.635) (636.000, 65.965)
Net VDD, Pin memory0_reg_64_/VDD: has an unconnected terminal at (303.345, 36.835) (305.400, 37.165)
Net VDD, Pin memory0_reg_63_/VDD: has an unconnected terminal at (629.545, 26.035) (631.600, 26.365)
Net VDD, Pin memory0_reg_50_/VDD: has an unconnected terminal at (232.945, 40.435) (235.000, 40.765)
Net VDD, Pin memory0_reg_30_/VDD: has an unconnected terminal at (622.945, 51.235) (625.000, 51.565)
Net VDD, Pin memory0_reg_11_/VDD: has an unconnected terminal at (639.545, 36.835) (641.600, 37.165)
Net VDD, Pin memory0_reg_6_/VDD: has an unconnected terminal at (416.545, 33.235) (418.600, 33.565)
Net VDD, Pin memory0_reg_3_/VDD: has an unconnected terminal at (584.145, 47.635) (586.200, 47.965)
Net VDD, Pin memory1_reg_77_/VDD: has an unconnected terminal at (345.345, 40.435) (347.400, 40.765)
Net VDD, Pin memory1_reg_75_/VDD: has an unconnected terminal at (203.945, 54.835) (206.000, 55.165)
Net VDD, Pin memory1_reg_72_/VDD: has an unconnected terminal at (337.945, 69.235) (340.000, 69.565)
Net VDD, Pin memory1_reg_71_/VDD: has an unconnected terminal at (411.945, 18.835) (414.000, 19.165)
Net VDD, Pin memory1_reg_68_/VDD: has an unconnected terminal at (405.545, 18.835) (407.600, 19.165)
Net VDD, Pin memory1_reg_67_/VDD: has an unconnected terminal at (345.545, 47.635) (347.600, 47.965)
Net VDD, Pin memory1_reg_66_/VDD: has an unconnected terminal at (380.145, 18.835) (382.200, 19.165)
Net VDD, Pin memory1_reg_57_/VDD: has an unconnected terminal at (559.545, 36.835) (561.600, 37.165)
Net VDD, Pin memory1_reg_52_/VDD: has an unconnected terminal at (355.945, 40.435) (358.000, 40.765)
Net VDD, Pin memory1_reg_51_/VDD: has an unconnected terminal at (678.345, 51.235) (680.400, 51.565)
Net VDD, Pin memory1_reg_49_/VDD: has an unconnected terminal at (237.745, 47.635) (239.800, 47.965)
Net VDD, Pin memory1_reg_37_/VDD: has an unconnected terminal at (186.145, 54.835) (188.200, 55.165)
Net VDD, Pin memory1_reg_11_/VDD: has an unconnected terminal at (639.545, 33.235) (641.600, 33.565)
Net VDD, Pin memory1_reg_7_/VDD: has an unconnected terminal at (674.745, 72.835) (676.800, 73.165)
Net VDD, Pin memory1_reg_1_/VDD: has an unconnected terminal at (616.545, 69.235) (618.600, 69.565)
Net VDD, Pin memory2_reg_120_/VDD: has an unconnected terminal at (480.545, 33.235) (482.600, 33.565)
Net VDD, Pin memory2_reg_112_/VDD: has an unconnected terminal at (531.545, 54.835) (533.600, 55.165)
Net VDD, Pin memory2_reg_105_/VDD: has an unconnected terminal at (600.345, 29.635) (602.400, 29.965)
Net VDD, Pin memory2_reg_79_/VDD: has an unconnected terminal at (194.745, 54.835) (196.800, 55.165)
Net VDD, Pin memory2_reg_64_/VDD: has an unconnected terminal at (302.545, 33.235) (304.600, 33.565)
Net VDD, Pin memory2_reg_59_/VDD: has an unconnected terminal at (681.345, 65.635) (683.400, 65.965)
Net VDD, Pin memory2_reg_30_/VDD: has an unconnected terminal at (623.345, 54.835) (625.400, 55.165)
Net VDD, Pin memory2_reg_25_/VDD: has an unconnected terminal at (459.745, 47.635) (461.800, 47.965)
Net VDD, Pin memory2_reg_9_/VDD: has an unconnected terminal at (685.745, 47.635) (687.800, 47.965)
Net VDD, Pin memory2_reg_6_/VDD: has an unconnected terminal at (416.545, 29.635) (418.600, 29.965)
Net VDD, Pin memory3_reg_118_/VDD: has an unconnected terminal at (172.945, 18.835) (175.000, 19.165)
Net VDD, Pin memory3_reg_111_/VDD: has an unconnected terminal at (469.345, 51.235) (471.400, 51.565)
Net VDD, Pin memory3_reg_102_/VDD: has an unconnected terminal at (495.945, 29.635) (498.000, 29.965)
Net VDD, Pin memory3_reg_94_/VDD: has an unconnected terminal at (500.745, 33.235) (502.800, 33.565)
Net VDD, Pin memory3_reg_58_/VDD: has an unconnected terminal at (178.345, 18.835) (180.400, 19.165)
Net VDD, Pin memory3_reg_45_/VDD: has an unconnected terminal at (455.945, 40.435) (458.000, 40.765)
Net VDD, Pin memory3_reg_13_/VDD: has an unconnected terminal at (432.545, 54.835) (434.600, 55.165)
Net VDD, Pin memory3_reg_10_/VDD: has an unconnected terminal at (639.145, 40.435) (641.200, 40.765)
Net VDD, Pin memory3_reg_0_/VDD: has an unconnected terminal at (594.145, 69.235) (596.200, 69.565)
Net VDD, Pin memory4_reg_121_/VDD: has an unconnected terminal at (545.945, 33.235) (548.000, 33.565)
Net VDD, Pin memory4_reg_116_/VDD: has an unconnected terminal at (181.345, 47.635) (183.400, 47.965)
Net VDD, Pin memory4_reg_101_/VDD: has an unconnected terminal at (524.545, 40.435) (526.600, 40.765)
Net VDD, Pin memory4_reg_92_/VDD: has an unconnected terminal at (643.145, 65.635) (645.200, 65.965)
Net VDD, Pin memory4_reg_90_/VDD: has an unconnected terminal at (391.145, 54.835) (393.200, 55.165)
Net VDD, Pin memory4_reg_78_/VDD: has an unconnected terminal at (633.745, 47.635) (635.800, 47.965)
Net VDD, Pin memory4_reg_66_/VDD: has an unconnected terminal at (380.745, 26.035) (382.800, 26.365)
Net VDD, Pin memory4_reg_64_/VDD: has an unconnected terminal at (296.545, 33.235) (298.600, 33.565)
Net VDD, Pin memory4_reg_55_/VDD: has an unconnected terminal at (691.545, 40.435) (693.600, 40.765)
Net VDD, Pin memory4_reg_0_/VDD: has an unconnected terminal at (596.545, 65.635) (598.600, 65.965)
Net VDD, Pin memory5_reg_119_/VDD: has an unconnected terminal at (551.345, 54.835) (553.400, 55.165)
Net VDD, Pin memory5_reg_113_/VDD: has an unconnected terminal at (544.945, 44.035) (547.000, 44.365)
Net VDD, Pin memory5_reg_93_/VDD: has an unconnected terminal at (403.345, 54.835) (405.400, 55.165)
Net VDD, Pin memory5_reg_85_/VDD: has an unconnected terminal at (565.145, 36.835) (567.200, 37.165)
Net VDD, Pin memory5_reg_57_/VDD: has an unconnected terminal at (554.145, 40.435) (556.200, 40.765)
Net VDD, Pin memory5_reg_53_/VDD: has an unconnected terminal at (428.545, 58.435) (430.600, 58.765)
Net VDD, Pin memory6_reg_125_/VDD: has an unconnected terminal at (397.545, 22.435) (399.600, 22.765)
Net VDD, Pin memory6_reg_119_/VDD: has an unconnected terminal at (550.345, 58.435) (552.400, 58.765)
Net VDD, Pin memory6_reg_113_/VDD: has an unconnected terminal at (538.945, 58.435) (541.000, 58.765)
Net VDD, Pin memory6_reg_98_/VDD: has an unconnected terminal at (620.945, 36.835) (623.000, 37.165)
Net VDD, Pin memory6_reg_93_/VDD: has an unconnected terminal at (409.145, 54.835) (411.200, 55.165)
Net VDD, Pin memory6_reg_91_/VDD: has an unconnected terminal at (368.145, 54.835) (370.200, 55.165)
Net VDD, Pin memory6_reg_70_/VDD: has an unconnected terminal at (315.145, 36.835) (317.200, 37.165)
Net VDD, Pin memory6_reg_68_/VDD: has an unconnected terminal at (404.345, 22.435) (406.400, 22.765)
Net VDD, Pin memory6_reg_59_/VDD: has an unconnected terminal at (680.945, 72.835) (683.000, 73.165)
Net VDD, Pin memory6_reg_53_/VDD: has an unconnected terminal at (427.945, 47.635) (430.000, 47.965)
Net VDD, Pin memory6_reg_51_/VDD: has an unconnected terminal at (691.345, 47.635) (693.400, 47.965)
Net VDD, Pin memory6_reg_42_/VDD: has an unconnected terminal at (290.545, 33.235) (292.600, 33.565)
Net VDD, Pin memory7_reg_125_/VDD: has an unconnected terminal at (390.945, 26.035) (393.000, 26.365)
Net VDD, Pin memory7_reg_124_/VDD: has an unconnected terminal at (540.945, 40.435) (543.000, 40.765)
Net VDD, Pin memory7_reg_123_/VDD: has an unconnected terminal at (278.745, 29.635) (280.800, 29.965)
Net VDD, Pin memory7_reg_98_/VDD: has an unconnected terminal at (617.945, 29.635) (620.000, 29.965)
Net VDD, Pin memory7_reg_61_/VDD: has an unconnected terminal at (170.945, 47.635) (173.000, 47.965)
Net VDD, Pin memory7_reg_41_/VDD: has an unconnected terminal at (279.545, 40.435) (281.600, 40.765)
Net VDD, Pin memory7_reg_8_/VDD: has an unconnected terminal at (493.545, 47.635) (495.600, 47.965)
Net VDD, Pin memory7_reg_1_/VDD: has an unconnected terminal at (617.145, 54.835) (619.200, 55.165)
Net VDD, Pin memory8_reg_127_/VDD: has an unconnected terminal at (611.545, 54.835) (613.600, 55.165)
Net VDD, Pin memory8_reg_118_/VDD: has an unconnected terminal at (169.145, 33.235) (171.200, 33.565)
Net VDD, Pin memory8_reg_81_/VDD: has an unconnected terminal at (445.345, 72.835) (447.400, 73.165)
Net VDD, Pin memory8_reg_66_/VDD: has an unconnected terminal at (375.145, 22.435) (377.200, 22.765)
Net VDD, Pin memory8_reg_53_/VDD: has an unconnected terminal at (428.745, 72.835) (430.800, 73.165)
Net VDD, Pin memory8_reg_17_/VDD: has an unconnected terminal at (518.745, 69.235) (520.800, 69.565)
Net VDD, Pin memory9_reg_101_/VDD: has an unconnected terminal at (531.145, 18.835) (533.200, 19.165)
Net VDD, Pin memory9_reg_83_/VDD: has an unconnected terminal at (265.545, 62.035) (267.600, 62.365)
Net VDD, Pin memory9_reg_82_/VDD: has an unconnected terminal at (238.745, 65.635) (240.800, 65.965)
Net VDD, Pin memory9_reg_78_/VDD: has an unconnected terminal at (628.745, 51.235) (630.800, 51.565)
Net VDD, Pin memory9_reg_40_/VDD: has an unconnected terminal at (276.745, 54.835) (278.800, 55.165)
Net VDD, Pin memory9_reg_36_/VDD: has an unconnected terminal at (585.145, 22.435) (587.200, 22.765)
Net VDD, Pin memory9_reg_29_/VDD: has an unconnected terminal at (585.745, 18.835) (587.800, 19.165)
Net VDD, Pin memory9_reg_6_/VDD: has an unconnected terminal at (432.545, 33.235) (434.600, 33.565)
Net VDD, Pin U1476/VDD: has an unconnected terminal at (542.515, 22.435) (542.600, 22.765)
Net VDD, Pin U1512/VDD: has an unconnected terminal at (160.595, 26.035) (161.200, 26.365)
Net VDD, Pin U1519/VDD: has an unconnected terminal at (686.770, 33.235) (687.400, 33.565)
Net VDD, Pin U1524/VDD: has an unconnected terminal at (310.570, 36.835) (311.200, 37.165)
Net VDD, Pin U1573/VDD: has an unconnected terminal at (351.590, 65.635) (353.000, 65.965)
Net VDD, Pin U1614/VDD: has an unconnected terminal at (241.990, 65.635) (243.400, 65.965)
Net VDD, Pin U1626/VDD: has an unconnected terminal at (436.590, 22.435) (438.000, 22.765)
Net VDD, Pin U1627/VDD: has an unconnected terminal at (578.370, 54.835) (579.000, 55.165)
Net VDD, Pin U1641/VDD: has an unconnected terminal at (506.570, 47.635) (507.200, 47.965)
Net VDD, Pin U1688/VDD: has an unconnected terminal at (628.370, 33.235) (629.000, 33.565)
Net VDD, Pin U1697/VDD: has an unconnected terminal at (588.390, 22.435) (589.800, 22.765)
Net VDD, Pin U1704/VDD: has an unconnected terminal at (419.970, 33.235) (420.600, 33.565)
Net VDD, Pin U1708/VDD: has an unconnected terminal at (250.590, 65.635) (252.000, 65.965)
Net VDD, Pin U1711/VDD: has an unconnected terminal at (501.170, 36.835) (501.800, 37.165)
Net VDD, Pin U1712/VDD: has an unconnected terminal at (668.970, 69.235) (669.600, 69.565)
Net VDD, Pin U1724/VDD: has an unconnected terminal at (639.170, 51.235) (639.800, 51.565)
Net VDD, Pin U1727/VDD: has an unconnected terminal at (527.170, 33.235) (527.800, 33.565)
Net VDD, Pin U1750/VDD: has an unconnected terminal at (151.595, 29.635) (152.200, 29.965)
Net VDD, Pin U1756/VDD: has an unconnected terminal at (159.595, 26.035) (160.200, 26.365)
Net VDD, Pin U1765/VDD: has an unconnected terminal at (686.970, 40.435) (687.600, 40.765)
Net VDD, Pin U1791/VDD: has an unconnected terminal at (528.900, 33.235) (529.800, 33.565)
Net VDD, Pin U1792/VDD: has an unconnected terminal at (525.100, 33.235) (526.000, 33.565)
Net VDD, Pin U1834/VDD: has an unconnected terminal at (568.300, 33.235) (569.200, 33.565)
Net VDD, Pin U1835/VDD: has an unconnected terminal at (372.300, 33.235) (373.200, 33.565)
Net VDD, Pin U1856/VDD: has an unconnected terminal at (151.700, 44.035) (152.600, 44.365)
Net VDD, Pin U1865/VDD: has an unconnected terminal at (434.190, 65.635) (435.600, 65.965)
Net VDD, Pin U1867/VDD: has an unconnected terminal at (662.370, 22.435) (663.000, 22.765)
Net VDD, Pin U1879/VDD: has an unconnected terminal at (606.970, 40.435) (607.600, 40.765)
Net VDD, Pin U1891/VDD: has an unconnected terminal at (588.900, 18.835) (589.800, 19.165)
Net VDD, Pin U1903/VDD: has an unconnected terminal at (652.570, 51.235) (653.200, 51.565)
Net VDD, Pin U1904/VDD: has an unconnected terminal at (641.970, 62.035) (642.600, 62.365)
Net VDD, Pin U1913/VDD: has an unconnected terminal at (473.200, 51.235) (474.600, 51.565)
Net VDD, Pin U1918/VDD: has an unconnected terminal at (175.600, 47.635) (177.000, 47.965)
Net VDD, Pin U1921/VDD: has an unconnected terminal at (171.390, 26.035) (172.800, 26.365)
Net VDD, Pin U1961/VDD: has an unconnected terminal at (449.500, 47.635) (450.400, 47.965)
Net VDD, Pin U1966/VDD: has an unconnected terminal at (273.500, 29.635) (274.400, 29.965)
Net VDD, Pin U1975/VDD: has an unconnected terminal at (180.300, 40.435) (181.200, 40.765)
Net VDD, Pin U1991/VDD: has an unconnected terminal at (366.400, 18.835) (367.800, 19.165)
Net VDD, Pin U1998/VDD: has an unconnected terminal at (519.900, 22.435) (520.800, 22.765)
Net VDD, Pin U2001/VDD: has an unconnected terminal at (163.900, 40.435) (164.800, 40.765)
Net VDD, Pin U2004/VDD: has an unconnected terminal at (541.300, 33.235) (542.200, 33.565)
Net VDD, Pin U2010/VDD: has an unconnected terminal at (593.115, 65.635) (593.200, 65.965)
Net VDD, Pin U2018/VDD: has an unconnected terminal at (147.115, 29.635) (147.200, 29.965)
Net VDD, Pin U2032/VDD: has an unconnected terminal at (189.700, 54.835) (190.600, 55.165)
Net VDD, Pin U2054/VDD: has an unconnected terminal at (295.800, 47.635) (297.200, 47.965)
Net VDD, Pin U2075/VDD: has an unconnected terminal at (293.400, 22.435) (294.800, 22.765)
Net VDD, Pin U2094/VDD: has an unconnected terminal at (264.100, 51.235) (265.000, 51.565)
Net VDD, Pin U2111/VDD: has an unconnected terminal at (211.500, 51.235) (212.400, 51.565)
Net VDD, Pin U2116/VDD: has an unconnected terminal at (389.900, 40.435) (390.800, 40.765)
Net VDD, Pin U2123/VDD: has an unconnected terminal at (393.515, 29.635) (393.600, 29.965)
Net VDD, Pin U2124/VDD: has an unconnected terminal at (320.900, 22.435) (321.800, 22.765)
Net VDD, Pin U2142/VDD: has an unconnected terminal at (241.100, 22.435) (242.000, 22.765)
Net VDD, Pin U2155/VDD: has an unconnected terminal at (684.900, 51.235) (685.800, 51.565)
Net VDD, Pin U2160/VDD: has an unconnected terminal at (362.000, 62.035) (363.400, 62.365)
Net VDD, Pin U2162/VDD: has an unconnected terminal at (363.600, 62.035) (365.000, 62.365)
Net VDD, Pin U2177/VDD: has an unconnected terminal at (402.400, 65.635) (403.800, 65.965)
Net VDD, Pin U2179/VDD: has an unconnected terminal at (407.000, 62.035) (408.400, 62.365)
Net VDD, Pin U2222/VDD: has an unconnected terminal at (619.900, 33.235) (620.800, 33.565)
Net VDD, Pin U2229/VDD: has an unconnected terminal at (224.900, 51.235) (225.800, 51.565)
Net VDD, Pin U2239/VDD: has an unconnected terminal at (504.900, 33.235) (505.800, 33.565)
Net VDD, Pin U2243/VDD: has an unconnected terminal at (411.500, 69.235) (412.400, 69.565)
Net VDD, Pin U2257/VDD: has an unconnected terminal at (492.700, 36.835) (493.600, 37.165)
Net VDD, Pin U2294/VDD: has an unconnected terminal at (658.600, 47.635) (660.000, 47.965)
Net VDD, Pin U2301/VDD: has an unconnected terminal at (492.700, 69.235) (493.600, 69.565)
Net VDD, Pin U2302/VDD: has an unconnected terminal at (495.000, 65.635) (496.400, 65.965)
Net VDD, Pin U2313/VDD: has an unconnected terminal at (684.900, 65.635) (685.800, 65.965)
Net VDD, Pin U2336/VDD: has an unconnected terminal at (684.700, 33.235) (685.600, 33.565)
Net VDD, Pin U2337/VDD: has an unconnected terminal at (679.300, 33.235) (680.200, 33.565)
Net VDD, Pin U2343/VDD: has an unconnected terminal at (645.500, 40.435) (646.400, 40.765)
Net VDD, Pin U2349/VDD: has an unconnected terminal at (389.900, 47.635) (390.800, 47.965)
Net VDD, Pin U2354/VDD: has an unconnected terminal at (385.900, 62.035) (386.800, 62.365)
Net VDD, Pin U2378/VDD: has an unconnected terminal at (265.500, 33.235) (266.400, 33.565)
Net VDD, Pin U2409/VDD: has an unconnected terminal at (650.000, 51.235) (651.400, 51.565)
Net VDD, Pin U2410/VDD: has an unconnected terminal at (652.500, 69.235) (653.400, 69.565)
Net VDD, Pin U2439/VDD: has an unconnected terminal at (358.400, 26.035) (359.800, 26.365)
Net VDD, Pin U2443/VDD: has an unconnected terminal at (369.800, 33.235) (371.200, 33.565)
Net VDD, Pin U2445/VDD: has an unconnected terminal at (289.900, 65.635) (290.800, 65.965)
Net VDD, Pin U2466/VDD: has an unconnected terminal at (353.000, 51.235) (354.400, 51.565)
Net VDD, Pin U2473/VDD: has an unconnected terminal at (430.000, 65.635) (431.400, 65.965)
Net VDD, Pin U2481/VDD: has an unconnected terminal at (650.600, 40.435) (652.000, 40.765)
Net VDD, Pin U2505/VDD: has an unconnected terminal at (668.370, 44.035) (670.000, 44.365)
Net VDD, Pin U2509/VDD: has an unconnected terminal at (684.900, 40.435) (685.800, 40.765)
Net VDD, Pin U2517/VDD: has an unconnected terminal at (314.100, 51.235) (315.000, 51.565)
Net VDD, Pin U2531/VDD: has an unconnected terminal at (669.900, 62.035) (670.800, 62.365)
Net VDD, Pin U2533/VDD: has an unconnected terminal at (661.900, 62.035) (662.800, 62.365)
Net VDD, Pin U2537/VDD: has an unconnected terminal at (680.700, 58.435) (681.600, 58.765)
Net VDD, Pin U2561/VDD: has an unconnected terminal at (202.800, 51.235) (204.200, 51.565)
Net VDD, Pin U2570/VDD: has an unconnected terminal at (678.100, 29.635) (679.000, 29.965)
Net VDD, Pin U2571/VDD: has an unconnected terminal at (664.115, 22.435) (664.200, 22.765)
Net VDD, Pin U2572/VDD: has an unconnected terminal at (319.500, 36.835) (320.400, 37.165)
Net VDD, Pin U2573/VDD: has an unconnected terminal at (320.400, 40.435) (321.800, 40.765)
Net VDD, Pin U2582/VDD: has an unconnected terminal at (331.200, 69.235) (332.600, 69.565)
Net VDD, Pin U2591/VDD: has an unconnected terminal at (438.200, 22.435) (439.600, 22.765)
Net VDD, Pin U2615/VDD: has an unconnected terminal at (400.200, 33.235) (401.600, 33.565)
Net VDD, Pin U2618/VDD: has an unconnected terminal at (405.800, 26.035) (407.200, 26.365)
Net VDD, Pin U2622/VDD: has an unconnected terminal at (351.600, 26.035) (353.000, 26.365)
Net VDD, Pin U2623/VDD: has an unconnected terminal at (349.300, 26.035) (350.200, 26.365)
Net VDD, Pin U2641/VDD: has an unconnected terminal at (322.300, 51.235) (323.200, 51.565)
Net VDD, Pin U2653/VDD: has an unconnected terminal at (634.700, 18.835) (635.600, 19.165)
Net VDD, Pin U2700/VDD: has an unconnected terminal at (543.600, 22.435) (545.000, 22.765)
Net VDD, Pin U2709/VDD: has an unconnected terminal at (379.100, 58.435) (380.000, 58.765)
Net VDD, Pin U2723/VDD: has an unconnected terminal at (659.800, 22.435) (661.200, 22.765)
Net VDD, Pin U2753/VDD: has an unconnected terminal at (419.700, 69.235) (420.600, 69.565)
Net VDD, Pin U2757/VDD: has an unconnected terminal at (416.900, 51.235) (417.800, 51.565)
Net VDD, Pin U2779/VDD: has an unconnected terminal at (519.400, 54.835) (520.800, 55.165)
Net VDD, Pin U2781/VDD: has an unconnected terminal at (595.500, 58.435) (596.400, 58.765)
Net VDD, Pin U2782/VDD: has an unconnected terminal at (595.500, 54.835) (596.400, 55.165)
Net VDD, Pin U2785/VDD: has an unconnected terminal at (604.900, 40.435) (605.800, 40.765)
Net VDD, Pin U2788/VDD: has an unconnected terminal at (462.900, 18.835) (463.800, 19.165)
Net VDD, Pin U2796/VDD: has an unconnected terminal at (451.600, 26.035) (453.000, 26.365)
Net VDD, Pin U2807/VDD: has an unconnected terminal at (173.000, 26.035) (174.400, 26.365)
Net VDD, Pin U2808/VDD: has an unconnected terminal at (169.400, 26.035) (170.800, 26.365)
Net VDD, Pin U2818/VDD: has an unconnected terminal at (457.200, 65.635) (458.600, 65.965)
Net VDD, Pin U2821/VDD: has an unconnected terminal at (458.700, 51.235) (459.600, 51.565)
Net VDD, Pin U2823/VDD: has an unconnected terminal at (454.900, 47.635) (455.800, 47.965)
Net VDD, Pin U2838/VDD: has an unconnected terminal at (484.500, 33.235) (485.400, 33.565)
Net VDD, Pin U2843/VDD: has an unconnected terminal at (549.500, 33.235) (550.400, 33.565)
Net VDD, Pin U2856/VDD: has an unconnected terminal at (162.700, 33.235) (163.600, 33.565)
Net VDD, Pin U2857/VDD: has an unconnected terminal at (158.000, 36.835) (159.400, 37.165)
Net VDD, Pin U2860/VDD: has an unconnected terminal at (154.500, 44.035) (155.400, 44.365)
Net VDD, Pin U2869/VDD: has an unconnected terminal at (473.200, 22.435) (474.600, 22.765)
Net VDD, Pin U2876/VDD: has an unconnected terminal at (556.300, 65.635) (557.200, 65.965)
Net VDD, Pin U2878/VDD: has an unconnected terminal at (555.570, 54.835) (557.200, 55.165)
Net VDD, Pin U2883/VDD: has an unconnected terminal at (538.100, 54.835) (539.000, 55.165)
Net VDD, Pin U2886/VDD: has an unconnected terminal at (523.000, 65.635) (524.400, 65.965)
Net VDD, Pin U2888/VDD: has an unconnected terminal at (529.100, 62.035) (530.000, 62.365)
Net VDD, Pin U2900/VDD: has an unconnected terminal at (510.300, 47.635) (511.200, 47.965)
Net VDD, Pin U2911/VDD: has an unconnected terminal at (573.400, 62.035) (574.800, 62.365)
Net VDD, Pin U2912/VDD: has an unconnected terminal at (578.100, 51.235) (579.000, 51.565)
Net VDD, Pin U2913/VDD: has an unconnected terminal at (573.900, 54.835) (574.800, 55.165)
Net VDD, Pin U2932/VDD: has an unconnected terminal at (610.500, 18.835) (611.400, 19.165)
Net VDD, Pin U2953/VDD: has an unconnected terminal at (530.700, 33.235) (531.600, 33.565)
Net VDD, Pin U2961/VDD: has an unconnected terminal at (661.400, 26.035) (662.800, 26.365)
Net VDD, Pin U2968/VDD: has an unconnected terminal at (281.200, 65.635) (282.600, 65.965)
Net VDD, Pin U2975/VDD: has an unconnected terminal at (151.400, 65.635) (152.800, 65.965)
Net VDD, Pin FILLER_40/VDD: has an unconnected terminal at (181.625, 11.635) (182.000, 11.965)
Net VDD, Pin FILLER_46/VDD: has an unconnected terminal at (215.465, 11.635) (215.800, 11.965)
Net VDD, Pin FILLER_93/VDD: has an unconnected terminal at (372.065, 15.235) (372.400, 15.565)
Net VDD, Pin FILLER_120/VDD: has an unconnected terminal at (547.465, 15.235) (547.800, 15.565)
Net VDD, Pin FILLER_137/VDD: has an unconnected terminal at (673.225, 11.635) (673.600, 11.965)
Net VDD, Pin FILLER_139/VDD: has an unconnected terminal at (697.465, 18.835) (697.800, 19.165)
Net VDD, Pin FILLER_155/VDD: has an unconnected terminal at (81.065, 15.235) (81.400, 15.565)
Net VDD, Pin FILLER_167/VDD: has an unconnected terminal at (135.665, 15.235) (136.000, 15.565)
Net VDD, Pin FILLER_180/VDD: has an unconnected terminal at (154.065, 15.235) (154.400, 15.565)
Net VDD, Pin FILLER_207/VDD: has an unconnected terminal at (229.225, 15.235) (229.600, 15.565)
Net VDD, Pin FILLER_208/VDD: has an unconnected terminal at (230.025, 15.235) (230.400, 15.565)
Net VDD, Pin FILLER_244/VDD: has an unconnected terminal at (300.265, 15.235) (300.600, 15.565)
Net VDD, Pin FILLER_248/VDD: has an unconnected terminal at (308.465, 11.635) (308.800, 11.965)
Net VDD, Pin FILLER_255/VDD: has an unconnected terminal at (331.865, 11.635) (332.200, 11.965)
Net VDD, Pin FILLER_282/VDD: has an unconnected terminal at (382.625, 15.235) (383.000, 15.565)
Net VDD, Pin FILLER_329/VDD: has an unconnected terminal at (524.665, 15.235) (525.000, 15.565)
Net VDD, Pin FILLER_356/VDD: has an unconnected terminal at (603.265, 11.635) (603.600, 11.965)
Net VDD, Pin FILLER_359/VDD: has an unconnected terminal at (621.865, 11.635) (622.200, 11.965)
Net VDD, Pin FILLER_383/VDD: has an unconnected terminal at (16.465, 15.235) (16.800, 15.565)
Net VDD, Pin FILLER_392/VDD: has an unconnected terminal at (73.665, 15.235) (74.000, 15.565)
Net VDD, Pin FILLER_420/VDD: has an unconnected terminal at (152.425, 15.235) (152.800, 15.565)
Net VDD, Pin FILLER_432/VDD: has an unconnected terminal at (214.065, 15.235) (214.400, 15.565)
Net VDD, Pin FILLER_446/VDD: has an unconnected terminal at (278.265, 15.235) (278.600, 15.565)
Net VDD, Pin FILLER_447/VDD: has an unconnected terminal at (278.265, 18.835) (278.600, 19.165)
Net VDD, Pin FILLER_475/VDD: has an unconnected terminal at (392.225, 15.235) (392.600, 15.565)
Net VDD, Pin FILLER_488/VDD: has an unconnected terminal at (423.425, 15.235) (423.800, 15.565)
Net VDD, Pin FILLER_557/VDD: has an unconnected terminal at (615.225, 11.635) (615.600, 11.965)
Net VDD, Pin FILLER_569/VDD: has an unconnected terminal at (665.665, 15.235) (666.000, 15.565)
Net VDD, Pin FILLER_586/VDD: has an unconnected terminal at (691.865, 15.235) (692.200, 15.565)
Net VDD, Pin FILLER_609/VDD: has an unconnected terminal at (130.665, 15.235) (131.000, 15.565)
Net VDD, Pin FILLER_617/VDD: has an unconnected terminal at (139.025, 15.235) (139.400, 15.565)
Net VDD, Pin FILLER_646/VDD: has an unconnected terminal at (216.065, 15.235) (216.400, 15.565)
Net VDD, Pin FILLER_654/VDD: has an unconnected terminal at (241.865, 15.235) (242.200, 15.565)
Net VDD, Pin FILLER_657/VDD: has an unconnected terminal at (253.665, 15.235) (254.000, 15.565)
Net VDD, Pin FILLER_677/VDD: has an unconnected terminal at (301.225, 15.235) (301.600, 15.565)
Net VDD, Pin FILLER_738/VDD: has an unconnected terminal at (439.465, 15.235) (439.800, 15.565)
Net VDD, Pin FILLER_748/VDD: has an unconnected terminal at (473.265, 11.635) (473.600, 11.965)
Net VDD, Pin FILLER_752/VDD: has an unconnected terminal at (500.825, 11.635) (501.200, 11.965)
Net VDD, Pin FILLER_776/VDD: has an unconnected terminal at (556.625, 15.235) (557.000, 15.565)
Net VDD, Pin FILLER_825/VDD: has an unconnected terminal at (685.665, 15.235) (686.000, 15.565)
Net VDD, Pin FILLER_850/VDD: has an unconnected terminal at (114.065, 18.835) (114.400, 19.165)
Net VDD, Pin FILLER_857/VDD: has an unconnected terminal at (137.865, 15.235) (138.200, 15.565)
Net VDD, Pin FILLER_859/VDD: has an unconnected terminal at (149.465, 22.435) (149.800, 22.765)
Net VDD, Pin FILLER_893/VDD: has an unconnected terminal at (249.665, 15.235) (250.000, 15.565)
Net VDD, Pin FILLER_900/VDD: has an unconnected terminal at (288.025, 15.235) (288.400, 15.565)
Net VDD, Pin FILLER_921/VDD: has an unconnected terminal at (373.065, 15.235) (373.400, 15.565)
Net VDD, Pin FILLER_971/VDD: has an unconnected terminal at (491.665, 11.635) (492.000, 11.965)
Net VDD, Pin FILLER_972/VDD: has an unconnected terminal at (489.425, 11.635) (489.800, 11.965)
Net VDD, Pin FILLER_996/VDD: has an unconnected terminal at (541.065, 15.235) (541.400, 15.565)
Net VDD, Pin FILLER_1002/VDD: has an unconnected terminal at (537.065, 11.635) (537.400, 11.965)
Net VDD, Pin FILLER_1018/VDD: has an unconnected terminal at (574.425, 11.635) (574.800, 11.965)
Net VDD, Pin FILLER_1040/VDD: has an unconnected terminal at (619.025, 26.035) (619.400, 26.365)
Net VDD, Pin FILLER_1057/VDD: has an unconnected terminal at (667.425, 15.235) (667.800, 15.565)
Net VDD, Pin FILLER_1058/VDD: has an unconnected terminal at (668.825, 15.235) (669.200, 15.565)
Net VDD, Pin FILLER_1066/VDD: has an unconnected terminal at (687.065, 15.235) (687.400, 15.565)
Net VDD, Pin FILLER_1067/VDD: has an unconnected terminal at (688.425, 15.235) (688.800, 15.565)
Net VDD, Pin FILLER_1071/VDD: has an unconnected terminal at (695.625, 15.235) (696.000, 15.565)
Net VDD, Pin FILLER_1090/VDD: has an unconnected terminal at (121.665, 18.835) (122.000, 19.165)
Net VDD, Pin FILLER_1092/VDD: has an unconnected terminal at (132.265, 18.835) (132.600, 19.165)
Net VDD, Pin FILLER_1094/VDD: has an unconnected terminal at (134.425, 18.835) (134.800, 19.165)
Net VDD, Pin FILLER_1120/VDD: has an unconnected terminal at (206.665, 15.235) (207.000, 15.565)
Net VDD, Pin FILLER_1135/VDD: has an unconnected terminal at (225.065, 15.235) (225.400, 15.565)
Net VDD, Pin FILLER_1141/VDD: has an unconnected terminal at (241.865, 11.635) (242.200, 11.965)
Net VDD, Pin FILLER_1225/VDD: has an unconnected terminal at (440.825, 15.235) (441.200, 15.565)
Net VDD, Pin FILLER_1248/VDD: has an unconnected terminal at (500.225, 29.635) (500.600, 29.965)
Net VDD, Pin FILLER_1249/VDD: has an unconnected terminal at (502.225, 29.635) (502.600, 29.965)
Net VDD, Pin FILLER_1268/VDD: has an unconnected terminal at (546.265, 15.235) (546.600, 15.565)
Net VDD, Pin FILLER_1270/VDD: has an unconnected terminal at (558.665, 15.235) (559.000, 15.565)
Net VDD, Pin FILLER_1273/VDD: has an unconnected terminal at (570.465, 15.235) (570.800, 15.565)
Net VDD, Pin FILLER_1274/VDD: has an unconnected terminal at (577.865, 11.635) (578.200, 11.965)
Net VDD, Pin FILLER_1275/VDD: has an unconnected terminal at (573.065, 11.635) (573.400, 11.965)
Net VDD, Pin FILLER_1288/VDD: has an unconnected terminal at (617.065, 26.035) (617.400, 26.365)
Net VDD, Pin FILLER_1307/VDD: has an unconnected terminal at (702.065, 18.835) (702.400, 19.165)
Net VDD, Pin FILLER_1312/VDD: has an unconnected terminal at (41.665, 22.435) (42.000, 22.765)
Net VDD, Pin FILLER_1339/VDD: has an unconnected terminal at (158.425, 15.235) (158.800, 15.565)
Net VDD, Pin FILLER_1388/VDD: has an unconnected terminal at (286.865, 15.235) (287.200, 15.565)
Net VDD, Pin FILLER_1405/VDD: has an unconnected terminal at (321.665, 15.235) (322.000, 15.565)
Net VDD, Pin FILLER_1420/VDD: has an unconnected terminal at (349.425, 11.635) (349.800, 11.965)
Net VDD, Pin FILLER_1432/VDD: has an unconnected terminal at (392.265, 11.635) (392.600, 11.965)
Net VDD, Pin FILLER_1459/VDD: has an unconnected terminal at (528.625, 29.635) (529.000, 29.965)
Net VDD, Pin FILLER_1488/VDD: has an unconnected terminal at (595.025, 26.035) (595.400, 26.365)
Net VDD, Pin FILLER_1508/VDD: has an unconnected terminal at (642.425, 11.635) (642.800, 11.965)
Net VDD, Pin FILLER_1515/VDD: has an unconnected terminal at (670.825, 15.235) (671.200, 15.565)
Net VDD, Pin FILLER_1517/VDD: has an unconnected terminal at (693.425, 15.235) (693.800, 15.565)
Net VDD, Pin FILLER_1520/VDD: has an unconnected terminal at (697.865, 15.235) (698.200, 15.565)
Net VDD, Pin FILLER_1528/VDD: has an unconnected terminal at (35.265, 26.035) (35.600, 26.365)
Net VDD, Pin FILLER_1540/VDD: has an unconnected terminal at (112.865, 26.035) (113.200, 26.365)
Net VDD, Pin FILLER_1564/VDD: has an unconnected terminal at (160.265, 18.835) (160.600, 19.165)
Net VDD, Pin FILLER_1571/VDD: has an unconnected terminal at (196.825, 15.235) (197.200, 15.565)
Net VDD, Pin FILLER_1574/VDD: has an unconnected terminal at (198.625, 18.835) (199.000, 19.165)
Net VDD, Pin FILLER_1577/VDD: has an unconnected terminal at (204.465, 22.435) (204.800, 22.765)
Net VDD, Pin FILLER_1594/VDD: has an unconnected terminal at (250.465, 29.635) (250.800, 29.965)
Net VDD, Pin FILLER_1606/VDD: has an unconnected terminal at (285.425, 15.235) (285.800, 15.565)
Net VDD, Pin FILLER_1620/VDD: has an unconnected terminal at (319.665, 11.635) (320.000, 11.965)
Net VDD, Pin FILLER_1627/VDD: has an unconnected terminal at (329.825, 11.635) (330.200, 11.965)
Net VDD, Pin FILLER_1652/VDD: has an unconnected terminal at (377.065, 15.235) (377.400, 15.565)
Net VDD, Pin FILLER_1666/VDD: has an unconnected terminal at (443.665, 15.235) (444.000, 15.565)
Net VDD, Pin FILLER_1694/VDD: has an unconnected terminal at (529.625, 29.635) (530.000, 29.965)
Net VDD, Pin FILLER_1719/VDD: has an unconnected terminal at (605.665, 22.435) (606.000, 22.765)
Net VDD, Pin FILLER_1732/VDD: has an unconnected terminal at (680.065, 15.235) (680.400, 15.565)
Net VDD, Pin FILLER_1740/VDD: has an unconnected terminal at (702.025, 26.035) (702.400, 26.365)
Net VDD, Pin FILLER_1747/VDD: has an unconnected terminal at (696.625, 26.035) (697.000, 26.365)
Net VDD, Pin FILLER_1756/VDD: has an unconnected terminal at (60.865, 26.035) (61.200, 26.365)
Net VDD, Pin FILLER_1779/VDD: has an unconnected terminal at (132.425, 26.035) (132.800, 26.365)
Net VDD, Pin FILLER_1781/VDD: has an unconnected terminal at (135.025, 26.035) (135.400, 26.365)
Net VDD, Pin FILLER_1803/VDD: has an unconnected terminal at (197.625, 15.235) (198.000, 15.565)
Net VDD, Pin FILLER_1804/VDD: has an unconnected terminal at (197.225, 18.835) (197.600, 19.165)
Net VDD, Pin FILLER_1831/VDD: has an unconnected terminal at (289.225, 18.835) (289.600, 19.165)
Net VDD, Pin FILLER_1863/VDD: has an unconnected terminal at (424.465, 18.835) (424.800, 19.165)
Net VDD, Pin FILLER_1865/VDD: has an unconnected terminal at (425.065, 11.635) (425.400, 11.965)
Net VDD, Pin FILLER_1871/VDD: has an unconnected terminal at (448.865, 33.235) (449.200, 33.565)
Net VDD, Pin FILLER_1888/VDD: has an unconnected terminal at (504.465, 29.635) (504.800, 29.965)
Net VDD, Pin FILLER_1895/VDD: has an unconnected terminal at (517.265, 36.835) (517.600, 37.165)
Net VDD, Pin FILLER_1907/VDD: has an unconnected terminal at (552.665, 26.035) (553.000, 26.365)
Net VDD, Pin FILLER_1910/VDD: has an unconnected terminal at (560.225, 29.635) (560.600, 29.965)
Net VDD, Pin FILLER_1926/VDD: has an unconnected terminal at (621.265, 26.035) (621.600, 26.365)
Net VDD, Pin FILLER_1955/VDD: has an unconnected terminal at (694.465, 29.635) (694.800, 29.965)
Net VDD, Pin FILLER_1956/VDD: has an unconnected terminal at (696.065, 33.235) (696.400, 33.565)
Net VDD, Pin FILLER_2006/VDD: has an unconnected terminal at (248.265, 29.635) (248.600, 29.965)
Net VDD, Pin FILLER_2023/VDD: has an unconnected terminal at (288.225, 18.835) (288.600, 19.165)
Net VDD, Pin FILLER_2036/VDD: has an unconnected terminal at (340.065, 18.835) (340.400, 19.165)
Net VDD, Pin FILLER_2045/VDD: has an unconnected terminal at (346.025, 29.635) (346.400, 29.965)
Net VDD, Pin FILLER_2054/VDD: has an unconnected terminal at (365.025, 33.235) (365.400, 33.565)
Net VDD, Pin FILLER_2069/VDD: has an unconnected terminal at (438.265, 33.235) (438.600, 33.565)
Net VDD, Pin FILLER_2081/VDD: has an unconnected terminal at (474.625, 26.035) (475.000, 26.365)
Net VDD, Pin FILLER_2085/VDD: has an unconnected terminal at (512.425, 29.635) (512.800, 29.965)
Net VDD, Pin FILLER_2096/VDD: has an unconnected terminal at (533.865, 15.235) (534.200, 15.565)
Net VDD, Pin FILLER_2099/VDD: has an unconnected terminal at (562.465, 15.235) (562.800, 15.565)
Net VDD, Pin FILLER_2118/VDD: has an unconnected terminal at (611.465, 26.035) (611.800, 26.365)
Net VDD, Pin FILLER_2119/VDD: has an unconnected terminal at (617.825, 26.035) (618.200, 26.365)
Net VDD, Pin FILLER_2123/VDD: has an unconnected terminal at (620.025, 26.035) (620.400, 26.365)
Net VDD, Pin FILLER_2133/VDD: has an unconnected terminal at (639.825, 29.635) (640.200, 29.965)
Net VDD, Pin FILLER_2140/VDD: has an unconnected terminal at (676.065, 29.635) (676.400, 29.965)
Net VDD, Pin FILLER_2141/VDD: has an unconnected terminal at (683.065, 33.235) (683.400, 33.565)
Net VDD, Pin FILLER_2144/VDD: has an unconnected terminal at (695.465, 26.035) (695.800, 26.365)
Net VDD, Pin FILLER_2177/VDD: has an unconnected terminal at (145.825, 18.835) (146.200, 19.165)
Net VDD, Pin FILLER_2179/VDD: has an unconnected terminal at (163.025, 15.235) (163.400, 15.565)
Net VDD, Pin FILLER_2184/VDD: has an unconnected terminal at (175.625, 26.035) (176.000, 26.365)
Net VDD, Pin FILLER_2194/VDD: has an unconnected terminal at (220.225, 26.035) (220.600, 26.365)
Net VDD, Pin FILLER_2197/VDD: has an unconnected terminal at (223.065, 26.035) (223.400, 26.365)
Net VDD, Pin FILLER_2216/VDD: has an unconnected terminal at (315.865, 18.835) (316.200, 19.165)
Net VDD, Pin FILLER_2257/VDD: has an unconnected terminal at (401.625, 18.835) (402.000, 19.165)
Net VDD, Pin FILLER_2258/VDD: has an unconnected terminal at (412.865, 29.635) (413.200, 29.965)
Net VDD, Pin FILLER_2267/VDD: has an unconnected terminal at (435.425, 33.235) (435.800, 33.565)
Net VDD, Pin FILLER_2275/VDD: has an unconnected terminal at (467.865, 15.235) (468.200, 15.565)
Net VDD, Pin FILLER_2276/VDD: has an unconnected terminal at (472.065, 22.435) (472.400, 22.765)
Net VDD, Pin FILLER_2282/VDD: has an unconnected terminal at (480.665, 29.635) (481.000, 29.965)
Net VDD, Pin FILLER_2286/VDD: has an unconnected terminal at (492.065, 29.635) (492.400, 29.965)
Net VDD, Pin FILLER_2292/VDD: has an unconnected terminal at (522.865, 33.235) (523.200, 33.565)
Net VDD, Pin FILLER_2296/VDD: has an unconnected terminal at (527.225, 29.635) (527.600, 29.965)
Net VDD, Pin FILLER_2297/VDD: has an unconnected terminal at (531.225, 29.635) (531.600, 29.965)
Net VDD, Pin FILLER_2298/VDD: has an unconnected terminal at (532.825, 29.635) (533.200, 29.965)
Net VDD, Pin FILLER_2309/VDD: has an unconnected terminal at (591.025, 26.035) (591.400, 26.365)
Net VDD, Pin FILLER_2333/VDD: has an unconnected terminal at (678.065, 11.635) (678.400, 11.965)
Net VDD, Pin FILLER_2368/VDD: has an unconnected terminal at (121.865, 33.235) (122.200, 33.565)
Net VDD, Pin FILLER_2370/VDD: has an unconnected terminal at (126.465, 33.235) (126.800, 33.565)
Net VDD, Pin FILLER_2378/VDD: has an unconnected terminal at (141.865, 33.235) (142.200, 33.565)
Net VDD, Pin FILLER_2417/VDD: has an unconnected terminal at (249.025, 29.635) (249.400, 29.965)
Net VDD, Pin FILLER_2426/VDD: has an unconnected terminal at (273.265, 33.235) (273.600, 33.565)
Net VDD, Pin FILLER_2427/VDD: has an unconnected terminal at (268.025, 33.235) (268.400, 33.565)
Net VDD, Pin FILLER_2428/VDD: has an unconnected terminal at (268.825, 33.235) (269.200, 33.565)
Net VDD, Pin FILLER_2439/VDD: has an unconnected terminal at (307.265, 22.435) (307.600, 22.765)
Net VDD, Pin FILLER_2445/VDD: has an unconnected terminal at (366.865, 33.235) (367.200, 33.565)
Net VDD, Pin FILLER_2468/VDD: has an unconnected terminal at (443.065, 18.835) (443.400, 19.165)
Net VDD, Pin FILLER_2477/VDD: has an unconnected terminal at (469.665, 15.235) (470.000, 15.565)
Net VDD, Pin FILLER_2486/VDD: has an unconnected terminal at (499.425, 29.635) (499.800, 29.965)
Net VDD, Pin FILLER_2487/VDD: has an unconnected terminal at (501.225, 29.635) (501.600, 29.965)
Net VDD, Pin FILLER_2497/VDD: has an unconnected terminal at (535.425, 26.035) (535.800, 26.365)
Net VDD, Pin FILLER_2527/VDD: has an unconnected terminal at (623.425, 40.435) (623.800, 40.765)
Net VDD, Pin FILLER_2537/VDD: has an unconnected terminal at (646.025, 36.835) (646.400, 37.165)
Net VDD, Pin FILLER_2546/VDD: has an unconnected terminal at (702.025, 33.235) (702.400, 33.565)
Net VDD, Pin FILLER_2563/VDD: has an unconnected terminal at (114.665, 33.235) (115.000, 33.565)
Net VDD, Pin FILLER_2600/VDD: has an unconnected terminal at (216.065, 29.635) (216.400, 29.965)
Net VDD, Pin FILLER_2606/VDD: has an unconnected terminal at (221.625, 33.235) (222.000, 33.565)
Net VDD, Pin FILLER_2607/VDD: has an unconnected terminal at (222.425, 33.235) (222.800, 33.565)
Net VDD, Pin FILLER_2620/VDD: has an unconnected terminal at (275.465, 40.435) (275.800, 40.765)
Net VDD, Pin FILLER_2657/VDD: has an unconnected terminal at (368.425, 33.235) (368.800, 33.565)
Net VDD, Pin FILLER_2685/VDD: has an unconnected terminal at (442.065, 22.435) (442.400, 22.765)
Net VDD, Pin FILLER_2690/VDD: has an unconnected terminal at (448.665, 26.035) (449.000, 26.365)
Net VDD, Pin FILLER_2703/VDD: has an unconnected terminal at (488.265, 29.635) (488.600, 29.965)
Net VDD, Pin FILLER_2709/VDD: has an unconnected terminal at (487.425, 33.235) (487.800, 33.565)
Net VDD, Pin FILLER_2710/VDD: has an unconnected terminal at (489.665, 36.835) (490.000, 37.165)
Net VDD, Pin FILLER_2712/VDD: has an unconnected terminal at (513.665, 15.235) (514.000, 15.565)
Net VDD, Pin FILLER_2728/VDD: has an unconnected terminal at (533.865, 26.035) (534.200, 26.365)
Net VDD, Pin FILLER_2732/VDD: has an unconnected terminal at (543.825, 29.635) (544.200, 29.965)
Net VDD, Pin FILLER_2743/VDD: has an unconnected terminal at (568.465, 15.235) (568.800, 15.565)
Net VDD, Pin FILLER_2744/VDD: has an unconnected terminal at (571.425, 33.235) (571.800, 33.565)
Net VDD, Pin FILLER_2745/VDD: has an unconnected terminal at (572.625, 33.235) (573.000, 33.565)
Net VDD, Pin FILLER_2776/VDD: has an unconnected terminal at (702.265, 29.635) (702.600, 29.965)
Net VDD, Pin FILLER_2796/VDD: has an unconnected terminal at (106.465, 33.235) (106.800, 33.565)
Net VDD, Pin FILLER_2802/VDD: has an unconnected terminal at (137.225, 36.835) (137.600, 37.165)
Net VDD, Pin FILLER_2813/VDD: has an unconnected terminal at (164.665, 15.235) (165.000, 15.565)
Net VDD, Pin FILLER_2859/VDD: has an unconnected terminal at (318.865, 40.435) (319.200, 40.765)
Net VDD, Pin FILLER_2882/VDD: has an unconnected terminal at (376.065, 40.435) (376.400, 40.765)
Net VDD, Pin FILLER_2907/VDD: has an unconnected terminal at (472.225, 40.435) (472.600, 40.765)
Net VDD, Pin FILLER_2933/VDD: has an unconnected terminal at (555.665, 44.035) (556.000, 44.365)
Net VDD, Pin FILLER_2939/VDD: has an unconnected terminal at (577.265, 33.235) (577.600, 33.565)
Net VDD, Pin FILLER_2967/VDD: has an unconnected terminal at (700.625, 33.235) (701.000, 33.565)
Net VDD, Pin FILLER_3021/VDD: has an unconnected terminal at (245.065, 36.835) (245.400, 37.165)
Net VDD, Pin FILLER_3070/VDD: has an unconnected terminal at (400.465, 44.035) (400.800, 44.365)
Net VDD, Pin FILLER_3084/VDD: has an unconnected terminal at (417.665, 44.035) (418.000, 44.365)
Net VDD, Pin FILLER_3091/VDD: has an unconnected terminal at (436.825, 33.235) (437.200, 33.565)
Net VDD, Pin FILLER_3092/VDD: has an unconnected terminal at (445.465, 26.035) (445.800, 26.365)
Net VDD, Pin FILLER_3094/VDD: has an unconnected terminal at (447.665, 29.635) (448.000, 29.965)
Net VDD, Pin FILLER_3111/VDD: has an unconnected terminal at (513.225, 36.835) (513.600, 37.165)
Net VDD, Pin FILLER_3128/VDD: has an unconnected terminal at (575.825, 40.435) (576.200, 40.765)
Net VDD, Pin FILLER_3165/VDD: has an unconnected terminal at (68.265, 40.435) (68.600, 40.765)
Net VDD, Pin FILLER_3172/VDD: has an unconnected terminal at (112.065, 40.435) (112.400, 40.765)
Net VDD, Pin FILLER_3236/VDD: has an unconnected terminal at (279.225, 44.035) (279.600, 44.365)
Net VDD, Pin FILLER_3249/VDD: has an unconnected terminal at (309.265, 22.435) (309.600, 22.765)
Net VDD, Pin FILLER_3259/VDD: has an unconnected terminal at (336.465, 36.835) (336.800, 37.165)
Net VDD, Pin FILLER_3264/VDD: has an unconnected terminal at (358.425, 40.435) (358.800, 40.765)
Net VDD, Pin FILLER_3344/VDD: has an unconnected terminal at (615.225, 36.835) (615.600, 37.165)
Net VDD, Pin FILLER_3363/VDD: has an unconnected terminal at (676.025, 40.435) (676.400, 40.765)
Net VDD, Pin FILLER_3364/VDD: has an unconnected terminal at (677.865, 36.835) (678.200, 37.165)
Net VDD, Pin FILLER_3367/VDD: has an unconnected terminal at (701.665, 40.435) (702.000, 40.765)
Net VDD, Pin FILLER_3368/VDD: has an unconnected terminal at (696.265, 40.435) (696.600, 40.765)
Net VDD, Pin FILLER_3383/VDD: has an unconnected terminal at (76.265, 40.435) (76.600, 40.765)
Net VDD, Pin FILLER_3385/VDD: has an unconnected terminal at (87.865, 40.435) (88.200, 40.765)
Net VDD, Pin FILLER_3388/VDD: has an unconnected terminal at (105.265, 40.435) (105.600, 40.765)
Net VDD, Pin FILLER_3422/VDD: has an unconnected terminal at (215.825, 36.835) (216.200, 37.165)
Net VDD, Pin FILLER_3436/VDD: has an unconnected terminal at (268.665, 51.235) (269.000, 51.565)
Net VDD, Pin FILLER_3493/VDD: has an unconnected terminal at (435.225, 44.035) (435.600, 44.365)
Net VDD, Pin FILLER_3502/VDD: has an unconnected terminal at (451.625, 40.435) (452.000, 40.765)
Net VDD, Pin FILLER_3516/VDD: has an unconnected terminal at (527.265, 44.035) (527.600, 44.365)
Net VDD, Pin FILLER_3550/VDD: has an unconnected terminal at (644.025, 36.835) (644.400, 37.165)
Net VDD, Pin FILLER_3565/VDD: has an unconnected terminal at (702.225, 44.035) (702.600, 44.365)
Net VDD, Pin FILLER_3568/VDD: has an unconnected terminal at (698.025, 40.435) (698.400, 40.765)
Net VDD, Pin FILLER_3574/VDD: has an unconnected terminal at (45.465, 44.035) (45.800, 44.365)
Net VDD, Pin FILLER_3600/VDD: has an unconnected terminal at (133.065, 36.835) (133.400, 37.165)
Net VDD, Pin FILLER_3601/VDD: has an unconnected terminal at (156.465, 40.435) (156.800, 40.765)
Net VDD, Pin FILLER_3619/VDD: has an unconnected terminal at (270.825, 44.035) (271.200, 44.365)
Net VDD, Pin FILLER_3625/VDD: has an unconnected terminal at (289.225, 44.035) (289.600, 44.365)
Net VDD, Pin FILLER_3634/VDD: has an unconnected terminal at (329.625, 40.435) (330.000, 40.765)
Net VDD, Pin FILLER_3676/VDD: has an unconnected terminal at (525.465, 44.035) (525.800, 44.365)
Net VDD, Pin FILLER_3684/VDD: has an unconnected terminal at (556.625, 44.035) (557.000, 44.365)
Net VDD, Pin FILLER_3696/VDD: has an unconnected terminal at (603.625, 44.035) (604.000, 44.365)
Net VDD, Pin FILLER_3705/VDD: has an unconnected terminal at (641.825, 40.435) (642.200, 40.765)
Net VDD, Pin FILLER_3707/VDD: has an unconnected terminal at (642.425, 36.835) (642.800, 37.165)
Net VDD, Pin FILLER_3729/VDD: has an unconnected terminal at (73.865, 44.035) (74.200, 44.365)
Net VDD, Pin FILLER_3730/VDD: has an unconnected terminal at (81.865, 44.035) (82.200, 44.365)
Net VDD, Pin FILLER_3753/VDD: has an unconnected terminal at (214.865, 36.835) (215.200, 37.165)
Net VDD, Pin FILLER_3756/VDD: has an unconnected terminal at (196.465, 44.035) (196.800, 44.365)
Net VDD, Pin FILLER_3763/VDD: has an unconnected terminal at (207.265, 36.835) (207.600, 37.165)
Net VDD, Pin FILLER_3770/VDD: has an unconnected terminal at (228.465, 40.435) (228.800, 40.765)
Net VDD, Pin FILLER_3788/VDD: has an unconnected terminal at (307.225, 40.435) (307.600, 40.765)
Net VDD, Pin FILLER_3792/VDD: has an unconnected terminal at (328.065, 44.035) (328.400, 44.365)
Net VDD, Pin FILLER_3800/VDD: has an unconnected terminal at (376.465, 44.035) (376.800, 44.365)
Net VDD, Pin FILLER_3826/VDD: has an unconnected terminal at (467.665, 40.435) (468.000, 40.765)
Net VDD, Pin FILLER_3833/VDD: has an unconnected terminal at (487.665, 44.035) (488.000, 44.365)
Net VDD, Pin FILLER_3834/VDD: has an unconnected terminal at (488.265, 40.435) (488.600, 40.765)
Net VDD, Pin FILLER_3836/VDD: has an unconnected terminal at (491.825, 44.035) (492.200, 44.365)
Net VDD, Pin FILLER_3838/VDD: has an unconnected terminal at (497.025, 40.435) (497.400, 40.765)
Net VDD, Pin FILLER_3858/VDD: has an unconnected terminal at (542.465, 47.635) (542.800, 47.965)
Net VDD, Pin FILLER_3881/VDD: has an unconnected terminal at (650.425, 36.835) (650.800, 37.165)
Net VDD, Pin FILLER_3883/VDD: has an unconnected terminal at (670.825, 44.035) (671.200, 44.365)
Net VDD, Pin FILLER_3903/VDD: has an unconnected terminal at (73.265, 47.635) (73.600, 47.965)
Net VDD, Pin FILLER_3925/VDD: has an unconnected terminal at (180.865, 44.035) (181.200, 44.365)
Net VDD, Pin FILLER_3946/VDD: has an unconnected terminal at (248.665, 44.035) (249.000, 44.365)
Net VDD, Pin FILLER_3967/VDD: has an unconnected terminal at (278.425, 44.035) (278.800, 44.365)
Net VDD, Pin FILLER_3969/VDD: has an unconnected terminal at (291.265, 44.035) (291.600, 44.365)
Net VDD, Pin FILLER_3989/VDD: has an unconnected terminal at (348.025, 44.035) (348.400, 44.365)
Net VDD, Pin FILLER_4018/VDD: has an unconnected terminal at (466.665, 40.435) (467.000, 40.765)
Net VDD, Pin FILLER_4024/VDD: has an unconnected terminal at (481.065, 40.435) (481.400, 40.765)
Net VDD, Pin FILLER_4050/VDD: has an unconnected terminal at (574.625, 40.435) (575.000, 40.765)
Net VDD, Pin FILLER_4064/VDD: has an unconnected terminal at (591.025, 44.035) (591.400, 44.365)
Net VDD, Pin FILLER_4087/VDD: has an unconnected terminal at (676.225, 44.035) (676.600, 44.365)
Net VDD, Pin FILLER_4102/VDD: has an unconnected terminal at (59.865, 47.635) (60.200, 47.965)
Net VDD, Pin FILLER_4103/VDD: has an unconnected terminal at (66.465, 47.635) (66.800, 47.965)
Net VDD, Pin FILLER_4109/VDD: has an unconnected terminal at (107.265, 47.635) (107.600, 47.965)
Net VDD, Pin FILLER_4130/VDD: has an unconnected terminal at (190.425, 44.035) (190.800, 44.365)
Net VDD, Pin FILLER_4145/VDD: has an unconnected terminal at (245.665, 54.835) (246.000, 55.165)
Net VDD, Pin FILLER_4150/VDD: has an unconnected terminal at (273.225, 51.235) (273.600, 51.565)
Net VDD, Pin FILLER_4157/VDD: has an unconnected terminal at (276.425, 44.035) (276.800, 44.365)
Net VDD, Pin FILLER_4196/VDD: has an unconnected terminal at (410.265, 47.635) (410.600, 47.965)
Net VDD, Pin FILLER_4266/VDD: has an unconnected terminal at (654.265, 40.435) (654.600, 40.765)
Net VDD, Pin FILLER_4307/VDD: has an unconnected terminal at (117.465, 47.635) (117.800, 47.965)
Net VDD, Pin FILLER_4320/VDD: has an unconnected terminal at (136.425, 44.035) (136.800, 44.365)
Net VDD, Pin FILLER_4338/VDD: has an unconnected terminal at (198.425, 44.035) (198.800, 44.365)
Net VDD, Pin FILLER_4353/VDD: has an unconnected terminal at (219.465, 44.035) (219.800, 44.365)
Net VDD, Pin FILLER_4358/VDD: has an unconnected terminal at (270.065, 54.835) (270.400, 55.165)
Net VDD, Pin FILLER_4364/VDD: has an unconnected terminal at (306.665, 26.035) (307.000, 26.365)
Net VDD, Pin FILLER_4366/VDD: has an unconnected terminal at (306.425, 47.635) (306.800, 47.965)
Net VDD, Pin FILLER_4383/VDD: has an unconnected terminal at (341.865, 44.035) (342.200, 44.365)
Net VDD, Pin FILLER_4425/VDD: has an unconnected terminal at (480.025, 44.035) (480.400, 44.365)
Net VDD, Pin FILLER_4429/VDD: has an unconnected terminal at (492.825, 44.035) (493.200, 44.365)
Net VDD, Pin FILLER_4436/VDD: has an unconnected terminal at (534.665, 62.035) (535.000, 62.365)
Net VDD, Pin FILLER_4453/VDD: has an unconnected terminal at (602.865, 44.035) (603.200, 44.365)
Net VDD, Pin FILLER_4467/VDD: has an unconnected terminal at (642.025, 47.635) (642.400, 47.965)
Net VDD, Pin FILLER_4471/VDD: has an unconnected terminal at (657.265, 72.835) (657.600, 73.165)
Net VDD, Pin FILLER_4488/VDD: has an unconnected terminal at (16.265, 51.235) (16.600, 51.565)
Net VDD, Pin FILLER_4515/VDD: has an unconnected terminal at (147.465, 58.435) (147.800, 58.765)
Net VDD, Pin FILLER_4529/VDD: has an unconnected terminal at (199.265, 22.435) (199.600, 22.765)
Net VDD, Pin FILLER_4532/VDD: has an unconnected terminal at (212.065, 58.435) (212.400, 58.765)
Net VDD, Pin FILLER_4551/VDD: has an unconnected terminal at (249.865, 54.835) (250.200, 55.165)
Net VDD, Pin FILLER_4554/VDD: has an unconnected terminal at (247.425, 54.835) (247.800, 55.165)
Net VDD, Pin FILLER_4555/VDD: has an unconnected terminal at (246.625, 54.835) (247.000, 55.165)
Net VDD, Pin FILLER_4567/VDD: has an unconnected terminal at (282.425, 47.635) (282.800, 47.965)
Net VDD, Pin FILLER_4577/VDD: has an unconnected terminal at (295.065, 47.635) (295.400, 47.965)
Net VDD, Pin FILLER_4578/VDD: has an unconnected terminal at (308.065, 36.835) (308.400, 37.165)
Net VDD, Pin FILLER_4586/VDD: has an unconnected terminal at (358.225, 51.235) (358.600, 51.565)
Net VDD, Pin FILLER_4631/VDD: has an unconnected terminal at (483.465, 62.035) (483.800, 62.365)
Net VDD, Pin FILLER_4650/VDD: has an unconnected terminal at (555.025, 47.635) (555.400, 47.965)
Net VDD, Pin FILLER_4686/VDD: has an unconnected terminal at (655.665, 51.235) (656.000, 51.565)
Net VDD, Pin FILLER_4687/VDD: has an unconnected terminal at (647.625, 54.835) (648.000, 55.165)
Net VDD, Pin FILLER_4691/VDD: has an unconnected terminal at (674.025, 44.035) (674.400, 44.365)
Net VDD, Pin FILLER_4727/VDD: has an unconnected terminal at (138.265, 58.435) (138.600, 58.765)
Net VDD, Pin FILLER_4730/VDD: has an unconnected terminal at (140.425, 58.435) (140.800, 58.765)
Net VDD, Pin FILLER_4746/VDD: has an unconnected terminal at (208.265, 58.435) (208.600, 58.765)
Net VDD, Pin FILLER_4757/VDD: has an unconnected terminal at (265.665, 65.635) (266.000, 65.965)
Net VDD, Pin FILLER_4773/VDD: has an unconnected terminal at (314.465, 62.035) (314.800, 62.365)
Net VDD, Pin FILLER_4797/VDD: has an unconnected terminal at (361.065, 62.035) (361.400, 62.365)
Net VDD, Pin FILLER_4801/VDD: has an unconnected terminal at (359.665, 72.835) (360.000, 73.165)
Net VDD, Pin FILLER_4809/VDD: has an unconnected terminal at (400.625, 47.635) (401.000, 47.965)
Net VDD, Pin FILLER_4811/VDD: has an unconnected terminal at (400.225, 51.235) (400.600, 51.565)
Net VDD, Pin FILLER_4815/VDD: has an unconnected terminal at (402.865, 58.435) (403.200, 58.765)
Net VDD, Pin FILLER_4850/VDD: has an unconnected terminal at (523.225, 47.635) (523.600, 47.965)
Net VDD, Pin FILLER_4865/VDD: has an unconnected terminal at (567.225, 51.235) (567.600, 51.565)
Net VDD, Pin FILLER_4881/VDD: has an unconnected terminal at (625.865, 44.035) (626.200, 44.365)
Net VDD, Pin FILLER_4893/VDD: has an unconnected terminal at (656.625, 47.635) (657.000, 47.965)
Net VDD, Pin FILLER_4894/VDD: has an unconnected terminal at (671.065, 40.435) (671.400, 40.765)
Net VDD, Pin FILLER_4895/VDD: has an unconnected terminal at (674.625, 51.235) (675.000, 51.565)
Net VDD, Pin FILLER_4904/VDD: has an unconnected terminal at (701.265, 58.435) (701.600, 58.765)
Net VDD, Pin FILLER_4909/VDD: has an unconnected terminal at (30.865, 54.835) (31.200, 55.165)
Net VDD, Pin FILLER_4922/VDD: has an unconnected terminal at (111.065, 54.835) (111.400, 55.165)
Net VDD, Pin FILLER_4924/VDD: has an unconnected terminal at (125.865, 58.435) (126.200, 58.765)
Net VDD, Pin FILLER_4927/VDD: has an unconnected terminal at (130.225, 54.835) (130.600, 55.165)
Net VDD, Pin FILLER_4981/VDD: has an unconnected terminal at (311.465, 69.235) (311.800, 69.565)
Net VDD, Pin FILLER_4982/VDD: has an unconnected terminal at (315.225, 58.435) (315.600, 58.765)
Net VDD, Pin FILLER_5003/VDD: has an unconnected terminal at (447.065, 62.035) (447.400, 62.365)
Net VDD, Pin FILLER_5049/VDD: has an unconnected terminal at (551.865, 47.635) (552.200, 47.965)
Net VDD, Pin FILLER_5051/VDD: has an unconnected terminal at (555.825, 47.635) (556.200, 47.965)
Net VDD, Pin FILLER_5055/VDD: has an unconnected terminal at (569.225, 51.235) (569.600, 51.565)
Net VDD, Pin FILLER_5067/VDD: has an unconnected terminal at (616.465, 40.435) (616.800, 40.765)
Net VDD, Pin FILLER_5072/VDD: has an unconnected terminal at (616.625, 47.635) (617.000, 47.965)
Net VDD, Pin FILLER_5093/VDD: has an unconnected terminal at (695.065, 58.435) (695.400, 58.765)
Net VDD, Pin FILLER_5113/VDD: has an unconnected terminal at (120.465, 54.835) (120.800, 55.165)
Net VDD, Pin FILLER_5153/VDD: has an unconnected terminal at (272.865, 69.235) (273.200, 69.565)
Net VDD, Pin FILLER_5171/VDD: has an unconnected terminal at (356.865, 51.235) (357.200, 51.565)
Net VDD, Pin FILLER_5190/VDD: has an unconnected terminal at (400.465, 65.635) (400.800, 65.965)
Net VDD, Pin FILLER_5200/VDD: has an unconnected terminal at (424.265, 58.435) (424.600, 58.765)
Net VDD, Pin FILLER_5234/VDD: has an unconnected terminal at (541.425, 62.035) (541.800, 62.365)
Net VDD, Pin FILLER_5262/VDD: has an unconnected terminal at (697.825, 54.835) (698.200, 55.165)
Net VDD, Pin FILLER_5269/VDD: has an unconnected terminal at (16.265, 58.435) (16.600, 58.765)
Net VDD, Pin FILLER_5272/VDD: has an unconnected terminal at (35.865, 58.435) (36.200, 58.765)
Net VDD, Pin FILLER_5285/VDD: has an unconnected terminal at (116.465, 58.435) (116.800, 58.765)
Net VDD, Pin FILLER_5293/VDD: has an unconnected terminal at (140.465, 54.835) (140.800, 55.165)
Net VDD, Pin FILLER_5297/VDD: has an unconnected terminal at (143.425, 62.035) (143.800, 62.365)
Net VDD, Pin FILLER_5312/VDD: has an unconnected terminal at (182.025, 54.835) (182.400, 55.165)
Net VDD, Pin FILLER_5315/VDD: has an unconnected terminal at (207.065, 58.435) (207.400, 58.765)
Net VDD, Pin FILLER_5320/VDD: has an unconnected terminal at (228.425, 58.435) (228.800, 58.765)
Net VDD, Pin FILLER_5339/VDD: has an unconnected terminal at (314.225, 65.635) (314.600, 65.965)
Net VDD, Pin FILLER_5386/VDD: has an unconnected terminal at (494.065, 58.435) (494.400, 58.765)
Net VDD, Pin FILLER_5422/VDD: has an unconnected terminal at (596.265, 47.635) (596.600, 47.965)
Net VDD, Pin FILLER_5428/VDD: has an unconnected terminal at (615.065, 72.835) (615.400, 73.165)
Net VDD, Pin FILLER_5450/VDD: has an unconnected terminal at (27.265, 58.435) (27.600, 58.765)
Net VDD, Pin FILLER_5452/VDD: has an unconnected terminal at (45.265, 62.035) (45.600, 62.365)
Net VDD, Pin FILLER_5468/VDD: has an unconnected terminal at (138.465, 54.835) (138.800, 55.165)
Net VDD, Pin FILLER_5491/VDD: has an unconnected terminal at (206.665, 62.035) (207.000, 62.365)
Net VDD, Pin FILLER_5525/VDD: has an unconnected terminal at (316.465, 58.435) (316.800, 58.765)
Net VDD, Pin FILLER_5544/VDD: has an unconnected terminal at (359.265, 69.235) (359.600, 69.565)
Net VDD, Pin FILLER_5546/VDD: has an unconnected terminal at (358.065, 62.035) (358.400, 62.365)
Net VDD, Pin FILLER_5570/VDD: has an unconnected terminal at (480.025, 58.435) (480.400, 58.765)
Net VDD, Pin FILLER_5575/VDD: has an unconnected terminal at (507.465, 58.435) (507.800, 58.765)
Net VDD, Pin FILLER_5584/VDD: has an unconnected terminal at (532.825, 65.635) (533.200, 65.965)
Net VDD, Pin FILLER_5588/VDD: has an unconnected terminal at (531.825, 69.235) (532.200, 69.565)
Net VDD, Pin FILLER_5607/VDD: has an unconnected terminal at (607.265, 76.435) (607.600, 76.765)
Net VDD, Pin FILLER_5615/VDD: has an unconnected terminal at (630.865, 76.435) (631.200, 76.765)
Net VDD, Pin FILLER_5618/VDD: has an unconnected terminal at (630.665, 72.835) (631.000, 73.165)
Net VDD, Pin FILLER_5631/VDD: has an unconnected terminal at (697.825, 62.035) (698.200, 62.365)
Net VDD, Pin FILLER_5635/VDD: has an unconnected terminal at (35.665, 62.035) (36.000, 62.365)
Net VDD, Pin FILLER_5638/VDD: has an unconnected terminal at (52.465, 62.035) (52.800, 62.365)
Net VDD, Pin FILLER_5656/VDD: has an unconnected terminal at (142.665, 62.035) (143.000, 62.365)
Net VDD, Pin FILLER_5665/VDD: has an unconnected terminal at (141.465, 58.435) (141.800, 58.765)
Net VDD, Pin FILLER_5670/VDD: has an unconnected terminal at (196.465, 76.435) (196.800, 76.765)
Net VDD, Pin FILLER_5676/VDD: has an unconnected terminal at (207.665, 69.235) (208.000, 69.565)
Net VDD, Pin FILLER_5697/VDD: has an unconnected terminal at (274.665, 72.835) (275.000, 73.165)
Net VDD, Pin FILLER_5721/VDD: has an unconnected terminal at (375.825, 72.835) (376.200, 73.165)
Net VDD, Pin FILLER_5771/VDD: has an unconnected terminal at (580.265, 54.835) (580.600, 55.165)
Net VDD, Pin FILLER_5803/VDD: has an unconnected terminal at (699.025, 58.435) (699.400, 58.765)
Net VDD, Pin FILLER_5832/VDD: has an unconnected terminal at (130.865, 58.435) (131.200, 58.765)
Net VDD, Pin FILLER_5872/VDD: has an unconnected terminal at (233.665, 54.835) (234.000, 55.165)
Net VDD, Pin FILLER_5876/VDD: has an unconnected terminal at (259.265, 58.435) (259.600, 58.765)
Net VDD, Pin FILLER_5884/VDD: has an unconnected terminal at (308.865, 72.835) (309.200, 73.165)
Net VDD, Pin FILLER_5903/VDD: has an unconnected terminal at (361.465, 72.835) (361.800, 73.165)
Net VDD, Pin FILLER_5957/VDD: has an unconnected terminal at (536.865, 69.235) (537.200, 69.565)
Net VDD, Pin FILLER_5964/VDD: has an unconnected terminal at (563.665, 72.835) (564.000, 73.165)
Net VDD, Pin FILLER_5980/VDD: has an unconnected terminal at (634.465, 72.835) (634.800, 73.165)
Net VDD, Pin FILLER_6000/VDD: has an unconnected terminal at (30.465, 65.635) (30.800, 65.965)
Net VDD, Pin FILLER_6036/VDD: has an unconnected terminal at (190.265, 72.835) (190.600, 73.165)
Net VDD, Pin FILLER_6041/VDD: has an unconnected terminal at (229.265, 76.435) (229.600, 76.765)
Net VDD, Pin FILLER_6049/VDD: has an unconnected terminal at (250.025, 72.835) (250.400, 73.165)
Net VDD, Pin FILLER_6060/VDD: has an unconnected terminal at (270.065, 72.835) (270.400, 73.165)
Net VDD, Pin FILLER_6062/VDD: has an unconnected terminal at (268.225, 69.235) (268.600, 69.565)
Net VDD, Pin FILLER_6065/VDD: has an unconnected terminal at (304.665, 72.835) (305.000, 73.165)
Net VDD, Pin FILLER_6072/VDD: has an unconnected terminal at (301.025, 72.835) (301.400, 73.165)
Net VDD, Pin FILLER_6078/VDD: has an unconnected terminal at (315.025, 72.835) (315.400, 73.165)
Net VDD, Pin FILLER_6082/VDD: has an unconnected terminal at (312.225, 69.235) (312.600, 69.565)
Net VDD, Pin FILLER_6083/VDD: has an unconnected terminal at (313.025, 69.235) (313.400, 69.565)
Net VDD, Pin FILLER_6189/VDD: has an unconnected terminal at (588.465, 72.835) (588.800, 73.165)
Net VDD, Pin FILLER_6212/VDD: has an unconnected terminal at (637.025, 72.835) (637.400, 73.165)
Net VDD, Pin FILLER_6227/VDD: has an unconnected terminal at (56.065, 65.635) (56.400, 65.965)
Net VDD, Pin FILLER_6275/VDD: has an unconnected terminal at (229.825, 72.835) (230.200, 73.165)
Net VDD, Pin FILLER_6276/VDD: has an unconnected terminal at (231.025, 69.235) (231.400, 69.565)
Net VDD, Pin FILLER_6288/VDD: has an unconnected terminal at (280.425, 72.835) (280.800, 73.165)
Net VDD, Pin FILLER_6378/VDD: has an unconnected terminal at (512.065, 72.835) (512.400, 73.165)
Net VDD, Pin FILLER_6380/VDD: has an unconnected terminal at (506.465, 72.835) (506.800, 73.165)
Net VDD, Pin FILLER_6388/VDD: has an unconnected terminal at (537.665, 72.835) (538.000, 73.165)
Net VDD, Pin FILLER_6400/VDD: has an unconnected terminal at (567.825, 69.235) (568.200, 69.565)
Net VDD, Pin FILLER_6442/VDD: has an unconnected terminal at (650.425, 72.835) (650.800, 73.165)
Net VDD, Pin FILLER_6443/VDD: has an unconnected terminal at (669.625, 76.435) (670.000, 76.765)
Net VDD, Pin FILLER_6449/VDD: has an unconnected terminal at (702.225, 72.835) (702.600, 73.165)
Net VDD, Pin FILLER_6450/VDD: has an unconnected terminal at (702.265, 69.235) (702.600, 69.565)
Net VDD, Pin FILLER_6457/VDD: has an unconnected terminal at (699.665, 69.235) (700.000, 69.565)
Net VDD, Pin FILLER_6458/VDD: has an unconnected terminal at (702.265, 65.635) (702.600, 65.965)
Net VDD, Pin FILLER_6464/VDD: has an unconnected terminal at (39.265, 69.235) (39.600, 69.565)
Net VDD, Pin FILLER_6469/VDD: has an unconnected terminal at (71.865, 69.235) (72.200, 69.565)
Net VDD, Pin FILLER_6480/VDD: has an unconnected terminal at (133.425, 69.235) (133.800, 69.565)
Net VDD, Pin FILLER_6487/VDD: has an unconnected terminal at (140.265, 72.835) (140.600, 73.165)
Net VDD, Pin FILLER_6496/VDD: has an unconnected terminal at (162.265, 72.835) (162.600, 73.165)
Net VDD, Pin FILLER_6498/VDD: has an unconnected terminal at (164.665, 72.835) (165.000, 73.165)
Net VDD, Pin FILLER_6524/VDD: has an unconnected terminal at (214.825, 76.435) (215.200, 76.765)
Net VDD, Pin FILLER_6527/VDD: has an unconnected terminal at (227.065, 69.235) (227.400, 69.565)
Net VDD, Pin FILLER_6534/VDD: has an unconnected terminal at (232.625, 69.235) (233.000, 69.565)
Net VDD, Pin FILLER_6585/VDD: has an unconnected terminal at (341.065, 72.835) (341.400, 73.165)
Net VDD, Pin FILLER_6607/VDD: has an unconnected terminal at (409.265, 72.835) (409.600, 73.165)
Net VDD, Pin FILLER_6612/VDD: has an unconnected terminal at (413.865, 76.435) (414.200, 76.765)
Net VDD, Pin FILLER_6649/VDD: has an unconnected terminal at (513.665, 69.235) (514.000, 69.565)
Net VDD, Pin FILLER_6651/VDD: has an unconnected terminal at (517.825, 72.835) (518.200, 73.165)
Net VDD, Pin FILLER_6656/VDD: has an unconnected terminal at (532.825, 72.835) (533.200, 73.165)
Net VDD, Pin FILLER_6681/VDD: has an unconnected terminal at (593.065, 72.835) (593.400, 73.165)
Net VDD, Pin FILLER_6701/VDD: has an unconnected terminal at (646.225, 76.435) (646.600, 76.765)
Net VDD, Pin FILLER_6710/VDD: has an unconnected terminal at (684.465, 72.835) (684.800, 73.165)
Net VDD, Pin FILLER_6730/VDD: has an unconnected terminal at (88.265, 69.235) (88.600, 69.565)
Net VDD, Pin FILLER_6733/VDD: has an unconnected terminal at (105.065, 72.835) (105.400, 73.165)
Net VDD, Pin FILLER_6734/VDD: has an unconnected terminal at (113.465, 72.835) (113.800, 73.165)
Net VDD, Pin FILLER_6748/VDD: has an unconnected terminal at (154.265, 69.235) (154.600, 69.565)
Net VDD, Pin FILLER_6764/VDD: has an unconnected terminal at (199.825, 76.435) (200.200, 76.765)
Net VDD, Pin FILLER_6768/VDD: has an unconnected terminal at (235.865, 76.435) (236.200, 76.765)
Net VDD, Pin FILLER_6823/VDD: has an unconnected terminal at (386.225, 69.235) (386.600, 69.565)
Net VDD, Pin FILLER_6825/VDD: has an unconnected terminal at (407.465, 72.835) (407.800, 73.165)
Net VDD, Pin FILLER_6875/VDD: has an unconnected terminal at (520.465, 76.435) (520.800, 76.765)
Net VDD, Pin FILLER_6881/VDD: has an unconnected terminal at (541.065, 72.835) (541.400, 73.165)
Net VDD, Pin FILLER_6902/VDD: has an unconnected terminal at (603.665, 76.435) (604.000, 76.765)
Net VDD, Pin FILLER_6938/VDD: has an unconnected terminal at (57.065, 72.835) (57.400, 73.165)
Net VDD, Pin FILLER_6940/VDD: has an unconnected terminal at (64.865, 72.835) (65.200, 73.165)
Net VDD, Pin FILLER_6951/VDD: has an unconnected terminal at (137.865, 72.835) (138.200, 73.165)
Net VDD, Pin FILLER_6970/VDD: has an unconnected terminal at (210.065, 76.435) (210.400, 76.765)
Net VDD, Pin FILLER_6985/VDD: has an unconnected terminal at (260.825, 72.835) (261.200, 73.165)
Net VDD, Pin FILLER_6987/VDD: has an unconnected terminal at (262.825, 72.835) (263.200, 73.165)
Net VDD, Pin FILLER_6990/VDD: has an unconnected terminal at (276.065, 72.835) (276.400, 73.165)
Net VDD, Pin FILLER_7012/VDD: has an unconnected terminal at (336.265, 72.835) (336.600, 73.165)
Net VDD, Pin FILLER_7046/VDD: has an unconnected terminal at (440.465, 72.835) (440.800, 73.165)
Net VDD, Pin FILLER_7073/VDD: has an unconnected terminal at (528.665, 69.235) (529.000, 69.565)
Net VDD, Pin FILLER_7077/VDD: has an unconnected terminal at (539.465, 72.835) (539.800, 73.165)
Net VDD, Pin FILLER_7085/VDD: has an unconnected terminal at (561.465, 72.835) (561.800, 73.165)
Net VDD, Pin FILLER_7097/VDD: has an unconnected terminal at (592.225, 76.435) (592.600, 76.765)
Net VDD, Pin FILLER_7101/VDD: has an unconnected terminal at (607.865, 72.835) (608.200, 73.165)
Net VDD, Pin FILLER_7102/VDD: has an unconnected terminal at (601.065, 72.835) (601.400, 73.165)
Net VDD, Pin FILLER_7122/VDD: has an unconnected terminal at (648.025, 76.435) (648.400, 76.765)
Net VDD, Pin FILLER_7127/VDD: has an unconnected terminal at (686.665, 72.835) (687.000, 73.165)
Net VDD, Pin FILLER_7196/VDD: has an unconnected terminal at (229.665, 69.235) (230.000, 69.565)
Net VDD, Pin FILLER_7200/VDD: has an unconnected terminal at (227.025, 72.835) (227.400, 73.165)
Net VDD, Pin FILLER_7201/VDD: has an unconnected terminal at (228.425, 72.835) (228.800, 73.165)
Net VDD, Pin FILLER_7207/VDD: has an unconnected terminal at (236.625, 76.435) (237.000, 76.765)
Net VDD, Pin FILLER_7221/VDD: has an unconnected terminal at (277.265, 72.835) (277.600, 73.165)
Net VDD, Pin FILLER_7256/VDD: has an unconnected terminal at (369.265, 76.435) (369.600, 76.765)
Net VDD, Pin FILLER_7284/VDD: has an unconnected terminal at (449.025, 76.435) (449.400, 76.765)
Net VDD, Pin FILLER_7313/VDD: has an unconnected terminal at (521.465, 72.835) (521.800, 73.165)
Net VDD, Pin FILLER_7322/VDD: has an unconnected terminal at (552.865, 72.835) (553.200, 73.165)
Net VDD, Pin FILLER_7390/VDD: has an unconnected terminal at (154.625, 76.435) (155.000, 76.765)
Net VDD, Pin FILLER_7403/VDD: has an unconnected terminal at (254.265, 76.435) (254.600, 76.765)
Net VDD, Pin FILLER_7416/VDD: has an unconnected terminal at (312.825, 76.435) (313.200, 76.765)
Net VDD, Pin FILLER_7430/VDD: has an unconnected terminal at (436.265, 76.435) (436.600, 76.765)
Net VDD, Pin FILLER_7453/VDD: has an unconnected terminal at (572.225, 76.435) (572.600, 76.765)
Net VDD, Pin FILLER_7458/VDD: has an unconnected terminal at (596.865, 69.235) (597.200, 69.565)
Net VDD, Pin FILLER_7473/VDD: has an unconnected terminal at (700.665, 72.835) (701.000, 73.165)
Net VDD: has special routes with opens at (2.500, 2.500) (710.100, 84.100)
Net VDD: has regular routing with opens at (699.000, 75.870) (702.400, 76.765)
Net VDD: has regular routing with opens at (686.400, 75.870) (690.200, 76.765)
Net VDD: has regular routing with opens at (680.800, 75.870) (683.400, 76.765)
Net VDD: has regular routing with opens at (663.200, 75.870) (667.200, 76.765)
Net VDD: has regular routing with opens at (661.600, 76.130) (662.800, 76.765)
Net VDD: has regular routing with opens at (650.200, 75.870) (652.200, 76.765)
Net VDD: has regular routing with opens at (626.000, 76.130) (627.200, 76.765)
Net VDD: has regular routing with opens at (625.000, 76.130) (625.600, 76.765)
Net VDD: has regular routing with opens at (599.400, 76.130) (600.200, 76.765)
Net VDD: has regular routing with opens at (593.400, 75.870) (597.600, 76.765)
Net VDD: has regular routing with opens at (573.200, 75.870) (576.200, 76.765)
Net VDD: has regular routing with opens at (560.600, 75.870) (571.800, 76.765)
Net VDD: has regular routing with opens at (551.200, 75.870) (560.400, 76.765)
Net VDD: has regular routing with opens at (542.000, 72.270) (550.400, 73.165)
Net VDD: has regular routing with opens at (543.200, 75.870) (550.600, 76.765)
Net VDD: has regular routing with opens at (521.800, 75.870) (542.800, 76.765)
Net VDD: has regular routing with opens at (492.800, 76.130) (493.800, 76.765)
Net VDD: has regular routing with opens at (491.800, 76.130) (492.400, 76.765)
Net VDD: has regular routing with opens at (481.200, 76.130) (482.000, 76.765)
Net VDD: has regular routing with opens at (467.600, 75.870) (471.000, 76.765)
Net VDD: has regular routing with opens at (450.800, 76.130) (451.400, 76.765)
Net VDD: has regular routing with opens at (432.000, 75.870) (433.400, 76.765)
Net VDD: has regular routing with opens at (433.800, 76.130) (434.600, 76.765)
Net VDD: has regular routing with opens at (421.200, 76.130) (422.200, 76.765)
Net VDD: has regular routing with opens at (385.000, 72.530) (385.600, 73.165)
Net VDD: has regular routing with opens at (363.600, 75.870) (364.600, 76.765)
Net VDD: has regular routing with opens at (343.200, 72.270) (351.000, 73.165)
Net VDD: has regular routing with opens at (338.000, 75.870) (349.400, 76.765)
Net VDD: has regular routing with opens at (334.000, 75.870) (335.400, 76.765)
Net VDD: has regular routing with opens at (317.000, 75.870) (319.400, 76.765)
Net VDD: has regular routing with opens at (317.600, 72.270) (327.400, 73.165)
Net VDD: has regular routing with opens at (309.200, 75.870) (312.400, 76.765)
Net VDD: has regular routing with opens at (288.000, 76.130) (288.600, 76.765)
Net VDD: has regular routing with opens at (271.400, 75.870) (272.600, 76.765)
Net VDD: has regular routing with opens at (262.000, 75.870) (270.800, 76.765)
Net VDD: has regular routing with opens at (254.800, 75.870) (261.200, 76.765)
Net VDD: has regular routing with opens at (231.200, 72.530) (231.800, 73.165)
Net VDD: has regular routing with opens at (191.600, 72.270) (208.200, 73.165)
Net VDD: has regular routing with opens at (197.000, 75.870) (199.000, 76.765)
Net VDD: has regular routing with opens at (153.000, 75.870) (154.200, 76.765)
Net VDD: has regular routing with opens at (143.400, 72.285) (150.200, 73.165)
Net VDD: has regular routing with opens at (136.800, 75.870) (149.200, 76.765)
Net VDD: has regular routing with opens at (50.600, 75.870) (136.200, 76.765)
Net VDD: has regular routing with opens at (10.200, 75.885) (50.400, 76.765)
Net VDD: has regular routing with opens at (672.800, 75.870) (675.400, 76.765)
Net VDD: has regular routing with opens at (670.400, 75.870) (672.600, 76.765)
Net VDD: has regular routing with opens at (644.200, 76.130) (644.800, 76.765)
Net VDD: has regular routing with opens at (622.400, 75.870) (624.200, 76.765)
Net VDD: has regular routing with opens at (619.000, 75.870) (622.200, 76.765)
Net VDD: has regular routing with opens at (617.400, 75.870) (618.600, 76.765)
Net VDD: has regular routing with opens at (589.400, 72.270) (592.000, 73.165)
Net VDD: has regular routing with opens at (593.600, 72.270) (599.400, 73.165)
Net VDD: has regular routing with opens at (521.800, 68.670) (527.600, 69.565)
Net VDD: has regular routing with opens at (512.800, 72.530) (513.400, 73.165)
Net VDD: has regular routing with opens at (504.200, 75.870) (506.200, 76.765)
Net VDD: has regular routing with opens at (502.800, 76.130) (503.400, 76.765)
Net VDD: has regular routing with opens at (489.200, 72.270) (499.200, 73.165)
Net VDD: has regular routing with opens at (498.600, 75.870) (502.000, 76.765)
Net VDD: has regular routing with opens at (496.200, 75.870) (498.000, 76.765)
Net VDD: has regular routing with opens at (494.600, 76.130) (495.800, 76.765)
Net VDD: has regular routing with opens at (482.400, 75.870) (487.200, 76.765)
Net VDD: has regular routing with opens at (477.000, 76.130) (478.800, 76.765)
Net VDD: has regular routing with opens at (465.800, 76.130) (466.800, 76.765)
Net VDD: has regular routing with opens at (461.600, 75.870) (465.600, 76.765)
Net VDD: has regular routing with opens at (456.400, 76.130) (457.200, 76.765)
Net VDD: has regular routing with opens at (444.800, 75.870) (448.600, 76.765)
Net VDD: has regular routing with opens at (440.600, 75.870) (444.400, 76.765)
Net VDD: has regular routing with opens at (439.200, 76.130) (440.400, 76.765)
Net VDD: has regular routing with opens at (436.800, 75.870) (437.600, 76.765)
Net VDD: has regular routing with opens at (417.200, 76.130) (418.400, 76.765)
Net VDD: has regular routing with opens at (416.200, 76.130) (416.800, 76.765)
Net VDD: has regular routing with opens at (407.000, 75.870) (413.200, 76.765)
Net VDD: has regular routing with opens at (397.800, 75.870) (406.600, 76.765)
Net VDD: has regular routing with opens at (390.400, 72.270) (394.000, 73.165)
Net VDD: has regular routing with opens at (385.800, 72.270) (387.400, 73.165)
Net VDD: has regular routing with opens at (383.200, 72.270) (384.600, 73.165)
Net VDD: has regular routing with opens at (370.400, 75.870) (372.200, 76.765)
Net VDD: has regular routing with opens at (364.800, 75.870) (368.200, 76.765)
Net VDD: has regular routing with opens at (329.400, 75.870) (333.600, 76.765)
Net VDD: has regular routing with opens at (316.200, 76.130) (316.800, 76.765)
Net VDD: has regular routing with opens at (313.400, 75.870) (316.000, 76.765)
Net VDD: has regular routing with opens at (282.000, 72.270) (296.400, 73.165)
Net VDD: has regular routing with opens at (288.800, 76.130) (289.400, 76.765)
Net VDD: has regular routing with opens at (290.400, 75.870) (292.600, 76.765)
Net VDD: has regular routing with opens at (275.000, 75.870) (287.800, 76.765)
Net VDD: has regular routing with opens at (272.800, 75.870) (274.800, 76.765)
Net VDD: has regular routing with opens at (251.000, 72.270) (254.800, 73.165)
Net VDD: has regular routing with opens at (245.800, 75.870) (253.200, 76.765)
Net VDD: has regular routing with opens at (232.400, 72.285) (244.000, 73.165)
Net VDD: has regular routing with opens at (217.400, 72.270) (225.600, 73.165)
Net VDD: has regular routing with opens at (209.400, 72.270) (216.600, 73.165)
Net VDD: has regular routing with opens at (208.400, 68.670) (225.400, 69.565)
Net VDD: has regular routing with opens at (188.800, 75.870) (191.200, 76.765)
Net VDD: has regular routing with opens at (186.400, 75.870) (188.000, 76.765)
Net VDD: has regular routing with opens at (175.400, 75.870) (185.000, 76.765)
Net VDD: has regular routing with opens at (151.000, 72.270) (158.000, 73.165)
Net VDD: has regular routing with opens at (161.600, 75.885) (174.600, 76.765)
Net VDD: has regular routing with opens at (151.000, 75.870) (152.800, 76.765)
Net VDD: has regular routing with opens at (128.000, 72.270) (134.800, 73.165)
Net VDD: has regular routing with opens at (31.600, 72.285) (50.000, 73.165)
Net VDD: has regular routing with opens at (688.000, 65.070) (701.600, 65.965)
Net VDD: has regular routing with opens at (690.800, 75.870) (698.600, 76.765)
Net VDD: has regular routing with opens at (646.800, 76.130) (647.400, 76.765)
Net VDD: has regular routing with opens at (642.000, 76.130) (642.600, 76.765)
Net VDD: has regular routing with opens at (640.800, 76.130) (641.400, 76.765)
Net VDD: has regular routing with opens at (574.600, 72.270) (587.800, 73.165)
Net VDD: has regular routing with opens at (576.600, 75.870) (587.600, 76.765)
Net VDD: has regular routing with opens at (541.800, 68.670) (559.400, 69.565)
Net VDD: has regular routing with opens at (514.600, 72.270) (515.600, 73.165)
Net VDD: has regular routing with opens at (514.400, 75.870) (517.400, 76.765)
Net VDD: has regular routing with opens at (506.800, 75.870) (514.200, 76.765)
Net VDD: has regular routing with opens at (479.800, 76.130) (480.400, 76.765)
Net VDD: has regular routing with opens at (471.400, 76.130) (472.400, 76.765)
Net VDD: has regular routing with opens at (457.600, 75.870) (458.600, 76.765)
Net VDD: has regular routing with opens at (455.400, 75.870) (456.200, 76.765)
Net VDD: has regular routing with opens at (423.800, 75.870) (429.600, 76.765)
Net VDD: has regular routing with opens at (422.600, 75.870) (423.400, 76.765)
Net VDD: has regular routing with opens at (419.000, 76.130) (419.600, 76.765)
Net VDD: has regular routing with opens at (412.600, 72.285) (422.800, 73.165)
Net VDD: has regular routing with opens at (401.200, 72.270) (403.400, 73.165)
Net VDD: has regular routing with opens at (384.800, 75.870) (387.400, 76.765)
Net VDD: has regular routing with opens at (382.600, 75.870) (384.200, 76.765)
Net VDD: has regular routing with opens at (376.800, 75.870) (382.000, 76.765)
Net VDD: has regular routing with opens at (319.600, 75.870) (328.800, 76.765)
Net VDD: has regular routing with opens at (304.000, 75.870) (308.600, 76.765)
Net VDD: has regular routing with opens at (296.600, 75.870) (303.600, 76.765)
Net VDD: has regular routing with opens at (278.400, 72.530) (279.000, 73.165)
Net VDD: has regular routing with opens at (239.400, 68.685) (253.800, 69.565)
Net VDD: has regular routing with opens at (159.400, 75.870) (161.400, 76.765)
Net VDD: has regular routing with opens at (156.600, 75.870) (159.000, 76.765)
Net VDD: has regular routing with opens at (72.200, 72.285) (96.800, 73.165)
Net VDD: has regular routing with opens at (10.000, 72.285) (22.200, 73.165)
Net VDD: has regular routing with opens at (683.600, 75.870) (686.200, 76.765)
Net VDD: has regular routing with opens at (639.600, 72.270) (650.000, 73.165)
Net VDD: has regular routing with opens at (617.800, 72.270) (629.200, 73.165)
Net VDD: has regular routing with opens at (615.200, 75.870) (617.200, 76.765)
Net VDD: has regular routing with opens at (608.400, 72.270) (612.600, 73.165)
Net VDD: has regular routing with opens at (604.200, 75.870) (606.200, 76.765)
Net VDD: has regular routing with opens at (598.000, 76.130) (598.600, 76.765)
Net VDD: has regular routing with opens at (532.400, 68.670) (536.200, 69.565)
Net VDD: has regular routing with opens at (522.400, 72.285) (528.800, 73.165)
Net VDD: has regular routing with opens at (487.600, 75.870) (490.000, 76.765)
Net VDD: has regular routing with opens at (475.600, 76.130) (476.800, 76.765)
Net VDD: has regular routing with opens at (473.200, 75.870) (475.400, 76.765)
Net VDD: has regular routing with opens at (460.000, 75.870) (461.000, 76.765)
Net VDD: has regular routing with opens at (459.000, 76.130) (459.800, 76.765)
Net VDD: has regular routing with opens at (452.000, 75.870) (455.200, 76.765)
Net VDD: has regular routing with opens at (449.600, 76.130) (450.200, 76.765)
Net VDD: has regular routing with opens at (437.800, 76.130) (438.600, 76.765)
Net VDD: has regular routing with opens at (429.800, 75.870) (431.600, 76.765)
Net VDD: has regular routing with opens at (415.000, 75.870) (416.000, 76.765)
Net VDD: has regular routing with opens at (378.200, 72.270) (383.000, 73.165)
Net VDD: has regular routing with opens at (363.200, 72.270) (374.800, 73.165)
Net VDD: has regular routing with opens at (355.200, 75.870) (357.200, 76.765)
Net VDD: has regular routing with opens at (352.600, 75.870) (354.800, 76.765)
Net VDD: has regular routing with opens at (350.000, 76.130) (352.400, 76.765)
Net VDD: has regular routing with opens at (336.800, 76.130) (337.400, 76.765)
Net VDD: has regular routing with opens at (335.800, 76.130) (336.400, 76.765)
Net VDD: has regular routing with opens at (295.200, 76.130) (295.800, 76.765)
Net VDD: has regular routing with opens at (292.800, 75.870) (295.000, 76.765)
Net VDD: has regular routing with opens at (264.000, 68.930) (265.400, 69.565)
Net VDD: has regular routing with opens at (260.600, 68.670) (263.800, 69.565)
Net VDD: has regular routing with opens at (255.400, 68.670) (260.000, 69.565)
Net VDD: has regular routing with opens at (257.800, 72.530) (258.400, 73.165)
Net VDD: has regular routing with opens at (255.200, 72.270) (257.400, 73.165)
Net VDD: has regular routing with opens at (247.200, 72.270) (249.400, 73.165)
Net VDD: has regular routing with opens at (237.600, 75.870) (245.400, 76.765)
Net VDD: has regular routing with opens at (200.400, 75.870) (209.200, 76.765)
Net VDD: has regular routing with opens at (186.200, 72.530) (186.800, 73.165)
Net VDD: has regular routing with opens at (168.000, 72.270) (177.400, 73.165)
Net VDD: has regular routing with opens at (139.000, 65.070) (151.200, 65.965)
Net VDD: has regular routing with opens at (149.400, 75.870) (150.800, 76.765)
Net VDD: has regular routing with opens at (141.400, 68.670) (148.000, 69.565)
Net VDD: has regular routing with opens at (140.000, 68.930) (140.800, 69.565)
Net VDD: has regular routing with opens at (103.200, 68.685) (132.600, 69.565)
Net VDD: has regular routing with opens at (40.200, 68.685) (62.800, 69.565)
Net VDD: has regular routing with opens at (680.000, 76.130) (680.600, 76.765)
Net VDD: has regular routing with opens at (676.000, 75.870) (678.000, 76.765)
Net VDD: has regular routing with opens at (678.200, 76.130) (679.200, 76.765)
Net VDD: has regular routing with opens at (635.400, 75.870) (639.600, 76.765)
Net VDD: has regular routing with opens at (659.600, 75.870) (661.000, 76.765)
Net VDD: has regular routing with opens at (631.400, 72.270) (633.200, 73.165)
Net VDD: has regular routing with opens at (566.600, 72.285) (574.000, 73.165)
Net VDD: has regular routing with opens at (564.200, 72.530) (565.200, 73.165)
Net VDD: has regular routing with opens at (534.000, 72.270) (536.000, 73.165)
Net VDD: has regular routing with opens at (516.200, 72.530) (516.800, 73.165)
Net VDD: has regular routing with opens at (473.600, 72.270) (488.400, 73.165)
Net VDD: has regular routing with opens at (420.000, 76.130) (420.800, 76.765)
Net VDD: has regular routing with opens at (394.600, 72.270) (399.200, 73.165)
Net VDD: has regular routing with opens at (387.800, 72.270) (389.800, 73.165)
Net VDD: has regular routing with opens at (373.000, 75.870) (373.800, 76.765)
Net VDD: has regular routing with opens at (374.000, 76.130) (374.800, 76.765)
Net VDD: has regular routing with opens at (375.600, 75.870) (376.400, 76.765)
Net VDD: has regular routing with opens at (330.200, 72.270) (334.600, 73.165)
Net VDD: has regular routing with opens at (297.200, 72.530) (297.800, 73.165)
Net VDD: has regular routing with opens at (264.600, 72.270) (268.000, 73.165)
Net VDD: has regular routing with opens at (222.600, 75.870) (226.200, 76.765)
Net VDD: has regular routing with opens at (215.800, 75.885) (222.200, 76.765)
Net VDD: has regular routing with opens at (210.600, 75.870) (214.000, 76.765)
Net VDD: has regular routing with opens at (191.800, 75.870) (195.000, 76.765)
Net VDD: has regular routing with opens at (178.400, 72.285) (184.800, 73.165)
Net VDD: has regular routing with opens at (185.400, 75.870) (186.200, 76.765)
Net VDD: has regular routing with opens at (134.800, 68.670) (139.400, 69.565)
Net VDD: has regular routing with opens at (89.200, 68.685) (100.600, 69.565)
Net VDD: has regular routing with opens at (10.200, 68.685) (33.000, 69.565)
Net VDD: has regular routing with opens at (700.800, 68.930) (701.400, 69.565)
Net VDD: has regular routing with opens at (649.000, 76.130) (649.600, 76.765)
Net VDD: has regular routing with opens at (654.600, 76.130) (656.200, 76.765)
Net VDD: has regular routing with opens at (657.000, 75.870) (658.800, 76.765)
Net VDD: has regular routing with opens at (638.600, 72.530) (639.200, 73.165)
Net VDD: has regular routing with opens at (639.800, 76.130) (640.400, 76.765)
Net VDD: has regular routing with opens at (635.200, 72.270) (636.200, 73.165)
Net VDD: has regular routing with opens at (627.400, 75.870) (629.200, 76.765)
Net VDD: has regular routing with opens at (613.800, 76.130) (614.800, 76.765)
Net VDD: has regular routing with opens at (587.800, 75.870) (590.000, 76.765)
Net VDD: has regular routing with opens at (569.600, 68.670) (575.000, 69.565)
Net VDD: has regular routing with opens at (566.400, 68.930) (567.400, 69.565)
Net VDD: has regular routing with opens at (559.600, 68.670) (565.600, 69.565)
Net VDD: has regular routing with opens at (540.200, 68.930) (541.000, 69.565)
Net VDD: has regular routing with opens at (501.400, 58.130) (506.800, 58.765)
Net VDD: has regular routing with opens at (497.400, 57.870) (499.200, 58.765)
Net VDD: has regular routing with opens at (490.200, 75.870) (491.000, 76.765)

Begin Summary
    777 Problem(s) (IMPVFC-96): Terminal(s) are not connected.
    1 Problem(s) (IMPVFC-200): Special Wires: Pieces of the net are not connected together.
    222 Problem(s) (IMPVFC-92): Pieces of the net are not connected together.
    1000 total info(s) created.
End Summary
