xrun(64): 20.09-s017: (c) Copyright 1995-2021 Cadence Design Systems, Inc.
TOOL:	xrun(64)	20.09-s017: Started on Mar 05, 2026 at 23:54:27 PST
xrun
	-define INITIALIZE_MEMORY
	-xminitialize 0
	+access+rwc
	+xm64bit
	+xmstatus
	+xmtimescale+1ns/1ps
	+xmoveride_timescale
	+notimingchecks
	-v ./fullchip.pnr.v
	-v ./tcbn65gplus.v
	./fullchip_gl_tb.v
	-gui

   User defined plus("+") options:
	+xmoveride_timescale


-------------------------------------
Relinquished control to SimVision...
xcelium> 
xcelium> source /software/ECE/XCELIUM-2009/tools/xcelium/files/xmsimrc
xcelium> database -open waves -into waves.shm -default
Created default SHM database waves
xcelium> probe -create -shm fullchip_tb.K fullchip_tb.Q fullchip_tb.captured_data fullchip_tb.clk fullchip_tb.execute fullchip_tb.i fullchip_tb.inst fullchip_tb.j fullchip_tb.k fullchip_tb.kmem_rd fullchip_tb.kmem_wr fullchip_tb.load fullchip_tb.m fullchip_tb.mem_in fullchip_tb.ofifo_rd fullchip_tb.out fullchip_tb.p fullchip_tb.pmem_add fullchip_tb.pmem_rd fullchip_tb.pmem_wr fullchip_tb.q fullchip_tb.qk_file fullchip_tb.qk_scan_file fullchip_tb.qkmem_add fullchip_tb.qmem_rd fullchip_tb.qmem_wr fullchip_tb.reset fullchip_tb.result fullchip_tb.s fullchip_tb.sum fullchip_tb.t fullchip_tb.temp5b fullchip_tb.temp16b fullchip_tb.temp_sum fullchip_tb.u fullchip_tb.weight
Created probe 1
xcelium> run
##### Q data txt reading #####
##### K data txt reading #####
##### Estimated multiplication result #####
prd @cycle 0: 00006fffa3000640000cfffa0fffe0fffea00003
prd @cycle 1: 000230000100023fffe0ffffc00002ffff00004b
prd @cycle 2: fffc6fffa50005400030fffde0000a0002cffff0
prd @cycle 3: 00005fffd000050fffe7fffabfffaffffeafffbd
prd @cycle 4: 00028ffff80004b00038fffd6fffdffffd20000b
prd @cycle 5: 0004200040ffffd0002e000250005f00024ffff6
prd @cycle 6: 0006100075fffd60001d000260002bffffefffd3
prd @cycle 7: 00004fffef0001a0000b0000000008ffff40001e
##### Qmem writing #####
##### Kmem writing #####
##### K data loading to processor #####
##### execute #####
##### move ofifo to pmem #####
ofifo->pmem @cycle0 addr0: fifo_out=04762e9628ffe2cf9e5a009b8fffec1424e0006b
ofifo->pmem @cycle1 addr1: fifo_out=fd39ae5dc7ffb765970400010980c0ffdf5b9b08
ofifo->pmem @cycle2 addr2: fifo_out=f8bac1a649002570165cff61900dff020cbfd945
ofifo->pmem @cycle3 addr3: fifo_out=4fcc4f26a8000f2c61bbfff4eff6def6c0ff4b33
ofifo->pmem @cycle4 addr4: fifo_out=f401c0eb19000001bd9d001890037ff0f2225bde
ofifo->pmem @cycle5 addr5: fifo_out=995d6f276600000c6794100af000f1fba42b044b
ofifo->pmem @cycle6 addr6: fifo_out=6ec5efb51b00000ff601ffd0300f70eb2d48380e
ofifo->pmem @cycle7 addr7: fifo_out=ffc5effc1b00000fff010051cff954000b44009e
##### Read from pmem and verify #####
FAIL @cycle0 col7: got b8009, expected 3
FAIL @cycle0 col6: got ffff5, expected fffea
FAIL @cycle0 col5: got ff7ec, expected fffe0
FAIL @cycle0 col4: got 9b8, expected fffa0
FAIL @cycle0 col3: got d9644, expected c
FAIL @cycle0 col2: got ffe2c, expected 64
FAIL @cycle0 col1: got e5443, expected fffa3
FAIL @cycle0 col0: got fd3ba, expected 6
pmem rd @cycle 0: fd3bae5443ffe2cd9644009b8ff7ecffff5b8009  (expected: 00006fffa3000640000cfffa0fffe0fffea00003)
FAIL @cycle1 col7: got f9b44, expected 4b
FAIL @cycle1 col6: got 20cb, expected ffff0
FAIL @cycle1 col5: got fcede, expected 2
FAIL @cycle1 col4: got 2011, expected ffffc
FAIL @cycle1 col3: got 171c, expected fffe0
FAIL @cycle1 col2: got ffb76, expected 23
FAIL @cycle1 col1: got aafc9, expected 1
FAIL @cycle1 col0: got f938c, expected 23
pmem rd @cycle 1: f938caafc9ffb760171c02011fcede020cbf9b44  (expected: 000230000100023fffe0ffffc00002ffff00004b)
FAIL @cycle2 col7: got f5923, expected ffff0
FAIL @cycle2 col6: got f6c0f, expected 2c
FAIL @cycle2 col5: got 835ff, expected a
FAIL @cycle2 col4: got ff61a, expected fffde
FAIL @cycle2 col3: got 60fb, expected 30
FAIL @cycle2 col2: got 257, expected 54
FAIL @cycle2 col1: got 52629, expected fffa5
FAIL @cycle2 col0: got 4dde4, expected fffc6
pmem rd @cycle 2: 4dde45262900257060fbff61a835fff6c0ff5923  (expected: fffc6fffa50005400030fffde0000a0002cffff0)
FAIL @cycle3 col7: got 24b5f, expected fffbd
FAIL @cycle3 col6: got f0f22, expected fffea
FAIL @cycle3 col5: got f1, expected fffaf
FAIL @cycle3 col4: got fdf4d, expected fffab
FAIL @cycle3 col3: got cbd9d, expected fffe7
FAIL @cycle3 col2: got 16c, expected 50
FAIL @cycle3 col1: got be698, expected fffd0
FAIL @cycle3 col0: got f481c, expected 5
pmem rd @cycle 3: f481cbe6980016ccbd9dfdf4d000f1f0f2224b5f  (expected: 00005fffd000050fffe7fffabfffaffffeafffbd)
FAIL @cycle4 col7: got b13ca, expected b
FAIL @cycle4 col6: got fba42, expected fffd2
FAIL @cycle4 col5: got 37f, expected fffdf
FAIL @cycle4 col4: got 18b, expected fffd6
FAIL @cycle4 col3: got c679c, expected 38
FAIL @cycle4 col2: got 0, expected 4b
FAIL @cycle4 col1: got c2377, expected ffff8
FAIL @cycle4 col0: got dd556, expected 28
pmem rd @cycle 4: dd556c237700000c679c0018b0037ffba42b13ca  (expected: 00028ffff80004b00038fffd6fffdffffd20000b)
FAIL @cycle5 col7: got 80c0e, expected ffff6
FAIL @cycle5 col6: got eb0d4, expected 24
FAIL @cycle5 col5: got dc954, expected 5f
FAIL @cycle5 col4: got 120af, expected 25
FAIL @cycle5 col3: got ff701, expected 2e
FAIL @cycle5 col2: got 0, expected ffffd
FAIL @cycle5 col1: got fa51a, expected 40
FAIL @cycle5 col0: got 2a45e, expected 42
pmem rd @cycle 5: 2a45efa51a00000ff701120afdc954eb0d480c0e  (expected: 0004200040ffffd0002e000250005f00024ffff6)
FAIL @cycle6 col7: got 4181e, expected fffd3
FAIL @cycle6 col6: got 2b4, expected ffffe
FAIL @cycle6 col5: got 23d70, expected 2b
FAIL @cycle6 col4: got fdd00, expected 26
FAIL @cycle6 col3: got ffe01, expected 1d
FAIL @cycle6 col2: got 0, expected fffd6
FAIL @cycle6 col1: got ff51b, expected 75
FAIL @cycle6 col0: got fec5e, expected 61
pmem rd @cycle 6: fec5eff51b00000ffe01fdd0023d70002b44181e  (expected: 0006100075fffd60001d000260002bffffefffd3)
FAIL @cycle7 col7: got 0, expected 1e
FAIL @cycle7 col6: got 0, expected ffff4
FAIL @cycle7 col5: got 1c525, expected 8
FAIL @cycle7 col4: got 51c, expected 0
FAIL @cycle7 col3: got 40100, expected b
FAIL @cycle7 col2: got 0, expected 1a
FAIL @cycle7 col1: got b1c11, expected fffef
FAIL @cycle7 col0: got 47848, expected 4
pmem rd @cycle 7: 47848b1c1100000401000051c1c5250000000000  (expected: 00004fffef0001a0000b0000000008ffff40001e)
Simulation complete via $finish(1) at time 117 NS + 0
./fullchip_gl_tb.v:339   #10 $finish;
xcelium> ^C
xcelium> exit
xmsim: Memory Usage - Final: 145.0M, Peak: 158.9M, Peak virtual: 559.8M
xmsim: Main Thread CPU Usage - 8.2s system + 6.4s user = 14.7s total
xmsim: CPU Usage - 8.2s system + 6.1s user = 14.3s total (470.6s, 3.0% cpu)
TOOL:	xrun(64)	20.09-s017: Exiting on Mar 06, 2026 at 00:02:18 PST  (total: 00:07:51)
