xrun(64): 20.09-s017: (c) Copyright 1995-2021 Cadence Design Systems, Inc.
TOOL:	xrun(64)	20.09-s017: Started on Mar 06, 2026 at 09:30:48 PST
xrun
	-define INITIALIZE_MEMORY
	-xminitialize 0
	+access+rwc
	+xm64bit
	+xmtimescale+1ns/1ps
	+xmoverride_timescale
	+notimingchecks
	-v ./fullchip.out.v
	-v ./tcbn65gplus.v
	./fullchip_gl_tb.v
file: ./fullchip_gl_tb.v
	module worklib.fullchip_tb:v
		errors: 0, warnings: 0
file: ./fullchip.out.v
	module fullchip.fullchip:v
		errors: 0, warnings: 0
file: ./fullchip.out.v
	module fullchip.core_col8_bw8_bw_psum20_pr8:v
		errors: 0, warnings: 0
file: ./fullchip.out.v
	module fullchip.mac_array_col8_bw8_bw_psum20_pr8:v
		errors: 0, warnings: 0
	module fullchip.ofifo_col8_bw20:v
		errors: 0, warnings: 0
	module fullchip.sram_w16_sram_bit64_1:v
		errors: 0, warnings: 0
	module fullchip.sram_w16_sram_bit64_0:v
		errors: 0, warnings: 0
file: ./fullchip.out.v
	module fullchip.mac_col_bw8_bw_psum20_pr8_col_id1:v
		errors: 0, warnings: 0
	module fullchip.mac_col_bw8_bw_psum20_pr8_col_id2:v
		errors: 0, warnings: 0
	module fullchip.mac_col_bw8_bw_psum20_pr8_col_id3:v
		errors: 0, warnings: 0
	module fullchip.mac_col_bw8_bw_psum20_pr8_col_id4:v
		errors: 0, warnings: 0
	module fullchip.mac_col_bw8_bw_psum20_pr8_col_id5:v
		errors: 0, warnings: 0
	module fullchip.mac_col_bw8_bw_psum20_pr8_col_id6:v
		errors: 0, warnings: 0
	module fullchip.mac_col_bw8_bw_psum20_pr8_col_id7:v
		errors: 0, warnings: 0
	module fullchip.mac_col_bw8_bw_psum20_pr8_col_id8:v
		errors: 0, warnings: 0
	module fullchip.fifo_depth16_bw20_simd1_7:v
		errors: 0, warnings: 0
	module fullchip.fifo_depth16_bw20_simd1_6:v
		errors: 0, warnings: 0
	module fullchip.fifo_depth16_bw20_simd1_0:v
		errors: 0, warnings: 0
	module fullchip.fifo_depth16_bw20_simd1_1:v
		errors: 0, warnings: 0
	module fullchip.fifo_depth16_bw20_simd1_2:v
		errors: 0, warnings: 0
	module fullchip.fifo_depth16_bw20_simd1_3:v
		errors: 0, warnings: 0
	module fullchip.fifo_depth16_bw20_simd1_4:v
		errors: 0, warnings: 0
	module fullchip.fifo_depth16_bw20_simd1_5:v
		errors: 0, warnings: 0
file: ./fullchip.out.v
	module fullchip.mac_8in_bw8_bw_psum20_pr8_7:v
		errors: 0, warnings: 0
	module fullchip.mac_8in_bw8_bw_psum20_pr8_6:v
		errors: 0, warnings: 0
	module fullchip.mac_8in_bw8_bw_psum20_pr8_5:v
		errors: 0, warnings: 0
	module fullchip.mac_8in_bw8_bw_psum20_pr8_4:v
		errors: 0, warnings: 0
	module fullchip.mac_8in_bw8_bw_psum20_pr8_3:v
		errors: 0, warnings: 0
	module fullchip.mac_8in_bw8_bw_psum20_pr8_2:v
		errors: 0, warnings: 0
	module fullchip.mac_8in_bw8_bw_psum20_pr8_1:v
		errors: 0, warnings: 0
	module fullchip.mac_8in_bw8_bw_psum20_pr8_0:v
		errors: 0, warnings: 0
	module fullchip.fifo_mux_16_1_bw20_simd1_7:v
		errors: 0, warnings: 0
	module fullchip.fifo_mux_16_1_bw20_simd1_6:v
		errors: 0, warnings: 0
	module fullchip.fifo_mux_16_1_bw20_simd1_0:v
		errors: 0, warnings: 0
	module fullchip.fifo_mux_16_1_bw20_simd1_1:v
		errors: 0, warnings: 0
	module fullchip.fifo_mux_16_1_bw20_simd1_2:v
		errors: 0, warnings: 0
	module fullchip.fifo_mux_16_1_bw20_simd1_3:v
		errors: 0, warnings: 0
	module fullchip.fifo_mux_16_1_bw20_simd1_4:v
		errors: 0, warnings: 0
	module fullchip.fifo_mux_16_1_bw20_simd1_5:v
		errors: 0, warnings: 0
file: ./fullchip.out.v
	module fullchip.fifo_mux_8_1_bw20_simd1_15:v
		errors: 0, warnings: 0
	module fullchip.fifo_mux_2_1_bw20_simd1_119:v
		errors: 0, warnings: 0
	module fullchip.fifo_mux_8_1_bw20_simd1_14:v
		errors: 0, warnings: 0
	module fullchip.fifo_mux_8_1_bw20_simd1_12:v
		errors: 0, warnings: 0
	module fullchip.fifo_mux_8_1_bw20_simd1_13:v
		errors: 0, warnings: 0
	module fullchip.fifo_mux_2_1_bw20_simd1_118:v
		errors: 0, warnings: 0
	module fullchip.fifo_mux_8_1_bw20_simd1_0:v
		errors: 0, warnings: 0
	module fullchip.fifo_mux_8_1_bw20_simd1_1:v
		errors: 0, warnings: 0
	module fullchip.fifo_mux_2_1_bw20_simd1_112:v
		errors: 0, warnings: 0
	module fullchip.fifo_mux_8_1_bw20_simd1_2:v
		errors: 0, warnings: 0
	module fullchip.fifo_mux_8_1_bw20_simd1_3:v
		errors: 0, warnings: 0
	module fullchip.fifo_mux_2_1_bw20_simd1_113:v
		errors: 0, warnings: 0
	module fullchip.fifo_mux_8_1_bw20_simd1_4:v
		errors: 0, warnings: 0
	module fullchip.fifo_mux_8_1_bw20_simd1_5:v
		errors: 0, warnings: 0
	module fullchip.fifo_mux_2_1_bw20_simd1_114:v
		errors: 0, warnings: 0
	module fullchip.fifo_mux_8_1_bw20_simd1_6:v
		errors: 0, warnings: 0
	module fullchip.fifo_mux_8_1_bw20_simd1_7:v
		errors: 0, warnings: 0
	module fullchip.fifo_mux_2_1_bw20_simd1_115:v
		errors: 0, warnings: 0
	module fullchip.fifo_mux_8_1_bw20_simd1_8:v
		errors: 0, warnings: 0
	module fullchip.fifo_mux_8_1_bw20_simd1_9:v
		errors: 0, warnings: 0
	module fullchip.fifo_mux_2_1_bw20_simd1_116:v
		errors: 0, warnings: 0
	module fullchip.fifo_mux_8_1_bw20_simd1_10:v
		errors: 0, warnings: 0
	module fullchip.fifo_mux_8_1_bw20_simd1_11:v
		errors: 0, warnings: 0
	module fullchip.fifo_mux_2_1_bw20_simd1_117:v
		errors: 0, warnings: 0
file: ./fullchip.out.v
	module fullchip.fifo_mux_2_1_bw20_simd1_105:v
		errors: 0, warnings: 0
	module fullchip.fifo_mux_2_1_bw20_simd1_106:v
		errors: 0, warnings: 0
	module fullchip.fifo_mux_2_1_bw20_simd1_107:v
		errors: 0, warnings: 0
	module fullchip.fifo_mux_2_1_bw20_simd1_108:v
		errors: 0, warnings: 0
	module fullchip.fifo_mux_2_1_bw20_simd1_109:v
		errors: 0, warnings: 0
	module fullchip.fifo_mux_2_1_bw20_simd1_110:v
		errors: 0, warnings: 0
	module fullchip.fifo_mux_2_1_bw20_simd1_111:v
		errors: 0, warnings: 0
	module fullchip.fifo_mux_2_1_bw20_simd1_98:v
		errors: 0, warnings: 0
	module fullchip.fifo_mux_2_1_bw20_simd1_99:v
		errors: 0, warnings: 0
	module fullchip.fifo_mux_2_1_bw20_simd1_100:v
		errors: 0, warnings: 0
	module fullchip.fifo_mux_2_1_bw20_simd1_101:v
		errors: 0, warnings: 0
	module fullchip.fifo_mux_2_1_bw20_simd1_102:v
		errors: 0, warnings: 0
	module fullchip.fifo_mux_2_1_bw20_simd1_103:v
		errors: 0, warnings: 0
	module fullchip.fifo_mux_2_1_bw20_simd1_104:v
		errors: 0, warnings: 0
	module fullchip.fifo_mux_2_1_bw20_simd1_84:v
		errors: 0, warnings: 0
	module fullchip.fifo_mux_2_1_bw20_simd1_85:v
		errors: 0, warnings: 0
	module fullchip.fifo_mux_2_1_bw20_simd1_86:v
		errors: 0, warnings: 0
	module fullchip.fifo_mux_2_1_bw20_simd1_87:v
		errors: 0, warnings: 0
	module fullchip.fifo_mux_2_1_bw20_simd1_88:v
		errors: 0, warnings: 0
	module fullchip.fifo_mux_2_1_bw20_simd1_89:v
		errors: 0, warnings: 0
	module fullchip.fifo_mux_2_1_bw20_simd1_90:v
		errors: 0, warnings: 0
	module fullchip.fifo_mux_2_1_bw20_simd1_91:v
		errors: 0, warnings: 0
	module fullchip.fifo_mux_2_1_bw20_simd1_92:v
		errors: 0, warnings: 0
	module fullchip.fifo_mux_2_1_bw20_simd1_93:v
		errors: 0, warnings: 0
	module fullchip.fifo_mux_2_1_bw20_simd1_94:v
		errors: 0, warnings: 0
	module fullchip.fifo_mux_2_1_bw20_simd1_95:v
		errors: 0, warnings: 0
	module fullchip.fifo_mux_2_1_bw20_simd1_96:v
		errors: 0, warnings: 0
	module fullchip.fifo_mux_2_1_bw20_simd1_97:v
		errors: 0, warnings: 0
	module fullchip.fifo_mux_2_1_bw20_simd1_0:v
		errors: 0, warnings: 0
	module fullchip.fifo_mux_2_1_bw20_simd1_1:v
		errors: 0, warnings: 0
	module fullchip.fifo_mux_2_1_bw20_simd1_2:v
		errors: 0, warnings: 0
	module fullchip.fifo_mux_2_1_bw20_simd1_3:v
		errors: 0, warnings: 0
	module fullchip.fifo_mux_2_1_bw20_simd1_4:v
		errors: 0, warnings: 0
	module fullchip.fifo_mux_2_1_bw20_simd1_5:v
		errors: 0, warnings: 0
	module fullchip.fifo_mux_2_1_bw20_simd1_6:v
		errors: 0, warnings: 0
	module fullchip.fifo_mux_2_1_bw20_simd1_7:v
		errors: 0, warnings: 0
	module fullchip.fifo_mux_2_1_bw20_simd1_8:v
		errors: 0, warnings: 0
	module fullchip.fifo_mux_2_1_bw20_simd1_9:v
		errors: 0, warnings: 0
	module fullchip.fifo_mux_2_1_bw20_simd1_10:v
		errors: 0, warnings: 0
	module fullchip.fifo_mux_2_1_bw20_simd1_11:v
		errors: 0, warnings: 0
	module fullchip.fifo_mux_2_1_bw20_simd1_12:v
		errors: 0, warnings: 0
	module fullchip.fifo_mux_2_1_bw20_simd1_13:v
		errors: 0, warnings: 0
	module fullchip.fifo_mux_2_1_bw20_simd1_14:v
		errors: 0, warnings: 0
	module fullchip.fifo_mux_2_1_bw20_simd1_15:v
		errors: 0, warnings: 0
	module fullchip.fifo_mux_2_1_bw20_simd1_16:v
		errors: 0, warnings: 0
	module fullchip.fifo_mux_2_1_bw20_simd1_17:v
		errors: 0, warnings: 0
	module fullchip.fifo_mux_2_1_bw20_simd1_18:v
		errors: 0, warnings: 0
	module fullchip.fifo_mux_2_1_bw20_simd1_19:v
		errors: 0, warnings: 0
	module fullchip.fifo_mux_2_1_bw20_simd1_20:v
		errors: 0, warnings: 0
	module fullchip.fifo_mux_2_1_bw20_simd1_21:v
		errors: 0, warnings: 0
	module fullchip.fifo_mux_2_1_bw20_simd1_22:v
		errors: 0, warnings: 0
	module fullchip.fifo_mux_2_1_bw20_simd1_23:v
		errors: 0, warnings: 0
	module fullchip.fifo_mux_2_1_bw20_simd1_24:v
		errors: 0, warnings: 0
	module fullchip.fifo_mux_2_1_bw20_simd1_25:v
		errors: 0, warnings: 0
	module fullchip.fifo_mux_2_1_bw20_simd1_26:v
		errors: 0, warnings: 0
	module fullchip.fifo_mux_2_1_bw20_simd1_27:v
		errors: 0, warnings: 0
	module fullchip.fifo_mux_2_1_bw20_simd1_28:v
		errors: 0, warnings: 0
	module fullchip.fifo_mux_2_1_bw20_simd1_29:v
		errors: 0, warnings: 0
	module fullchip.fifo_mux_2_1_bw20_simd1_30:v
		errors: 0, warnings: 0
	module fullchip.fifo_mux_2_1_bw20_simd1_31:v
		errors: 0, warnings: 0
	module fullchip.fifo_mux_2_1_bw20_simd1_32:v
		errors: 0, warnings: 0
	module fullchip.fifo_mux_2_1_bw20_simd1_33:v
		errors: 0, warnings: 0
	module fullchip.fifo_mux_2_1_bw20_simd1_34:v
		errors: 0, warnings: 0
	module fullchip.fifo_mux_2_1_bw20_simd1_35:v
		errors: 0, warnings: 0
	module fullchip.fifo_mux_2_1_bw20_simd1_36:v
		errors: 0, warnings: 0
	module fullchip.fifo_mux_2_1_bw20_simd1_37:v
		errors: 0, warnings: 0
	module fullchip.fifo_mux_2_1_bw20_simd1_38:v
		errors: 0, warnings: 0
	module fullchip.fifo_mux_2_1_bw20_simd1_39:v
		errors: 0, warnings: 0
	module fullchip.fifo_mux_2_1_bw20_simd1_40:v
		errors: 0, warnings: 0
	module fullchip.fifo_mux_2_1_bw20_simd1_41:v
		errors: 0, warnings: 0
	module fullchip.fifo_mux_2_1_bw20_simd1_42:v
		errors: 0, warnings: 0
	module fullchip.fifo_mux_2_1_bw20_simd1_43:v
		errors: 0, warnings: 0
	module fullchip.fifo_mux_2_1_bw20_simd1_44:v
		errors: 0, warnings: 0
	module fullchip.fifo_mux_2_1_bw20_simd1_45:v
		errors: 0, warnings: 0
	module fullchip.fifo_mux_2_1_bw20_simd1_46:v
		errors: 0, warnings: 0
	module fullchip.fifo_mux_2_1_bw20_simd1_47:v
		errors: 0, warnings: 0
	module fullchip.fifo_mux_2_1_bw20_simd1_48:v
		errors: 0, warnings: 0
	module fullchip.fifo_mux_2_1_bw20_simd1_49:v
		errors: 0, warnings: 0
	module fullchip.fifo_mux_2_1_bw20_simd1_50:v
		errors: 0, warnings: 0
	module fullchip.fifo_mux_2_1_bw20_simd1_51:v
		errors: 0, warnings: 0
	module fullchip.fifo_mux_2_1_bw20_simd1_52:v
		errors: 0, warnings: 0
	module fullchip.fifo_mux_2_1_bw20_simd1_53:v
		errors: 0, warnings: 0
	module fullchip.fifo_mux_2_1_bw20_simd1_54:v
		errors: 0, warnings: 0
	module fullchip.fifo_mux_2_1_bw20_simd1_55:v
		errors: 0, warnings: 0
	module fullchip.fifo_mux_2_1_bw20_simd1_56:v
		errors: 0, warnings: 0
	module fullchip.fifo_mux_2_1_bw20_simd1_57:v
		errors: 0, warnings: 0
	module fullchip.fifo_mux_2_1_bw20_simd1_58:v
		errors: 0, warnings: 0
	module fullchip.fifo_mux_2_1_bw20_simd1_59:v
		errors: 0, warnings: 0
	module fullchip.fifo_mux_2_1_bw20_simd1_60:v
		errors: 0, warnings: 0
	module fullchip.fifo_mux_2_1_bw20_simd1_61:v
		errors: 0, warnings: 0
	module fullchip.fifo_mux_2_1_bw20_simd1_62:v
		errors: 0, warnings: 0
	module fullchip.fifo_mux_2_1_bw20_simd1_63:v
		errors: 0, warnings: 0
	module fullchip.fifo_mux_2_1_bw20_simd1_64:v
		errors: 0, warnings: 0
	module fullchip.fifo_mux_2_1_bw20_simd1_65:v
		errors: 0, warnings: 0
	module fullchip.fifo_mux_2_1_bw20_simd1_66:v
		errors: 0, warnings: 0
	module fullchip.fifo_mux_2_1_bw20_simd1_67:v
		errors: 0, warnings: 0
	module fullchip.fifo_mux_2_1_bw20_simd1_68:v
		errors: 0, warnings: 0
	module fullchip.fifo_mux_2_1_bw20_simd1_69:v
		errors: 0, warnings: 0
	module fullchip.fifo_mux_2_1_bw20_simd1_70:v
		errors: 0, warnings: 0
	module fullchip.fifo_mux_2_1_bw20_simd1_71:v
		errors: 0, warnings: 0
	module fullchip.fifo_mux_2_1_bw20_simd1_72:v
		errors: 0, warnings: 0
	module fullchip.fifo_mux_2_1_bw20_simd1_73:v
		errors: 0, warnings: 0
	module fullchip.fifo_mux_2_1_bw20_simd1_74:v
		errors: 0, warnings: 0
	module fullchip.fifo_mux_2_1_bw20_simd1_75:v
		errors: 0, warnings: 0
	module fullchip.fifo_mux_2_1_bw20_simd1_76:v
		errors: 0, warnings: 0
	module fullchip.fifo_mux_2_1_bw20_simd1_77:v
		errors: 0, warnings: 0
	module fullchip.fifo_mux_2_1_bw20_simd1_78:v
		errors: 0, warnings: 0
	module fullchip.fifo_mux_2_1_bw20_simd1_79:v
		errors: 0, warnings: 0
	module fullchip.fifo_mux_2_1_bw20_simd1_80:v
		errors: 0, warnings: 0
	module fullchip.fifo_mux_2_1_bw20_simd1_81:v
		errors: 0, warnings: 0
	module fullchip.fifo_mux_2_1_bw20_simd1_82:v
		errors: 0, warnings: 0
	module fullchip.fifo_mux_2_1_bw20_simd1_83:v
		errors: 0, warnings: 0
file: ./tcbn65gplus.v
	module tcbn65gplus.AN2D0:v
		errors: 0, warnings: 0
	module tcbn65gplus.AN2D1:v
		errors: 0, warnings: 0
	module tcbn65gplus.AN2XD1:v
		errors: 0, warnings: 0
	module tcbn65gplus.AO21D0:v
		errors: 0, warnings: 0
	module tcbn65gplus.AO21D1:v
		errors: 0, warnings: 0
	module tcbn65gplus.AO22D0:v
		errors: 0, warnings: 0
	module tcbn65gplus.AOI21D0:v
		errors: 0, warnings: 0
	module tcbn65gplus.AOI21D1:v
		errors: 0, warnings: 0
	module tcbn65gplus.AOI21D2:v
		errors: 0, warnings: 0
	module tcbn65gplus.AOI21D4:v
		errors: 0, warnings: 0
	module tcbn65gplus.AOI221D0:v
		errors: 0, warnings: 0
	module tcbn65gplus.AOI22D0:v
		errors: 0, warnings: 0
	module tcbn65gplus.AOI31D0:v
		errors: 0, warnings: 0
	module tcbn65gplus.AOI32D0:v
		errors: 0, warnings: 0
	module tcbn65gplus.BUFFD0:v
		errors: 0, warnings: 0
	module tcbn65gplus.BUFFD1:v
		errors: 0, warnings: 0
	module tcbn65gplus.BUFFD2:v
		errors: 0, warnings: 0
	module tcbn65gplus.BUFFD3:v
		errors: 0, warnings: 0
	module tcbn65gplus.BUFFD8:v
		errors: 0, warnings: 0
	module tcbn65gplus.CKAN2D0:v
		errors: 0, warnings: 0
	module tcbn65gplus.CKAN2D1:v
		errors: 0, warnings: 0
	module tcbn65gplus.CKBD1:v
		errors: 0, warnings: 0
	module tcbn65gplus.CKBD2:v
		errors: 0, warnings: 0
	module tcbn65gplus.CKBD4:v
		errors: 0, warnings: 0
	module tcbn65gplus.CKMUX2D1:v
		errors: 0, warnings: 0
	module tcbn65gplus.CKND2:v
		errors: 0, warnings: 0
	module tcbn65gplus.CKND2D0:v
		errors: 0, warnings: 0
	module tcbn65gplus.CKND2D1:v
		errors: 0, warnings: 0
	module tcbn65gplus.CKND2D2:v
		errors: 0, warnings: 0
	module tcbn65gplus.CKND2D3:v
		errors: 0, warnings: 0
	module tcbn65gplus.CKND2D4:v
		errors: 0, warnings: 0
	module tcbn65gplus.CKND2D8:v
		errors: 0, warnings: 0
	module tcbn65gplus.CKND3:v
		errors: 0, warnings: 0
	module tcbn65gplus.CKND4:v
		errors: 0, warnings: 0
	module tcbn65gplus.CKND8:v
		errors: 0, warnings: 0
	module tcbn65gplus.CKXOR2D1:v
		errors: 0, warnings: 0
	module tcbn65gplus.CKXOR2D4:v
		errors: 0, warnings: 0
	module tcbn65gplus.DFD1:v
		errors: 0, warnings: 0
	module tcbn65gplus.DFKCNQD1:v
		errors: 0, warnings: 0
	module tcbn65gplus.DFQD1:v
		errors: 0, warnings: 0
	module tcbn65gplus.DFQD2:v
		errors: 0, warnings: 0
	module tcbn65gplus.DFQD4:v
		errors: 0, warnings: 0
	module tcbn65gplus.EDFD2:v
		errors: 0, warnings: 0
	module tcbn65gplus.EDFQD1:v
		errors: 0, warnings: 0
	module tcbn65gplus.FA1D0:v
		errors: 0, warnings: 0
	module tcbn65gplus.FA1D1:v
		errors: 0, warnings: 0
	module tcbn65gplus.FA1D2:v
		errors: 0, warnings: 0
	module tcbn65gplus.FA1D4:v
		errors: 0, warnings: 0
	module tcbn65gplus.FICOND1:v
		errors: 0, warnings: 0
	module tcbn65gplus.HA1D0:v
		errors: 0, warnings: 0
	module tcbn65gplus.HA1D1:v
		errors: 0, warnings: 0
	module tcbn65gplus.HA1D2:v
		errors: 0, warnings: 0
	module tcbn65gplus.IAO21D2:v
		errors: 0, warnings: 0
	module tcbn65gplus.IND2D0:v
		errors: 0, warnings: 0
	module tcbn65gplus.IND2D1:v
		errors: 0, warnings: 0
	module tcbn65gplus.IND2D2:v
		errors: 0, warnings: 0
	module tcbn65gplus.IND3D0:v
		errors: 0, warnings: 0
	module tcbn65gplus.INR2D0:v
		errors: 0, warnings: 0
	module tcbn65gplus.INR2D1:v
		errors: 0, warnings: 0
	module tcbn65gplus.INR2D2:v
		errors: 0, warnings: 0
	module tcbn65gplus.INR2D4:v
		errors: 0, warnings: 0
	module tcbn65gplus.INR2XD0:v
		errors: 0, warnings: 0
	module tcbn65gplus.INR2XD1:v
		errors: 0, warnings: 0
	module tcbn65gplus.INR2XD2:v
		errors: 0, warnings: 0
	module tcbn65gplus.INVD0:v
		errors: 0, warnings: 0
	module tcbn65gplus.INVD1:v
		errors: 0, warnings: 0
	module tcbn65gplus.INVD2:v
		errors: 0, warnings: 0
	module tcbn65gplus.INVD3:v
		errors: 0, warnings: 0
	module tcbn65gplus.INVD4:v
		errors: 0, warnings: 0
	module tcbn65gplus.INVD6:v
		errors: 0, warnings: 0
	module tcbn65gplus.IOA21D0:v
		errors: 0, warnings: 0
	module tcbn65gplus.IOA21D1:v
		errors: 0, warnings: 0
	module tcbn65gplus.IOA21D2:v
		errors: 0, warnings: 0
	module tcbn65gplus.MAOI22D0:v
		errors: 0, warnings: 0
	module tcbn65gplus.MOAI22D0:v
		errors: 0, warnings: 0
	module tcbn65gplus.MOAI22D1:v
		errors: 0, warnings: 0
	module tcbn65gplus.MUX2D0:v
		errors: 0, warnings: 0
	module tcbn65gplus.MUX2ND0:v
		errors: 0, warnings: 0
	module tcbn65gplus.ND2D0:v
		errors: 0, warnings: 0
	module tcbn65gplus.ND2D1:v
		errors: 0, warnings: 0
	module tcbn65gplus.ND2D2:v
		errors: 0, warnings: 0
	module tcbn65gplus.ND2D3:v
		errors: 0, warnings: 0
	module tcbn65gplus.ND2D4:v
		errors: 0, warnings: 0
	module tcbn65gplus.ND2D8:v
		errors: 0, warnings: 0
	module tcbn65gplus.ND3D0:v
		errors: 0, warnings: 0
	module tcbn65gplus.ND3D1:v
		errors: 0, warnings: 0
	module tcbn65gplus.ND3D2:v
		errors: 0, warnings: 0
	module tcbn65gplus.ND3D3:v
		errors: 0, warnings: 0
	module tcbn65gplus.ND4D0:v
		errors: 0, warnings: 0
	module tcbn65gplus.ND4D1:v
		errors: 0, warnings: 0
	module tcbn65gplus.NR2D0:v
		errors: 0, warnings: 0
	module tcbn65gplus.NR2D1:v
		errors: 0, warnings: 0
	module tcbn65gplus.NR2D2:v
		errors: 0, warnings: 0
	module tcbn65gplus.NR2D3:v
		errors: 0, warnings: 0
	module tcbn65gplus.NR2XD0:v
		errors: 0, warnings: 0
	module tcbn65gplus.NR2XD1:v
		errors: 0, warnings: 0
	module tcbn65gplus.NR2XD3:v
		errors: 0, warnings: 0
	module tcbn65gplus.NR2XD4:v
		errors: 0, warnings: 0
	module tcbn65gplus.NR2XD8:v
		errors: 0, warnings: 0
	module tcbn65gplus.NR3D0:v
		errors: 0, warnings: 0
	module tcbn65gplus.NR3D1:v
		errors: 0, warnings: 0
	module tcbn65gplus.NR4D0:v
		errors: 0, warnings: 0
	module tcbn65gplus.OA21D0:v
		errors: 0, warnings: 0
	module tcbn65gplus.OA21D1:v
		errors: 0, warnings: 0
	module tcbn65gplus.OA21D4:v
		errors: 0, warnings: 0
	module tcbn65gplus.OA22D0:v
		errors: 0, warnings: 0
	module tcbn65gplus.OA32D0:v
		errors: 0, warnings: 0
	module tcbn65gplus.OAI211D0:v
		errors: 0, warnings: 0
	module tcbn65gplus.OAI21D0:v
		errors: 0, warnings: 0
	module tcbn65gplus.OAI21D1:v
		errors: 0, warnings: 0
	module tcbn65gplus.OAI21D2:v
		errors: 0, warnings: 0
	module tcbn65gplus.OAI21D4:v
		errors: 0, warnings: 0
	module tcbn65gplus.OAI221D0:v
		errors: 0, warnings: 0
	module tcbn65gplus.OAI22D0:v
		errors: 0, warnings: 0
	module tcbn65gplus.OAI22D1:v
		errors: 0, warnings: 0
	module tcbn65gplus.OAI22D2:v
		errors: 0, warnings: 0
	module tcbn65gplus.OAI31D0:v
		errors: 0, warnings: 0
	module tcbn65gplus.OAI32D0:v
		errors: 0, warnings: 0
	module tcbn65gplus.OR2D0:v
		errors: 0, warnings: 0
	module tcbn65gplus.OR2D1:v
		errors: 0, warnings: 0
	module tcbn65gplus.OR2XD1:v
		errors: 0, warnings: 0
	module tcbn65gplus.OR3D0:v
		errors: 0, warnings: 0
	module tcbn65gplus.XNR2D0:v
		errors: 0, warnings: 0
	module tcbn65gplus.XNR2D1:v
		errors: 0, warnings: 0
	module tcbn65gplus.XNR2D2:v
		errors: 0, warnings: 0
	module tcbn65gplus.XNR2D4:v
		errors: 0, warnings: 0
	module tcbn65gplus.XNR3D2:v
		errors: 0, warnings: 0
	module tcbn65gplus.XNR3D4:v
		errors: 0, warnings: 0
	module tcbn65gplus.XOR2D0:v
		errors: 0, warnings: 0
	module tcbn65gplus.XOR2D2:v
		errors: 0, warnings: 0
	module tcbn65gplus.XOR3D0:v
		errors: 0, warnings: 0
	module tcbn65gplus.XOR3D1:v
		errors: 0, warnings: 0
	module tcbn65gplus.XOR3D2:v
		errors: 0, warnings: 0
	primitive tcbn65gplus.tsmc_mux:v
		errors: 0, warnings: 0
	primitive tcbn65gplus.tsmc_xbuf:v
		errors: 0, warnings: 0
	primitive tcbn65gplus.tsmc_dff:v
		errors: 0, warnings: 0
		Caching library 'fullchip' ....... Done
		Caching library 'worklib' ....... Done
		Caching library 'tcbn65gplus' ....... Done
	Elaborating the design hierarchy:
  DFD1 cnt_q_reg_2_ ( .D(n20), .CP(clk), .QN(n14) );
                  |
xmelab: *W,CUVWSP (./fullchip.out.v,1672|18): 1 output port was not connected:
xmelab: (./tcbn65gplus.v,5821): Q

  FA1D1 U403 ( .A(n410), .B(n411), .CI(n409), .S(n122) );
           |
xmelab: *W,CUVWSP (./fullchip.out.v,2441|11): 1 output port was not connected:
xmelab: (./tcbn65gplus.v,9795): CO

  DFD1 cnt_q_reg_0_ ( .D(n148), .CP(clk), .QN(n13) );
                  |
xmelab: *W,CUVWSP (./fullchip.out.v,3498|18): 1 output port was not connected:
xmelab: (./tcbn65gplus.v,5821): Q

  DFD1 cnt_q_reg_0_ ( .D(n153), .CP(clk), .QN(n18) );
                  |
xmelab: *W,CUVWSP (./fullchip.out.v,5374|18): 1 output port was not connected:
xmelab: (./tcbn65gplus.v,5821): Q

  DFD1 cnt_q_reg_0_ ( .D(n150), .CP(clk), .QN(n15) );
                  |
xmelab: *W,CUVWSP (./fullchip.out.v,7230|18): 1 output port was not connected:
xmelab: (./tcbn65gplus.v,5821): Q

  FA1D1 U478 ( .A(n1501), .B(n1500), .CI(n1499), .S(n123) );
           |
xmelab: *W,CUVWSP (./fullchip.out.v,9966|11): 1 output port was not connected:
xmelab: (./tcbn65gplus.v,9795): CO

  DFD1 cnt_q_reg_0_ ( .D(n149), .CP(clk), .QN(n14) );
                  |
xmelab: *W,CUVWSP (./fullchip.out.v,11022|18): 1 output port was not connected:
xmelab: (./tcbn65gplus.v,5821): Q

  DFD1 cnt_q_reg_3_ ( .D(n148), .CP(clk), .Q(cnt_q[3]) );
                  |
xmelab: *W,CUVWSP (./fullchip.out.v,11041|18): 1 output port was not connected:
xmelab: (./tcbn65gplus.v,5821): QN

  FA1D1 U422 ( .A(n1127), .B(n1126), .CI(n1125), .S(n112) );
           |
xmelab: *W,CUVWSP (./fullchip.out.v,11837|11): 1 output port was not connected:
xmelab: (./tcbn65gplus.v,9795): CO

  DFD1 cnt_q_reg_0_ ( .D(n215), .CP(clk), .QN(n80) );
                  |
xmelab: *W,CUVWSP (./fullchip.out.v,14809|18): 1 output port was not connected:
xmelab: (./tcbn65gplus.v,5821): Q

  ofifo_col8_bw20 ofifo_inst ( .clk(clk), .in(array_out), .out(out), .rd(
                           |
xmelab: *W,CUVWSP (./fullchip.out.v,31516|27): 2 output ports were not connected:
xmelab: (./fullchip.out.v,25364): o_valid
xmelab: (./fullchip.out.v,25364): o_full

  fifo_depth16_bw20_simd1_7 col_idx_0__fifo_instance ( .rd_clk(clk), .wr_clk(
                                                   |
xmelab: *W,CUVWSP (./fullchip.out.v,25372|51): 2 output ports were not connected:
xmelab: (./fullchip.out.v,15714): o_full
xmelab: (./fullchip.out.v,15715): o_empty

  DFD1 rd_ptr_reg_1_ ( .D(n179), .CP(rd_clk), .Q(rd_ptr[1]) );
                   |
xmelab: *W,CUVWSP (./fullchip.out.v,15773|19): 1 output port was not connected:
xmelab: (./tcbn65gplus.v,5821): QN

  fifo_depth16_bw20_simd1_6 col_idx_1__fifo_instance ( .rd_clk(clk), .wr_clk(
                                                   |
xmelab: *W,CUVWSP (./fullchip.out.v,25375|51): 2 output ports were not connected:
xmelab: (./fullchip.out.v,16995): o_full
xmelab: (./fullchip.out.v,16996): o_empty

  DFD1 rd_ptr_reg_1_ ( .D(n179), .CP(rd_clk), .Q(rd_ptr[1]) );
                   |
xmelab: *W,CUVWSP (./fullchip.out.v,17054|19): 1 output port was not connected:
xmelab: (./tcbn65gplus.v,5821): QN

  fifo_depth16_bw20_simd1_5 col_idx_2__fifo_instance ( .rd_clk(clk), .wr_clk(
                                                   |
xmelab: *W,CUVWSP (./fullchip.out.v,25378|51): 2 output ports were not connected:
xmelab: (./fullchip.out.v,24657): o_full
xmelab: (./fullchip.out.v,24658): o_empty

  DFD1 rd_ptr_reg_1_ ( .D(n362), .CP(rd_clk), .Q(rd_ptr[1]) );
                   |
xmelab: *W,CUVWSP (./fullchip.out.v,24715|19): 1 output port was not connected:
xmelab: (./tcbn65gplus.v,5821): QN

  fifo_depth16_bw20_simd1_4 col_idx_3__fifo_instance ( .rd_clk(clk), .wr_clk(
                                                   |
xmelab: *W,CUVWSP (./fullchip.out.v,25381|51): 2 output ports were not connected:
xmelab: (./fullchip.out.v,23387): o_full
xmelab: (./fullchip.out.v,23388): o_empty

  DFD1 rd_ptr_reg_1_ ( .D(n374), .CP(rd_clk), .Q(rd_ptr[1]) );
                   |
xmelab: *W,CUVWSP (./fullchip.out.v,23446|19): 1 output port was not connected:
xmelab: (./tcbn65gplus.v,5821): QN

  fifo_depth16_bw20_simd1_3 col_idx_4__fifo_instance ( .rd_clk(clk), .wr_clk(
                                                   |
xmelab: *W,CUVWSP (./fullchip.out.v,25384|51): 2 output ports were not connected:
xmelab: (./fullchip.out.v,22073): o_full
xmelab: (./fullchip.out.v,22074): o_empty

  DFD1 rd_ptr_reg_1_ ( .D(n414), .CP(rd_clk), .Q(rd_ptr[1]) );
                   |
xmelab: *W,CUVWSP (./fullchip.out.v,22136|19): 1 output port was not connected:
xmelab: (./tcbn65gplus.v,5821): QN

  fifo_depth16_bw20_simd1_2 col_idx_5__fifo_instance ( .rd_clk(clk), .wr_clk(
                                                   |
xmelab: *W,CUVWSP (./fullchip.out.v,25387|51): 2 output ports were not connected:
xmelab: (./fullchip.out.v,20824): o_full
xmelab: (./fullchip.out.v,20825): o_empty

  DFD1 rd_ptr_reg_1_ ( .D(n355), .CP(rd_clk), .Q(rd_ptr[1]) );
                   |
xmelab: *W,CUVWSP (./fullchip.out.v,20882|19): 1 output port was not connected:
xmelab: (./tcbn65gplus.v,5821): QN

  fifo_depth16_bw20_simd1_1 col_idx_6__fifo_instance ( .rd_clk(clk), .wr_clk(
                                                   |
xmelab: *W,CUVWSP (./fullchip.out.v,25390|51): 2 output ports were not connected:
xmelab: (./fullchip.out.v,19558): o_full
xmelab: (./fullchip.out.v,19559): o_empty

  DFD1 rd_ptr_reg_1_ ( .D(n370), .CP(rd_clk), .Q(rd_ptr[1]) );
                   |
xmelab: *W,CUVWSP (./fullchip.out.v,19617|19): 1 output port was not connected:
xmelab: (./tcbn65gplus.v,5821): QN

  fifo_depth16_bw20_simd1_0 col_idx_7__fifo_instance ( .rd_clk(clk), .wr_clk(
                                                   |
xmelab: *W,CUVWSP (./fullchip.out.v,25393|51): 2 output ports were not connected:
xmelab: (./fullchip.out.v,18285): o_full
xmelab: (./fullchip.out.v,18286): o_empty

  DFD1 rd_ptr_reg_1_ ( .D(n382), .CP(rd_clk), .Q(rd_ptr[1]) );
                   |
xmelab: *W,CUVWSP (./fullchip.out.v,18347|19): 1 output port was not connected:
xmelab: (./tcbn65gplus.v,5821): QN

  EDFD2 q6_reg_18_ ( .D(in[18]), .E(n507), .CP(wr_clk), .Q(n16) );
                 |
xmelab: *W,CUVWSP (./fullchip.out.v,18668|17): 1 output port was not connected:
xmelab: (./tcbn65gplus.v,9021): QN

  EDFD2 q7_reg_18_ ( .D(in[18]), .E(n508), .CP(wr_clk), .Q(n14) );
                 |
xmelab: *W,CUVWSP (./fullchip.out.v,18669|17): 1 output port was not connected:
xmelab: (./tcbn65gplus.v,9021): QN

  EDFD2 q12_reg_18_ ( .D(in[18]), .E(n509), .CP(wr_clk), .Q(n10) );
                  |
xmelab: *W,CUVWSP (./fullchip.out.v,18670|18): 1 output port was not connected:
xmelab: (./tcbn65gplus.v,9021): QN

  EDFD2 q13_reg_18_ ( .D(in[18]), .E(n510), .CP(wr_clk), .Q(n9) );
                  |
xmelab: *W,CUVWSP (./fullchip.out.v,18671|18): 1 output port was not connected:
xmelab: (./tcbn65gplus.v,9021): QN

  EDFD2 q14_reg_18_ ( .D(in[18]), .E(n511), .CP(wr_clk), .Q(n8) );
                  |
xmelab: *W,CUVWSP (./fullchip.out.v,18672|18): 1 output port was not connected:
xmelab: (./tcbn65gplus.v,9021): QN

  EDFD2 q15_reg_18_ ( .D(in[18]), .E(n512), .CP(wr_clk), .Q(n7) );
                  |
xmelab: *W,CUVWSP (./fullchip.out.v,18673|18): 1 output port was not connected:
xmelab: (./tcbn65gplus.v,9021): QN

  EDFD2 q4_reg_18_ ( .D(in[18]), .E(n513), .CP(wr_clk), .Q(n6) );
                 |
xmelab: *W,CUVWSP (./fullchip.out.v,18674|17): 1 output port was not connected:
xmelab: (./tcbn65gplus.v,9021): QN

  EDFD2 q5_reg_18_ ( .D(in[18]), .E(n514), .CP(wr_clk), .Q(n5) );
                 |
xmelab: *W,CUVWSP (./fullchip.out.v,18675|17): 1 output port was not connected:
xmelab: (./tcbn65gplus.v,9021): QN

	Top level design units:
		fullchip_tb
	Building instance overlay tables: .................... Done
	Generating native compiled code:
		worklib.fullchip_tb:v <0x1b1d239b>
			streams:  28, words: 48503
		fullchip.fifo_mux_16_1_bw20_simd1_0:v <0x4299b1d0>
			streams:   0, words:     0
		fullchip.fifo_depth16_bw20_simd1_0:v <0x26355ee9>
			streams:   0, words:     0
		fullchip.fifo_mux_16_1_bw20_simd1_1:v <0x009f6de8>
			streams:   0, words:     0
		fullchip.fifo_mux_16_1_bw20_simd1_2:v <0x1de50fe1>
			streams:   0, words:     0
		fullchip.fifo_mux_16_1_bw20_simd1_3:v <0x5fe3d3d9>
			streams:   0, words:     0
		fullchip.fifo_mux_16_1_bw20_simd1_4:v <0x7c60cdb2>
			streams:   0, words:     0
		fullchip.fifo_mux_16_1_bw20_simd1_5:v <0x3e66118a>
			streams:   0, words:     0
		fullchip.fifo_mux_16_1_bw20_simd1_6:v <0x231c7383>
			streams:   0, words:     0
		fullchip.fifo_mux_16_1_bw20_simd1_7:v <0x611aafbb>
			streams:   0, words:     0
		fullchip.ofifo_col8_bw20:v <0x1bba4662>
			streams:   0, words:     0
		fullchip.mac_array_col8_bw8_bw_psum20_pr8:v <0x402589eb>
			streams:   0, words:     0
		fullchip.fullchip:v <0x2513ef45>
			streams:   0, words:     0
		tcbn65gplus.EDFD2:v <0x2f90a6dc>
			streams:   0, words:     0
		tcbn65gplus.MUX2ND0:v <0x37fd347a>
			streams:   0, words:     0
		tcbn65gplus.CKMUX2D1:v <0x05ebb99d>
			streams:   0, words:     0
		tcbn65gplus.EDFQD1:v <0x2fc7994c>
			streams:   0, words:     0
		tcbn65gplus.CKMUX2D1:v <0x6286e7b1>
			streams:   0, words:     0
		tcbn65gplus.FA1D4:v <0x222b6c77>
			streams:   0, words:     0
		tcbn65gplus.HA1D2:v <0x67c63d45>
			streams:   0, words:     0
		tcbn65gplus.XNR3D4:v <0x6d7c5385>
			streams:   0, words:     0
		tcbn65gplus.FA1D2:v <0x68ec67b9>
			streams:   0, words:     0
		tcbn65gplus.MUX2D0:v <0x7a844a2b>
			streams:   0, words:     0
		tcbn65gplus.DFQD2:v <0x558d3203>
			streams:   0, words:     0
		tcbn65gplus.DFQD4:v <0x3773bce3>
			streams:   0, words:     0
		tcbn65gplus.DFD1:v <0x44adc9f2>
			streams:   0, words:     0
		tcbn65gplus.DFQD1:v <0x1514c5e1>
			streams:   0, words:     0
		tcbn65gplus.DFKCNQD1:v <0x2b2a5ea7>
			streams:   0, words:     0
		tcbn65gplus.FICOND1:v <0x3da3012f>
			streams:   0, words:     0
		tcbn65gplus.XNR2D2:v <0x76b9f398>
			streams:   0, words:     0
		tcbn65gplus.CKXOR2D4:v <0x2279aa98>
			streams:   0, words:     0
		tcbn65gplus.XNR2D4:v <0x67737d8c>
			streams:   0, words:     0
		tcbn65gplus.XOR2D2:v <0x499b9f7e>
			streams:   0, words:     0
		tcbn65gplus.XNR2D0:v <0x30d08bab>
			streams:   0, words:     0
		tcbn65gplus.XNR3D2:v <0x5ea5a330>
			streams:   0, words:     0
		tcbn65gplus.XOR2D0:v <0x0ff2e74d>
			streams:   0, words:     0
		tcbn65gplus.HA1D1:v <0x6291a48b>
			streams:   0, words:     0
		tcbn65gplus.XOR3D2:v <0x5517f426>
			streams:   0, words:     0
		tcbn65gplus.HA1D0:v <0x61a32c31>
			streams:   0, words:     0
		tcbn65gplus.FA1D0:v <0x187e633c>
			streams:   0, words:     0
		tcbn65gplus.FA1D1:v <0x0d8fe25e>
			streams:   0, words:     0
		tcbn65gplus.XOR3D0:v <0x0d70598a>
			streams:   0, words:     0
		tcbn65gplus.XOR3D1:v <0x61438f5c>
			streams:   0, words:     0
		tcbn65gplus.XNR2D1:v <0x0fba0400>
			streams:   0, words:     0
		tcbn65gplus.CKXOR2D1:v <0x47f0a80a>
			streams:   0, words:     0
	Building instance specific data structures.
	Loading native compiled code:     .................... Done
	Design hierarchy summary:
		                   Instances  Unique
		Modules:               25737     308
		UDPs:                  15104       3
		Primitives:            56725       9
		Timing outputs:        27692     119
		Registers:              5938      42
		Scalar wires:          36325       -
		Expanded wires:           72       3
		Initial blocks:           14      14
		Cont. assignments:        11      11
		Pseudo assignments:        3       3
		Timing checks:            54       -
		Simulation timescale:    1ps
	Writing initial simulation snapshot: worklib.fullchip_tb:v
Loading snapshot worklib.fullchip_tb:v .................... Done
xcelium> source /software/ECE/XCELIUM-2009/tools/xcelium/files/xmsimrc
xcelium> run
##### Q data txt reading #####
##### K data txt reading #####
##### Estimated multiplication result #####
prd @cycle 0: 00006fffa3000640000cfffa0fffe0fffea00003
prd @cycle 1: 000230000100023fffe0ffffc00002ffff00004b
prd @cycle 2: fffc6fffa50005400030fffde0000a0002cffff0
prd @cycle 3: 00005fffd000050fffe7fffabfffaffffeafffbd
prd @cycle 4: 00028ffff80004b00038fffd6fffdffffd20000b
prd @cycle 5: 0004200040ffffd0002e000250005f00024ffff6
prd @cycle 6: 0006100075fffd60001d000260002bffffefffd3
prd @cycle 7: 00004fffef0001a0000b0000000008ffff40001e
##### Qmem writing #####
##### Kmem writing #####
##### K data loading to processor #####
##### execute #####
##### move ofifo to pmem #####
ofifo->pmem @cycle0 addr0: fifo_out=00006fffa3000640000cfffa0fffe0fffea00003
ofifo->pmem @cycle1 addr1: fifo_out=000230000100023fffe0ffffc00002ffff00004b
ofifo->pmem @cycle2 addr2: fifo_out=fffc6fffa50005400030fffde0000a0002cffff0
ofifo->pmem @cycle3 addr3: fifo_out=00005fffd000050fffe7fffabfffaffffeafffbd
ofifo->pmem @cycle4 addr4: fifo_out=00028ffff80004b00038fffd6fffdffffd20000b
ofifo->pmem @cycle5 addr5: fifo_out=0004200040ffffd0002e000250005f00024ffff6
ofifo->pmem @cycle6 addr6: fifo_out=0006100075fffd60001d000260002bffffefffd3
ofifo->pmem @cycle7 addr7: fifo_out=00004fffef0001a0000b0000000008ffff40001e
##### Read from pmem and verify #####
FAIL @cycle0 col7: got 1e, expected 3
FAIL @cycle0 col6: got ffff4, expected fffea
FAIL @cycle0 col5: got 8, expected fffe0
FAIL @cycle0 col4: got 0, expected fffa0
FAIL @cycle0 col3: got b, expected c
FAIL @cycle0 col2: got 1a, expected 64
FAIL @cycle0 col1: got fffef, expected fffa3
FAIL @cycle0 col0: got 4, expected 6
pmem rd @cycle 0: 00004fffef0001a0000b0000000008ffff40001e  (expected: 00006fffa3000640000cfffa0fffe0fffea00003)
FAIL @cycle1 col7: got 1e, expected 4b
FAIL @cycle1 col6: got ffff4, expected ffff0
FAIL @cycle1 col5: got 8, expected 2
FAIL @cycle1 col4: got 0, expected ffffc
FAIL @cycle1 col3: got b, expected fffe0
FAIL @cycle1 col2: got 1a, expected 23
FAIL @cycle1 col1: got fffef, expected 1
FAIL @cycle1 col0: got 4, expected 23
pmem rd @cycle 1: 00004fffef0001a0000b0000000008ffff40001e  (expected: 000230000100023fffe0ffffc00002ffff00004b)
FAIL @cycle2 col7: got 1e, expected ffff0
FAIL @cycle2 col6: got ffff4, expected 2c
FAIL @cycle2 col5: got 8, expected a
FAIL @cycle2 col4: got 0, expected fffde
FAIL @cycle2 col3: got b, expected 30
FAIL @cycle2 col2: got 1a, expected 54
FAIL @cycle2 col1: got fffef, expected fffa5
FAIL @cycle2 col0: got 4, expected fffc6
pmem rd @cycle 2: 00004fffef0001a0000b0000000008ffff40001e  (expected: fffc6fffa50005400030fffde0000a0002cffff0)
FAIL @cycle3 col7: got 1e, expected fffbd
FAIL @cycle3 col6: got ffff4, expected fffea
FAIL @cycle3 col5: got 8, expected fffaf
FAIL @cycle3 col4: got 0, expected fffab
FAIL @cycle3 col3: got b, expected fffe7
FAIL @cycle3 col2: got 1a, expected 50
FAIL @cycle3 col1: got fffef, expected fffd0
FAIL @cycle3 col0: got 4, expected 5
pmem rd @cycle 3: 00004fffef0001a0000b0000000008ffff40001e  (expected: 00005fffd000050fffe7fffabfffaffffeafffbd)
FAIL @cycle4 col7: got 1e, expected b
FAIL @cycle4 col6: got ffff4, expected fffd2
FAIL @cycle4 col5: got 8, expected fffdf
FAIL @cycle4 col4: got 0, expected fffd6
FAIL @cycle4 col3: got b, expected 38
FAIL @cycle4 col2: got 1a, expected 4b
FAIL @cycle4 col1: got fffef, expected ffff8
FAIL @cycle4 col0: got 4, expected 28
pmem rd @cycle 4: 00004fffef0001a0000b0000000008ffff40001e  (expected: 00028ffff80004b00038fffd6fffdffffd20000b)
FAIL @cycle5 col7: got 1e, expected ffff6
FAIL @cycle5 col6: got ffff4, expected 24
FAIL @cycle5 col5: got 8, expected 5f
FAIL @cycle5 col4: got 0, expected 25
FAIL @cycle5 col3: got b, expected 2e
FAIL @cycle5 col2: got 1a, expected ffffd
FAIL @cycle5 col1: got fffef, expected 40
FAIL @cycle5 col0: got 4, expected 42
pmem rd @cycle 5: 00004fffef0001a0000b0000000008ffff40001e  (expected: 0004200040ffffd0002e000250005f00024ffff6)
FAIL @cycle6 col7: got 1e, expected fffd3
FAIL @cycle6 col6: got ffff4, expected ffffe
FAIL @cycle6 col5: got 8, expected 2b
FAIL @cycle6 col4: got 0, expected 26
FAIL @cycle6 col3: got b, expected 1d
FAIL @cycle6 col2: got 1a, expected fffd6
FAIL @cycle6 col1: got fffef, expected 75
FAIL @cycle6 col0: got 4, expected 61
pmem rd @cycle 6: 00004fffef0001a0000b0000000008ffff40001e  (expected: 0006100075fffd60001d000260002bffffefffd3)
pmem rd @cycle 7: 00004fffef0001a0000b0000000008ffff40001e  (expected: 00004fffef0001a0000b0000000008ffff40001e)
Simulation complete via $finish(1) at time 131 NS + 0
./fullchip_gl_tb.v:350   #10 $finish;
xcelium> exit
TOOL:	xrun(64)	20.09-s017: Exiting on Mar 06, 2026 at 09:30:54 PST  (total: 00:00:06)
