###############################################################
#  Generated by:      Cadence Innovus 15.23-s045_1
#  OS:                Linux x86_64(Host ID ieng6-ece-20.ucsd.edu)
#  Generated on:      Sat Mar  7 15:14:18 2026
#  Design:            sram_128b_w16
#  Command:           report_timing -max_paths 5 > ${design}.post_route.timing.rpt
###############################################################
Path 1: VIOLATED Late External Delay Assertion 
Endpoint:   Q[5]           (^) checked with  leading edge of 'CLK'
Beginpoint: add_q_reg_0_/Q (v) triggered by  leading edge of 'CLK'
Path Groups: {CLK}
Analysis View: WC_VIEW
Other End Arrival Time          0.000
- External Delay                0.100
+ Phase Shift                   1.000
+ CPPR Adjustment               0.000
= Required Time                 0.900
- Arrival Time                  0.906
= Slack Time                   -0.006
     Clock Rise Edge                 0.000
     + Clock Network Latency (Prop)  0.173
     = Beginpoint Arrival Time       0.173
     +-----------------------------------------------------------------------+ 
     |    Instance     |     Arc      |  Cell   | Delay | Arrival | Required | 
     |                 |              |         |       |  Time   |   Time   | 
     |-----------------+--------------+---------+-------+---------+----------| 
     | add_q_reg_0_    | CP ^         |         |       |   0.173 |    0.167 | 
     | add_q_reg_0_    | CP ^ -> Q v  | EDFQD4  | 0.161 |   0.334 |    0.328 | 
     | FE_RC_16_0_dup  | A1 v -> ZN v | IND2D4  | 0.063 |   0.397 |    0.391 | 
     | U2023           | A2 v -> ZN ^ | NR2D1   | 0.051 |   0.448 |    0.442 | 
     | FE_OFC199_n1756 | I ^ -> ZN v  | INVD2   | 0.049 |   0.496 |    0.491 | 
     | FE_OFC200_n1756 | I v -> ZN ^  | INVD16  | 0.082 |   0.578 |    0.573 | 
     | U2272           | A1 ^ -> ZN v | AOI22D0 | 0.217 |   0.795 |    0.789 | 
     | U1862           | A1 v -> Z v  | AN4D2   | 0.080 |   0.875 |    0.870 | 
     | U2011           | A2 v -> ZN ^ | CKND2D2 | 0.030 |   0.906 |    0.900 | 
     |                 | Q[5] ^       |         | 0.000 |   0.906 |    0.900 | 
     +-----------------------------------------------------------------------+ 
Path 2: VIOLATED Late External Delay Assertion 
Endpoint:   Q[40]          (^) checked with  leading edge of 'CLK'
Beginpoint: add_q_reg_0_/Q (v) triggered by  leading edge of 'CLK'
Path Groups: {CLK}
Analysis View: WC_VIEW
Other End Arrival Time          0.000
- External Delay                0.100
+ Phase Shift                   1.000
+ CPPR Adjustment               0.000
= Required Time                 0.900
- Arrival Time                  0.906
= Slack Time                   -0.006
     Clock Rise Edge                 0.000
     + Clock Network Latency (Prop)  0.173
     = Beginpoint Arrival Time       0.173
     +-----------------------------------------------------------------------+ 
     |    Instance     |     Arc      |  Cell   | Delay | Arrival | Required | 
     |                 |              |         |       |  Time   |   Time   | 
     |-----------------+--------------+---------+-------+---------+----------| 
     | add_q_reg_0_    | CP ^         |         |       |   0.173 |    0.167 | 
     | add_q_reg_0_    | CP ^ -> Q v  | EDFQD4  | 0.161 |   0.334 |    0.328 | 
     | FE_RC_16_0_dup  | A1 v -> ZN v | IND2D4  | 0.063 |   0.397 |    0.391 | 
     | U2023           | A2 v -> ZN ^ | NR2D1   | 0.051 |   0.448 |    0.442 | 
     | FE_OFC199_n1756 | I ^ -> ZN v  | INVD2   | 0.049 |   0.496 |    0.491 | 
     | FE_OFC200_n1756 | I v -> ZN ^  | INVD16  | 0.082 |   0.578 |    0.573 | 
     | U2061           | A1 ^ -> ZN v | AOI22D0 | 0.214 |   0.792 |    0.787 | 
     | U1594           | A1 v -> Z v  | AN4XD1  | 0.075 |   0.867 |    0.861 | 
     | U2064           | A2 v -> ZN ^ | CKND2D2 | 0.038 |   0.905 |    0.900 | 
     |                 | Q[40] ^      |         | 0.000 |   0.906 |    0.900 | 
     +-----------------------------------------------------------------------+ 
Path 3: VIOLATED Late External Delay Assertion 
Endpoint:   Q[12]          (^) checked with  leading edge of 'CLK'
Beginpoint: add_q_reg_0_/Q (v) triggered by  leading edge of 'CLK'
Path Groups: {CLK}
Analysis View: WC_VIEW
Other End Arrival Time          0.000
- External Delay                0.100
+ Phase Shift                   1.000
+ CPPR Adjustment               0.000
= Required Time                 0.900
- Arrival Time                  0.905
= Slack Time                   -0.005
     Clock Rise Edge                 0.000
     + Clock Network Latency (Prop)  0.173
     = Beginpoint Arrival Time       0.173
     +-----------------------------------------------------------------------+ 
     |    Instance     |     Arc      |  Cell   | Delay | Arrival | Required | 
     |                 |              |         |       |  Time   |   Time   | 
     |-----------------+--------------+---------+-------+---------+----------| 
     | add_q_reg_0_    | CP ^         |         |       |   0.173 |    0.168 | 
     | add_q_reg_0_    | CP ^ -> Q v  | EDFQD4  | 0.161 |   0.334 |    0.329 | 
     | FE_RC_16_0_dup  | A1 v -> ZN v | IND2D4  | 0.063 |   0.397 |    0.391 | 
     | U2023           | A2 v -> ZN ^ | NR2D1   | 0.051 |   0.448 |    0.442 | 
     | FE_OFC199_n1756 | I ^ -> ZN v  | INVD2   | 0.049 |   0.496 |    0.491 | 
     | FE_OFC200_n1756 | I v -> ZN ^  | INVD16  | 0.082 |   0.578 |    0.573 | 
     | U2491           | A1 ^ -> ZN v | AOI22D0 | 0.218 |   0.797 |    0.792 | 
     | U1688           | A1 v -> Z v  | AN4XD1  | 0.072 |   0.869 |    0.864 | 
     | U2495           | A2 v -> ZN ^ | ND2D2   | 0.036 |   0.905 |    0.899 | 
     |                 | Q[12] ^      |         | 0.001 |   0.905 |    0.900 | 
     +-----------------------------------------------------------------------+ 
Path 4: VIOLATED Late External Delay Assertion 
Endpoint:   Q[42]          (v) checked with  leading edge of 'CLK'
Beginpoint: add_q_reg_0_/Q (^) triggered by  leading edge of 'CLK'
Path Groups: {CLK}
Analysis View: WC_VIEW
Other End Arrival Time          0.000
- External Delay                0.100
+ Phase Shift                   1.000
+ CPPR Adjustment               0.000
= Required Time                 0.900
- Arrival Time                  0.905
= Slack Time                   -0.005
     Clock Rise Edge                 0.000
     + Clock Network Latency (Prop)  0.173
     = Beginpoint Arrival Time       0.173
     +-----------------------------------------------------------------------+ 
     |    Instance     |     Arc      |  Cell   | Delay | Arrival | Required | 
     |                 |              |         |       |  Time   |   Time   | 
     |-----------------+--------------+---------+-------+---------+----------| 
     | add_q_reg_0_    | CP ^         |         |       |   0.173 |    0.168 | 
     | add_q_reg_0_    | CP ^ -> Q ^  | EDFQD4  | 0.159 |   0.332 |    0.328 | 
     | FE_RC_16_0_dup  | A1 ^ -> ZN ^ | IND2D4  | 0.055 |   0.387 |    0.382 | 
     | U2023           | A2 ^ -> ZN v | NR2D1   | 0.024 |   0.411 |    0.406 | 
     | FE_OFC199_n1756 | I v -> ZN ^  | INVD2   | 0.050 |   0.461 |    0.456 | 
     | FE_OFC200_n1756 | I ^ -> ZN v  | INVD16  | 0.056 |   0.517 |    0.513 | 
     | U2077           | A1 v -> ZN ^ | AOI22D0 | 0.208 |   0.726 |    0.721 | 
     | U1623           | A1 ^ -> Z ^  | AN4D0   | 0.136 |   0.862 |    0.857 | 
     | U2081           | A2 ^ -> ZN v | CKND2D1 | 0.043 |   0.904 |    0.900 | 
     |                 | Q[42] v      |         | 0.000 |   0.905 |    0.900 | 
     +-----------------------------------------------------------------------+ 
Path 5: VIOLATED Late External Delay Assertion 
Endpoint:   Q[4]           (v) checked with  leading edge of 'CLK'
Beginpoint: add_q_reg_0_/Q (^) triggered by  leading edge of 'CLK'
Path Groups: {CLK}
Analysis View: WC_VIEW
Other End Arrival Time          0.000
- External Delay                0.100
+ Phase Shift                   1.000
+ CPPR Adjustment               0.000
= Required Time                 0.900
- Arrival Time                  0.904
= Slack Time                   -0.004
     Clock Rise Edge                 0.000
     + Clock Network Latency (Prop)  0.173
     = Beginpoint Arrival Time       0.173
     +-----------------------------------------------------------------------+ 
     |    Instance     |     Arc      |  Cell   | Delay | Arrival | Required | 
     |                 |              |         |       |  Time   |   Time   | 
     |-----------------+--------------+---------+-------+---------+----------| 
     | add_q_reg_0_    | CP ^         |         |       |   0.173 |    0.169 | 
     | add_q_reg_0_    | CP ^ -> Q ^  | EDFQD4  | 0.159 |   0.332 |    0.328 | 
     | FE_RC_16_0_dup  | A1 ^ -> ZN ^ | IND2D4  | 0.055 |   0.387 |    0.383 | 
     | U2023           | A2 ^ -> ZN v | NR2D1   | 0.024 |   0.411 |    0.407 | 
     | FE_OFC199_n1756 | I v -> ZN ^  | INVD2   | 0.050 |   0.461 |    0.457 | 
     | FE_OFC200_n1756 | I ^ -> ZN v  | INVD16  | 0.056 |   0.517 |    0.513 | 
     | U1951           | A1 v -> ZN ^ | AOI22D0 | 0.224 |   0.741 |    0.737 | 
     | U1728           | A1 ^ -> Z ^  | AN4D2   | 0.120 |   0.861 |    0.856 | 
     | U2325           | A2 ^ -> ZN v | ND2D2   | 0.043 |   0.904 |    0.900 | 
     |                 | Q[4] v       |         | 0.000 |   0.904 |    0.900 | 
     +-----------------------------------------------------------------------+ 

