###############################################################
#  Generated by:      Cadence Innovus 15.23-s045_1
#  OS:                Linux x86_64(Host ID ieng6-ece-04.ucsd.edu)
#  Generated on:      Thu Mar  5 14:59:11 2026
#  Design:            sram_128b_w16
#  Command:           verifyConnectivity
###############################################################
Verify Connectivity Report is created on Thu Mar  5 14:59:11 2026



Net VDD, Pin FE_OFC65_N147/VDD: has an unconnected terminal at (443.125, 58.435) (443.200, 58.765)
Net VDD, Pin FE_OFC63_N145/VDD: has an unconnected terminal at (563.525, 90.835) (563.600, 91.165)
Net VDD, Pin FE_OFC57_N137/VDD: has an unconnected terminal at (514.265, 83.635) (514.400, 83.965)
Net VDD, Pin FE_OFC56_N137/VDD: has an unconnected terminal at (370.365, 98.035) (371.200, 98.365)
Net VDD, Pin FE_OFC49_n2584/VDD: has an unconnected terminal at (588.965, 65.635) (589.800, 65.965)
Net VDD, Pin FE_OFC43_n2577/VDD: has an unconnected terminal at (594.165, 98.035) (595.000, 98.365)
Net VDD, Pin FE_OFC37_n2435/VDD: has an unconnected terminal at (602.565, 44.035) (603.400, 44.365)
Net VDD, Pin FE_OFC14_n1670/VDD: has an unconnected terminal at (573.525, 40.435) (573.600, 40.765)
Net VDD, Pin FE_OFC6_n1576/VDD: has an unconnected terminal at (541.325, 87.235) (541.400, 87.565)
Net VDD, Pin memory12_reg_108_/VDD: has an unconnected terminal at (376.145, 108.835) (378.200, 109.165)
Net VDD, Pin memory12_reg_92_/VDD: has an unconnected terminal at (422.945, 65.635) (425.000, 65.965)
Net VDD, Pin memory12_reg_56_/VDD: has an unconnected terminal at (569.945, 29.635) (572.000, 29.965)
Net VDD, Pin memory12_reg_48_/VDD: has an unconnected terminal at (612.545, 101.635) (614.600, 101.965)
Net VDD, Pin memory12_reg_42_/VDD: has an unconnected terminal at (654.145, 94.435) (656.200, 94.765)
Net VDD, Pin memory12_reg_29_/VDD: has an unconnected terminal at (705.145, 44.035) (707.200, 44.365)
Net VDD, Pin memory12_reg_15_/VDD: has an unconnected terminal at (734.545, 101.635) (736.600, 101.965)
Net VDD, Pin memory12_reg_13_/VDD: has an unconnected terminal at (746.345, 101.635) (748.400, 101.965)
Net VDD, Pin memory12_reg_5_/VDD: has an unconnected terminal at (795.745, 44.035) (797.800, 44.365)
Net VDD, Pin memory10_reg_121_/VDD: has an unconnected terminal at (339.545, 26.035) (341.600, 26.365)
Net VDD, Pin memory10_reg_118_/VDD: has an unconnected terminal at (327.545, 22.435) (329.600, 22.765)
Net VDD, Pin memory10_reg_100_/VDD: has an unconnected terminal at (372.745, 51.235) (374.800, 51.565)
Net VDD, Pin memory10_reg_75_/VDD: has an unconnected terminal at (512.345, 36.835) (514.400, 37.165)
Net VDD, Pin memory10_reg_70_/VDD: has an unconnected terminal at (526.345, 40.435) (528.400, 40.765)
Net VDD, Pin memory10_reg_64_/VDD: has an unconnected terminal at (551.345, 101.635) (553.400, 101.965)
Net VDD, Pin memory10_reg_59_/VDD: has an unconnected terminal at (556.345, 40.435) (558.400, 40.765)
Net VDD, Pin memory10_reg_14_/VDD: has an unconnected terminal at (748.345, 69.235) (750.400, 69.565)
Net VDD, Pin memory10_reg_3_/VDD: has an unconnected terminal at (779.145, 54.835) (781.200, 55.165)
Net VDD, Pin memory11_reg_106_/VDD: has an unconnected terminal at (401.745, 105.235) (403.800, 105.565)
Net VDD, Pin memory11_reg_64_/VDD: has an unconnected terminal at (557.745, 94.435) (559.800, 94.765)
Net VDD, Pin memory13_reg_101_/VDD: has an unconnected terminal at (395.145, 47.635) (397.200, 47.965)
Net VDD, Pin memory13_reg_83_/VDD: has an unconnected terminal at (469.345, 18.835) (471.400, 19.165)
Net VDD, Pin memory13_reg_81_/VDD: has an unconnected terminal at (478.545, 18.835) (480.600, 19.165)
Net VDD, Pin memory13_reg_59_/VDD: has an unconnected terminal at (556.545, 26.035) (558.600, 26.365)
Net VDD, Pin memory13_reg_55_/VDD: has an unconnected terminal at (579.945, 26.035) (582.000, 26.365)
Net VDD, Pin memory13_reg_16_/VDD: has an unconnected terminal at (719.145, 94.435) (721.200, 94.765)
Net VDD, Pin memory13_reg_12_/VDD: has an unconnected terminal at (748.345, 36.835) (750.400, 37.165)
Net VDD, Pin memory14_reg_113_/VDD: has an unconnected terminal at (354.145, 105.235) (356.200, 105.565)
Net VDD, Pin memory14_reg_111_/VDD: has an unconnected terminal at (366.545, 105.235) (368.600, 105.565)
Net VDD, Pin memory14_reg_110_/VDD: has an unconnected terminal at (361.145, 105.235) (363.200, 105.565)
Net VDD, Pin memory14_reg_77_/VDD: has an unconnected terminal at (504.545, 101.635) (506.600, 101.965)
Net VDD, Pin memory14_reg_69_/VDD: has an unconnected terminal at (533.545, 105.235) (535.600, 105.565)
Net VDD, Pin memory14_reg_61_/VDD: has an unconnected terminal at (569.745, 105.235) (571.800, 105.565)
Net VDD, Pin memory14_reg_26_/VDD: has an unconnected terminal at (688.545, 98.035) (690.600, 98.365)
Net VDD, Pin memory15_reg_77_/VDD: has an unconnected terminal at (514.345, 105.235) (516.400, 105.565)
Net VDD, Pin memory15_reg_43_/VDD: has an unconnected terminal at (633.745, 105.235) (635.800, 105.565)
Net VDD, Pin memory15_reg_30_/VDD: has an unconnected terminal at (699.145, 44.035) (701.200, 44.365)
Net VDD, Pin memory0_reg_118_/VDD: has an unconnected terminal at (314.945, 29.635) (317.000, 29.965)
Net VDD, Pin memory0_reg_84_/VDD: has an unconnected terminal at (476.145, 72.835) (478.200, 73.165)
Net VDD, Pin memory0_reg_58_/VDD: has an unconnected terminal at (576.345, 58.435) (578.400, 58.765)
Net VDD, Pin memory0_reg_55_/VDD: has an unconnected terminal at (582.745, 58.435) (584.800, 58.765)
Net VDD, Pin memory0_reg_48_/VDD: has an unconnected terminal at (614.945, 47.635) (617.000, 47.965)
Net VDD, Pin memory1_reg_109_/VDD: has an unconnected terminal at (378.145, 65.635) (380.200, 65.965)
Net VDD, Pin memory1_reg_82_/VDD: has an unconnected terminal at (484.945, 51.235) (487.000, 51.565)
Net VDD, Pin memory1_reg_78_/VDD: has an unconnected terminal at (501.345, 80.035) (503.400, 80.365)
Net VDD, Pin memory1_reg_74_/VDD: has an unconnected terminal at (506.345, 65.635) (508.400, 65.965)
Net VDD, Pin memory1_reg_58_/VDD: has an unconnected terminal at (577.145, 72.835) (579.200, 73.165)
Net VDD, Pin memory1_reg_52_/VDD: has an unconnected terminal at (599.945, 80.035) (602.000, 80.365)
Net VDD, Pin memory1_reg_35_/VDD: has an unconnected terminal at (645.745, 47.635) (647.800, 47.965)
Net VDD, Pin memory1_reg_27_/VDD: has an unconnected terminal at (689.545, 80.035) (691.600, 80.365)
Net VDD, Pin memory1_reg_20_/VDD: has an unconnected terminal at (733.345, 62.035) (735.400, 62.365)
Net VDD, Pin memory1_reg_19_/VDD: has an unconnected terminal at (706.945, 18.835) (709.000, 19.165)
Net VDD, Pin memory1_reg_16_/VDD: has an unconnected terminal at (722.345, 83.635) (724.400, 83.965)
Net VDD, Pin memory2_reg_111_/VDD: has an unconnected terminal at (370.345, 80.035) (372.400, 80.365)
Net VDD, Pin memory2_reg_99_/VDD: has an unconnected terminal at (384.945, 29.635) (387.000, 29.965)
Net VDD, Pin memory2_reg_88_/VDD: has an unconnected terminal at (450.745, 36.835) (452.800, 37.165)
Net VDD, Pin memory2_reg_70_/VDD: has an unconnected terminal at (519.545, 65.635) (521.600, 65.965)
Net VDD, Pin memory2_reg_62_/VDD: has an unconnected terminal at (557.145, 72.835) (559.200, 73.165)
Net VDD, Pin memory2_reg_7_/VDD: has an unconnected terminal at (770.945, 80.035) (773.000, 80.365)
Net VDD, Pin memory3_reg_122_/VDD: has an unconnected terminal at (333.945, 87.235) (336.000, 87.565)
Net VDD, Pin memory3_reg_115_/VDD: has an unconnected terminal at (355.745, 33.235) (357.800, 33.565)
Net VDD, Pin memory3_reg_110_/VDD: has an unconnected terminal at (358.545, 76.435) (360.600, 76.765)
Net VDD, Pin memory3_reg_103_/VDD: has an unconnected terminal at (394.545, 26.035) (396.600, 26.365)
Net VDD, Pin memory3_reg_77_/VDD: has an unconnected terminal at (507.345, 80.035) (509.400, 80.365)
Net VDD, Pin memory3_reg_70_/VDD: has an unconnected terminal at (530.945, 58.435) (533.000, 58.765)
Net VDD, Pin memory3_reg_64_/VDD: has an unconnected terminal at (555.145, 80.035) (557.200, 80.365)
Net VDD, Pin memory3_reg_61_/VDD: has an unconnected terminal at (561.945, 80.035) (564.000, 80.365)
Net VDD, Pin memory3_reg_4_/VDD: has an unconnected terminal at (777.345, 94.435) (779.400, 94.765)
Net VDD, Pin memory3_reg_2_/VDD: has an unconnected terminal at (783.145, 94.435) (785.200, 94.765)
Net VDD, Pin memory4_reg_59_/VDD: has an unconnected terminal at (560.945, 54.835) (563.000, 55.165)
Net VDD, Pin memory4_reg_40_/VDD: has an unconnected terminal at (636.145, 72.835) (638.200, 73.165)
Net VDD, Pin memory4_reg_28_/VDD: has an unconnected terminal at (692.345, 26.035) (694.400, 26.365)
Net VDD, Pin memory5_reg_107_/VDD: has an unconnected terminal at (383.945, 80.035) (386.000, 80.365)
Net VDD, Pin memory5_reg_96_/VDD: has an unconnected terminal at (426.545, 80.035) (428.600, 80.365)
Net VDD, Pin memory5_reg_40_/VDD: has an unconnected terminal at (630.745, 72.835) (632.800, 73.165)
Net VDD, Pin memory5_reg_17_/VDD: has an unconnected terminal at (732.745, 29.635) (734.800, 29.965)
Net VDD, Pin memory6_reg_68_/VDD: has an unconnected terminal at (539.745, 69.235) (541.800, 69.565)
Net VDD, Pin memory6_reg_55_/VDD: has an unconnected terminal at (581.345, 51.235) (583.400, 51.565)
Net VDD, Pin memory7_reg_81_/VDD: has an unconnected terminal at (473.945, 40.435) (476.000, 40.765)
Net VDD, Pin memory7_reg_13_/VDD: has an unconnected terminal at (749.145, 87.235) (751.200, 87.565)
Net VDD, Pin memory7_reg_2_/VDD: has an unconnected terminal at (791.345, 33.235) (793.400, 33.565)
Net VDD, Pin memory8_reg_125_/VDD: has an unconnected terminal at (304.545, 80.035) (306.600, 80.365)
Net VDD, Pin memory8_reg_119_/VDD: has an unconnected terminal at (327.545, 26.035) (329.600, 26.365)
Net VDD, Pin memory8_reg_53_/VDD: has an unconnected terminal at (590.145, 40.435) (592.200, 40.765)
Net VDD, Pin memory8_reg_20_/VDD: has an unconnected terminal at (732.745, 54.835) (734.800, 55.165)
Net VDD, Pin memory8_reg_3_/VDD: has an unconnected terminal at (779.545, 51.235) (781.600, 51.565)
Net VDD, Pin memory9_reg_81_/VDD: has an unconnected terminal at (478.945, 22.435) (481.000, 22.765)
Net VDD, Pin memory9_reg_17_/VDD: has an unconnected terminal at (739.345, 44.035) (741.400, 44.365)
Net VDD, Pin memory9_reg_14_/VDD: has an unconnected terminal at (749.145, 62.035) (751.200, 62.365)
Net VDD, Pin U1485/VDD: has an unconnected terminal at (353.315, 98.035) (353.400, 98.365)
Net VDD, Pin U1486/VDD: has an unconnected terminal at (355.315, 54.835) (355.400, 55.165)
Net VDD, Pin U1489/VDD: has an unconnected terminal at (752.115, 98.035) (752.200, 98.365)
Net VDD, Pin U1490/VDD: has an unconnected terminal at (749.515, 72.835) (749.600, 73.165)
Net VDD, Pin U1494/VDD: has an unconnected terminal at (735.115, 40.435) (735.200, 40.765)
Net VDD, Pin U1580/VDD: has an unconnected terminal at (668.790, 76.435) (670.200, 76.765)
Net VDD, Pin U1587/VDD: has an unconnected terminal at (362.790, 69.235) (364.200, 69.565)
Net VDD, Pin U1592/VDD: has an unconnected terminal at (582.790, 94.435) (584.200, 94.765)
Net VDD, Pin U1596/VDD: has an unconnected terminal at (590.790, 72.835) (592.200, 73.165)
Net VDD, Pin U1607/VDD: has an unconnected terminal at (520.790, 33.235) (522.200, 33.565)
Net VDD, Pin U1629/VDD: has an unconnected terminal at (619.590, 90.835) (621.000, 91.165)
Net VDD, Pin U1630/VDD: has an unconnected terminal at (375.790, 51.235) (377.200, 51.565)
Net VDD, Pin U1648/VDD: has an unconnected terminal at (633.190, 62.035) (634.600, 62.365)
Net VDD, Pin U1650/VDD: has an unconnected terminal at (488.190, 76.435) (489.600, 76.765)
Net VDD, Pin U1652/VDD: has an unconnected terminal at (472.790, 90.835) (474.200, 91.165)
Net VDD, Pin U1658/VDD: has an unconnected terminal at (343.590, 62.035) (345.000, 62.365)
Net VDD, Pin U1695/VDD: has an unconnected terminal at (433.590, 90.835) (435.000, 91.165)
Net VDD, Pin U1699/VDD: has an unconnected terminal at (359.590, 54.835) (361.000, 55.165)
Net VDD, Pin U1738/VDD: has an unconnected terminal at (660.190, 29.635) (661.600, 29.965)
Net VDD, Pin U1739/VDD: has an unconnected terminal at (677.190, 29.635) (678.600, 29.965)
Net VDD, Pin U1776/VDD: has an unconnected terminal at (504.590, 51.235) (506.000, 51.565)
Net VDD, Pin U1791/VDD: has an unconnected terminal at (701.600, 69.235) (703.000, 69.565)
Net VDD, Pin U1804/VDD: has an unconnected terminal at (701.600, 62.035) (703.000, 62.365)
Net VDD, Pin U1807/VDD: has an unconnected terminal at (694.200, 44.035) (695.600, 44.365)
Net VDD, Pin U1811/VDD: has an unconnected terminal at (676.200, 44.035) (677.600, 44.365)
Net VDD, Pin U1813/VDD: has an unconnected terminal at (675.200, 29.635) (676.600, 29.965)
Net VDD, Pin U1815/VDD: has an unconnected terminal at (680.600, 26.035) (682.000, 26.365)
Net VDD, Pin U1820/VDD: has an unconnected terminal at (651.800, 29.635) (653.200, 29.965)
Net VDD, Pin U1830/VDD: has an unconnected terminal at (498.000, 72.835) (499.400, 73.165)
Net VDD, Pin U1844/VDD: has an unconnected terminal at (360.400, 69.235) (361.800, 69.565)
Net VDD, Pin U1845/VDD: has an unconnected terminal at (354.000, 80.035) (355.400, 80.365)
Net VDD, Pin U1870/VDD: has an unconnected terminal at (721.790, 80.035) (723.200, 80.365)
Net VDD, Pin U1894/VDD: has an unconnected terminal at (680.600, 29.635) (682.000, 29.965)
Net VDD, Pin U1902/VDD: has an unconnected terminal at (532.000, 87.235) (533.400, 87.565)
Net VDD, Pin U1911/VDD: has an unconnected terminal at (382.600, 65.635) (384.000, 65.965)
Net VDD, Pin U1925/VDD: has an unconnected terminal at (336.790, 47.635) (338.200, 47.965)
Net VDD, Pin U1959/VDD: has an unconnected terminal at (712.400, 22.435) (713.800, 22.765)
Net VDD, Pin U1960/VDD: has an unconnected terminal at (714.400, 62.035) (715.800, 62.365)
Net VDD, Pin U2031/VDD: has an unconnected terminal at (654.000, 62.035) (655.400, 62.365)
Net VDD, Pin U2050/VDD: has an unconnected terminal at (677.200, 94.435) (678.600, 94.765)
Net VDD, Pin U2059/VDD: has an unconnected terminal at (612.600, 87.235) (614.000, 87.565)
Net VDD, Pin U2082/VDD: has an unconnected terminal at (638.000, 101.635) (639.400, 101.965)
Net VDD, Pin U2084/VDD: has an unconnected terminal at (632.800, 101.635) (634.200, 101.965)
Net VDD, Pin U2085/VDD: has an unconnected terminal at (640.200, 65.635) (641.600, 65.965)
Net VDD, Pin U2096/VDD: has an unconnected terminal at (637.000, 62.035) (638.400, 62.365)
Net VDD, Pin U2098/VDD: has an unconnected terminal at (633.915, 98.035) (634.000, 98.365)
Net VDD, Pin U2101/VDD: has an unconnected terminal at (643.400, 87.235) (644.800, 87.565)
Net VDD, Pin U2114/VDD: has an unconnected terminal at (624.200, 72.835) (625.600, 73.165)
Net VDD, Pin U2117/VDD: has an unconnected terminal at (616.800, 90.835) (618.200, 91.165)
Net VDD, Pin U2123/VDD: has an unconnected terminal at (619.115, 90.835) (619.200, 91.165)
Net VDD, Pin U2130/VDD: has an unconnected terminal at (621.200, 54.835) (622.600, 55.165)
Net VDD, Pin U2152/VDD: has an unconnected terminal at (593.600, 90.835) (595.000, 91.165)
Net VDD, Pin U2154/VDD: has an unconnected terminal at (593.600, 87.235) (595.000, 87.565)
Net VDD, Pin U2155/VDD: has an unconnected terminal at (592.600, 72.835) (594.000, 73.165)
Net VDD, Pin U2158/VDD: has an unconnected terminal at (596.115, 90.835) (596.200, 91.165)
Net VDD, Pin U2159/VDD: has an unconnected terminal at (445.200, 65.635) (446.600, 65.965)
Net VDD, Pin U2178/VDD: has an unconnected terminal at (442.000, 29.635) (443.400, 29.965)
Net VDD, Pin U2196/VDD: has an unconnected terminal at (788.600, 47.635) (790.000, 47.965)
Net VDD, Pin U2210/VDD: has an unconnected terminal at (419.600, 33.235) (421.000, 33.565)
Net VDD, Pin U2239/VDD: has an unconnected terminal at (425.000, 36.835) (426.400, 37.165)
Net VDD, Pin U2240/VDD: has an unconnected terminal at (429.200, 40.435) (430.600, 40.765)
Net VDD, Pin U2241/VDD: has an unconnected terminal at (426.000, 40.435) (427.400, 40.765)
Net VDD, Pin U2245/VDD: has an unconnected terminal at (424.800, 94.435) (426.200, 94.765)
Net VDD, Pin U2252/VDD: has an unconnected terminal at (415.400, 101.635) (416.800, 101.965)
Net VDD, Pin U2255/VDD: has an unconnected terminal at (414.400, 76.435) (415.800, 76.765)
Net VDD, Pin U2261/VDD: has an unconnected terminal at (369.800, 44.035) (371.200, 44.365)
Net VDD, Pin U2262/VDD: has an unconnected terminal at (370.800, 54.835) (372.200, 55.165)
Net VDD, Pin U2289/VDD: has an unconnected terminal at (780.200, 33.235) (781.600, 33.565)
Net VDD, Pin U2293/VDD: has an unconnected terminal at (748.400, 54.835) (749.800, 55.165)
Net VDD, Pin U2295/VDD: has an unconnected terminal at (745.200, 54.835) (746.600, 55.165)
Net VDD, Pin U2300/VDD: has an unconnected terminal at (768.115, 54.835) (768.200, 55.165)
Net VDD, Pin U2354/VDD: has an unconnected terminal at (444.000, 83.635) (445.400, 83.965)
Net VDD, Pin U2355/VDD: has an unconnected terminal at (438.800, 76.435) (440.200, 76.765)
Net VDD, Pin U2356/VDD: has an unconnected terminal at (429.200, 80.035) (430.600, 80.365)
Net VDD, Pin U2357/VDD: has an unconnected terminal at (439.515, 90.835) (439.600, 91.165)
Net VDD, Pin U2370/VDD: has an unconnected terminal at (486.400, 76.435) (487.800, 76.765)
Net VDD, Pin U2371/VDD: has an unconnected terminal at (488.400, 65.635) (489.800, 65.965)
Net VDD, Pin U2384/VDD: has an unconnected terminal at (478.000, 26.035) (479.400, 26.365)
Net VDD, Pin U2385/VDD: has an unconnected terminal at (473.800, 29.635) (475.200, 29.965)
Net VDD, Pin U2390/VDD: has an unconnected terminal at (483.200, 33.235) (484.600, 33.565)
Net VDD, Pin U2396/VDD: has an unconnected terminal at (475.800, 51.235) (477.200, 51.565)
Net VDD, Pin U2400/VDD: has an unconnected terminal at (468.400, 26.035) (469.800, 26.365)
Net VDD, Pin U2428/VDD: has an unconnected terminal at (472.315, 90.835) (472.400, 91.165)
Net VDD, Pin U2430/VDD: has an unconnected terminal at (459.800, 26.035) (461.200, 26.365)
Net VDD, Pin U2438/VDD: has an unconnected terminal at (449.400, 29.635) (450.800, 29.965)
Net VDD, Pin U2439/VDD: has an unconnected terminal at (453.600, 29.635) (455.000, 29.965)
Net VDD, Pin U2480/VDD: has an unconnected terminal at (750.400, 72.835) (751.800, 73.165)
Net VDD, Pin U2503/VDD: has an unconnected terminal at (608.400, 58.435) (609.800, 58.765)
Net VDD, Pin U2510/VDD: has an unconnected terminal at (575.400, 51.235) (576.800, 51.565)
Net VDD, Pin U2519/VDD: has an unconnected terminal at (562.800, 47.635) (564.200, 47.965)
Net VDD, Pin U2539/VDD: has an unconnected terminal at (507.600, 98.035) (509.000, 98.365)
Net VDD, Pin U2558/VDD: has an unconnected terminal at (504.400, 47.635) (505.800, 47.965)
Net VDD, Pin U2559/VDD: has an unconnected terminal at (502.400, 51.235) (503.800, 51.565)
Net VDD, Pin U2569/VDD: has an unconnected terminal at (501.200, 65.635) (502.600, 65.965)
Net VDD, Pin U2589/VDD: has an unconnected terminal at (518.200, 87.235) (519.600, 87.565)
Net VDD, Pin U2624/VDD: has an unconnected terminal at (515.000, 47.635) (516.400, 47.965)
Net VDD, Pin U2630/VDD: has an unconnected terminal at (543.600, 87.235) (545.000, 87.565)
Net VDD, Pin U2650/VDD: has an unconnected terminal at (552.200, 72.835) (553.600, 73.165)
Net VDD, Pin U2653/VDD: has an unconnected terminal at (546.800, 90.835) (548.200, 91.165)
Net VDD, Pin U2656/VDD: has an unconnected terminal at (557.600, 90.835) (559.000, 91.165)
Net VDD, Pin U2671/VDD: has an unconnected terminal at (561.800, 94.435) (563.200, 94.765)
Net VDD, Pin U2692/VDD: has an unconnected terminal at (573.600, 65.635) (575.000, 65.965)
Net VDD, Pin U2707/VDD: has an unconnected terminal at (717.600, 90.835) (719.000, 91.165)
Net VDD, Pin U2709/VDD: has an unconnected terminal at (724.000, 76.435) (725.400, 76.765)
Net VDD, Pin U2714/VDD: has an unconnected terminal at (716.600, 98.035) (718.000, 98.365)
Net VDD, Pin U2723/VDD: has an unconnected terminal at (752.600, 62.035) (754.000, 62.365)
Net VDD, Pin U2725/VDD: has an unconnected terminal at (732.400, 76.435) (733.800, 76.765)
Net VDD, Pin U2763/VDD: has an unconnected terminal at (706.000, 101.635) (707.400, 101.965)
Net VDD, Pin U2781/VDD: has an unconnected terminal at (714.400, 40.435) (715.800, 40.765)
Net VDD, Pin U2782/VDD: has an unconnected terminal at (714.400, 47.635) (715.800, 47.965)
Net VDD, Pin U2795/VDD: has an unconnected terminal at (708.000, 40.435) (709.400, 40.765)
Net VDD, Pin U2803/VDD: has an unconnected terminal at (328.400, 33.235) (329.800, 33.565)
Net VDD, Pin U2817/VDD: has an unconnected terminal at (342.200, 26.035) (343.600, 26.365)
Net VDD, Pin U2850/VDD: has an unconnected terminal at (310.400, 44.035) (311.800, 44.365)
Net VDD, Pin U2865/VDD: has an unconnected terminal at (349.600, 69.235) (351.000, 69.565)
Net VDD, Pin U2872/VDD: has an unconnected terminal at (356.000, 54.835) (357.400, 55.165)
Net VDD, Pin U2873/VDD: has an unconnected terminal at (363.400, 54.835) (364.800, 55.165)
Net VDD, Pin U2879/VDD: has an unconnected terminal at (350.600, 98.035) (352.000, 98.365)
Net VDD, Pin U2882/VDD: has an unconnected terminal at (354.000, 72.835) (355.400, 73.165)
Net VDD, Pin U2890/VDD: has an unconnected terminal at (362.400, 101.635) (363.800, 101.965)
Net VDD, Pin U2894/VDD: has an unconnected terminal at (376.200, 83.635) (377.600, 83.965)
Net VDD, Pin U2903/VDD: has an unconnected terminal at (380.400, 101.635) (381.800, 101.965)
Net VDD, Pin U2909/VDD: has an unconnected terminal at (382.600, 101.635) (384.000, 101.965)
Net VDD, Pin U2915/VDD: has an unconnected terminal at (392.000, 101.635) (393.400, 101.965)
Net VDD, Pin U2928/VDD: has an unconnected terminal at (408.000, 90.835) (409.400, 91.165)
Net VDD, Pin U2972/VDD: has an unconnected terminal at (682.600, 40.435) (684.000, 40.765)
Net VDD, Pin FILLER_27/VDD: has an unconnected terminal at (182.265, 11.635) (182.600, 11.965)
Net VDD, Pin FILLER_30/VDD: has an unconnected terminal at (201.865, 11.635) (202.200, 11.965)
Net VDD, Pin FILLER_43/VDD: has an unconnected terminal at (285.865, 11.635) (286.200, 11.965)
Net VDD, Pin FILLER_44/VDD: has an unconnected terminal at (292.465, 11.635) (292.800, 11.965)
Net VDD, Pin FILLER_45/VDD: has an unconnected terminal at (299.265, 11.635) (299.600, 11.965)
Net VDD, Pin FILLER_46/VDD: has an unconnected terminal at (305.865, 11.635) (306.200, 11.965)
Net VDD, Pin FILLER_51/VDD: has an unconnected terminal at (325.865, 11.635) (326.200, 11.965)
Net VDD, Pin FILLER_54/VDD: has an unconnected terminal at (328.025, 11.635) (328.400, 11.965)
Net VDD, Pin FILLER_58/VDD: has an unconnected terminal at (338.025, 11.635) (338.400, 11.965)
Net VDD, Pin FILLER_62/VDD: has an unconnected terminal at (346.625, 11.635) (347.000, 11.965)
Net VDD, Pin FILLER_63/VDD: has an unconnected terminal at (348.225, 11.635) (348.600, 11.965)
Net VDD, Pin FILLER_64/VDD: has an unconnected terminal at (349.425, 11.635) (349.800, 11.965)
Net VDD, Pin FILLER_65/VDD: has an unconnected terminal at (356.865, 11.635) (357.200, 11.965)
Net VDD, Pin FILLER_66/VDD: has an unconnected terminal at (364.665, 11.635) (365.000, 11.965)
Net VDD, Pin FILLER_67/VDD: has an unconnected terminal at (371.465, 11.635) (371.800, 11.965)
Net VDD, Pin FILLER_76/VDD: has an unconnected terminal at (429.665, 11.635) (430.000, 11.965)
Net VDD, Pin FILLER_77/VDD: has an unconnected terminal at (430.865, 11.635) (431.200, 11.965)
Net VDD, Pin FILLER_82/VDD: has an unconnected terminal at (448.265, 11.635) (448.600, 11.965)
Net VDD, Pin FILLER_84/VDD: has an unconnected terminal at (449.425, 11.635) (449.800, 11.965)
Net VDD, Pin FILLER_87/VDD: has an unconnected terminal at (463.665, 11.635) (464.000, 11.965)
Net VDD, Pin FILLER_91/VDD: has an unconnected terminal at (475.065, 11.635) (475.400, 11.965)
Net VDD, Pin FILLER_92/VDD: has an unconnected terminal at (475.825, 11.635) (476.200, 11.965)
Net VDD, Pin FILLER_93/VDD: has an unconnected terminal at (482.665, 11.635) (483.000, 11.965)
Net VDD, Pin FILLER_108/VDD: has an unconnected terminal at (582.865, 11.635) (583.200, 11.965)
Net VDD, Pin FILLER_119/VDD: has an unconnected terminal at (654.065, 11.635) (654.400, 11.965)
Net VDD, Pin FILLER_120/VDD: has an unconnected terminal at (660.665, 11.635) (661.000, 11.965)
Net VDD, Pin FILLER_122/VDD: has an unconnected terminal at (663.265, 11.635) (663.600, 11.965)
Net VDD, Pin FILLER_127/VDD: has an unconnected terminal at (682.025, 11.635) (682.400, 11.965)
Net VDD, Pin FILLER_133/VDD: has an unconnected terminal at (704.465, 11.635) (704.800, 11.965)
Net VDD, Pin FILLER_136/VDD: has an unconnected terminal at (719.265, 11.635) (719.600, 11.965)
Net VDD, Pin FILLER_141/VDD: has an unconnected terminal at (734.425, 11.635) (734.800, 11.965)
Net VDD, Pin FILLER_142/VDD: has an unconnected terminal at (735.625, 11.635) (736.000, 11.965)
Net VDD, Pin FILLER_143/VDD: has an unconnected terminal at (740.065, 11.635) (740.400, 11.965)
Net VDD, Pin FILLER_144/VDD: has an unconnected terminal at (741.625, 11.635) (742.000, 11.965)
Net VDD, Pin FILLER_145/VDD: has an unconnected terminal at (743.025, 11.635) (743.400, 11.965)
Net VDD, Pin FILLER_146/VDD: has an unconnected terminal at (743.825, 11.635) (744.200, 11.965)
Net VDD, Pin FILLER_152/VDD: has an unconnected terminal at (758.025, 11.635) (758.400, 11.965)
Net VDD, Pin FILLER_155/VDD: has an unconnected terminal at (765.025, 11.635) (765.400, 11.965)
Net VDD, Pin FILLER_161/VDD: has an unconnected terminal at (781.665, 11.635) (782.000, 11.965)
Net VDD, Pin FILLER_165/VDD: has an unconnected terminal at (806.065, 11.635) (806.400, 11.965)
Net VDD, Pin FILLER_166/VDD: has an unconnected terminal at (812.665, 11.635) (813.000, 11.965)
Net VDD, Pin FILLER_167/VDD: has an unconnected terminal at (819.265, 11.635) (819.600, 11.965)
Net VDD, Pin FILLER_303/VDD: has an unconnected terminal at (484.265, 15.235) (484.600, 15.565)
Net VDD, Pin FILLER_304/VDD: has an unconnected terminal at (491.265, 15.235) (491.600, 15.565)
Net VDD, Pin FILLER_359/VDD: has an unconnected terminal at (755.065, 11.635) (755.400, 11.965)
Net VDD, Pin FILLER_361/VDD: has an unconnected terminal at (762.265, 11.635) (762.600, 11.965)
Net VDD, Pin FILLER_363/VDD: has an unconnected terminal at (767.625, 11.635) (768.000, 11.965)
Net VDD, Pin FILLER_366/VDD: has an unconnected terminal at (787.465, 15.235) (787.800, 15.565)
Net VDD, Pin FILLER_443/VDD: has an unconnected terminal at (182.265, 15.235) (182.600, 15.565)
Net VDD, Pin FILLER_446/VDD: has an unconnected terminal at (201.865, 15.235) (202.200, 15.565)
Net VDD, Pin FILLER_466/VDD: has an unconnected terminal at (326.465, 15.235) (326.800, 15.565)
Net VDD, Pin FILLER_467/VDD: has an unconnected terminal at (328.265, 15.235) (328.600, 15.565)
Net VDD, Pin FILLER_468/VDD: has an unconnected terminal at (329.025, 15.235) (329.400, 15.565)
Net VDD, Pin FILLER_469/VDD: has an unconnected terminal at (330.025, 15.235) (330.400, 15.565)
Net VDD, Pin FILLER_475/VDD: has an unconnected terminal at (352.265, 15.235) (352.600, 15.565)
Net VDD, Pin FILLER_476/VDD: has an unconnected terminal at (353.025, 15.235) (353.400, 15.565)
Net VDD, Pin FILLER_480/VDD: has an unconnected terminal at (371.865, 15.235) (372.200, 15.565)
Net VDD, Pin FILLER_481/VDD: has an unconnected terminal at (378.465, 15.235) (378.800, 15.565)
Net VDD, Pin FILLER_506/VDD: has an unconnected terminal at (475.465, 15.235) (475.800, 15.565)
Net VDD, Pin FILLER_514/VDD: has an unconnected terminal at (512.665, 15.235) (513.000, 15.565)
Net VDD, Pin FILLER_532/VDD: has an unconnected terminal at (612.665, 15.235) (613.000, 15.565)
Net VDD, Pin FILLER_533/VDD: has an unconnected terminal at (619.265, 15.235) (619.600, 15.565)
Net VDD, Pin FILLER_534/VDD: has an unconnected terminal at (625.865, 15.235) (626.200, 15.565)
Net VDD, Pin FILLER_535/VDD: has an unconnected terminal at (632.465, 15.235) (632.800, 15.565)
Net VDD, Pin FILLER_541/VDD: has an unconnected terminal at (656.625, 15.235) (657.000, 15.565)
Net VDD, Pin FILLER_551/VDD: has an unconnected terminal at (695.665, 15.235) (696.000, 15.565)
Net VDD, Pin FILLER_552/VDD: has an unconnected terminal at (696.425, 15.235) (696.800, 15.565)
Net VDD, Pin FILLER_553/VDD: has an unconnected terminal at (697.225, 15.235) (697.600, 15.565)
Net VDD, Pin FILLER_555/VDD: has an unconnected terminal at (711.465, 11.635) (711.800, 11.965)
Net VDD, Pin FILLER_556/VDD: has an unconnected terminal at (721.265, 15.235) (721.600, 15.565)
Net VDD, Pin FILLER_568/VDD: has an unconnected terminal at (766.065, 11.635) (766.400, 11.965)
Net VDD, Pin FILLER_626/VDD: has an unconnected terminal at (1095.425, 15.235) (1095.800, 15.565)
Net VDD, Pin FILLER_676/VDD: has an unconnected terminal at (318.825, 15.235) (319.200, 15.565)
Net VDD, Pin FILLER_677/VDD: has an unconnected terminal at (319.625, 15.235) (320.000, 15.565)
Net VDD, Pin FILLER_685/VDD: has an unconnected terminal at (351.225, 15.235) (351.600, 15.565)
Net VDD, Pin FILLER_699/VDD: has an unconnected terminal at (433.025, 15.235) (433.400, 15.565)
Net VDD, Pin FILLER_700/VDD: has an unconnected terminal at (434.025, 15.235) (434.400, 15.565)
Net VDD, Pin FILLER_712/VDD: has an unconnected terminal at (476.225, 15.235) (476.600, 15.565)
Net VDD, Pin FILLER_713/VDD: has an unconnected terminal at (477.425, 15.235) (477.800, 15.565)
Net VDD, Pin FILLER_716/VDD: has an unconnected terminal at (493.065, 15.235) (493.400, 15.565)
Net VDD, Pin FILLER_743/VDD: has an unconnected terminal at (603.865, 18.835) (604.200, 19.165)
Net VDD, Pin FILLER_759/VDD: has an unconnected terminal at (666.825, 15.235) (667.200, 15.565)
Net VDD, Pin FILLER_761/VDD: has an unconnected terminal at (682.465, 15.235) (682.800, 15.565)
Net VDD, Pin FILLER_762/VDD: has an unconnected terminal at (684.465, 15.235) (684.800, 15.565)
Net VDD, Pin FILLER_767/VDD: has an unconnected terminal at (691.065, 15.235) (691.400, 15.565)
Net VDD, Pin FILLER_772/VDD: has an unconnected terminal at (707.265, 15.235) (707.600, 15.565)
Net VDD, Pin FILLER_784/VDD: has an unconnected terminal at (745.665, 11.635) (746.000, 11.965)
Net VDD, Pin FILLER_796/VDD: has an unconnected terminal at (773.465, 15.235) (773.800, 15.565)
Net VDD, Pin FILLER_880/VDD: has an unconnected terminal at (182.265, 18.835) (182.600, 19.165)
Net VDD, Pin FILLER_883/VDD: has an unconnected terminal at (201.865, 18.835) (202.200, 19.165)
Net VDD, Pin FILLER_903/VDD: has an unconnected terminal at (319.465, 18.835) (319.800, 19.165)
Net VDD, Pin FILLER_924/VDD: has an unconnected terminal at (398.265, 18.835) (398.600, 19.165)
Net VDD, Pin FILLER_936/VDD: has an unconnected terminal at (431.425, 18.835) (431.800, 19.165)
Net VDD, Pin FILLER_940/VDD: has an unconnected terminal at (448.025, 18.835) (448.400, 19.165)
Net VDD, Pin FILLER_948/VDD: has an unconnected terminal at (496.465, 18.835) (496.800, 19.165)
Net VDD, Pin FILLER_951/VDD: has an unconnected terminal at (506.825, 18.835) (507.200, 19.165)
Net VDD, Pin FILLER_959/VDD: has an unconnected terminal at (543.865, 18.835) (544.200, 19.165)
Net VDD, Pin FILLER_960/VDD: has an unconnected terminal at (545.225, 18.835) (545.600, 19.165)
Net VDD, Pin FILLER_969/VDD: has an unconnected terminal at (575.825, 18.835) (576.200, 19.165)
Net VDD, Pin FILLER_970/VDD: has an unconnected terminal at (577.225, 18.835) (577.600, 19.165)
Net VDD, Pin FILLER_971/VDD: has an unconnected terminal at (578.425, 18.835) (578.800, 19.165)
Net VDD, Pin FILLER_972/VDD: has an unconnected terminal at (583.265, 18.835) (583.600, 19.165)
Net VDD, Pin FILLER_973/VDD: has an unconnected terminal at (585.225, 18.835) (585.600, 19.165)
Net VDD, Pin FILLER_974/VDD: has an unconnected terminal at (586.025, 18.835) (586.400, 19.165)
Net VDD, Pin FILLER_975/VDD: has an unconnected terminal at (587.025, 18.835) (587.400, 19.165)
Net VDD, Pin FILLER_979/VDD: has an unconnected terminal at (610.865, 18.835) (611.200, 19.165)
Net VDD, Pin FILLER_994/VDD: has an unconnected terminal at (657.425, 18.835) (657.800, 19.165)
Net VDD, Pin FILLER_1002/VDD: has an unconnected terminal at (679.425, 18.835) (679.800, 19.165)
Net VDD, Pin FILLER_1007/VDD: has an unconnected terminal at (699.665, 18.835) (700.000, 19.165)
Net VDD, Pin FILLER_1008/VDD: has an unconnected terminal at (700.625, 18.835) (701.000, 19.165)
Net VDD, Pin FILLER_1009/VDD: has an unconnected terminal at (718.065, 11.635) (718.400, 11.965)
Net VDD, Pin FILLER_1012/VDD: has an unconnected terminal at (722.625, 18.835) (723.000, 19.165)
Net VDD, Pin FILLER_1014/VDD: has an unconnected terminal at (730.465, 18.835) (730.800, 19.165)
Net VDD, Pin FILLER_1042/VDD: has an unconnected terminal at (797.065, 18.835) (797.400, 19.165)
Net VDD, Pin FILLER_1043/VDD: has an unconnected terminal at (804.065, 18.835) (804.400, 19.165)
Net VDD, Pin FILLER_1044/VDD: has an unconnected terminal at (811.065, 18.835) (811.400, 19.165)
Net VDD, Pin FILLER_1045/VDD: has an unconnected terminal at (817.665, 18.835) (818.000, 19.165)
Net VDD, Pin FILLER_1046/VDD: has an unconnected terminal at (824.265, 18.835) (824.600, 19.165)
Net VDD, Pin FILLER_1141/VDD: has an unconnected terminal at (323.065, 15.235) (323.400, 15.565)
Net VDD, Pin FILLER_1148/VDD: has an unconnected terminal at (337.625, 18.835) (338.000, 19.165)
Net VDD, Pin FILLER_1173/VDD: has an unconnected terminal at (440.865, 18.835) (441.200, 19.165)
Net VDD, Pin FILLER_1179/VDD: has an unconnected terminal at (446.465, 18.835) (446.800, 19.165)
Net VDD, Pin FILLER_1183/VDD: has an unconnected terminal at (472.465, 18.835) (472.800, 19.165)
Net VDD, Pin FILLER_1200/VDD: has an unconnected terminal at (534.065, 22.435) (534.400, 22.765)
Net VDD, Pin FILLER_1201/VDD: has an unconnected terminal at (535.825, 22.435) (536.200, 22.765)
Net VDD, Pin FILLER_1219/VDD: has an unconnected terminal at (594.265, 18.835) (594.600, 19.165)
Net VDD, Pin FILLER_1220/VDD: has an unconnected terminal at (596.425, 18.835) (596.800, 19.165)
Net VDD, Pin FILLER_1231/VDD: has an unconnected terminal at (652.665, 18.835) (653.000, 19.165)
Net VDD, Pin FILLER_1232/VDD: has an unconnected terminal at (653.425, 18.835) (653.800, 19.165)
Net VDD, Pin FILLER_1237/VDD: has an unconnected terminal at (675.065, 15.235) (675.400, 15.565)
Net VDD, Pin FILLER_1241/VDD: has an unconnected terminal at (691.865, 22.435) (692.200, 22.765)
Net VDD, Pin FILLER_1243/VDD: has an unconnected terminal at (702.665, 18.835) (703.000, 19.165)
Net VDD, Pin FILLER_1250/VDD: has an unconnected terminal at (726.665, 18.835) (727.000, 19.165)
Net VDD, Pin FILLER_1343/VDD: has an unconnected terminal at (182.265, 22.435) (182.600, 22.765)
Net VDD, Pin FILLER_1346/VDD: has an unconnected terminal at (201.865, 22.435) (202.200, 22.765)
Net VDD, Pin FILLER_1368/VDD: has an unconnected terminal at (321.865, 22.435) (322.200, 22.765)
Net VDD, Pin FILLER_1390/VDD: has an unconnected terminal at (395.465, 22.435) (395.800, 22.765)
Net VDD, Pin FILLER_1404/VDD: has an unconnected terminal at (430.065, 18.835) (430.400, 19.165)
Net VDD, Pin FILLER_1415/VDD: has an unconnected terminal at (456.665, 22.435) (457.000, 22.765)
Net VDD, Pin FILLER_1422/VDD: has an unconnected terminal at (472.625, 22.435) (473.000, 22.765)
Net VDD, Pin FILLER_1423/VDD: has an unconnected terminal at (473.425, 22.435) (473.800, 22.765)
Net VDD, Pin FILLER_1427/VDD: has an unconnected terminal at (481.625, 22.435) (482.000, 22.765)
Net VDD, Pin FILLER_1430/VDD: has an unconnected terminal at (494.465, 18.835) (494.800, 19.165)
Net VDD, Pin FILLER_1439/VDD: has an unconnected terminal at (514.465, 22.435) (514.800, 22.765)
Net VDD, Pin FILLER_1440/VDD: has an unconnected terminal at (515.425, 22.435) (515.800, 22.765)
Net VDD, Pin FILLER_1441/VDD: has an unconnected terminal at (525.665, 22.435) (526.000, 22.765)
Net VDD, Pin FILLER_1442/VDD: has an unconnected terminal at (527.225, 22.435) (527.600, 22.765)
Net VDD, Pin FILLER_1447/VDD: has an unconnected terminal at (554.465, 22.435) (554.800, 22.765)
Net VDD, Pin FILLER_1458/VDD: has an unconnected terminal at (597.025, 22.435) (597.400, 22.765)
Net VDD, Pin FILLER_1461/VDD: has an unconnected terminal at (611.265, 22.435) (611.600, 22.765)
Net VDD, Pin FILLER_1462/VDD: has an unconnected terminal at (617.865, 22.435) (618.200, 22.765)
Net VDD, Pin FILLER_1463/VDD: has an unconnected terminal at (624.465, 22.435) (624.800, 22.765)
Net VDD, Pin FILLER_1467/VDD: has an unconnected terminal at (645.865, 22.435) (646.200, 22.765)
Net VDD, Pin FILLER_1468/VDD: has an unconnected terminal at (646.865, 22.435) (647.200, 22.765)
Net VDD, Pin FILLER_1469/VDD: has an unconnected terminal at (650.865, 22.435) (651.200, 22.765)
Net VDD, Pin FILLER_1470/VDD: has an unconnected terminal at (651.825, 22.435) (652.200, 22.765)
Net VDD, Pin FILLER_1471/VDD: has an unconnected terminal at (652.625, 22.435) (653.000, 22.765)
Net VDD, Pin FILLER_1476/VDD: has an unconnected terminal at (671.025, 22.435) (671.400, 22.765)
Net VDD, Pin FILLER_1478/VDD: has an unconnected terminal at (674.225, 22.435) (674.600, 22.765)
Net VDD, Pin FILLER_1485/VDD: has an unconnected terminal at (696.225, 22.435) (696.600, 22.765)
Net VDD, Pin FILLER_1490/VDD: has an unconnected terminal at (714.625, 22.435) (715.000, 22.765)
Net VDD, Pin FILLER_1507/VDD: has an unconnected terminal at (765.425, 22.435) (765.800, 22.765)
Net VDD, Pin FILLER_1508/VDD: has an unconnected terminal at (766.425, 22.435) (766.800, 22.765)
Net VDD, Pin FILLER_1509/VDD: has an unconnected terminal at (767.225, 22.435) (767.600, 22.765)
Net VDD, Pin FILLER_1522/VDD: has an unconnected terminal at (821.065, 22.435) (821.400, 22.765)
Net VDD, Pin FILLER_1523/VDD: has an unconnected terminal at (827.665, 22.435) (828.000, 22.765)
Net VDD, Pin FILLER_1618/VDD: has an unconnected terminal at (319.425, 22.435) (319.800, 22.765)
Net VDD, Pin FILLER_1623/VDD: has an unconnected terminal at (338.225, 22.435) (338.600, 22.765)
Net VDD, Pin FILLER_1627/VDD: has an unconnected terminal at (350.825, 22.435) (351.200, 22.765)
Net VDD, Pin FILLER_1647/VDD: has an unconnected terminal at (411.865, 22.435) (412.200, 22.765)
Net VDD, Pin FILLER_1648/VDD: has an unconnected terminal at (413.265, 22.435) (413.600, 22.765)
Net VDD, Pin FILLER_1649/VDD: has an unconnected terminal at (414.625, 22.435) (415.000, 22.765)
Net VDD, Pin FILLER_1652/VDD: has an unconnected terminal at (425.065, 22.435) (425.400, 22.765)
Net VDD, Pin FILLER_1654/VDD: has an unconnected terminal at (426.425, 22.435) (426.800, 22.765)
Net VDD, Pin FILLER_1655/VDD: has an unconnected terminal at (427.225, 22.435) (427.600, 22.765)
Net VDD, Pin FILLER_1656/VDD: has an unconnected terminal at (438.265, 26.035) (438.600, 26.365)
Net VDD, Pin FILLER_1668/VDD: has an unconnected terminal at (475.265, 22.435) (475.600, 22.765)
Net VDD, Pin FILLER_1696/VDD: has an unconnected terminal at (566.665, 22.435) (567.000, 22.765)
Net VDD, Pin FILLER_1697/VDD: has an unconnected terminal at (567.625, 22.435) (568.000, 22.765)
Net VDD, Pin FILLER_1732/VDD: has an unconnected terminal at (695.265, 22.435) (695.600, 22.765)
Net VDD, Pin FILLER_1735/VDD: has an unconnected terminal at (700.065, 22.435) (700.400, 22.765)
Net VDD, Pin FILLER_1856/VDD: has an unconnected terminal at (182.265, 26.035) (182.600, 26.365)
Net VDD, Pin FILLER_1859/VDD: has an unconnected terminal at (201.865, 26.035) (202.200, 26.365)
Net VDD, Pin FILLER_1875/VDD: has an unconnected terminal at (304.665, 26.035) (305.000, 26.365)
Net VDD, Pin FILLER_1883/VDD: has an unconnected terminal at (337.225, 22.435) (337.600, 22.765)
Net VDD, Pin FILLER_1894/VDD: has an unconnected terminal at (364.465, 26.035) (364.800, 26.365)
Net VDD, Pin FILLER_1897/VDD: has an unconnected terminal at (379.665, 26.035) (380.000, 26.365)
Net VDD, Pin FILLER_1898/VDD: has an unconnected terminal at (380.425, 26.035) (380.800, 26.365)
Net VDD, Pin FILLER_1906/VDD: has an unconnected terminal at (412.265, 26.035) (412.600, 26.365)
Net VDD, Pin FILLER_1920/VDD: has an unconnected terminal at (431.625, 26.035) (432.000, 26.365)
Net VDD, Pin FILLER_1921/VDD: has an unconnected terminal at (439.425, 26.035) (439.800, 26.365)
Net VDD, Pin FILLER_1959/VDD: has an unconnected terminal at (552.425, 26.035) (552.800, 26.365)
Net VDD, Pin FILLER_1962/VDD: has an unconnected terminal at (562.825, 26.035) (563.200, 26.365)
Net VDD, Pin FILLER_1980/VDD: has an unconnected terminal at (642.265, 26.035) (642.600, 26.365)
Net VDD, Pin FILLER_1981/VDD: has an unconnected terminal at (643.425, 26.035) (643.800, 26.365)
Net VDD, Pin FILLER_1984/VDD: has an unconnected terminal at (649.865, 22.435) (650.200, 22.765)
Net VDD, Pin FILLER_1987/VDD: has an unconnected terminal at (665.065, 22.435) (665.400, 22.765)
Net VDD, Pin FILLER_2026/VDD: has an unconnected terminal at (773.465, 26.035) (773.800, 26.365)
Net VDD, Pin FILLER_2037/VDD: has an unconnected terminal at (810.065, 26.035) (810.400, 26.365)
Net VDD, Pin FILLER_2038/VDD: has an unconnected terminal at (816.665, 26.035) (817.000, 26.365)
Net VDD, Pin FILLER_2039/VDD: has an unconnected terminal at (823.265, 26.035) (823.600, 26.365)
Net VDD, Pin FILLER_2161/VDD: has an unconnected terminal at (389.665, 26.035) (390.000, 26.365)
Net VDD, Pin FILLER_2166/VDD: has an unconnected terminal at (406.265, 29.635) (406.600, 29.965)
Net VDD, Pin FILLER_2181/VDD: has an unconnected terminal at (447.465, 26.035) (447.800, 26.365)
Net VDD, Pin FILLER_2196/VDD: has an unconnected terminal at (480.265, 29.635) (480.600, 29.965)
Net VDD, Pin FILLER_2232/VDD: has an unconnected terminal at (588.865, 26.035) (589.200, 26.365)
Net VDD, Pin FILLER_2233/VDD: has an unconnected terminal at (596.065, 22.435) (596.400, 22.765)
Net VDD, Pin FILLER_2250/VDD: has an unconnected terminal at (665.065, 29.635) (665.400, 29.965)
Net VDD, Pin FILLER_2262/VDD: has an unconnected terminal at (685.665, 26.035) (686.000, 26.365)
Net VDD, Pin FILLER_2275/VDD: has an unconnected terminal at (750.025, 26.035) (750.400, 26.365)
Net VDD, Pin FILLER_2284/VDD: has an unconnected terminal at (771.665, 26.035) (772.000, 26.365)
Net VDD, Pin FILLER_2367/VDD: has an unconnected terminal at (182.265, 29.635) (182.600, 29.965)
Net VDD, Pin FILLER_2370/VDD: has an unconnected terminal at (201.865, 29.635) (202.200, 29.965)
Net VDD, Pin FILLER_2384/VDD: has an unconnected terminal at (292.265, 29.635) (292.600, 29.965)
Net VDD, Pin FILLER_2385/VDD: has an unconnected terminal at (298.865, 29.635) (299.200, 29.965)
Net VDD, Pin FILLER_2405/VDD: has an unconnected terminal at (363.465, 26.035) (363.800, 26.365)
Net VDD, Pin FILLER_2406/VDD: has an unconnected terminal at (362.425, 29.635) (362.800, 29.965)
Net VDD, Pin FILLER_2412/VDD: has an unconnected terminal at (390.625, 29.635) (391.000, 29.965)
Net VDD, Pin FILLER_2416/VDD: has an unconnected terminal at (400.225, 26.035) (400.600, 26.365)
Net VDD, Pin FILLER_2421/VDD: has an unconnected terminal at (407.025, 29.635) (407.400, 29.965)
Net VDD, Pin FILLER_2422/VDD: has an unconnected terminal at (410.465, 26.035) (410.800, 26.365)
Net VDD, Pin FILLER_2433/VDD: has an unconnected terminal at (441.025, 29.635) (441.400, 29.965)
Net VDD, Pin FILLER_2440/VDD: has an unconnected terminal at (456.425, 29.635) (456.800, 29.965)
Net VDD, Pin FILLER_2448/VDD: has an unconnected terminal at (479.225, 29.635) (479.600, 29.965)
Net VDD, Pin FILLER_2450/VDD: has an unconnected terminal at (482.225, 29.635) (482.600, 29.965)
Net VDD, Pin FILLER_2471/VDD: has an unconnected terminal at (523.425, 29.635) (523.800, 29.965)
Net VDD, Pin FILLER_2477/VDD: has an unconnected terminal at (546.665, 29.635) (547.000, 29.965)
Net VDD, Pin FILLER_2479/VDD: has an unconnected terminal at (548.025, 29.635) (548.400, 29.965)
Net VDD, Pin FILLER_2481/VDD: has an unconnected terminal at (550.225, 29.635) (550.600, 29.965)
Net VDD, Pin FILLER_2494/VDD: has an unconnected terminal at (592.865, 26.035) (593.200, 26.365)
Net VDD, Pin FILLER_2502/VDD: has an unconnected terminal at (621.865, 29.635) (622.200, 29.965)
Net VDD, Pin FILLER_2503/VDD: has an unconnected terminal at (628.665, 29.635) (629.000, 29.965)
Net VDD, Pin FILLER_2507/VDD: has an unconnected terminal at (643.265, 29.635) (643.600, 29.965)
Net VDD, Pin FILLER_2508/VDD: has an unconnected terminal at (644.025, 29.635) (644.400, 29.965)
Net VDD, Pin FILLER_2518/VDD: has an unconnected terminal at (683.265, 33.235) (683.600, 33.565)
Net VDD, Pin FILLER_2525/VDD: has an unconnected terminal at (689.825, 29.635) (690.200, 29.965)
Net VDD, Pin FILLER_2529/VDD: has an unconnected terminal at (703.825, 29.635) (704.200, 29.965)
Net VDD, Pin FILLER_2536/VDD: has an unconnected terminal at (727.265, 26.035) (727.600, 26.365)
Net VDD, Pin FILLER_2538/VDD: has an unconnected terminal at (742.265, 29.635) (742.600, 29.965)
Net VDD, Pin FILLER_2540/VDD: has an unconnected terminal at (743.025, 29.635) (743.400, 29.965)
Net VDD, Pin FILLER_2550/VDD: has an unconnected terminal at (775.025, 29.635) (775.400, 29.965)
Net VDD, Pin FILLER_2551/VDD: has an unconnected terminal at (776.025, 29.635) (776.400, 29.965)
Net VDD, Pin FILLER_2605/VDD: has an unconnected terminal at (1095.425, 29.635) (1095.800, 29.965)
Net VDD, Pin FILLER_2661/VDD: has an unconnected terminal at (321.265, 29.635) (321.600, 29.965)
Net VDD, Pin FILLER_2665/VDD: has an unconnected terminal at (330.425, 29.635) (330.800, 29.965)
Net VDD, Pin FILLER_2670/VDD: has an unconnected terminal at (347.625, 29.635) (348.000, 29.965)
Net VDD, Pin FILLER_2671/VDD: has an unconnected terminal at (359.665, 26.035) (360.000, 26.365)
Net VDD, Pin FILLER_2687/VDD: has an unconnected terminal at (389.625, 29.635) (390.000, 29.965)
Net VDD, Pin FILLER_2706/VDD: has an unconnected terminal at (460.625, 33.235) (461.000, 33.565)
Net VDD, Pin FILLER_2725/VDD: has an unconnected terminal at (544.465, 29.635) (544.800, 29.965)
Net VDD, Pin FILLER_2726/VDD: has an unconnected terminal at (545.625, 29.635) (546.000, 29.965)
Net VDD, Pin FILLER_2727/VDD: has an unconnected terminal at (552.065, 29.635) (552.400, 29.965)
Net VDD, Pin FILLER_2730/VDD: has an unconnected terminal at (559.225, 29.635) (559.600, 29.965)
Net VDD, Pin FILLER_2742/VDD: has an unconnected terminal at (587.665, 33.235) (588.000, 33.565)
Net VDD, Pin FILLER_2753/VDD: has an unconnected terminal at (666.265, 29.635) (666.600, 29.965)
Net VDD, Pin FILLER_2776/VDD: has an unconnected terminal at (725.465, 29.635) (725.800, 29.965)
Net VDD, Pin FILLER_2779/VDD: has an unconnected terminal at (729.065, 29.635) (729.400, 29.965)
Net VDD, Pin FILLER_2785/VDD: has an unconnected terminal at (743.825, 29.635) (744.200, 29.965)
Net VDD, Pin FILLER_2881/VDD: has an unconnected terminal at (182.265, 33.235) (182.600, 33.565)
Net VDD, Pin FILLER_2884/VDD: has an unconnected terminal at (201.865, 33.235) (202.200, 33.565)
Net VDD, Pin FILLER_2900/VDD: has an unconnected terminal at (305.065, 33.235) (305.400, 33.565)
Net VDD, Pin FILLER_2904/VDD: has an unconnected terminal at (318.865, 29.635) (319.200, 29.965)
Net VDD, Pin FILLER_2905/VDD: has an unconnected terminal at (320.265, 29.635) (320.600, 29.965)
Net VDD, Pin FILLER_2919/VDD: has an unconnected terminal at (365.625, 33.235) (366.000, 33.565)
Net VDD, Pin FILLER_2920/VDD: has an unconnected terminal at (366.825, 33.235) (367.200, 33.565)
Net VDD, Pin FILLER_2921/VDD: has an unconnected terminal at (372.665, 33.235) (373.000, 33.565)
Net VDD, Pin FILLER_2925/VDD: has an unconnected terminal at (390.625, 33.235) (391.000, 33.565)
Net VDD, Pin FILLER_2942/VDD: has an unconnected terminal at (438.665, 33.235) (439.000, 33.565)
Net VDD, Pin FILLER_2944/VDD: has an unconnected terminal at (439.665, 33.235) (440.000, 33.565)
Net VDD, Pin FILLER_2948/VDD: has an unconnected terminal at (448.425, 33.235) (448.800, 33.565)
Net VDD, Pin FILLER_2949/VDD: has an unconnected terminal at (449.425, 33.235) (449.800, 33.565)
Net VDD, Pin FILLER_2950/VDD: has an unconnected terminal at (450.225, 33.235) (450.600, 33.565)
Net VDD, Pin FILLER_2971/VDD: has an unconnected terminal at (518.225, 33.235) (518.600, 33.565)
Net VDD, Pin FILLER_2972/VDD: has an unconnected terminal at (519.225, 33.235) (519.600, 33.565)
Net VDD, Pin FILLER_2979/VDD: has an unconnected terminal at (549.065, 33.235) (549.400, 33.565)
Net VDD, Pin FILLER_2986/VDD: has an unconnected terminal at (558.465, 33.235) (558.800, 33.565)
Net VDD, Pin FILLER_2997/VDD: has an unconnected terminal at (591.065, 33.235) (591.400, 33.565)
Net VDD, Pin FILLER_3002/VDD: has an unconnected terminal at (606.065, 29.635) (606.400, 29.965)
Net VDD, Pin FILLER_3011/VDD: has an unconnected terminal at (635.865, 33.235) (636.200, 33.565)
Net VDD, Pin FILLER_3013/VDD: has an unconnected terminal at (639.265, 33.235) (639.600, 33.565)
Net VDD, Pin FILLER_3035/VDD: has an unconnected terminal at (703.665, 33.235) (704.000, 33.565)
Net VDD, Pin FILLER_3036/VDD: has an unconnected terminal at (704.825, 33.235) (705.200, 33.565)
Net VDD, Pin FILLER_3037/VDD: has an unconnected terminal at (706.625, 33.235) (707.000, 33.565)
Net VDD, Pin FILLER_3038/VDD: has an unconnected terminal at (707.825, 33.235) (708.200, 33.565)
Net VDD, Pin FILLER_3041/VDD: has an unconnected terminal at (717.265, 33.235) (717.600, 33.565)
Net VDD, Pin FILLER_3042/VDD: has an unconnected terminal at (718.025, 33.235) (718.400, 33.565)
Net VDD, Pin FILLER_3060/VDD: has an unconnected terminal at (800.465, 33.235) (800.800, 33.565)
Net VDD, Pin FILLER_3061/VDD: has an unconnected terminal at (807.465, 33.235) (807.800, 33.565)
Net VDD, Pin FILLER_3062/VDD: has an unconnected terminal at (814.265, 33.235) (814.600, 33.565)
Net VDD, Pin FILLER_3063/VDD: has an unconnected terminal at (820.865, 33.235) (821.200, 33.565)
Net VDD, Pin FILLER_3064/VDD: has an unconnected terminal at (827.465, 33.235) (827.800, 33.565)
Net VDD, Pin FILLER_3065/VDD: has an unconnected terminal at (834.065, 33.235) (834.400, 33.565)
Net VDD, Pin FILLER_3066/VDD: has an unconnected terminal at (840.665, 33.235) (841.000, 33.565)
Net VDD, Pin FILLER_3108/VDD: has an unconnected terminal at (1095.425, 33.235) (1095.800, 33.565)
Net VDD, Pin FILLER_3198/VDD: has an unconnected terminal at (408.865, 36.835) (409.200, 37.165)
Net VDD, Pin FILLER_3225/VDD: has an unconnected terminal at (509.625, 33.235) (510.000, 33.565)
Net VDD, Pin FILLER_3226/VDD: has an unconnected terminal at (510.625, 33.235) (511.000, 33.565)
Net VDD, Pin FILLER_3237/VDD: has an unconnected terminal at (551.265, 33.235) (551.600, 33.565)
Net VDD, Pin FILLER_3243/VDD: has an unconnected terminal at (571.625, 36.835) (572.000, 37.165)
Net VDD, Pin FILLER_3297/VDD: has an unconnected terminal at (712.625, 33.235) (713.000, 33.565)
Net VDD, Pin FILLER_3300/VDD: has an unconnected terminal at (719.265, 33.235) (719.600, 33.565)
Net VDD, Pin FILLER_3410/VDD: has an unconnected terminal at (182.265, 36.835) (182.600, 37.165)
Net VDD, Pin FILLER_3452/VDD: has an unconnected terminal at (344.865, 36.835) (345.200, 37.165)
Net VDD, Pin FILLER_3456/VDD: has an unconnected terminal at (372.065, 36.835) (372.400, 37.165)
Net VDD, Pin FILLER_3481/VDD: has an unconnected terminal at (439.025, 36.835) (439.400, 37.165)
Net VDD, Pin FILLER_3482/VDD: has an unconnected terminal at (440.025, 36.835) (440.400, 37.165)
Net VDD, Pin FILLER_3487/VDD: has an unconnected terminal at (458.865, 33.235) (459.200, 33.565)
Net VDD, Pin FILLER_3512/VDD: has an unconnected terminal at (531.665, 40.435) (532.000, 40.765)
Net VDD, Pin FILLER_3526/VDD: has an unconnected terminal at (579.025, 36.835) (579.400, 37.165)
Net VDD, Pin FILLER_3543/VDD: has an unconnected terminal at (642.265, 36.835) (642.600, 37.165)
Net VDD, Pin FILLER_3559/VDD: has an unconnected terminal at (688.425, 36.835) (688.800, 37.165)
Net VDD, Pin FILLER_3585/VDD: has an unconnected terminal at (775.825, 36.835) (776.200, 37.165)
Net VDD, Pin FILLER_3587/VDD: has an unconnected terminal at (787.065, 36.835) (787.400, 37.165)
Net VDD, Pin FILLER_3592/VDD: has an unconnected terminal at (811.065, 36.835) (811.400, 37.165)
Net VDD, Pin FILLER_3593/VDD: has an unconnected terminal at (818.065, 36.835) (818.400, 37.165)
Net VDD, Pin FILLER_3594/VDD: has an unconnected terminal at (824.865, 36.835) (825.200, 37.165)
Net VDD, Pin FILLER_3595/VDD: has an unconnected terminal at (831.465, 36.835) (831.800, 37.165)
Net VDD, Pin FILLER_3596/VDD: has an unconnected terminal at (838.065, 36.835) (838.400, 37.165)
Net VDD, Pin FILLER_3637/VDD: has an unconnected terminal at (1095.425, 36.835) (1095.800, 37.165)
Net VDD, Pin FILLER_3697/VDD: has an unconnected terminal at (351.465, 36.835) (351.800, 37.165)
Net VDD, Pin FILLER_3706/VDD: has an unconnected terminal at (379.065, 36.835) (379.400, 37.165)
Net VDD, Pin FILLER_3736/VDD: has an unconnected terminal at (457.465, 36.835) (457.800, 37.165)
Net VDD, Pin FILLER_3741/VDD: has an unconnected terminal at (463.465, 36.835) (463.800, 37.165)
Net VDD, Pin FILLER_3749/VDD: has an unconnected terminal at (479.065, 36.835) (479.400, 37.165)
Net VDD, Pin FILLER_3753/VDD: has an unconnected terminal at (490.225, 40.435) (490.600, 40.765)
Net VDD, Pin FILLER_3768/VDD: has an unconnected terminal at (539.265, 40.435) (539.600, 40.765)
Net VDD, Pin FILLER_3774/VDD: has an unconnected terminal at (561.865, 36.835) (562.200, 37.165)
Net VDD, Pin FILLER_3776/VDD: has an unconnected terminal at (568.225, 36.835) (568.600, 37.165)
Net VDD, Pin FILLER_3804/VDD: has an unconnected terminal at (691.265, 36.835) (691.600, 37.165)
Net VDD, Pin FILLER_3805/VDD: has an unconnected terminal at (693.225, 36.835) (693.600, 37.165)
Net VDD, Pin FILLER_3819/VDD: has an unconnected terminal at (720.065, 36.835) (720.400, 37.165)
Net VDD, Pin FILLER_3820/VDD: has an unconnected terminal at (720.825, 36.835) (721.200, 37.165)
Net VDD, Pin FILLER_3835/VDD: has an unconnected terminal at (750.265, 33.235) (750.600, 33.565)
Net VDD, Pin FILLER_3848/VDD: has an unconnected terminal at (795.265, 40.435) (795.600, 40.765)
Net VDD, Pin FILLER_3928/VDD: has an unconnected terminal at (195.265, 40.435) (195.600, 40.765)
Net VDD, Pin FILLER_3949/VDD: has an unconnected terminal at (306.225, 40.435) (306.600, 40.765)
Net VDD, Pin FILLER_3966/VDD: has an unconnected terminal at (375.225, 40.435) (375.600, 40.765)
Net VDD, Pin FILLER_3967/VDD: has an unconnected terminal at (376.225, 40.435) (376.600, 40.765)
Net VDD, Pin FILLER_3974/VDD: has an unconnected terminal at (388.825, 40.435) (389.200, 40.765)
Net VDD, Pin FILLER_3981/VDD: has an unconnected terminal at (406.665, 40.435) (407.000, 40.765)
Net VDD, Pin FILLER_3982/VDD: has an unconnected terminal at (407.625, 40.435) (408.000, 40.765)
Net VDD, Pin FILLER_3983/VDD: has an unconnected terminal at (408.625, 40.435) (409.000, 40.765)
Net VDD, Pin FILLER_3993/VDD: has an unconnected terminal at (425.265, 40.435) (425.600, 40.765)
Net VDD, Pin FILLER_4014/VDD: has an unconnected terminal at (482.665, 40.435) (483.000, 40.765)
Net VDD, Pin FILLER_4020/VDD: has an unconnected terminal at (502.865, 40.435) (503.200, 40.765)
Net VDD, Pin FILLER_4039/VDD: has an unconnected terminal at (577.465, 40.435) (577.800, 40.765)
Net VDD, Pin FILLER_4051/VDD: has an unconnected terminal at (609.225, 40.435) (609.600, 40.765)
Net VDD, Pin FILLER_4058/VDD: has an unconnected terminal at (644.265, 40.435) (644.600, 40.765)
Net VDD, Pin FILLER_4060/VDD: has an unconnected terminal at (647.665, 40.435) (648.000, 40.765)
Net VDD, Pin FILLER_4070/VDD: has an unconnected terminal at (675.425, 36.835) (675.800, 37.165)
Net VDD, Pin FILLER_4071/VDD: has an unconnected terminal at (676.825, 36.835) (677.200, 37.165)
Net VDD, Pin FILLER_4079/VDD: has an unconnected terminal at (703.665, 36.835) (704.000, 37.165)
Net VDD, Pin FILLER_4085/VDD: has an unconnected terminal at (716.865, 40.435) (717.200, 40.765)
Net VDD, Pin FILLER_4098/VDD: has an unconnected terminal at (742.865, 40.435) (743.200, 40.765)
Net VDD, Pin FILLER_4099/VDD: has an unconnected terminal at (744.225, 40.435) (744.600, 40.765)
Net VDD, Pin FILLER_4108/VDD: has an unconnected terminal at (763.665, 40.435) (764.000, 40.765)
Net VDD, Pin FILLER_4113/VDD: has an unconnected terminal at (774.425, 40.435) (774.800, 40.765)
Net VDD, Pin FILLER_4114/VDD: has an unconnected terminal at (775.825, 40.435) (776.200, 40.765)
Net VDD, Pin FILLER_4119/VDD: has an unconnected terminal at (792.025, 40.435) (792.400, 40.765)
Net VDD, Pin FILLER_4120/VDD: has an unconnected terminal at (793.025, 40.435) (793.400, 40.765)
Net VDD, Pin FILLER_4121/VDD: has an unconnected terminal at (797.265, 40.435) (797.600, 40.765)
Net VDD, Pin FILLER_4126/VDD: has an unconnected terminal at (812.465, 40.435) (812.800, 40.765)
Net VDD, Pin FILLER_4127/VDD: has an unconnected terminal at (819.065, 40.435) (819.400, 40.765)
Net VDD, Pin FILLER_4128/VDD: has an unconnected terminal at (825.665, 40.435) (826.000, 40.765)
Net VDD, Pin FILLER_4129/VDD: has an unconnected terminal at (832.265, 40.435) (832.600, 40.765)
Net VDD, Pin FILLER_4244/VDD: has an unconnected terminal at (380.425, 44.035) (380.800, 44.365)
Net VDD, Pin FILLER_4263/VDD: has an unconnected terminal at (444.465, 40.435) (444.800, 40.765)
Net VDD, Pin FILLER_4274/VDD: has an unconnected terminal at (477.465, 40.435) (477.800, 40.765)
Net VDD, Pin FILLER_4275/VDD: has an unconnected terminal at (478.225, 40.435) (478.600, 40.765)
Net VDD, Pin FILLER_4276/VDD: has an unconnected terminal at (479.025, 40.435) (479.400, 40.765)
Net VDD, Pin FILLER_4301/VDD: has an unconnected terminal at (543.065, 44.035) (543.400, 44.365)
Net VDD, Pin FILLER_4325/VDD: has an unconnected terminal at (616.265, 40.435) (616.600, 40.765)
Net VDD, Pin FILLER_4362/VDD: has an unconnected terminal at (710.225, 40.435) (710.600, 40.765)
Net VDD, Pin FILLER_4375/VDD: has an unconnected terminal at (772.065, 40.435) (772.400, 40.765)
Net VDD, Pin FILLER_4382/VDD: has an unconnected terminal at (783.665, 40.435) (784.000, 40.765)
Net VDD, Pin FILLER_4383/VDD: has an unconnected terminal at (785.265, 40.435) (785.600, 40.765)
Net VDD, Pin FILLER_4508/VDD: has an unconnected terminal at (360.225, 44.035) (360.600, 44.365)
Net VDD, Pin FILLER_4509/VDD: has an unconnected terminal at (367.065, 40.435) (367.400, 40.765)
Net VDD, Pin FILLER_4511/VDD: has an unconnected terminal at (372.665, 44.035) (373.000, 44.365)
Net VDD, Pin FILLER_4512/VDD: has an unconnected terminal at (373.665, 44.035) (374.000, 44.365)
Net VDD, Pin FILLER_4547/VDD: has an unconnected terminal at (470.625, 44.035) (471.000, 44.365)
Net VDD, Pin FILLER_4548/VDD: has an unconnected terminal at (471.425, 44.035) (471.800, 44.365)
Net VDD, Pin FILLER_4553/VDD: has an unconnected terminal at (479.025, 44.035) (479.400, 44.365)
Net VDD, Pin FILLER_4561/VDD: has an unconnected terminal at (518.225, 44.035) (518.600, 44.365)
Net VDD, Pin FILLER_4576/VDD: has an unconnected terminal at (551.625, 44.035) (552.000, 44.365)
Net VDD, Pin FILLER_4582/VDD: has an unconnected terminal at (567.425, 44.035) (567.800, 44.365)
Net VDD, Pin FILLER_4584/VDD: has an unconnected terminal at (574.265, 44.035) (574.600, 44.365)
Net VDD, Pin FILLER_4603/VDD: has an unconnected terminal at (629.065, 44.035) (629.400, 44.365)
Net VDD, Pin FILLER_4604/VDD: has an unconnected terminal at (630.025, 44.035) (630.400, 44.365)
Net VDD, Pin FILLER_4605/VDD: has an unconnected terminal at (631.025, 44.035) (631.400, 44.365)
Net VDD, Pin FILLER_4606/VDD: has an unconnected terminal at (635.665, 44.035) (636.000, 44.365)
Net VDD, Pin FILLER_4607/VDD: has an unconnected terminal at (636.625, 44.035) (637.000, 44.365)
Net VDD, Pin FILLER_4608/VDD: has an unconnected terminal at (637.825, 44.035) (638.200, 44.365)
Net VDD, Pin FILLER_4627/VDD: has an unconnected terminal at (679.625, 44.035) (680.000, 44.365)
Net VDD, Pin FILLER_4630/VDD: has an unconnected terminal at (693.225, 44.035) (693.600, 44.365)
Net VDD, Pin FILLER_4636/VDD: has an unconnected terminal at (706.865, 40.435) (707.200, 40.765)
Net VDD, Pin FILLER_4645/VDD: has an unconnected terminal at (722.825, 44.035) (723.200, 44.365)
Net VDD, Pin FILLER_4651/VDD: has an unconnected terminal at (761.065, 40.435) (761.400, 40.765)
Net VDD, Pin FILLER_4661/VDD: has an unconnected terminal at (808.065, 44.035) (808.400, 44.365)
Net VDD, Pin FILLER_4662/VDD: has an unconnected terminal at (814.665, 44.035) (815.000, 44.365)
Net VDD, Pin FILLER_4708/VDD: has an unconnected terminal at (1095.425, 44.035) (1095.800, 44.365)
Net VDD, Pin FILLER_4829/VDD: has an unconnected terminal at (543.465, 47.635) (543.800, 47.965)
Net VDD, Pin FILLER_4834/VDD: has an unconnected terminal at (550.625, 44.035) (551.000, 44.365)
Net VDD, Pin FILLER_4835/VDD: has an unconnected terminal at (555.265, 44.035) (555.600, 44.365)
Net VDD, Pin FILLER_4842/VDD: has an unconnected terminal at (579.625, 44.035) (580.000, 44.365)
Net VDD, Pin FILLER_4852/VDD: has an unconnected terminal at (613.465, 44.035) (613.800, 44.365)
Net VDD, Pin FILLER_4863/VDD: has an unconnected terminal at (644.465, 44.035) (644.800, 44.365)
Net VDD, Pin FILLER_5015/VDD: has an unconnected terminal at (298.465, 47.635) (298.800, 47.965)
Net VDD, Pin FILLER_5018/VDD: has an unconnected terminal at (300.825, 47.635) (301.200, 47.965)
Net VDD, Pin FILLER_5019/VDD: has an unconnected terminal at (301.825, 47.635) (302.200, 47.965)
Net VDD, Pin FILLER_5021/VDD: has an unconnected terminal at (304.665, 47.635) (305.000, 47.965)
Net VDD, Pin FILLER_5027/VDD: has an unconnected terminal at (321.265, 51.235) (321.600, 51.565)
Net VDD, Pin FILLER_5028/VDD: has an unconnected terminal at (322.225, 47.635) (322.600, 47.965)
Net VDD, Pin FILLER_5031/VDD: has an unconnected terminal at (330.825, 47.635) (331.200, 47.965)
Net VDD, Pin FILLER_5035/VDD: has an unconnected terminal at (336.025, 47.635) (336.400, 47.965)
Net VDD, Pin FILLER_5038/VDD: has an unconnected terminal at (345.625, 47.635) (346.000, 47.965)
Net VDD, Pin FILLER_5039/VDD: has an unconnected terminal at (346.425, 47.635) (346.800, 47.965)
Net VDD, Pin FILLER_5040/VDD: has an unconnected terminal at (347.625, 47.635) (348.000, 47.965)
Net VDD, Pin FILLER_5049/VDD: has an unconnected terminal at (384.225, 47.635) (384.600, 47.965)
Net VDD, Pin FILLER_5056/VDD: has an unconnected terminal at (402.025, 47.635) (402.400, 47.965)
Net VDD, Pin FILLER_5063/VDD: has an unconnected terminal at (415.865, 47.635) (416.200, 47.965)
Net VDD, Pin FILLER_5087/VDD: has an unconnected terminal at (498.865, 40.435) (499.200, 40.765)
Net VDD, Pin FILLER_5090/VDD: has an unconnected terminal at (513.265, 47.635) (513.600, 47.965)
Net VDD, Pin FILLER_5102/VDD: has an unconnected terminal at (565.025, 47.635) (565.400, 47.965)
Net VDD, Pin FILLER_5113/VDD: has an unconnected terminal at (622.865, 44.035) (623.200, 44.365)
Net VDD, Pin FILLER_5121/VDD: has an unconnected terminal at (636.625, 47.635) (637.000, 47.965)
Net VDD, Pin FILLER_5122/VDD: has an unconnected terminal at (638.025, 47.635) (638.400, 47.965)
Net VDD, Pin FILLER_5131/VDD: has an unconnected terminal at (686.065, 51.235) (686.400, 51.565)
Net VDD, Pin FILLER_5161/VDD: has an unconnected terminal at (787.825, 47.635) (788.200, 47.965)
Net VDD, Pin FILLER_5167/VDD: has an unconnected terminal at (812.865, 47.635) (813.200, 47.965)
Net VDD, Pin FILLER_5168/VDD: has an unconnected terminal at (819.465, 47.635) (819.800, 47.965)
Net VDD, Pin FILLER_5169/VDD: has an unconnected terminal at (826.065, 47.635) (826.400, 47.965)
Net VDD, Pin FILLER_5290/VDD: has an unconnected terminal at (351.825, 47.635) (352.200, 47.965)
Net VDD, Pin FILLER_5298/VDD: has an unconnected terminal at (382.065, 47.635) (382.400, 47.965)
Net VDD, Pin FILLER_5363/VDD: has an unconnected terminal at (573.225, 51.235) (573.600, 51.565)
Net VDD, Pin FILLER_5391/VDD: has an unconnected terminal at (634.625, 47.635) (635.000, 47.965)
Net VDD, Pin FILLER_5392/VDD: has an unconnected terminal at (635.625, 47.635) (636.000, 47.965)
Net VDD, Pin FILLER_5426/VDD: has an unconnected terminal at (723.025, 51.235) (723.400, 51.565)
Net VDD, Pin FILLER_5544/VDD: has an unconnected terminal at (293.465, 51.235) (293.800, 51.565)
Net VDD, Pin FILLER_5545/VDD: has an unconnected terminal at (295.665, 51.235) (296.000, 51.565)
Net VDD, Pin FILLER_5546/VDD: has an unconnected terminal at (296.425, 51.235) (296.800, 51.565)
Net VDD, Pin FILLER_5565/VDD: has an unconnected terminal at (314.225, 51.235) (314.600, 51.565)
Net VDD, Pin FILLER_5568/VDD: has an unconnected terminal at (326.465, 51.235) (326.800, 51.565)
Net VDD, Pin FILLER_5574/VDD: has an unconnected terminal at (354.425, 51.235) (354.800, 51.565)
Net VDD, Pin FILLER_5575/VDD: has an unconnected terminal at (355.625, 51.235) (356.000, 51.565)
Net VDD, Pin FILLER_5576/VDD: has an unconnected terminal at (361.665, 47.635) (362.000, 47.965)
Net VDD, Pin FILLER_5581/VDD: has an unconnected terminal at (367.025, 51.235) (367.400, 51.565)
Net VDD, Pin FILLER_5596/VDD: has an unconnected terminal at (386.825, 51.235) (387.200, 51.565)
Net VDD, Pin FILLER_5597/VDD: has an unconnected terminal at (387.825, 51.235) (388.200, 51.565)
Net VDD, Pin FILLER_5614/VDD: has an unconnected terminal at (443.865, 51.235) (444.200, 51.565)
Net VDD, Pin FILLER_5617/VDD: has an unconnected terminal at (455.865, 54.835) (456.200, 55.165)
Net VDD, Pin FILLER_5624/VDD: has an unconnected terminal at (480.665, 51.235) (481.000, 51.565)
Net VDD, Pin FILLER_5632/VDD: has an unconnected terminal at (502.065, 47.635) (502.400, 47.965)
Net VDD, Pin FILLER_5642/VDD: has an unconnected terminal at (538.425, 47.635) (538.800, 47.965)
Net VDD, Pin FILLER_5828/VDD: has an unconnected terminal at (341.465, 51.235) (341.800, 51.565)
Net VDD, Pin FILLER_5831/VDD: has an unconnected terminal at (345.865, 51.235) (346.200, 51.565)
Net VDD, Pin FILLER_5834/VDD: has an unconnected terminal at (357.465, 51.235) (357.800, 51.565)
Net VDD, Pin FILLER_5835/VDD: has an unconnected terminal at (359.465, 51.235) (359.800, 51.565)
Net VDD, Pin FILLER_5871/VDD: has an unconnected terminal at (459.265, 54.835) (459.600, 55.165)
Net VDD, Pin FILLER_5877/VDD: has an unconnected terminal at (488.225, 51.235) (488.600, 51.565)
Net VDD, Pin FILLER_5897/VDD: has an unconnected terminal at (555.425, 51.235) (555.800, 51.565)
Net VDD, Pin FILLER_5915/VDD: has an unconnected terminal at (596.825, 54.835) (597.200, 55.165)
Net VDD, Pin FILLER_5917/VDD: has an unconnected terminal at (603.865, 51.235) (604.200, 51.565)
Net VDD, Pin FILLER_5918/VDD: has an unconnected terminal at (605.665, 54.835) (606.000, 55.165)
Net VDD, Pin FILLER_5923/VDD: has an unconnected terminal at (617.625, 51.235) (618.000, 51.565)
Net VDD, Pin FILLER_5944/VDD: has an unconnected terminal at (667.425, 54.835) (667.800, 55.165)
Net VDD, Pin FILLER_5947/VDD: has an unconnected terminal at (675.425, 54.835) (675.800, 55.165)
Net VDD, Pin FILLER_5961/VDD: has an unconnected terminal at (736.025, 54.835) (736.400, 55.165)
Net VDD, Pin FILLER_5966/VDD: has an unconnected terminal at (770.225, 51.235) (770.600, 51.565)
Net VDD, Pin FILLER_6049/VDD: has an unconnected terminal at (150.265, 54.835) (150.600, 55.165)
Net VDD, Pin FILLER_6059/VDD: has an unconnected terminal at (214.465, 54.835) (214.800, 55.165)
Net VDD, Pin FILLER_6072/VDD: has an unconnected terminal at (283.825, 54.835) (284.200, 55.165)
Net VDD, Pin FILLER_6101/VDD: has an unconnected terminal at (352.465, 54.835) (352.800, 55.165)
Net VDD, Pin FILLER_6123/VDD: has an unconnected terminal at (382.625, 54.835) (383.000, 55.165)
Net VDD, Pin FILLER_6125/VDD: has an unconnected terminal at (385.065, 54.835) (385.400, 55.165)
Net VDD, Pin FILLER_6140/VDD: has an unconnected terminal at (418.625, 54.835) (419.000, 55.165)
Net VDD, Pin FILLER_6148/VDD: has an unconnected terminal at (440.825, 54.835) (441.200, 55.165)
Net VDD, Pin FILLER_6159/VDD: has an unconnected terminal at (484.625, 54.835) (485.000, 55.165)
Net VDD, Pin FILLER_6160/VDD: has an unconnected terminal at (485.425, 54.835) (485.800, 55.165)
Net VDD, Pin FILLER_6183/VDD: has an unconnected terminal at (581.465, 54.835) (581.800, 55.165)
Net VDD, Pin FILLER_6189/VDD: has an unconnected terminal at (595.665, 54.835) (596.000, 55.165)
Net VDD, Pin FILLER_6201/VDD: has an unconnected terminal at (630.225, 54.835) (630.600, 55.165)
Net VDD, Pin FILLER_6203/VDD: has an unconnected terminal at (631.225, 54.835) (631.600, 55.165)
Net VDD, Pin FILLER_6205/VDD: has an unconnected terminal at (637.465, 54.835) (637.800, 55.165)
Net VDD, Pin FILLER_6206/VDD: has an unconnected terminal at (638.225, 54.835) (638.600, 55.165)
Net VDD, Pin FILLER_6219/VDD: has an unconnected terminal at (683.025, 54.835) (683.400, 55.165)
Net VDD, Pin FILLER_6222/VDD: has an unconnected terminal at (690.225, 54.835) (690.600, 55.165)
Net VDD, Pin FILLER_6227/VDD: has an unconnected terminal at (702.065, 54.835) (702.400, 55.165)
Net VDD, Pin FILLER_6242/VDD: has an unconnected terminal at (743.425, 54.835) (743.800, 55.165)
Net VDD, Pin FILLER_6246/VDD: has an unconnected terminal at (760.465, 54.835) (760.800, 55.165)
Net VDD, Pin FILLER_6252/VDD: has an unconnected terminal at (774.865, 54.835) (775.200, 55.165)
Net VDD, Pin FILLER_6260/VDD: has an unconnected terminal at (793.425, 54.835) (793.800, 55.165)
Net VDD, Pin FILLER_6337/VDD: has an unconnected terminal at (181.665, 58.435) (182.000, 58.765)
Net VDD, Pin FILLER_6354/VDD: has an unconnected terminal at (287.465, 54.835) (287.800, 55.165)
Net VDD, Pin FILLER_6355/VDD: has an unconnected terminal at (288.425, 54.835) (288.800, 55.165)
Net VDD, Pin FILLER_6397/VDD: has an unconnected terminal at (407.465, 58.435) (407.800, 58.765)
Net VDD, Pin FILLER_6429/VDD: has an unconnected terminal at (513.025, 54.835) (513.400, 55.165)
Net VDD, Pin FILLER_6462/VDD: has an unconnected terminal at (594.625, 54.835) (595.000, 55.165)
Net VDD, Pin FILLER_6486/VDD: has an unconnected terminal at (664.065, 58.435) (664.400, 58.765)
Net VDD, Pin FILLER_6503/VDD: has an unconnected terminal at (699.425, 54.835) (699.800, 55.165)
Net VDD, Pin FILLER_6504/VDD: has an unconnected terminal at (705.665, 54.835) (706.000, 55.165)
Net VDD, Pin FILLER_6531/VDD: has an unconnected terminal at (789.225, 54.835) (789.600, 55.165)
Net VDD, Pin FILLER_6600/VDD: has an unconnected terminal at (113.065, 58.435) (113.400, 58.765)
Net VDD, Pin FILLER_6603/VDD: has an unconnected terminal at (132.665, 58.435) (133.000, 58.765)
Net VDD, Pin FILLER_6604/VDD: has an unconnected terminal at (139.265, 58.435) (139.600, 58.765)
Net VDD, Pin FILLER_6605/VDD: has an unconnected terminal at (146.065, 58.435) (146.400, 58.765)
Net VDD, Pin FILLER_6606/VDD: has an unconnected terminal at (152.665, 58.435) (153.000, 58.765)
Net VDD, Pin FILLER_6616/VDD: has an unconnected terminal at (216.265, 58.435) (216.600, 58.765)
Net VDD, Pin FILLER_6632/VDD: has an unconnected terminal at (302.265, 58.435) (302.600, 58.765)
Net VDD, Pin FILLER_6637/VDD: has an unconnected terminal at (317.225, 58.435) (317.600, 58.765)
Net VDD, Pin FILLER_6657/VDD: has an unconnected terminal at (387.665, 58.435) (388.000, 58.765)
Net VDD, Pin FILLER_6662/VDD: has an unconnected terminal at (404.265, 58.435) (404.600, 58.765)
Net VDD, Pin FILLER_6663/VDD: has an unconnected terminal at (405.225, 58.435) (405.600, 58.765)
Net VDD, Pin FILLER_6671/VDD: has an unconnected terminal at (431.665, 58.435) (432.000, 58.765)
Net VDD, Pin FILLER_6689/VDD: has an unconnected terminal at (473.825, 58.435) (474.200, 58.765)
Net VDD, Pin FILLER_6690/VDD: has an unconnected terminal at (475.025, 58.435) (475.400, 58.765)
Net VDD, Pin FILLER_6695/VDD: has an unconnected terminal at (484.825, 58.435) (485.200, 58.765)
Net VDD, Pin FILLER_6696/VDD: has an unconnected terminal at (485.825, 58.435) (486.200, 58.765)
Net VDD, Pin FILLER_6717/VDD: has an unconnected terminal at (536.265, 58.435) (536.600, 58.765)
Net VDD, Pin FILLER_6726/VDD: has an unconnected terminal at (572.265, 58.435) (572.600, 58.765)
Net VDD, Pin FILLER_6739/VDD: has an unconnected terminal at (620.625, 58.435) (621.000, 58.765)
Net VDD, Pin FILLER_6750/VDD: has an unconnected terminal at (649.265, 58.435) (649.600, 58.765)
Net VDD, Pin FILLER_6756/VDD: has an unconnected terminal at (675.065, 58.435) (675.400, 58.765)
Net VDD, Pin FILLER_6767/VDD: has an unconnected terminal at (716.825, 58.435) (717.200, 58.765)
Net VDD, Pin FILLER_6768/VDD: has an unconnected terminal at (717.625, 58.435) (718.000, 58.765)
Net VDD, Pin FILLER_6771/VDD: has an unconnected terminal at (734.065, 58.435) (734.400, 58.765)
Net VDD, Pin FILLER_6786/VDD: has an unconnected terminal at (780.825, 58.435) (781.200, 58.765)
Net VDD, Pin FILLER_6791/VDD: has an unconnected terminal at (795.825, 58.435) (796.200, 58.765)
Net VDD, Pin FILLER_6793/VDD: has an unconnected terminal at (806.465, 58.435) (806.800, 58.765)
Net VDD, Pin FILLER_6794/VDD: has an unconnected terminal at (813.065, 58.435) (813.400, 58.765)
Net VDD, Pin FILLER_6893/VDD: has an unconnected terminal at (294.065, 62.035) (294.400, 62.365)
Net VDD, Pin FILLER_6920/VDD: has an unconnected terminal at (341.825, 62.035) (342.200, 62.365)
Net VDD, Pin FILLER_6921/VDD: has an unconnected terminal at (342.825, 62.035) (343.200, 62.365)
Net VDD, Pin FILLER_6940/VDD: has an unconnected terminal at (401.465, 62.035) (401.800, 62.365)
Net VDD, Pin FILLER_6941/VDD: has an unconnected terminal at (410.665, 62.035) (411.000, 62.365)
Net VDD, Pin FILLER_7006/VDD: has an unconnected terminal at (587.825, 62.035) (588.200, 62.365)
Net VDD, Pin FILLER_7007/VDD: has an unconnected terminal at (588.825, 62.035) (589.200, 62.365)
Net VDD, Pin FILLER_7015/VDD: has an unconnected terminal at (605.825, 62.035) (606.200, 62.365)
Net VDD, Pin FILLER_7016/VDD: has an unconnected terminal at (614.465, 58.435) (614.800, 58.765)
Net VDD, Pin FILLER_7027/VDD: has an unconnected terminal at (641.265, 58.435) (641.600, 58.765)
Net VDD, Pin FILLER_7060/VDD: has an unconnected terminal at (755.265, 62.035) (755.600, 62.365)
Net VDD, Pin FILLER_7065/VDD: has an unconnected terminal at (768.625, 62.035) (769.000, 62.365)
Net VDD, Pin FILLER_7149/VDD: has an unconnected terminal at (214.065, 62.035) (214.400, 62.365)
Net VDD, Pin FILLER_7150/VDD: has an unconnected terminal at (220.665, 62.035) (221.000, 62.365)
Net VDD, Pin FILLER_7153/VDD: has an unconnected terminal at (240.265, 62.035) (240.600, 62.365)
Net VDD, Pin FILLER_7161/VDD: has an unconnected terminal at (284.065, 62.035) (284.400, 62.365)
Net VDD, Pin FILLER_7173/VDD: has an unconnected terminal at (312.665, 62.035) (313.000, 62.365)
Net VDD, Pin FILLER_7179/VDD: has an unconnected terminal at (329.265, 62.035) (329.600, 62.365)
Net VDD, Pin FILLER_7181/VDD: has an unconnected terminal at (330.665, 62.035) (331.000, 62.365)
Net VDD, Pin FILLER_7196/VDD: has an unconnected terminal at (365.625, 62.035) (366.000, 62.365)
Net VDD, Pin FILLER_7197/VDD: has an unconnected terminal at (366.825, 62.035) (367.200, 62.365)
Net VDD, Pin FILLER_7198/VDD: has an unconnected terminal at (367.825, 62.035) (368.200, 62.365)
Net VDD, Pin FILLER_7207/VDD: has an unconnected terminal at (408.025, 62.035) (408.400, 62.365)
Net VDD, Pin FILLER_7208/VDD: has an unconnected terminal at (413.265, 62.035) (413.600, 62.365)
Net VDD, Pin FILLER_7209/VDD: has an unconnected terminal at (414.465, 62.035) (414.800, 62.365)
Net VDD, Pin FILLER_7214/VDD: has an unconnected terminal at (424.665, 62.035) (425.000, 62.365)
Net VDD, Pin FILLER_7232/VDD: has an unconnected terminal at (465.065, 62.035) (465.400, 62.365)
Net VDD, Pin FILLER_7233/VDD: has an unconnected terminal at (466.225, 62.035) (466.600, 62.365)
Net VDD, Pin FILLER_7242/VDD: has an unconnected terminal at (485.665, 62.035) (486.000, 62.365)
Net VDD, Pin FILLER_7249/VDD: has an unconnected terminal at (501.065, 62.035) (501.400, 62.365)
Net VDD, Pin FILLER_7253/VDD: has an unconnected terminal at (508.825, 62.035) (509.200, 62.365)
Net VDD, Pin FILLER_7259/VDD: has an unconnected terminal at (532.465, 62.035) (532.800, 62.365)
Net VDD, Pin FILLER_7260/VDD: has an unconnected terminal at (533.225, 62.035) (533.600, 62.365)
Net VDD, Pin FILLER_7262/VDD: has an unconnected terminal at (545.225, 62.035) (545.600, 62.365)
Net VDD, Pin FILLER_7278/VDD: has an unconnected terminal at (584.665, 62.035) (585.000, 62.365)
Net VDD, Pin FILLER_7283/VDD: has an unconnected terminal at (601.425, 62.035) (601.800, 62.365)
Net VDD, Pin FILLER_7292/VDD: has an unconnected terminal at (620.225, 62.035) (620.600, 62.365)
Net VDD, Pin FILLER_7310/VDD: has an unconnected terminal at (680.665, 62.035) (681.000, 62.365)
Net VDD, Pin FILLER_7315/VDD: has an unconnected terminal at (681.665, 65.635) (682.000, 65.965)
Net VDD, Pin FILLER_7323/VDD: has an unconnected terminal at (700.025, 62.035) (700.400, 62.365)
Net VDD, Pin FILLER_7324/VDD: has an unconnected terminal at (701.025, 62.035) (701.400, 62.365)
Net VDD, Pin FILLER_7327/VDD: has an unconnected terminal at (708.025, 62.035) (708.400, 62.365)
Net VDD, Pin FILLER_7328/VDD: has an unconnected terminal at (709.625, 62.035) (710.000, 62.365)
Net VDD, Pin FILLER_7336/VDD: has an unconnected terminal at (724.825, 62.035) (725.200, 62.365)
Net VDD, Pin FILLER_7341/VDD: has an unconnected terminal at (737.465, 62.035) (737.800, 62.365)
Net VDD, Pin FILLER_7343/VDD: has an unconnected terminal at (741.865, 62.035) (742.200, 62.365)
Net VDD, Pin FILLER_7362/VDD: has an unconnected terminal at (816.465, 62.035) (816.800, 62.365)
Net VDD, Pin FILLER_7363/VDD: has an unconnected terminal at (823.265, 62.035) (823.600, 62.365)
Net VDD, Pin FILLER_7437/VDD: has an unconnected terminal at (189.065, 65.635) (189.400, 65.965)
Net VDD, Pin FILLER_7460/VDD: has an unconnected terminal at (296.865, 65.635) (297.200, 65.965)
Net VDD, Pin FILLER_7464/VDD: has an unconnected terminal at (305.465, 65.635) (305.800, 65.965)
Net VDD, Pin FILLER_7469/VDD: has an unconnected terminal at (314.625, 65.635) (315.000, 65.965)
Net VDD, Pin FILLER_7491/VDD: has an unconnected terminal at (381.025, 62.035) (381.400, 62.365)
Net VDD, Pin FILLER_7505/VDD: has an unconnected terminal at (425.665, 62.035) (426.000, 62.365)
Net VDD, Pin FILLER_7514/VDD: has an unconnected terminal at (443.825, 62.035) (444.200, 62.365)
Net VDD, Pin FILLER_7528/VDD: has an unconnected terminal at (502.065, 62.035) (502.400, 62.365)
Net VDD, Pin FILLER_7559/VDD: has an unconnected terminal at (575.265, 62.035) (575.600, 62.365)
Net VDD, Pin FILLER_7586/VDD: has an unconnected terminal at (644.665, 62.035) (645.000, 62.365)
Net VDD, Pin FILLER_7588/VDD: has an unconnected terminal at (645.625, 62.035) (646.000, 62.365)
Net VDD, Pin FILLER_7616/VDD: has an unconnected terminal at (728.265, 62.035) (728.600, 62.365)
Net VDD, Pin FILLER_7722/VDD: has an unconnected terminal at (182.465, 65.635) (182.800, 65.965)
Net VDD, Pin FILLER_7745/VDD: has an unconnected terminal at (294.265, 65.635) (294.600, 65.965)
Net VDD, Pin FILLER_7746/VDD: has an unconnected terminal at (295.025, 65.635) (295.400, 65.965)
Net VDD, Pin FILLER_7748/VDD: has an unconnected terminal at (299.625, 65.635) (300.000, 65.965)
Net VDD, Pin FILLER_7751/VDD: has an unconnected terminal at (303.465, 65.635) (303.800, 65.965)
Net VDD, Pin FILLER_7754/VDD: has an unconnected terminal at (306.425, 65.635) (306.800, 65.965)
Net VDD, Pin FILLER_7756/VDD: has an unconnected terminal at (308.425, 65.635) (308.800, 65.965)
Net VDD, Pin FILLER_7762/VDD: has an unconnected terminal at (317.625, 65.635) (318.000, 65.965)
Net VDD, Pin FILLER_7765/VDD: has an unconnected terminal at (321.025, 65.635) (321.400, 65.965)
Net VDD, Pin FILLER_7771/VDD: has an unconnected terminal at (337.225, 65.635) (337.600, 65.965)
Net VDD, Pin FILLER_7772/VDD: has an unconnected terminal at (338.225, 65.635) (338.600, 65.965)
Net VDD, Pin FILLER_7788/VDD: has an unconnected terminal at (385.265, 65.635) (385.600, 65.965)
Net VDD, Pin FILLER_7796/VDD: has an unconnected terminal at (400.625, 65.635) (401.000, 65.965)
Net VDD, Pin FILLER_7806/VDD: has an unconnected terminal at (433.025, 65.635) (433.400, 65.965)
Net VDD, Pin FILLER_7815/VDD: has an unconnected terminal at (454.825, 65.635) (455.200, 65.965)
Net VDD, Pin FILLER_7828/VDD: has an unconnected terminal at (479.265, 65.635) (479.600, 65.965)
Net VDD, Pin FILLER_7829/VDD: has an unconnected terminal at (480.025, 65.635) (480.400, 65.965)
Net VDD, Pin FILLER_7850/VDD: has an unconnected terminal at (543.625, 65.635) (544.000, 65.965)
Net VDD, Pin FILLER_7851/VDD: has an unconnected terminal at (548.665, 65.635) (549.000, 65.965)
Net VDD, Pin FILLER_7852/VDD: has an unconnected terminal at (550.025, 65.635) (550.400, 65.965)
Net VDD, Pin FILLER_7864/VDD: has an unconnected terminal at (580.625, 65.635) (581.000, 65.965)
Net VDD, Pin FILLER_7870/VDD: has an unconnected terminal at (598.025, 65.635) (598.400, 65.965)
Net VDD, Pin FILLER_7881/VDD: has an unconnected terminal at (644.265, 65.635) (644.600, 65.965)
Net VDD, Pin FILLER_7882/VDD: has an unconnected terminal at (645.825, 65.635) (646.200, 65.965)
Net VDD, Pin FILLER_7883/VDD: has an unconnected terminal at (646.865, 62.035) (647.200, 62.365)
Net VDD, Pin FILLER_7902/VDD: has an unconnected terminal at (706.025, 65.635) (706.400, 65.965)
Net VDD, Pin FILLER_7903/VDD: has an unconnected terminal at (713.065, 62.035) (713.400, 62.365)
Net VDD, Pin FILLER_7907/VDD: has an unconnected terminal at (717.265, 62.035) (717.600, 62.365)
Net VDD, Pin FILLER_7923/VDD: has an unconnected terminal at (767.625, 65.635) (768.000, 65.965)
Net VDD, Pin FILLER_7924/VDD: has an unconnected terminal at (768.625, 65.635) (769.000, 65.965)
Net VDD, Pin FILLER_7925/VDD: has an unconnected terminal at (770.865, 65.635) (771.200, 65.965)
Net VDD, Pin FILLER_7937/VDD: has an unconnected terminal at (811.665, 65.635) (812.000, 65.965)
Net VDD, Pin FILLER_7938/VDD: has an unconnected terminal at (818.465, 65.635) (818.800, 65.965)
Net VDD, Pin FILLER_8054/VDD: has an unconnected terminal at (335.465, 69.235) (335.800, 69.565)
Net VDD, Pin FILLER_8084/VDD: has an unconnected terminal at (413.825, 65.635) (414.200, 65.965)
Net VDD, Pin FILLER_8103/VDD: has an unconnected terminal at (492.025, 65.635) (492.400, 65.965)
Net VDD, Pin FILLER_8118/VDD: has an unconnected terminal at (546.825, 65.635) (547.200, 65.965)
Net VDD, Pin FILLER_8124/VDD: has an unconnected terminal at (567.665, 65.635) (568.000, 65.965)
Net VDD, Pin FILLER_8133/VDD: has an unconnected terminal at (585.865, 69.235) (586.200, 69.565)
Net VDD, Pin FILLER_8164/VDD: has an unconnected terminal at (683.065, 65.635) (683.400, 65.965)
Net VDD, Pin FILLER_8168/VDD: has an unconnected terminal at (696.865, 65.635) (697.200, 65.965)
Net VDD, Pin FILLER_8192/VDD: has an unconnected terminal at (743.865, 69.235) (744.200, 69.565)
Net VDD, Pin FILLER_8198/VDD: has an unconnected terminal at (760.425, 69.235) (760.800, 69.565)
Net VDD, Pin FILLER_8199/VDD: has an unconnected terminal at (761.225, 69.235) (761.600, 69.565)
Net VDD, Pin FILLER_8293/VDD: has an unconnected terminal at (182.265, 69.235) (182.600, 69.565)
Net VDD, Pin FILLER_8313/VDD: has an unconnected terminal at (295.825, 69.235) (296.200, 69.565)
Net VDD, Pin FILLER_8314/VDD: has an unconnected terminal at (296.625, 69.235) (297.000, 69.565)
Net VDD, Pin FILLER_8324/VDD: has an unconnected terminal at (323.225, 69.235) (323.600, 69.565)
Net VDD, Pin FILLER_8327/VDD: has an unconnected terminal at (340.865, 69.235) (341.200, 69.565)
Net VDD, Pin FILLER_8329/VDD: has an unconnected terminal at (347.825, 69.235) (348.200, 69.565)
Net VDD, Pin FILLER_8330/VDD: has an unconnected terminal at (348.825, 69.235) (349.200, 69.565)
Net VDD, Pin FILLER_8332/VDD: has an unconnected terminal at (353.065, 69.235) (353.400, 69.565)
Net VDD, Pin FILLER_8336/VDD: has an unconnected terminal at (364.665, 65.635) (365.000, 65.965)
Net VDD, Pin FILLER_8347/VDD: has an unconnected terminal at (382.025, 65.635) (382.400, 65.965)
Net VDD, Pin FILLER_8348/VDD: has an unconnected terminal at (386.425, 69.235) (386.800, 69.565)
Net VDD, Pin FILLER_8353/VDD: has an unconnected terminal at (418.265, 65.635) (418.600, 65.965)
Net VDD, Pin FILLER_8370/VDD: has an unconnected terminal at (455.265, 69.235) (455.600, 69.565)
Net VDD, Pin FILLER_8380/VDD: has an unconnected terminal at (471.425, 69.235) (471.800, 69.565)
Net VDD, Pin FILLER_8385/VDD: has an unconnected terminal at (483.865, 69.235) (484.200, 69.565)
Net VDD, Pin FILLER_8387/VDD: has an unconnected terminal at (491.425, 69.235) (491.800, 69.565)
Net VDD, Pin FILLER_8396/VDD: has an unconnected terminal at (545.865, 65.635) (546.200, 65.965)
Net VDD, Pin FILLER_8400/VDD: has an unconnected terminal at (549.825, 69.235) (550.200, 69.565)
Net VDD, Pin FILLER_8428/VDD: has an unconnected terminal at (617.665, 69.235) (618.000, 69.565)
Net VDD, Pin FILLER_8432/VDD: has an unconnected terminal at (620.025, 69.235) (620.400, 69.565)
Net VDD, Pin FILLER_8435/VDD: has an unconnected terminal at (633.825, 69.235) (634.200, 69.565)
Net VDD, Pin FILLER_8436/VDD: has an unconnected terminal at (634.825, 69.235) (635.200, 69.565)
Net VDD, Pin FILLER_8442/VDD: has an unconnected terminal at (671.865, 69.235) (672.200, 69.565)
Net VDD, Pin FILLER_8445/VDD: has an unconnected terminal at (679.025, 69.235) (679.400, 69.565)
Net VDD, Pin FILLER_8461/VDD: has an unconnected terminal at (719.625, 69.235) (720.000, 69.565)
Net VDD, Pin FILLER_8469/VDD: has an unconnected terminal at (746.265, 65.635) (746.600, 65.965)
Net VDD, Pin FILLER_8473/VDD: has an unconnected terminal at (758.265, 69.235) (758.600, 69.565)
Net VDD, Pin FILLER_8476/VDD: has an unconnected terminal at (766.065, 69.235) (766.400, 69.565)
Net VDD, Pin FILLER_8485/VDD: has an unconnected terminal at (803.465, 69.235) (803.800, 69.565)
Net VDD, Pin FILLER_8581/VDD: has an unconnected terminal at (295.465, 72.835) (295.800, 73.165)
Net VDD, Pin FILLER_8587/VDD: has an unconnected terminal at (306.625, 69.235) (307.000, 69.565)
Net VDD, Pin FILLER_8594/VDD: has an unconnected terminal at (326.265, 69.235) (326.600, 69.565)
Net VDD, Pin FILLER_8600/VDD: has an unconnected terminal at (332.825, 69.235) (333.200, 69.565)
Net VDD, Pin FILLER_8620/VDD: has an unconnected terminal at (423.865, 72.835) (424.200, 73.165)
Net VDD, Pin FILLER_8621/VDD: has an unconnected terminal at (424.825, 72.835) (425.200, 73.165)
Net VDD, Pin FILLER_8632/VDD: has an unconnected terminal at (453.265, 69.235) (453.600, 69.565)
Net VDD, Pin FILLER_8676/VDD: has an unconnected terminal at (582.665, 72.835) (583.000, 73.165)
Net VDD, Pin FILLER_8720/VDD: has an unconnected terminal at (721.065, 69.235) (721.400, 69.565)
Net VDD, Pin FILLER_8841/VDD: has an unconnected terminal at (302.065, 72.835) (302.400, 73.165)
Net VDD, Pin FILLER_8852/VDD: has an unconnected terminal at (339.065, 69.235) (339.400, 69.565)
Net VDD, Pin FILLER_8865/VDD: has an unconnected terminal at (357.265, 72.835) (357.600, 73.165)
Net VDD, Pin FILLER_8876/VDD: has an unconnected terminal at (399.465, 72.835) (399.800, 73.165)
Net VDD, Pin FILLER_8881/VDD: has an unconnected terminal at (416.665, 72.835) (417.000, 73.165)
Net VDD, Pin FILLER_8882/VDD: has an unconnected terminal at (417.425, 72.835) (417.800, 73.165)
Net VDD, Pin FILLER_8884/VDD: has an unconnected terminal at (421.265, 72.835) (421.600, 73.165)
Net VDD, Pin FILLER_8910/VDD: has an unconnected terminal at (479.825, 72.835) (480.200, 73.165)
Net VDD, Pin FILLER_8937/VDD: has an unconnected terminal at (546.665, 72.835) (547.000, 73.165)
Net VDD, Pin FILLER_8959/VDD: has an unconnected terminal at (623.225, 72.835) (623.600, 73.165)
Net VDD, Pin FILLER_8989/VDD: has an unconnected terminal at (747.665, 72.835) (748.000, 73.165)
Net VDD, Pin FILLER_8990/VDD: has an unconnected terminal at (752.465, 72.835) (752.800, 73.165)
Net VDD, Pin FILLER_8992/VDD: has an unconnected terminal at (761.425, 72.835) (761.800, 73.165)
Net VDD, Pin FILLER_8996/VDD: has an unconnected terminal at (765.825, 72.835) (766.200, 73.165)
Net VDD, Pin FILLER_8997/VDD: has an unconnected terminal at (766.625, 72.835) (767.000, 73.165)
Net VDD, Pin FILLER_9001/VDD: has an unconnected terminal at (782.225, 72.835) (782.600, 73.165)
Net VDD, Pin FILLER_9132/VDD: has an unconnected terminal at (398.065, 72.835) (398.400, 73.165)
Net VDD, Pin FILLER_9154/VDD: has an unconnected terminal at (466.865, 76.435) (467.200, 76.765)
Net VDD, Pin FILLER_9167/VDD: has an unconnected terminal at (518.225, 76.435) (518.600, 76.765)
Net VDD, Pin FILLER_9169/VDD: has an unconnected terminal at (520.625, 76.435) (521.000, 76.765)
Net VDD, Pin FILLER_9187/VDD: has an unconnected terminal at (564.625, 76.435) (565.000, 76.765)
Net VDD, Pin FILLER_9192/VDD: has an unconnected terminal at (576.865, 80.035) (577.200, 80.365)
Net VDD, Pin FILLER_9199/VDD: has an unconnected terminal at (588.265, 76.435) (588.600, 76.765)
Net VDD, Pin FILLER_9215/VDD: has an unconnected terminal at (622.665, 76.435) (623.000, 76.765)
Net VDD, Pin FILLER_9234/VDD: has an unconnected terminal at (701.425, 76.435) (701.800, 76.765)
Net VDD, Pin FILLER_9245/VDD: has an unconnected terminal at (737.025, 76.435) (737.400, 76.765)
Net VDD, Pin FILLER_9246/VDD: has an unconnected terminal at (738.425, 76.435) (738.800, 76.765)
Net VDD, Pin FILLER_9368/VDD: has an unconnected terminal at (303.065, 76.435) (303.400, 76.765)
Net VDD, Pin FILLER_9374/VDD: has an unconnected terminal at (354.665, 76.435) (355.000, 76.765)
Net VDD, Pin FILLER_9398/VDD: has an unconnected terminal at (417.265, 76.435) (417.600, 76.765)
Net VDD, Pin FILLER_9416/VDD: has an unconnected terminal at (455.425, 76.435) (455.800, 76.765)
Net VDD, Pin FILLER_9426/VDD: has an unconnected terminal at (480.425, 76.435) (480.800, 76.765)
Net VDD, Pin FILLER_9456/VDD: has an unconnected terminal at (586.425, 76.435) (586.800, 76.765)
Net VDD, Pin FILLER_9463/VDD: has an unconnected terminal at (600.625, 76.435) (601.000, 76.765)
Net VDD, Pin FILLER_9473/VDD: has an unconnected terminal at (617.825, 76.435) (618.200, 76.765)
Net VDD, Pin FILLER_9474/VDD: has an unconnected terminal at (619.025, 76.435) (619.400, 76.765)
Net VDD, Pin FILLER_9485/VDD: has an unconnected terminal at (647.265, 76.435) (647.600, 76.765)
Net VDD, Pin FILLER_9494/VDD: has an unconnected terminal at (668.025, 76.435) (668.400, 76.765)
Net VDD, Pin FILLER_9516/VDD: has an unconnected terminal at (723.425, 76.435) (723.800, 76.765)
Net VDD, Pin FILLER_9517/VDD: has an unconnected terminal at (726.225, 76.435) (726.600, 76.765)
Net VDD, Pin FILLER_9522/VDD: has an unconnected terminal at (742.465, 76.435) (742.800, 76.765)
Net VDD, Pin FILLER_9523/VDD: has an unconnected terminal at (744.225, 76.435) (744.600, 76.765)
Net VDD, Pin FILLER_9527/VDD: has an unconnected terminal at (760.465, 72.835) (760.800, 73.165)
Net VDD, Pin FILLER_9539/VDD: has an unconnected terminal at (798.465, 76.435) (798.800, 76.765)
Net VDD, Pin FILLER_9540/VDD: has an unconnected terminal at (799.225, 76.435) (799.600, 76.765)
Net VDD, Pin FILLER_9541/VDD: has an unconnected terminal at (800.025, 76.435) (800.400, 76.765)
Net VDD, Pin FILLER_9647/VDD: has an unconnected terminal at (320.865, 80.035) (321.200, 80.365)
Net VDD, Pin FILLER_9654/VDD: has an unconnected terminal at (352.865, 80.035) (353.200, 80.365)
Net VDD, Pin FILLER_9669/VDD: has an unconnected terminal at (397.225, 80.035) (397.600, 80.365)
Net VDD, Pin FILLER_9676/VDD: has an unconnected terminal at (413.425, 80.035) (413.800, 80.365)
Net VDD, Pin FILLER_9677/VDD: has an unconnected terminal at (421.065, 80.035) (421.400, 80.365)
Net VDD, Pin FILLER_9720/VDD: has an unconnected terminal at (549.025, 80.035) (549.400, 80.365)
Net VDD, Pin FILLER_9730/VDD: has an unconnected terminal at (582.265, 76.435) (582.600, 76.765)
Net VDD, Pin FILLER_9752/VDD: has an unconnected terminal at (639.865, 80.035) (640.200, 80.365)
Net VDD, Pin FILLER_9753/VDD: has an unconnected terminal at (640.825, 80.035) (641.200, 80.365)
Net VDD, Pin FILLER_9758/VDD: has an unconnected terminal at (654.865, 80.035) (655.200, 80.365)
Net VDD, Pin FILLER_9773/VDD: has an unconnected terminal at (692.865, 80.035) (693.200, 80.365)
Net VDD, Pin FILLER_9774/VDD: has an unconnected terminal at (693.625, 80.035) (694.000, 80.365)
Net VDD, Pin FILLER_9775/VDD: has an unconnected terminal at (694.425, 80.035) (694.800, 80.365)
Net VDD, Pin FILLER_9882/VDD: has an unconnected terminal at (182.265, 80.035) (182.600, 80.365)
Net VDD, Pin FILLER_9919/VDD: has an unconnected terminal at (330.225, 80.035) (330.600, 80.365)
Net VDD, Pin FILLER_9920/VDD: has an unconnected terminal at (331.225, 80.035) (331.600, 80.365)
Net VDD, Pin FILLER_9928/VDD: has an unconnected terminal at (353.665, 83.635) (354.000, 83.965)
Net VDD, Pin FILLER_9929/VDD: has an unconnected terminal at (354.625, 83.635) (355.000, 83.965)
Net VDD, Pin FILLER_9937/VDD: has an unconnected terminal at (372.825, 80.035) (373.200, 80.365)
Net VDD, Pin FILLER_9938/VDD: has an unconnected terminal at (373.825, 80.035) (374.200, 80.365)
Net VDD, Pin FILLER_9939/VDD: has an unconnected terminal at (375.025, 80.035) (375.400, 80.365)
Net VDD, Pin FILLER_9952/VDD: has an unconnected terminal at (395.425, 80.035) (395.800, 80.365)
Net VDD, Pin FILLER_9953/VDD: has an unconnected terminal at (396.225, 80.035) (396.600, 80.365)
Net VDD, Pin FILLER_9956/VDD: has an unconnected terminal at (405.025, 83.635) (405.400, 83.965)
Net VDD, Pin FILLER_9959/VDD: has an unconnected terminal at (410.425, 80.035) (410.800, 80.365)
Net VDD, Pin FILLER_9960/VDD: has an unconnected terminal at (415.465, 80.035) (415.800, 80.365)
Net VDD, Pin FILLER_9961/VDD: has an unconnected terminal at (416.425, 80.035) (416.800, 80.365)
Net VDD, Pin FILLER_9963/VDD: has an unconnected terminal at (422.465, 80.035) (422.800, 80.365)
Net VDD, Pin FILLER_9969/VDD: has an unconnected terminal at (450.065, 87.235) (450.400, 87.565)
Net VDD, Pin FILLER_9976/VDD: has an unconnected terminal at (457.225, 80.035) (457.600, 80.365)
Net VDD, Pin FILLER_9985/VDD: has an unconnected terminal at (485.065, 83.635) (485.400, 83.965)
Net VDD, Pin FILLER_10003/VDD: has an unconnected terminal at (527.225, 80.035) (527.600, 80.365)
Net VDD, Pin FILLER_10021/VDD: has an unconnected terminal at (550.465, 80.035) (550.800, 80.365)
Net VDD, Pin FILLER_10022/VDD: has an unconnected terminal at (551.225, 80.035) (551.600, 80.365)
Net VDD, Pin FILLER_10035/VDD: has an unconnected terminal at (582.025, 80.035) (582.400, 80.365)
Net VDD, Pin FILLER_10039/VDD: has an unconnected terminal at (602.865, 80.035) (603.200, 80.365)
Net VDD, Pin FILLER_10040/VDD: has an unconnected terminal at (603.825, 80.035) (604.200, 80.365)
Net VDD, Pin FILLER_10049/VDD: has an unconnected terminal at (638.025, 80.035) (638.400, 80.365)
Net VDD, Pin FILLER_10050/VDD: has an unconnected terminal at (638.825, 80.035) (639.200, 80.365)
Net VDD, Pin FILLER_10061/VDD: has an unconnected terminal at (656.265, 80.035) (656.600, 80.365)
Net VDD, Pin FILLER_10070/VDD: has an unconnected terminal at (681.465, 80.035) (681.800, 80.365)
Net VDD, Pin FILLER_10077/VDD: has an unconnected terminal at (695.825, 80.035) (696.200, 80.365)
Net VDD, Pin FILLER_10084/VDD: has an unconnected terminal at (710.065, 80.035) (710.400, 80.365)
Net VDD, Pin FILLER_10104/VDD: has an unconnected terminal at (760.025, 80.035) (760.400, 80.365)
Net VDD, Pin FILLER_10108/VDD: has an unconnected terminal at (765.665, 80.035) (766.000, 80.365)
Net VDD, Pin FILLER_10110/VDD: has an unconnected terminal at (766.865, 80.035) (767.200, 80.365)
Net VDD, Pin FILLER_10126/VDD: has an unconnected terminal at (816.465, 80.035) (816.800, 80.365)
Net VDD, Pin FILLER_10224/VDD: has an unconnected terminal at (312.025, 83.635) (312.400, 83.965)
Net VDD, Pin FILLER_10230/VDD: has an unconnected terminal at (342.025, 83.635) (342.400, 83.965)
Net VDD, Pin FILLER_10239/VDD: has an unconnected terminal at (371.865, 83.635) (372.200, 83.965)
Net VDD, Pin FILLER_10242/VDD: has an unconnected terminal at (374.225, 83.635) (374.600, 83.965)
Net VDD, Pin FILLER_10253/VDD: has an unconnected terminal at (401.625, 83.635) (402.000, 83.965)
Net VDD, Pin FILLER_10261/VDD: has an unconnected terminal at (421.065, 83.635) (421.400, 83.965)
Net VDD, Pin FILLER_10278/VDD: has an unconnected terminal at (479.465, 80.035) (479.800, 80.365)
Net VDD, Pin FILLER_10291/VDD: has an unconnected terminal at (508.665, 83.635) (509.000, 83.965)
Net VDD, Pin FILLER_10318/VDD: has an unconnected terminal at (569.265, 83.635) (569.600, 83.965)
Net VDD, Pin FILLER_10331/VDD: has an unconnected terminal at (591.425, 83.635) (591.800, 83.965)
Net VDD, Pin FILLER_10349/VDD: has an unconnected terminal at (668.065, 83.635) (668.400, 83.965)

Begin Summary
    1000 Problem(s) (IMPVFC-96): Terminal(s) are not connected.
    1000 total info(s) created.
End Summary
