
Cadence Innovus(TM) Implementation System.
Copyright 2015 Cadence Design Systems, Inc. All rights reserved worldwide.

Version:	v15.23-s045_1, built Fri Apr 22 12:32:52 PDT 2016
Options:	
Date:		Fri Mar  6 16:38:26 2026
Host:		ieng6-ece-20.ucsd.edu (x86_64 w/Linux 3.10.0-1160.119.1.el7.x86_64) (4cores*8cpus*Intel(R) Xeon(R) Gold 5220 CPU @ 2.20GHz 25344KB)
OS:		CentOS Linux release 7.9.2009 (Core)

License:
		invs	Innovus Implementation System	15.2	checkout succeeded
		8 CPU jobs allowed with the current license(s). Use setMultiCpuUsage to set your required CPU count.
**ERROR: (IMPOAX-142):	Could not open shared library libinnovusoax22.so : /acsnfs3/software/cadence-innovus152/tools/lib/64bit/libcdsSkillPcell.so: undefined symbol: _ZTIN12OpenAccess_413oaFSComponentE

**ERROR: (IMPOAX-142):	Could not open shared library libcdsSkillPcell.so : (null)

**ERROR: (IMPOAX-142):	OA features will be disabled in this session.


**INFO:  MMMC transition support version v31-84 

<CMD> set_global _enable_mmmc_by_default_flow      $CTE::mmmc_default
<CMD> suppressMessage ENCEXT-2799
<CMD> getDrawView
<CMD> loadWorkspace -name Physical
<CMD> win
<CMD> set init_pwr_net VDD
<CMD> set init_gnd_net VSS
<CMD> set init_verilog ../syn/gate/sram_160b_w16.out.v
<CMD> set init_design_netlisttype Verilog
<CMD> set init_design_settop 1
<CMD> set init_top_cell sram_160b_w16
<CMD> set init_lef_file /home/linux/ieng6/ECE260B_WI26_A00/public/PDKdata/lef/tcbn65gplus_8lmT2.lef
<CMD> create_library_set -name WC_LIB -timing $worst_timing_lib
<CMD> create_library_set -name BC_LIB -timing $best_timing_lib
<CMD> create_rc_corner -name Cmax -cap_table $worst_captbl -T 125
<CMD> create_rc_corner -name Cmin -cap_table $best_captbl  -T -40
<CMD> create_delay_corner -name WC -library_set WC_LIB -rc_corner Cmax
<CMD> create_delay_corner -name BC -library_set BC_LIB -rc_corner Cmin
<CMD> create_constraint_mode -name CON -sdc_file [list $sdc]
<CMD> create_analysis_view -name WC_VIEW -delay_corner WC -constraint_mode CON
<CMD> create_analysis_view -name BC_VIEW -delay_corner BC -constraint_mode CON
<CMD> init_design -setup WC_VIEW -hold BC_VIEW
**ERROR: (IMPOAX-820):	The OA features are disabled in the current session of Innovus because the oax shared library could not be loaded properly. This could be because your installation was not properly configured. To enable OA features, exit the current session and re-launch Innovus either after fixing your installation by running the Configure Installation phase, or after setting the OA_HOME variable to point to a proper OA installation. Check the "OpenAccess Installation and Configuration Guide" manual for more information.

**ERROR: (IMPOAX-850):	oaxCreateCdsLibArray command cannot be run as OA features are disabled in this session.

Loading LEF file /home/linux/ieng6/ECE260B_WI26_A00/public/PDKdata/lef/tcbn65gplus_8lmT2.lef ...
WARNING (LEFPARS-2007): NAMESCASESENSITIVE statement is obsolete in version 5.6 and later.
The LEF parser will ignore this statement.
To avoid this warning in the future, remove this statement from the LEF file with version 5.6 or later. See file /home/linux/ieng6/ECE260B_WI26_A00/public/PDKdata/lef/tcbn65gplus_8lmT2.lef at line 28.
WARNING (LEFPARS-2019): TOPOFSTACKONLY statement is obsolete in version 5.6 and later.
The LEF parser will ignore this statement.
To avoid this warning in the future, remove this statement from the LEF file with version 5.6 or later See file /home/linux/ieng6/ECE260B_WI26_A00/public/PDKdata/lef/tcbn65gplus_8lmT2.lef at line 867.
WARNING (LEFPARS-2019): TOPOFSTACKONLY statement is obsolete in version 5.6 and later.
The LEF parser will ignore this statement.
To avoid this warning in the future, remove this statement from the LEF file with version 5.6 or later See file /home/linux/ieng6/ECE260B_WI26_A00/public/PDKdata/lef/tcbn65gplus_8lmT2.lef at line 877.
WARNING (LEFPARS-2019): TOPOFSTACKONLY statement is obsolete in version 5.6 and later.
The LEF parser will ignore this statement.
To avoid this warning in the future, remove this statement from the LEF file with version 5.6 or later See file /home/linux/ieng6/ECE260B_WI26_A00/public/PDKdata/lef/tcbn65gplus_8lmT2.lef at line 1014.
WARNING (LEFPARS-2019): TOPOFSTACKONLY statement is obsolete in version 5.6 and later.
The LEF parser will ignore this statement.
To avoid this warning in the future, remove this statement from the LEF file with version 5.6 or later See file /home/linux/ieng6/ECE260B_WI26_A00/public/PDKdata/lef/tcbn65gplus_8lmT2.lef at line 1024.
WARNING (LEFPARS-2019): TOPOFSTACKONLY statement is obsolete in version 5.6 and later.
The LEF parser will ignore this statement.
To avoid this warning in the future, remove this statement from the LEF file with version 5.6 or later See file /home/linux/ieng6/ECE260B_WI26_A00/public/PDKdata/lef/tcbn65gplus_8lmT2.lef at line 1161.
WARNING (LEFPARS-2019): TOPOFSTACKONLY statement is obsolete in version 5.6 and later.
The LEF parser will ignore this statement.
To avoid this warning in the future, remove this statement from the LEF file with version 5.6 or later See file /home/linux/ieng6/ECE260B_WI26_A00/public/PDKdata/lef/tcbn65gplus_8lmT2.lef at line 1171.
WARNING (LEFPARS-2019): TOPOFSTACKONLY statement is obsolete in version 5.6 and later.
The LEF parser will ignore this statement.
To avoid this warning in the future, remove this statement from the LEF file with version 5.6 or later See file /home/linux/ieng6/ECE260B_WI26_A00/public/PDKdata/lef/tcbn65gplus_8lmT2.lef at line 1308.
WARNING (LEFPARS-2019): TOPOFSTACKONLY statement is obsolete in version 5.6 and later.
The LEF parser will ignore this statement.
To avoid this warning in the future, remove this statement from the LEF file with version 5.6 or later See file /home/linux/ieng6/ECE260B_WI26_A00/public/PDKdata/lef/tcbn65gplus_8lmT2.lef at line 1318.
WARNING (LEFPARS-2019): TOPOFSTACKONLY statement is obsolete in version 5.6 and later.
The LEF parser will ignore this statement.
To avoid this warning in the future, remove this statement from the LEF file with version 5.6 or later See file /home/linux/ieng6/ECE260B_WI26_A00/public/PDKdata/lef/tcbn65gplus_8lmT2.lef at line 1372.
WARNING (LEFPARS-2019): TOPOFSTACKONLY statement is obsolete in version 5.6 and later.
The LEF parser will ignore this statement.
To avoid this warning in the future, remove this statement from the LEF file with version 5.6 or later See file /home/linux/ieng6/ECE260B_WI26_A00/public/PDKdata/lef/tcbn65gplus_8lmT2.lef at line 1383.
WARNING (LEFPARS-2019): TOPOFSTACKONLY statement is obsolete in version 5.6 and later.
The LEF parser will ignore this statement.
To avoid this warning in the future, remove this statement from the LEF file with version 5.6 or later See file /home/linux/ieng6/ECE260B_WI26_A00/public/PDKdata/lef/tcbn65gplus_8lmT2.lef at line 1604.
WARNING (LEFPARS-2019): TOPOFSTACKONLY statement is obsolete in version 5.6 and later.
The LEF parser will ignore this statement.
To avoid this warning in the future, remove this statement from the LEF file with version 5.6 or later See file /home/linux/ieng6/ECE260B_WI26_A00/public/PDKdata/lef/tcbn65gplus_8lmT2.lef at line 1614.
WARNING (LEFPARS-2022): DIRECTION statement in VIARULE is obsolete in version 5.6 and later.
The LEF parser will ignore this statement.
To avoid this warning in the future, remove this statement from the LEF file with version 5.6 or later. See file /home/linux/ieng6/ECE260B_WI26_A00/public/PDKdata/lef/tcbn65gplus_8lmT2.lef at line 1769.
WARNING (LEFPARS-2022): DIRECTION statement in VIARULE is obsolete in version 5.6 and later.
The LEF parser will ignore this statement.
To avoid this warning in the future, remove this statement from the LEF file with version 5.6 or later. See file /home/linux/ieng6/ECE260B_WI26_A00/public/PDKdata/lef/tcbn65gplus_8lmT2.lef at line 1771.
WARNING (LEFPARS-2021): turn-via is obsolete in version 5.6 and later.
The LEF parser will ignore this statement.
To avoid this warning in the future, remove this statement from the LEF file with version 5.6 or later. See file /home/linux/ieng6/ECE260B_WI26_A00/public/PDKdata/lef/tcbn65gplus_8lmT2.lef at line 1772.
WARNING (LEFPARS-2022): DIRECTION statement in VIARULE is obsolete in version 5.6 and later.
The LEF parser will ignore this statement.
To avoid this warning in the future, remove this statement from the LEF file with version 5.6 or later. See file /home/linux/ieng6/ECE260B_WI26_A00/public/PDKdata/lef/tcbn65gplus_8lmT2.lef at line 1776.
WARNING (LEFPARS-2022): DIRECTION statement in VIARULE is obsolete in version 5.6 and later.
The LEF parser will ignore this statement.
To avoid this warning in the future, remove this statement from the LEF file with version 5.6 or later. See file /home/linux/ieng6/ECE260B_WI26_A00/public/PDKdata/lef/tcbn65gplus_8lmT2.lef at line 1778.
WARNING (LEFPARS-2021): turn-via is obsolete in version 5.6 and later.
The LEF parser will ignore this statement.
To avoid this warning in the future, remove this statement from the LEF file with version 5.6 or later. See file /home/linux/ieng6/ECE260B_WI26_A00/public/PDKdata/lef/tcbn65gplus_8lmT2.lef at line 1779.
WARNING (LEFPARS-2022): DIRECTION statement in VIARULE is obsolete in version 5.6 and later.
The LEF parser will ignore this statement.
To avoid this warning in the future, remove this statement from the LEF file with version 5.6 or later. See file /home/linux/ieng6/ECE260B_WI26_A00/public/PDKdata/lef/tcbn65gplus_8lmT2.lef at line 1783.
Set DBUPerIGU to M2 pitch 400.
**WARN: (IMPLF-200):	Pin 'I' in macro 'ANTENNA' has no ANTENNAGATEAREA value defined. The library data is incomplete and some process antenna rules will not be checked correctly.
Type 'man IMPLF-200' for more detail.

viaInitial starts at Fri Mar  6 16:41:04 2026
viaInitial ends at Fri Mar  6 16:41:04 2026
Reading WC_LIB timing library '/home/linux/ieng6/ECE260B_WI26_A00/public/PDKdata/lib/tcbn65gpluswc.lib' ...
**WARN: (TECHLIB-436):	Attribute 'max_fanout' on 'output/inout' pin 'Z' of cell 'AN2D0' is not defined in the library.
**WARN: (TECHLIB-436):	Attribute 'max_fanout' on 'output/inout' pin 'Z' of cell 'AN2D1' is not defined in the library.
**WARN: (TECHLIB-436):	Attribute 'max_fanout' on 'output/inout' pin 'Z' of cell 'AN2D2' is not defined in the library.
**WARN: (TECHLIB-436):	Attribute 'max_fanout' on 'output/inout' pin 'Z' of cell 'AN2D4' is not defined in the library.
**WARN: (TECHLIB-436):	Attribute 'max_fanout' on 'output/inout' pin 'Z' of cell 'AN2D8' is not defined in the library.
**WARN: (TECHLIB-436):	Attribute 'max_fanout' on 'output/inout' pin 'Z' of cell 'AN2XD1' is not defined in the library.
**WARN: (TECHLIB-436):	Attribute 'max_fanout' on 'output/inout' pin 'Z' of cell 'AN3D0' is not defined in the library.
**WARN: (TECHLIB-436):	Attribute 'max_fanout' on 'output/inout' pin 'Z' of cell 'AN3D1' is not defined in the library.
**WARN: (TECHLIB-436):	Attribute 'max_fanout' on 'output/inout' pin 'Z' of cell 'AN3D2' is not defined in the library.
**WARN: (TECHLIB-436):	Attribute 'max_fanout' on 'output/inout' pin 'Z' of cell 'AN3D4' is not defined in the library.
**WARN: (TECHLIB-436):	Attribute 'max_fanout' on 'output/inout' pin 'Z' of cell 'AN3D8' is not defined in the library.
**WARN: (TECHLIB-436):	Attribute 'max_fanout' on 'output/inout' pin 'Z' of cell 'AN3XD1' is not defined in the library.
**WARN: (TECHLIB-436):	Attribute 'max_fanout' on 'output/inout' pin 'Z' of cell 'AN4D0' is not defined in the library.
**WARN: (TECHLIB-436):	Attribute 'max_fanout' on 'output/inout' pin 'Z' of cell 'AN4D1' is not defined in the library.
**WARN: (TECHLIB-436):	Attribute 'max_fanout' on 'output/inout' pin 'Z' of cell 'AN4D2' is not defined in the library.
**WARN: (TECHLIB-436):	Attribute 'max_fanout' on 'output/inout' pin 'Z' of cell 'AN4D4' is not defined in the library.
**WARN: (TECHLIB-436):	Attribute 'max_fanout' on 'output/inout' pin 'Z' of cell 'AN4D8' is not defined in the library.
**WARN: (TECHLIB-436):	Attribute 'max_fanout' on 'output/inout' pin 'Z' of cell 'AN4XD1' is not defined in the library.
**WARN: (TECHLIB-436):	Attribute 'max_fanout' on 'output/inout' pin 'Z' of cell 'AO211D0' is not defined in the library.
**WARN: (TECHLIB-436):	Attribute 'max_fanout' on 'output/inout' pin 'Z' of cell 'AO211D1' is not defined in the library.
Message <TECHLIB-436> has exceeded the message display limit of '20'. setMessageLimit/set_message_limit sets the limit. unsetMessageLimit/unset_message_limit can be used to reset this.
Read 811 cells in library 'tcbn65gpluswc' 
Reading BC_LIB timing library '/home/linux/ieng6/ECE260B_WI26_A00/public/PDKdata/lib/tcbn65gplusbc.lib' ...
Read 811 cells in library 'tcbn65gplusbc' 
*** End library_loading (cpu=0.00min, mem=0.0M, fe_cpu=0.24min, fe_real=2.67min, fe_mem=471.7M) ***
*** Begin netlist parsing (mem=471.7M) ***
**WARN: (IMPVL-159):	Pin 'VSS' of cell 'XOR4D4' is defined in LEF but not in the timing library.
**WARN: (IMPVL-159):	Pin 'VDD' of cell 'XOR4D4' is defined in LEF but not in the timing library.
**WARN: (IMPVL-159):	Pin 'VSS' of cell 'XOR4D2' is defined in LEF but not in the timing library.
**WARN: (IMPVL-159):	Pin 'VDD' of cell 'XOR4D2' is defined in LEF but not in the timing library.
**WARN: (IMPVL-159):	Pin 'VSS' of cell 'XOR4D1' is defined in LEF but not in the timing library.
**WARN: (IMPVL-159):	Pin 'VDD' of cell 'XOR4D1' is defined in LEF but not in the timing library.
**WARN: (IMPVL-159):	Pin 'VSS' of cell 'XOR4D0' is defined in LEF but not in the timing library.
**WARN: (IMPVL-159):	Pin 'VDD' of cell 'XOR4D0' is defined in LEF but not in the timing library.
**WARN: (IMPVL-159):	Pin 'VSS' of cell 'XOR3D4' is defined in LEF but not in the timing library.
**WARN: (IMPVL-159):	Pin 'VDD' of cell 'XOR3D4' is defined in LEF but not in the timing library.
**WARN: (IMPVL-159):	Pin 'VSS' of cell 'XOR3D2' is defined in LEF but not in the timing library.
**WARN: (IMPVL-159):	Pin 'VDD' of cell 'XOR3D2' is defined in LEF but not in the timing library.
**WARN: (IMPVL-159):	Pin 'VSS' of cell 'XOR3D1' is defined in LEF but not in the timing library.
**WARN: (IMPVL-159):	Pin 'VDD' of cell 'XOR3D1' is defined in LEF but not in the timing library.
**WARN: (IMPVL-159):	Pin 'VSS' of cell 'XOR3D0' is defined in LEF but not in the timing library.
**WARN: (IMPVL-159):	Pin 'VDD' of cell 'XOR3D0' is defined in LEF but not in the timing library.
**WARN: (IMPVL-159):	Pin 'VSS' of cell 'XOR2D4' is defined in LEF but not in the timing library.
**WARN: (IMPVL-159):	Pin 'VDD' of cell 'XOR2D4' is defined in LEF but not in the timing library.
**WARN: (IMPVL-159):	Pin 'VSS' of cell 'XOR2D2' is defined in LEF but not in the timing library.
**WARN: (IMPVL-159):	Pin 'VDD' of cell 'XOR2D2' is defined in LEF but not in the timing library.
**WARN: (EMS-27):	Message (IMPVL-159) has exceeded the current message display limit of 20.
To increase the message display limit, refer to the product command reference manual.
Created 811 new cells from 2 timing libraries.
Reading netlist ...
Backslashed names will retain backslash and a trailing blank character.
Reading verilog netlist '../syn/gate/sram_160b_w16.out.v'

*** Memory Usage v#1 (Current mem = 471.699M, initial mem = 152.258M) ***
*** End netlist parsing (cpu=0:00:00.1, real=0:00:01.0, mem=471.7M) ***
Set top cell to sram_160b_w16.
Hooked 1622 DB cells to tlib cells.
Starting recursive module instantiation check.
No recursion found.
Building hierarchical netlist for Cell sram_160b_w16 ...
*** Netlist is unique.
** info: there are 1658 modules.
** info: there are 4420 stdCell insts.

*** Memory Usage v#1 (Current mem = 525.461M, initial mem = 152.258M) ***
**WARN: (IMPFP-3961):	The techSite 'dcore' has no related cells in LEF/OA library. Cannot make calculations for this site type unless cell models of this type exist in the LEF/OA library. If the SITE is not used by the library you can ignore this warning or remove the SITE definition from the LEF/OA to avoid this message.
Type 'man IMPFP-3961' for more detail.
**WARN: (IMPFP-3961):	The techSite 'ccore' has no related cells in LEF/OA library. Cannot make calculations for this site type unless cell models of this type exist in the LEF/OA library. If the SITE is not used by the library you can ignore this warning or remove the SITE definition from the LEF/OA to avoid this message.
Type 'man IMPFP-3961' for more detail.
Set Default Net Delay as 1000 ps.
Set Default Net Load as 0.5 pF. 
Set Default Input Pin Transition as 0.1 ps.
WC_VIEW BC_VIEW
Initializing multi-corner RC extraction with 2 active RC Corners ...
Reading Capacitance Table File /home/linux/ieng6/ECE260B_WI26_A00/public/PDKdata/captbl/cln65g+_1p08m+alrdl_top2_cworst.captable ...
**WARN: (IMPEXT-2760):	Layer M9 specified in the cap table is ignored because it is greater than the maximum number of layers, 8, specified in the technology LEF file. Check the cap table for the invalid layer specification.
**WARN: (IMPEXT-2771):	Via VIA_8 specified in the cap table is ignored because its top layer, M9, is greater than the maximum number of layers, 8, specified in the technology LEF file. Check the cap table for the invalid layer specification.
**WARN: (IMPEXT-2801):	Resistance values are not provided in the Cap Table. Sheet resistance defined in the LEF file will be used.
**WARN: (IMPEXT-2710):	Basic Cap table for layer M9 is ignored because the layer is not specified in the technology LEF file.
Reading Capacitance Table File /home/linux/ieng6/ECE260B_WI26_A00/public/PDKdata/captbl/cln65g+_1p08m+alrdl_top2_cbest.captable ...
**WARN: (IMPEXT-2760):	Layer M9 specified in the cap table is ignored because it is greater than the maximum number of layers, 8, specified in the technology LEF file. Check the cap table for the invalid layer specification.
**WARN: (IMPEXT-2771):	Via VIA_8 specified in the cap table is ignored because its top layer, M9, is greater than the maximum number of layers, 8, specified in the technology LEF file. Check the cap table for the invalid layer specification.
**WARN: (IMPEXT-2801):	Resistance values are not provided in the Cap Table. Sheet resistance defined in the LEF file will be used.
**WARN: (IMPEXT-2710):	Basic Cap table for layer M9 is ignored because the layer is not specified in the technology LEF file.
Importing multi-corner RC tables ... 
Summary of Active RC-Corners : 
 
 Analysis View: WC_VIEW
    RC-Corner Name        : Cmax
    RC-Corner Index       : 0
    RC-Corner Temperature : 125 Celsius
    RC-Corner Cap Table   : '/home/linux/ieng6/ECE260B_WI26_A00/public/PDKdata/captbl/cln65g+_1p08m+alrdl_top2_cworst.captable'
    RC-Corner PreRoute Res Factor         : 1
    RC-Corner PreRoute Cap Factor         : 1
    RC-Corner PostRoute Res Factor        : 1 {1 1 1}
    RC-Corner PostRoute Cap Factor        : 1 {1 1 1}
    RC-Corner PostRoute XCap Factor       : 1 {1 1 1}
    RC-Corner PreRoute Clock Res Factor   : 1	[Derived from postRoute_res (effortLevel low)]
    RC-Corner PreRoute Clock Cap Factor   : 1	[Derived from postRoute_cap (effortLevel low)]
    RC-Corner PostRoute Clock Cap Factor  : 1 {1 1 1} 	[Derived from postRoute_cap (effortLevel low)]
    RC-Corner PostRoute Clock Res Factor  : 1 {1 1 1} 	[Derived from postRoute_res (effortLevel low)]
 
 Analysis View: BC_VIEW
    RC-Corner Name        : Cmin
    RC-Corner Index       : 1
    RC-Corner Temperature : -40 Celsius
    RC-Corner Cap Table   : '/home/linux/ieng6/ECE260B_WI26_A00/public/PDKdata/captbl/cln65g+_1p08m+alrdl_top2_cbest.captable'
    RC-Corner PreRoute Res Factor         : 1
    RC-Corner PreRoute Cap Factor         : 1
    RC-Corner PostRoute Res Factor        : 1 {1 1 1}
    RC-Corner PostRoute Cap Factor        : 1 {1 1 1}
    RC-Corner PostRoute XCap Factor       : 1 {1 1 1}
    RC-Corner PreRoute Clock Res Factor   : 1	[Derived from postRoute_res (effortLevel low)]
    RC-Corner PreRoute Clock Cap Factor   : 1	[Derived from postRoute_cap (effortLevel low)]
    RC-Corner PostRoute Clock Cap Factor  : 1 {1 1 1} 	[Derived from postRoute_cap (effortLevel low)]
    RC-Corner PostRoute Clock Res Factor  : 1 {1 1 1} 	[Derived from postRoute_res (effortLevel low)]
*Info: initialize multi-corner CTS.
Reading timing constraints file './constraints/sram_160b_w16.sdc' ...
Current (total cpu=0:00:15.0, real=0:02:41, peak res=273.7M, current mem=644.8M)
**WARN: (TCLNL-330):	set_input_delay on clock root 'CLK' is not supported. You should use the -source option to set_clock_latency to provide this offset. You can also use the global timing_allow_input_delay_on_clock_source to allow set_input_delay assertion to have an effect on clock source paths beginning at this clock root. (File ./constraints/sram_160b_w16.sdc, Line 5).

INFO (CTE): Reading of timing constraints file ./constraints/sram_160b_w16.sdc completed, with 1 WARNING
WARNING (CTE-25): Line: 1 of File ./constraints/sram_160b_w16.sdc : Skipped unsupported command: set_units


Ending "Constraint file reading stats" (total cpu=0:00:00.1, real=0:00:00.0, peak res=289.0M, current mem=660.0M)
Current (total cpu=0:00:15.1, real=0:02:41, peak res=289.0M, current mem=660.0M)
Total number of combinational cells: 492
Total number of sequential cells: 303
Total number of tristate cells: 11
Total number of level shifter cells: 0
Total number of power gating cells: 0
Total number of isolation cells: 0
Total number of power switch cells: 0
Total number of pulse generator cells: 0
Total number of always on buffers: 0
Total number of retention cells: 0
List of usable buffers: BUFFD1 BUFFD0 BUFFD2 BUFFD3 BUFFD4 BUFFD6 BUFFD8 BUFFD12 BUFFD16 CKBD1 CKBD0 CKBD2 CKBD3 CKBD4 CKBD6 CKBD8 CKBD12 CKBD16
Total number of usable buffers: 18
List of unusable buffers: BUFFD20 BUFFD24 CKBD20 CKBD24 GBUFFD1 GBUFFD3 GBUFFD2 GBUFFD4 GBUFFD8
Total number of unusable buffers: 9
List of usable inverters: CKND1 CKND0 CKND2 CKND3 CKND4 CKND6 CKND8 CKND12 CKND16 INVD1 INVD0 INVD2 INVD3 INVD4 INVD6 INVD8 INVD12 INVD16
Total number of usable inverters: 18
List of unusable inverters: CKND20 CKND24 GINVD2 GINVD1 GINVD4 GINVD3 GINVD8 INVD20 INVD24
Total number of unusable inverters: 9
List of identified usable delay cells:
Total number of identified usable delay cells: 0
List of identified unusable delay cells: DEL0 DEL005 DEL01 DEL015 DEL02 DEL1 DEL2 DEL3 DEL4
Total number of identified unusable delay cells: 9
All delay cells are dont_use. Buffers will be used to fix hold violations.

*** Summary of all messages that are not suppressed in this session:
Severity  ID               Count  Summary                                  
WARNING   IMPLF-200            1  Pin '%s' in macro '%s' has no ANTENNAGAT...
WARNING   IMPFP-3961           2  The techSite '%s' has no related cells i...
WARNING   IMPEXT-2710          2  Basic Cap table for layer M%d is ignored...
WARNING   IMPEXT-2760          2  Layer M%d specified in the cap table is ...
WARNING   IMPEXT-2771          2  Via %s specified in the cap table is ign...
WARNING   IMPEXT-2801          2  Resistance values are not provided in th...
WARNING   IMPVL-159         1622  Pin '%s' of cell '%s' is defined in LEF ...
ERROR     IMPOAX-820           1  The OA features are disabled in the curr...
ERROR     IMPOAX-850           1  %s command cannot be run as OA features ...
*** Message Summary: 1633 warning(s), 2 error(s)

<CMD> set_interactive_constraint_modes {CON}
<CMD> setDesignMode -process 65
Applying the recommended capacitance filtering threshold values for 65nm process node: total_c_th=0, relative_c_th=1 and coupling_c_th=0.1.
	These values will be used by all post-route extraction engines, including tQuantus, IQRC and Quantus QRC extraction.
	Capacitance filtering mode(-capFilterMode option of the setExtractRCMode) is 'relAndCoup' for all engines.
	The accuracy mode for postRoute effortLevel low extraction will be set to 'high'.
	Default value for EffortLevel(-effortLevel option of the setExtractRCMode) in postRoute extraction mode will be 'medium' if Quantus QRC technology file is specified else 'low'.
Updating process node dependent CCOpt properties for the 65nm process node.
<CMD> floorPlan -site core -r 0.08 0.50 10.0 10.0 10.0 10.0
**WARN: (IMPFP-325):	Floorplan of the design is resized. All current floorplan objects are automatically derived based on specified new floorplan. This may change blocks, fixed standard cells, existing routes and blockages.
<CMD> timeDesign -preplace -prefix preplace
**WARN: (IMPOPT-7136):	timing_socv_statistical_min_max_mode 'statistical' is not supported by Innovus. Setting it to 'mean_and_three_sigma_bounded'.
Set Using Default Delay Limit as 101.
**WARN: (IMPDC-1629):	The default delay limit was set to 101. This is less than the default of 1000 and may result in inaccurate delay calculation for nets with a fanout higher than the setting.  If needed, the default delay limit may be adjusted by running the command 'set delaycal_use_default_delay_limit'.
Setting High Fanout Nets ( > 100 ) as ideal temporarily for -prePlace option
Set Default Net Delay as 0 ps.
Set Default Net Load as 0 pF. 
#################################################################################
# Design Stage: PreRoute
# Design Name: sram_160b_w16
# Design Mode: 65nm
# Analysis Mode: MMMC Non-OCV 
# Parasitics Mode: No SPEF/RCDB
# Signoff Settings: SI Off 
#################################################################################
AAE_INFO: 1 threads acquired from CTE.
Calculate delays in BcWc mode...
End delay calculation. (MEM=874.523 CPU=0:00:00.4 REAL=0:00:00.0)
*** CDM Built up (cpu=0:00:01.1  real=0:00:01.0  mem= 874.5M) ***
*** Done Building Timing Graph (cpu=0:00:01.3 real=0:00:01.0 totSessionCpu=0:00:16.7 mem=874.5M)

------------------------------------------------------------
          timeDesign Summary                             
------------------------------------------------------------

Setup views included:
 WC_VIEW 

+--------------------+---------+---------+---------+
|     Setup mode     |   all   | reg2reg | default |
+--------------------+---------+---------+---------+
|           WNS (ns):|  0.195  |   N/A   |  0.195  |
|           TNS (ns):|  0.000  |   N/A   |  0.000  |
|    Violating Paths:|    0    |   N/A   |    0    |
|          All Paths:|  5288   |   N/A   |  5288   |
+--------------------+---------+---------+---------+

Density: 0.000%
------------------------------------------------------------
Set Using Default Delay Limit as 1000.
Resetting back High Fanout Nets as non-ideal
Set Default Net Delay as 1000 ps.
Set Default Net Load as 0.5 pF. 
Reported timing to dir ./timingReports
Total CPU time: 1.63 sec
Total Real time: 1.0 sec
Total Memory Usage: 796.902344 Mbytes
<CMD> globalNetConnect VDD -type pgpin -pin VDD -inst * -verbose
4420 new pwr-pin connections were made to global net 'VDD'.
<CMD> globalNetConnect VSS -type pgpin -pin VSS -inst * -verbose
4420 new gnd-pin connections were made to global net 'VSS'.
<CMD> addRing -spacing {top 1 bottom 1 left 1 right 1} -width {top 2 bottom 2 left 2 right 2} -layer {top M1 bottom M1 left M2 right M2} -center 1 -type core_rings -nets {VSS VDD}

Ring generation is complete; vias are now being generated.
The power planner created 8 wires.
*** Ending Ring Generation (totcpu: 0:00:00.0,real: 0:00:00.0, mem: 796.9M) ***
<CMD> setAddStripeMode -break_at block_ring
Stripe will break at block ring.
<CMD> addStripe -number_of_sets 1 -spacing 4 -layer M4 -width 1.5 -nets {VSS VDD}

Starting stripe generation ...
Non-Default setAddStripeOption Settings :
  NONE
Stripe generation is complete; vias are now being generated.
The power planner created 2 wires.
*** Ending Stripe Generation (totcpu: 0:00:00.0,real: 0:00:00.0, mem: 796.9M) ***
<CMD> sroute
*** Begin SPECIAL ROUTE on Fri Mar  6 16:41:09 2026 ***
SPECIAL ROUTE ran on directory: /home/linux/ieng6/ECE260B_WI26_A00/nabitar/ece260_project/single_core_pnr/sram_160b_w16/pnr
SPECIAL ROUTE ran on machine: ieng6-ece-20.ucsd.edu (Linux 3.10.0-1160.119.1.el7.x86_64 Xeon 2.19Ghz)

Begin option processing ...
srouteConnectPowerBump set to false
routeSpecial set to true
srouteConnectConverterPin set to false
srouteFollowCorePinEnd set to 3
srouteJogControl set to "preferWithChanges differentLayer"
sroutePadPinAllPorts set to true
sroutePreserveExistingRoutes set to true
srouteRoutePowerBarPortOnBothDir set to true
End option processing: cpu: 0:00:00, real: 0:00:00, peak: 1682.00 megs.

Reading DB technology information...
Finished reading DB technology information.
Reading floorplan and netlist information...
Finished reading floorplan and netlist information.
Read in 17 layers, 8 routing layers, 1 overlap layer
Read in 846 macros, 33 used
Read in 33 components
  33 core components: 33 unplaced, 0 placed, 0 fixed
Read in 327 logical pins
Read in 327 nets
Read in 2 special nets, 2 routed
Read in 66 terminals
Begin power routing ...
**WARN: (IMPSR-1254):	Cannot find any block pin of net VDD. Check netlist, or change option to include the pin.
**WARN: (IMPSR-1256):	Cannot find any CORE class pad pin of net VDD. Change routing area or layer to include the expected pin, or check netlist, or change port class in the technology file.
Type 'man IMPSR-1256' for more detail.
Cannot find any AREAIO class pad pin of net VDD. Check net list, or change port class in the technology file, or change option to include pin in given range.
**WARN: (IMPSR-1254):	Cannot find any block pin of net VSS. Check netlist, or change option to include the pin.
**WARN: (IMPSR-1256):	Cannot find any CORE class pad pin of net VSS. Change routing area or layer to include the expected pin, or check netlist, or change port class in the technology file.
Type 'man IMPSR-1256' for more detail.
Cannot find any AREAIO class pad pin of net VSS. Check net list, or change port class in the technology file, or change option to include pin in given range.
CPU time for FollowPin 0 seconds
CPU time for FollowPin 0 seconds
  Number of IO ports routed: 0
  Number of Block ports routed: 0
  Number of Stripe ports routed: 0
  Number of Core ports routed: 76
  Number of Pad ports routed: 0
  Number of Power Bump ports routed: 0
  Number of Followpin connections: 38
End power routing: cpu: 0:00:00, real: 0:00:00, peak: 1697.00 megs.



 Begin updating DB with routing results ...
 Updating DB with 106 via definition ...Extracting standard cell pins and blockage ...... 
Pin and blockage extraction finished


sroute post-processing starts at Fri Mar  6 16:41:10 2026
The viaGen is rebuilding shadow vias for net VSS.
sroute post-processing ends at Fri Mar  6 16:41:10 2026

sroute post-processing starts at Fri Mar  6 16:41:10 2026
The viaGen is rebuilding shadow vias for net VDD.
sroute post-processing ends at Fri Mar  6 16:41:10 2026
sroute: Total CPU time used = 0:0:0
sroute: Total Real time used = 0:0:1
sroute: Total Memory used = 13.06 megs
sroute: Total Peak Memory used = 809.96 megs
<CMD> getPinAssignMode -pinEditInBatch -quiet
<CMD> setPinAssignMode -pinEditInBatch true
<CMD> editPin -pinWidth 0.09 -pinDepth 0.47 -fixOverlap 1 -unit MICRON -spreadDirection clockwise -side Bottom -layer 1 -spreadType center -spacing 4.0 -pin {{D[0]} {D[1]} {D[2]} {D[3]} {D[4]} {D[5]} {D[6]} {D[7]} {D[8]} {D[9]} {D[10]} {D[11]} {D[12]} {D[13]} {D[14]} {D[15]} {D[16]} {D[17]} {D[18]} {D[19]} {D[20]} {D[21]} {D[22]} {D[23]} {D[24]} {D[25]} {D[26]} {D[27]} {D[28]} {D[29]} {D[30]} {D[31]} {D[32]} {D[33]} {D[34]} {D[35]} {D[36]} {D[37]} {D[38]} {D[39]} {D[40]} {D[41]} {D[42]} {D[43]} {D[44]} {D[45]} {D[46]} {D[47]} {D[48]} {D[49]} {D[50]} {D[51]} {D[52]} {D[53]} {D[54]} {D[55]} {D[56]} {D[57]} {D[58]} {D[59]} {D[60]} {D[61]} {D[62]} {D[63]} {D[64]} {D[65]} {D[66]} {D[67]} {D[68]} {D[69]} {D[70]} {D[71]} {D[72]} {D[73]} {D[74]} {D[75]} {D[76]} {D[77]} {D[78]} {D[79]} {D[80]} {D[81]} {D[82]} {D[83]} {D[84]} {D[85]} {D[86]} {D[87]} {D[88]} {D[89]} {D[90]} {D[91]} {D[92]} {D[93]} {D[94]} {D[95]} {D[96]} {D[97]} {D[98]} {D[99]} {D[100]} {D[101]} {D[102]} {D[103]} {D[104]} {D[105]} {D[106]} {D[107]} {D[108]} {D[109]} {D[110]} {D[111]} {D[112]} {D[113]} {D[114]} {D[115]} {D[116]} {D[117]} {D[118]} {D[119]} {D[120]} {D[121]} {D[122]} {D[123]} {D[124]} {D[125]} {D[126]} {D[127]} {D[128]} {D[129]} {D[130]} {D[131]} {D[132]} {D[133]} {D[134]} {D[135]} {D[136]} {D[137]} {D[138]} {D[139]} {D[140]} {D[141]} {D[142]} {D[143]} {D[144]} {D[145]} {D[146]} {D[147]} {D[148]} {D[149]} {D[150]} {D[151]} {D[152]} {D[153]} {D[154]} {D[155]} {D[156]} {D[157]} {D[158]} {D[159]}} -fixedPin 1
Successfully spread [160] pins.
editPin : finished (cpu = 0:00:00.0 real = 0:00:00.0, mem = 816.0M).
<CMD> editPin -pinWidth 0.09 -pinDepth 0.47 -fixOverlap 1 -unit MICRON -spreadDirection clockwise -side Top -layer 1 -spreadType center -spacing 4.0 -pin {{Q[159]} {Q[158]} {Q[157]} {Q[156]} {Q[155]} {Q[154]} {Q[153]} {Q[152]} {Q[151]} {Q[150]} {Q[149]} {Q[148]} {Q[147]} {Q[146]} {Q[145]} {Q[144]} {Q[143]} {Q[142]} {Q[141]} {Q[140]} {Q[139]} {Q[138]} {Q[137]} {Q[136]} {Q[135]} {Q[134]} {Q[133]} {Q[132]} {Q[131]} {Q[130]} {Q[129]} {Q[128]} {Q[127]} {Q[126]} {Q[125]} {Q[124]} {Q[123]} {Q[122]} {Q[121]} {Q[120]} {Q[119]} {Q[118]} {Q[117]} {Q[116]} {Q[115]} {Q[114]} {Q[113]} {Q[112]} {Q[111]} {Q[110]} {Q[109]} {Q[108]} {Q[107]} {Q[106]} {Q[105]} {Q[104]} {Q[103]} {Q[102]} {Q[101]} {Q[100]} {Q[99]} {Q[98]} {Q[97]} {Q[96]} {Q[95]} {Q[94]} {Q[93]} {Q[92]} {Q[91]} {Q[90]} {Q[89]} {Q[88]} {Q[87]} {Q[86]} {Q[85]} {Q[84]} {Q[83]} {Q[82]} {Q[81]} {Q[80]} {Q[79]} {Q[78]} {Q[77]} {Q[76]} {Q[75]} {Q[74]} {Q[73]} {Q[72]} {Q[71]} {Q[70]} {Q[69]} {Q[68]} {Q[67]} {Q[66]} {Q[65]} {Q[64]} {Q[63]} {Q[62]} {Q[61]} {Q[60]} {Q[59]} {Q[58]} {Q[57]} {Q[56]} {Q[55]} {Q[54]} {Q[53]} {Q[52]} {Q[51]} {Q[50]} {Q[49]} {Q[48]} {Q[47]} {Q[46]} {Q[45]} {Q[44]} {Q[43]} {Q[42]} {Q[41]} {Q[40]} {Q[39]} {Q[38]} {Q[37]} {Q[36]} {Q[35]} {Q[34]} {Q[33]} {Q[32]} {Q[31]} {Q[30]} {Q[29]} {Q[28]} {Q[27]} {Q[26]} {Q[25]} {Q[24]} {Q[23]} {Q[22]} {Q[21]} {Q[20]} {Q[19]} {Q[18]} {Q[17]} {Q[16]} {Q[15]} {Q[14]} {Q[13]} {Q[12]} {Q[11]} {Q[10]} {Q[9]} {Q[8]} {Q[7]} {Q[6]} {Q[5]} {Q[4]} {Q[3]} {Q[2]} {Q[1]} {Q[0]}} -fixedPin 1
Successfully spread [160] pins.
editPin : finished (cpu = 0:00:00.0 real = 0:00:00.0, mem = 816.0M).
<CMD> editPin -pinWidth 0.09 -pinDepth 0.47 -fixOverlap 1 -unit MICRON -spreadDirection clockwise -side Left -layer 1 -spreadType center -spacing 4.0 -pin {CLK CEN WEN A[3] A[2] A[1] A[0]} -fixedPin 1
Successfully spread [7] pins.
editPin : finished (cpu = 0:00:00.0 real = 0:00:00.0, mem = 816.0M).
<CMD> setPinAssignMode -pinEditInBatch false
<CMD> saveDesign floorplan.enc
Writing Netlist "floorplan.enc.dat/sram_160b_w16.v.gz" ...
Saving AAE Data ...
Saving preference file floorplan.enc.dat/gui.pref.tcl ...
Saving mode setting ...
Saving global file ...
Saving floorplan file ...
Saving Drc markers ...
... No Drc file written since there is no markers found.
Saving placement file ...
Saving route file ...
*** Completed saveRoute (cpu=0:00:00.0 real=0:00:00.0 mem=816.0M) ***
Saving DEF file ...
**ERROR: (IMPOAX-142):	Could not open shared library libinnovusoax22.so : /acsnfs3/software/cadence-innovus152/tools/lib/64bit/libcdsSkillPcell.so: undefined symbol: _ZTIN12OpenAccess_413oaFSComponentE

**ERROR: (IMPOAX-142):	Could not open shared library libcdsSkillPcell.so : (null)

**ERROR: (IMPSYT-6245):	Error , while saving MS constraint file.
Cmin Cmax
Generated self-contained design floorplan.enc.dat

*** Summary of all messages that are not suppressed in this session:
Severity  ID               Count  Summary                                  
ERROR     IMPSYT-6245          1  Error %s, while saving MS constraint fil...
ERROR     IMPOAX-142           2  %s                                       
*** Message Summary: 0 warning(s), 3 error(s)

<CMD> setPlaceMode -timingDriven true -reorderScan false -congEffort medium -modulePlan false
<CMD> setOptMode -effort high -powerEffort high -leakageToDynamicRatio 0.5 -fixFanoutLoad true -restruct true -verbose true
<CMD> place_opt_design
*** Starting GigaPlace ***
**INFO: user set placement options
setPlaceMode -congEffort medium -modulePlan false -reorderScan false -timingDriven true
**INFO: user set opt options
setOptMode -effort high -fixFanoutLoad true -leakageToDynamicRatio 0.5 -powerEffort high -restruct true -verbose true
**INFO: Enable pre-place timing setting for timing analysis
Set Using Default Delay Limit as 101.
**WARN: (IMPDC-1629):	The default delay limit was set to 101. This is less than the default of 1000 and may result in inaccurate delay calculation for nets with a fanout higher than the setting.  If needed, the default delay limit may be adjusted by running the command 'set delaycal_use_default_delay_limit'.
Set Default Net Delay as 0 ps.
Set Default Net Load as 0 pF. 
**INFO: Analyzing IO path groups for slack adjustment
Effort level <high> specified for reg2reg_tmp.25223 path_group
#################################################################################
# Design Stage: PreRoute
# Design Name: sram_160b_w16
# Design Mode: 65nm
# Analysis Mode: MMMC Non-OCV 
# Parasitics Mode: No SPEF/RCDB
# Signoff Settings: SI Off 
#################################################################################
Calculate delays in BcWc mode...
End delay calculation. (MEM=910.344 CPU=0:00:00.3 REAL=0:00:00.0)
*** CDM Built up (cpu=0:00:00.4  real=0:00:00.0  mem= 910.3M) ***
**INFO : CPU of IO adjustment for placeDesign : (CPU : 0:00:00.8) (Real : 0:00:00.0) (mem : 910.3M)
*** Start deleteBufferTree ***
*info: Marking 0 level shifter instances dont touch
*info: Marking 0 always on instances dont touch
Info: Detect buffers to remove automatically.
Analyzing netlist ...
All-RC-Corners-Per-Net-In-Memory is turned ON...
Updating netlist

Cleanup ECO timing graph ...
Cleanup RC data ...
Cleanup routing data ...
*summary: 36 instances (buffers/inverters) removed
*       :      1 instance  of type 'CKBD6' removed
*       :      1 instance  of type 'CKBD4' removed
*       :      3 instances of type 'CKBD2' removed
*       :     17 instances of type 'BUFFD6' removed
*       :      5 instances of type 'BUFFD4' removed
*       :      2 instances of type 'BUFFD3' removed
*       :      6 instances of type 'BUFFD2' removed
*       :      1 instance  of type 'BUFFD1' removed
*** Finish deleteBufferTree (0:00:00.1) ***
**INFO: Disable pre-place timing setting for timing analysis
Set Using Default Delay Limit as 1000.
Set Default Net Delay as 1000 ps.
Set Default Net Load as 0.5 pF. 
Deleted 0 physical inst  (cell - / prefix -).
Options: timingDriven clkGateAware ignoreScan pinGuide congEffort=medium gpeffort=medium 
**WARN: (IMPSP-9042):	Scan chains were not defined, -ignoreScan option will be ignored.
Define the scan chains before using this option.
Type 'man IMPSP-9042' for more detail.
#std cell=4384 (0 fixed + 4384 movable) #block=0 (0 floating + 0 preplaced)
#ioInst=0 #net=4551 #term=19238 #term/net=4.23, #fixedIo=0, #floatIo=0, #fixedPin=327, #floatPin=0
stdCell: 4384 single + 0 double + 0 multi
Total standard cell length = 15.9226 (mm), area = 0.0287 (mm^2)
Estimated cell power/ground rail width = 0.365 um
Average module density = 0.505.
Density for the design = 0.505.
       = stdcell_area 79613 sites (28661 um^2) / alloc_area 157754 sites (56791 um^2).
Pin Density = 0.1203.
            = total # of pins 19238 / total area 159914.
*Internal placement parameters: * | 12 | 0x0000af
End delay calculation. (MEM=911.344 CPU=0:00:00.3 REAL=0:00:00.0)
Clock gating cells determined by native netlist tracing.
Iteration  1: Total net bbox = 6.399e+04 (5.01e+04 1.39e+04)
              Est.  stn bbox = 1.076e+05 (8.92e+04 1.84e+04)
              cpu = 0:00:00.1 real = 0:00:00.0 mem = 911.5M
Iteration  2: Total net bbox = 5.592e+04 (4.20e+04 1.39e+04)
              Est.  stn bbox = 1.078e+05 (8.95e+04 1.84e+04)
              cpu = 0:00:00.1 real = 0:00:00.0 mem = 911.5M
Iteration  3: Total net bbox = 5.163e+04 (3.77e+04 1.39e+04)
              Est.  stn bbox = 1.076e+05 (8.93e+04 1.84e+04)
              cpu = 0:00:00.1 real = 0:00:00.0 mem = 911.5M
Iteration  4: Total net bbox = 4.502e+04 (3.11e+04 1.39e+04)
              Est.  stn bbox = 9.611e+04 (7.78e+04 1.84e+04)
              cpu = 0:00:00.1 real = 0:00:00.0 mem = 911.5M
End delay calculation. (MEM=930.547 CPU=0:00:00.3 REAL=0:00:01.0)
Iteration  5: Total net bbox = 7.836e+04 (5.05e+04 2.79e+04)
              Est.  stn bbox = 1.365e+05 (9.90e+04 3.75e+04)
              cpu = 0:00:01.4 real = 0:00:02.0 mem = 930.5M
Iteration  6: Total net bbox = 4.769e+04 (3.17e+04 1.60e+04)
              Est.  stn bbox = 1.013e+05 (7.87e+04 2.26e+04)
              cpu = 0:00:00.1 real = 0:00:00.0 mem = 930.5M
End delay calculation. (MEM=930.547 CPU=0:00:00.3 REAL=0:00:01.0)
Iteration  7: Total net bbox = 5.487e+04 (3.17e+04 2.32e+04)
              Est.  stn bbox = 1.104e+05 (7.87e+04 3.17e+04)
              cpu = 0:00:00.8 real = 0:00:01.0 mem = 930.5M
Iteration  8: Total net bbox = 5.752e+04 (3.44e+04 2.32e+04)
              Est.  stn bbox = 1.130e+05 (8.13e+04 3.17e+04)
              cpu = 0:00:00.2 real = 0:00:00.0 mem = 930.5M
End delay calculation. (MEM=930.547 CPU=0:00:00.3 REAL=0:00:01.0)
Iteration  9: Total net bbox = 5.994e+04 (3.44e+04 2.56e+04)
              Est.  stn bbox = 1.162e+05 (8.13e+04 3.48e+04)
              cpu = 0:00:00.9 real = 0:00:01.0 mem = 930.5M
Iteration 10: Total net bbox = 6.043e+04 (3.44e+04 2.61e+04)
              Est.  stn bbox = 1.168e+05 (8.13e+04 3.55e+04)
              cpu = 0:00:00.2 real = 0:00:00.0 mem = 930.5M
End delay calculation. (MEM=930.547 CPU=0:00:00.3 REAL=0:00:01.0)
Iteration 11: Total net bbox = 6.196e+04 (3.44e+04 2.76e+04)
              Est.  stn bbox = 1.185e+05 (8.13e+04 3.72e+04)
              cpu = 0:00:01.0 real = 0:00:01.0 mem = 930.5M
Iteration 12: Total net bbox = 6.169e+04 (3.44e+04 2.73e+04)
              Est.  stn bbox = 1.182e+05 (8.13e+04 3.69e+04)
              cpu = 0:00:00.0 real = 0:00:00.0 mem = 930.5M
Iteration 13: Total net bbox = 7.325e+04 (4.55e+04 2.78e+04)
              Est.  stn bbox = 1.298e+05 (9.24e+04 3.74e+04)
              cpu = 0:00:00.0 real = 0:00:00.0 mem = 930.5M
*** cost = 7.325e+04 (4.55e+04 2.78e+04) (cpu for global=0:00:04.8) real=0:00:05.0***
Info: 0 clock gating cells identified, 0 (on average) moved
*** Starting refinePlace (0:00:25.5 mem=822.5M) ***
Total net bbox length = 7.325e+04 (4.547e+04 2.779e+04) (ext = 1.431e+04)
Move report: Detail placement moves 4207 insts, mean move: 3.58 um, max move: 22.40 um
	Max move on inst (memory11_reg_8_): (772.60, 13.60) --> (786.00, 22.60)
	Runtime: CPU: 0:00:00.8 REAL: 0:00:01.0 MEM: 824.9MB
Summary Report:
Instances move: 4207 (out of 4384 movable)
Mean displacement: 3.58 um
Max displacement: 22.40 um (Instance: memory11_reg_8_) (772.6, 13.6) -> (786, 22.6)
	Length: 26 sites, height: 1 rows, site name: core, cell type: EDFQD1
Total net bbox length = 6.867e+04 (3.982e+04 2.885e+04) (ext = 1.371e+04)
Runtime: CPU: 0:00:00.8 REAL: 0:00:01.0 MEM: 824.9MB
*** Finished refinePlace (0:00:26.3 mem=824.9M) ***
*** Finished Initial Placement (cpu=0:00:06.7, real=0:00:07.0, mem=824.9M) ***
Starting IO pin assignment...
[NR-eagl] honorMsvRouteConstraint: false
[NR-eagl] honorClockSpecNDR      : 0
[NR-eagl] minRouteLayer          : 2
[NR-eagl] maxRouteLayer          : 2147483647
[NR-eagl] numTracksPerClockWire  : 0
[NR-eagl] Layer1 has no routable track
[NR-eagl] Layer2 has single uniform track structure
[NR-eagl] Layer3 has single uniform track structure
[NR-eagl] Layer4 has single uniform track structure
[NR-eagl] Layer5 has single uniform track structure
[NR-eagl] Layer6 has single uniform track structure
[NR-eagl] Layer7 has single uniform track structure
[NR-eagl] Layer8 has single uniform track structure
[NR-eagl] numRoutingBlks=0 numInstBlks=0 numPGBlocks=216 numBumpBlks=0 numBoundaryFakeBlks=0
[NR-eagl] numPreroutedNet = 0  numPreroutedWires = 0
[NR-eagl] Read numTotalNets=4551  numIgnoredNets=0
[NR-eagl] There are 1 clock nets ( 0 with NDR ).
[NR-eagl] ============ Routing rule table ============
[NR-eagl] Rule id 0. Nets 4551 
[NR-eagl] id=0  routeTrackId=0  extraSpace=0  numShields=0  maxHorDemand=1  maxVerDemand=1
[NR-eagl] Pitch:  L1=360  L2=400  L3=400  L4=400  L5=400  L6=400  L7=1600  L8=1600
[NR-eagl] ========================================
[NR-eagl] 
[NR-eagl] Layer group 1: route 4551 net(s) in layer range [2, 8]
[NR-eagl] earlyGlobalRoute overflow of layer group 1: 0.00% H + 0.00% V. EstWL: 1.159686e+05um
[NR-eagl] 
[NR-eagl] Overflow after earlyGlobalRoute (GR compatible) 0.00% H + 0.00% V
[NR-eagl] Overflow after earlyGlobalRoute 0.00% H + 0.00% V
[NR-eagl] Layer1(M1)(F) length: 0.000000e+00um, number of vias: 19238
[NR-eagl] Layer2(M2)(V) length: 5.038965e+04um, number of vias: 27102
[NR-eagl] Layer3(M3)(H) length: 5.934620e+04um, number of vias: 1453
[NR-eagl] Layer4(M4)(V) length: 8.234399e+03um, number of vias: 57
[NR-eagl] Layer5(M5)(H) length: 6.597995e+02um, number of vias: 2
[NR-eagl] Layer6(M6)(V) length: 1.300000e+01um, number of vias: 0
[NR-eagl] Layer7(M7)(H) length: 0.000000e+00um, number of vias: 0
[NR-eagl] Layer8(M8)(V) length: 0.000000e+00um, number of vias: 0
[NR-eagl] Total length: 1.186430e+05um, number of vias: 47852
[NR-eagl] End Peak syMemory usage = 836.7 MB
[NR-eagl] Early Global Router Kernel+IO runtime : 0.22 seconds
**placeDesign ... cpu = 0: 0: 8, real = 0: 0: 8, mem = 836.7M **
-clockNDRAwarePlaceOpt false               # bool, default=false, private
**INFO: setDesignMode -flowEffort standard -> setting 'setOptMode -allEndPoints true' for the duration of this command.
-powerEffort high                          # enums={none low high}, default=none, user setting
-leakageToDynamicRatio 0.5                 # float, default=1, user setting
-setupDynamicPowerViewAsDefaultView false
                                           # bool, default=false, private
No user sequential activity specified, applying default sequential activity of "0.2" for Dynamic Power reporting.
'set_default_switching_activity' finished successfully.
WC_VIEW BC_VIEW
GigaOpt running with 1 threads.
**WARN: (IMPOPT-3564):	The following cells are set dont_use temporarily by the tool because there are no rows defined for their technology site, or they are not placeable in any power domain. To avoid this message, review the floorplan, msv setting, the library setting or set manualy those cells as dont_use.
	Cell FILL1_LL, site bcore.
	Cell FILL_NW_HH, site bcore.
	Cell FILL_NW_LL, site bcore.
	Cell GFILL, site gacore.
	Cell GFILL10, site gacore.
	Cell GFILL2, site gacore.
	Cell GFILL3, site gacore.
	Cell GFILL4, site gacore.
	Cell LVLLHCD1, site bcore.
	Cell LVLLHCD2, site bcore.
	Cell LVLLHCD4, site bcore.
	Cell LVLLHCD8, site bcore.
	Cell LVLLHD1, site bcore.
	Cell LVLLHD2, site bcore.
	Cell LVLLHD4, site bcore.
	Cell LVLLHD8, site bcore.
.
Updating RC grid for preRoute extraction ...
Initializing multi-corner capacitance tables ... 
Initializing multi-corner resistance tables ...
**WARN: (IMPTS-403):	Delay calculation was forced to extrapolate table data outside of the characterized range. In some cases, extrapolation can reduce the accuracy of the delay calculation. You can enable more detailed reporting of these cases by enabling the command 'setDelayCalMode -reportOutBound true'.
Type 'man IMPTS-403' for more detail.
**optDesign ... cpu = 0:00:00, real = 0:00:00, mem = 852.7M, totSessionCpu=0:00:28 **
Added -handlePreroute to trialRouteMode
*** optDesign -preCTS ***
DRC Margin: user margin 0.0; extra margin 0.2
Setup Target Slack: user slack 0; extra slack 0.1
Hold Target Slack: user slack 0
**INFO: setOptMode -powerEffort high -> Total Power Opt will be called for all Setup Timing optDesign commands, with leakageToDynamicRatio 0.5.
WC_VIEW BC_VIEW
-powerEffort high                          # enums={none low high}, default=none, user setting
-leakageToDynamicRatio 0.5                 # float, default=1, user setting
-setupDynamicPowerViewAsDefaultView false
                                           # bool, default=false, private
Start to check current routing status for nets...
All nets are already routed correctly.
End to check current routing status for nets (mem=854.7M)
Extraction called for design 'sram_160b_w16' of instances=4384 and nets=4553 using extraction engine 'preRoute' .
PreRoute RC Extraction called for design sram_160b_w16.
RC Extraction called in multi-corner(2) mode.
**WARN: (IMPEXT-3442):	The version of the capacitance table file being used is obsolete and is no longer recommended. For improved accuracy, generate the capacitance table file using the generateCapTbl command.
RCMode: PreRoute
      RC Corner Indexes            0       1   
Capacitance Scaling Factor   : 1.00000 1.00000 
Resistance Scaling Factor    : 1.00000 1.00000 
Clock Cap. Scaling Factor    : 1.00000 1.00000 
Clock Res. Scaling Factor    : 1.00000 1.00000 
Shrink Factor                : 1.00000
PreRoute extraction is honoring NDR/Shielding/ExtraSpace for clock nets.
Using capacitance table file ...
Updating RC grid for preRoute extraction ...
Initializing multi-corner capacitance tables ... 
Initializing multi-corner resistance tables ...
PreRoute RC Extraction DONE (CPU Time: 0:00:00.2  Real Time: 0:00:00.0  MEM: 854.715M)
** Profile ** Start :  cpu=0:00:00.0, mem=854.7M
** Profile ** Other data :  cpu=0:00:00.0, mem=854.7M
#################################################################################
# Design Stage: PreRoute
# Design Name: sram_160b_w16
# Design Mode: 65nm
# Analysis Mode: MMMC Non-OCV 
# Parasitics Mode: No SPEF/RCDB
# Signoff Settings: SI Off 
#################################################################################
AAE_INFO: 1 threads acquired from CTE.
Calculate delays in BcWc mode...
End delay calculation. (MEM=947.984 CPU=0:00:00.5 REAL=0:00:00.0)
*** CDM Built up (cpu=0:00:00.7  real=0:00:01.0  mem= 948.0M) ***
*** Done Building Timing Graph (cpu=0:00:00.8 real=0:00:01.0 totSessionCpu=0:00:29.3 mem=948.0M)
** Profile ** Overall slacks :  cpu=0:00:00.9, mem=948.0M
** Profile ** DRVs :  cpu=0:00:00.1, mem=948.0M

------------------------------------------------------------
             Initial Summary                             
------------------------------------------------------------

Setup views included:
 WC_VIEW 

+--------------------+---------+
|     Setup mode     |   all   |
+--------------------+---------+
|           WNS (ns):| -7.508  |
|           TNS (ns):|-12796.1 |
|    Violating Paths:|  2720   |
|          All Paths:|  5288   |
+--------------------+---------+

+----------------+-------------------------------+------------------+
|                |              Real             |       Total      |
|    DRVs        +------------------+------------+------------------|
|                |  Nr nets(terms)  | Worst Vio  |  Nr nets(terms)  |
+----------------+------------------+------------+------------------+
|   max_cap      |     34 (34)      |   -0.582   |     34 (34)      |
|   max_tran     |    34 (5154)     |  -13.485   |    34 (5154)     |
|   max_fanout   |      0 (0)       |     0      |      0 (0)       |
|   max_length   |      0 (0)       |     0      |      0 (0)       |
+----------------+------------------+------------+------------------+

Density: 49.785%
------------------------------------------------------------
** Profile ** Report data :  cpu=0:00:00.0, mem=948.0M
**optDesign ... cpu = 0:00:01, real = 0:00:01, mem = 892.8M, totSessionCpu=0:00:29 **
** INFO : this run is activating medium effort placeOptDesign flow
*** Starting optimizing excluded clock nets MEM= 892.8M) ***
*info: No excluded clock nets to be optimized.
*** Finished optimizing excluded clock nets (CPU Time= 0:00:00.0  MEM= 892.8M) ***

**WARN: (IMPOPT-3663):	Power view is not set. First setup analysis view (WC_VIEW) will be treated as power view and VT partitioning will be done on basis of leakage specified in this view. If this is incorrect, specify correct power view via command "set_power_analysis_mode -analysis_view <view_name>".

Type 'man IMPOPT-3663' for more detail.

Power view               = WC_VIEW
Number of VT partitions  = 2
Standard cells in design = 811
Instances in design      = 4384

Instance distribution across the VT partitions:

 LVT : inst = 236 (5.4%), cells = 335 (41%)
   Lib tcbn65gpluswc        : inst = 236 (5.4%)

 HVT : inst = 4148 (94.6%), cells = 457 (56%)
   Lib tcbn65gpluswc        : inst = 4148 (94.6%)

Reporting took 0 sec
**INFO: Num dontuse cells 97, Num usable cells 750
optDesignOneStep: Leakage Power Flow
**INFO: Num dontuse cells 97, Num usable cells 750
Info: 1 clock net  excluded from IPO operation.
Design State:
    #signal nets       :  4551
    #routed signal nets:  0
    #clock nets        :  0
    #routed clock nets :  0
OptMgr: Begin leakage power optimization
OptMgr: Number of active setup views: 1

Power Net Detected:
    Voltage	    Name
    0.00V	    VSS
    0.90V	    VDD

Begin Power Analysis

    0.00V	    VSS
    0.90V	    VDD

Begin Processing Timing Library for Power Calculation

Begin Processing Timing Library for Power Calculation



Begin Processing Power Net/Grid for Power Calculation

Ended Processing Power Net/Grid for Power Calculation: (cpu=0:00:00, real=0:00:00, mem(process/total)=713.07MB/713.07MB)

Begin Processing Timing Window Data for Power Calculation

CLK(1000MHz) Ended Processing Timing Window Data for Power Calculation: (cpu=0:00:00, real=0:00:00, mem(process/total)=713.19MB/713.19MB)

Begin Processing User Attributes

Ended Processing User Attributes: (cpu=0:00:00, real=0:00:00, mem(process/total)=713.22MB/713.22MB)

Begin Processing Signal Activity


Starting Levelizing
2026-Mar-06 16:41:23 (2026-Mar-07 00:41:23 GMT)
2026-Mar-06 16:41:23 (2026-Mar-07 00:41:23 GMT): 10%
2026-Mar-06 16:41:23 (2026-Mar-07 00:41:23 GMT): 20%
2026-Mar-06 16:41:23 (2026-Mar-07 00:41:23 GMT): 30%
2026-Mar-06 16:41:23 (2026-Mar-07 00:41:23 GMT): 40%
2026-Mar-06 16:41:23 (2026-Mar-07 00:41:23 GMT): 50%
2026-Mar-06 16:41:23 (2026-Mar-07 00:41:23 GMT): 60%
2026-Mar-06 16:41:23 (2026-Mar-07 00:41:23 GMT): 70%
2026-Mar-06 16:41:23 (2026-Mar-07 00:41:23 GMT): 80%
2026-Mar-06 16:41:23 (2026-Mar-07 00:41:23 GMT): 90%

Finished Levelizing
2026-Mar-06 16:41:23 (2026-Mar-07 00:41:23 GMT)

Starting Activity Propagation
2026-Mar-06 16:41:23 (2026-Mar-07 00:41:23 GMT)
** INFO:  (VOLTUS_POWR-1356): No default input activity has been set. Defaulting to 0.2.
Use 'set_default_switching_activity -input_activity' command to change the default activity value.

2026-Mar-06 16:41:23 (2026-Mar-07 00:41:23 GMT): 10%

Finished Activity Propagation
2026-Mar-06 16:41:23 (2026-Mar-07 00:41:23 GMT)
Ended Processing Signal Activity: (cpu=0:00:00, real=0:00:00, mem(process/total)=713.63MB/713.63MB)

Begin Power Computation

      ----------------------------------------------------------
      # of cell(s) missing both power/leakage table: 0
      # of cell(s) missing power table: 0
      # of cell(s) missing leakage table: 0
      # of MSMV cell(s) missing power_level: 0
      ----------------------------------------------------------



Starting Calculating power
2026-Mar-06 16:41:23 (2026-Mar-07 00:41:23 GMT)
 ... Calculating leakage power
2026-Mar-06 16:41:23 (2026-Mar-07 00:41:23 GMT): 10%
2026-Mar-06 16:41:23 (2026-Mar-07 00:41:23 GMT): 20%
2026-Mar-06 16:41:23 (2026-Mar-07 00:41:23 GMT): 30%
2026-Mar-06 16:41:23 (2026-Mar-07 00:41:23 GMT): 40%

Finished Calculating power
2026-Mar-06 16:41:23 (2026-Mar-07 00:41:23 GMT)
Ended Power Computation: (cpu=0:00:00, real=0:00:00, mem(process/total)=713.79MB/713.79MB)

Begin Processing User Attributes

Ended Processing User Attributes: (cpu=0:00:00, real=0:00:00, mem(process/total)=713.79MB/713.79MB)

Ended Power Analysis: (cpu=0:00:00, real=0:00:00, mem(process/total)=713.82MB/713.82MB)

Begin Static Power Report Generation
*----------------------------------------------------------------------------------------
*	Innovus 15.23-s045_1 (64bit) 04/22/2016 12:32 (Linux 2.6.18-194.el5)
*	
*
* 	Date & Time:	2026-Mar-06 16:41:23 (2026-Mar-07 00:41:23 GMT)
*
*----------------------------------------------------------------------------------------
*
*	Design: sram_160b_w16
*
*	Liberty Libraries used:
*	        WC_VIEW: /home/linux/ieng6/ECE260B_WI26_A00/public/PDKdata/lib/tcbn65gpluswc.lib
*
*	Power Domain used:
*		Rail:        VDD 	Voltage:        0.9
*
*	Power Units = 1mW
*
*	Time Units = 1e-09 secs
*
*       report_power -leakage
*
-----------------------------------------------------------------------------------------


Total Power
-----------------------------------------------------------------------------------------
Total Leakage Power:         0.16997774
-----------------------------------------------------------------------------------------


Group                           Leakage       Percentage 
                                Power         (%)        
-----------------------------------------------------------------------------------------
Sequential                        0.1477        86.9
Macro                                  0           0
IO                                     0           0
Combinational                    0.02226        13.1
Clock (Combinational)                  0           0
Clock (Sequential)                     0           0
-----------------------------------------------------------------------------------------
Total                               0.17         100
-----------------------------------------------------------------------------------------


Rail                  Voltage   Leakage       Percentage 
                                Power         (%)        
-----------------------------------------------------------------------------------------
VDD                       0.9       0.17         100
 
 
-----------------------------------------------------------------------------------------
*	Power Distribution Summary: 
* 		Highest Average Power:              add_q_reg_3_ (EDFQD4): 	 0.0001156
* 		Highest Leakage Power:              add_q_reg_3_ (EDFQD4): 	 0.0001156
* 		Total Cap: 	2.62059e-11 F
* 		Total instances in design:  4384
* 		Total instances in design with no power:     0
*                Total instances in design with no activty:     0

* 		Total Fillers and Decap:     0
-----------------------------------------------------------------------------------------
 
Total leakage power = 0.169978 mW
Cell usage statistics:  
Library tcbn65gpluswc , 4384 cells ( 100.000000%) , 0.169978 mW ( 100.000000% ) 
Ended Static Power Report Generation: (cpu=0:00:00, real=0:00:00,
mem(process/total)=713.84MB/713.84MB)

OptMgr: Optimization mode is pre-route
OptMgr: current WNS: -7.608 ns
OptMgr: Using aggressive mode for Force Mode

Design leakage power (state independent) = 0.162 mW
Resizable instances =   4384 (100.0%), leakage = 0.162 mW (100.0%)
Leakage power distribution among resizable instances:
 Total LVT =    236 ( 5.4%), lkg = 0.005 mW ( 3.4%)
   -ve slk =    236 ( 5.4%), lkg = 0.005 mW ( 3.4%)
 Total MVT =      0 ( 0.0%), lkg = 0.000 mW ( 0.0%)
   -ve slk =      0 ( 0.0%), lkg = 0.000 mW ( 0.0%)
 Total HVT =   4148 (94.6%), lkg = 0.157 mW (96.6%)
   -ve slk =   4147 (94.6%), lkg = 0.157 mW (96.6%)

OptMgr: Begin forced downsizing
OptMgr: 237 instances resized in force mode
OptMgr: Updating timing
OptMgr: Design WNS: -14.113 ns
OptMgr: 67 (28%) instances reverted to original cell
OptMgr: Updating timing
OptMgr: Design WNS: -7.675 ns

Design leakage power (state independent) = 0.161 mW
Resizable instances =   4384 (100.0%), leakage = 0.161 mW (100.0%)
Leakage power distribution among resizable instances:
 Total LVT =    158 ( 3.6%), lkg = 0.004 mW ( 2.2%)
   -ve slk =    158 ( 3.6%), lkg = 0.004 mW ( 2.2%)
 Total MVT =      0 ( 0.0%), lkg = 0.000 mW ( 0.0%)
   -ve slk =      0 ( 0.0%), lkg = 0.000 mW ( 0.0%)
 Total HVT =   4226 (96.4%), lkg = 0.158 mW (97.8%)
   -ve slk =   4225 (96.4%), lkg = 0.158 mW (97.8%)


Summary: cell sizing

 170 instances changed cell type

                       UpSize    DownSize   SameSize   Total
                       ------    --------   --------   -----
    Sequential            0          0          0          0
 Combinational            0          0        170        170

   31 instances changed cell type from       AN4XD1   to      AN4D0
    4 instances changed cell type from      AOI22D1   to    AOI22D0
    1 instances changed cell type from      CKND2D1   to    CKND2D0
    1 instances changed cell type from       INR2D1   to     INR2D0
    1 instances changed cell type from      INR2XD0   to     INR2D0
    6 instances changed cell type from        INVD1   to      CKND0
   24 instances changed cell type from        ND2D1   to    CKND2D0
   84 instances changed cell type from        ND2D2   to    CKND2D2
    2 instances changed cell type from        ND3D1   to      ND3D0
    1 instances changed cell type from        NR2D1   to     NR2XD0
   13 instances changed cell type from        NR2D2   to     NR2XD1
    2 instances changed cell type from        NR2D8   to     NR2XD4
  checkSum: 170



Begin Power Analysis

    0.00V	    VSS
    0.90V	    VDD

Begin Processing Timing Library for Power Calculation

Begin Processing Timing Library for Power Calculation



Begin Processing Power Net/Grid for Power Calculation

Ended Processing Power Net/Grid for Power Calculation: (cpu=0:00:00, real=0:00:00, mem(process/total)=720.70MB/720.70MB)

Begin Processing Timing Window Data for Power Calculation

Ended Processing Timing Window Data for Power Calculation: (cpu=0:00:00, real=0:00:00, mem(process/total)=720.70MB/720.70MB)

Begin Processing User Attributes

Ended Processing User Attributes: (cpu=0:00:00, real=0:00:00, mem(process/total)=720.70MB/720.70MB)

Begin Processing Signal Activity


Starting Levelizing
2026-Mar-06 16:41:24 (2026-Mar-07 00:41:24 GMT)
2026-Mar-06 16:41:24 (2026-Mar-07 00:41:24 GMT): 10%
2026-Mar-06 16:41:24 (2026-Mar-07 00:41:24 GMT): 20%
2026-Mar-06 16:41:24 (2026-Mar-07 00:41:24 GMT): 30%
2026-Mar-06 16:41:24 (2026-Mar-07 00:41:24 GMT): 40%
2026-Mar-06 16:41:24 (2026-Mar-07 00:41:24 GMT): 50%
2026-Mar-06 16:41:24 (2026-Mar-07 00:41:24 GMT): 60%
2026-Mar-06 16:41:24 (2026-Mar-07 00:41:24 GMT): 70%
2026-Mar-06 16:41:24 (2026-Mar-07 00:41:24 GMT): 80%
2026-Mar-06 16:41:24 (2026-Mar-07 00:41:24 GMT): 90%

Finished Levelizing
2026-Mar-06 16:41:24 (2026-Mar-07 00:41:24 GMT)

Starting Activity Propagation
2026-Mar-06 16:41:24 (2026-Mar-07 00:41:24 GMT)
2026-Mar-06 16:41:24 (2026-Mar-07 00:41:24 GMT): 10%

Finished Activity Propagation
2026-Mar-06 16:41:25 (2026-Mar-07 00:41:25 GMT)
Ended Processing Signal Activity: (cpu=0:00:00, real=0:00:00, mem(process/total)=720.70MB/720.70MB)

Begin Power Computation

      ----------------------------------------------------------
      # of cell(s) missing both power/leakage table: 0
      # of cell(s) missing power table: 0
      # of cell(s) missing leakage table: 0
      # of MSMV cell(s) missing power_level: 0
      ----------------------------------------------------------



Starting Calculating power
2026-Mar-06 16:41:25 (2026-Mar-07 00:41:25 GMT)
 ... Calculating leakage power
2026-Mar-06 16:41:25 (2026-Mar-07 00:41:25 GMT): 10%
2026-Mar-06 16:41:25 (2026-Mar-07 00:41:25 GMT): 20%
2026-Mar-06 16:41:25 (2026-Mar-07 00:41:25 GMT): 30%
2026-Mar-06 16:41:25 (2026-Mar-07 00:41:25 GMT): 40%

Finished Calculating power
2026-Mar-06 16:41:25 (2026-Mar-07 00:41:25 GMT)
Ended Power Computation: (cpu=0:00:00, real=0:00:00, mem(process/total)=720.70MB/720.70MB)

Begin Processing User Attributes

Ended Processing User Attributes: (cpu=0:00:00, real=0:00:00, mem(process/total)=720.70MB/720.70MB)

Ended Power Analysis: (cpu=0:00:00, real=0:00:00, mem(process/total)=720.70MB/720.70MB)

Begin Static Power Report Generation
*----------------------------------------------------------------------------------------
*	Innovus 15.23-s045_1 (64bit) 04/22/2016 12:32 (Linux 2.6.18-194.el5)
*	
*
* 	Date & Time:	2026-Mar-06 16:41:25 (2026-Mar-07 00:41:25 GMT)
*
*----------------------------------------------------------------------------------------
*
*	Design: sram_160b_w16
*
*	Liberty Libraries used:
*	        WC_VIEW: /home/linux/ieng6/ECE260B_WI26_A00/public/PDKdata/lib/tcbn65gpluswc.lib
*
*	Power Domain used:
*		Rail:        VDD 	Voltage:        0.9
*
*	Power Units = 1mW
*
*	Time Units = 1e-09 secs
*
*       report_power -leakage
*
-----------------------------------------------------------------------------------------


Total Power
-----------------------------------------------------------------------------------------
Total Leakage Power:         0.16776510
-----------------------------------------------------------------------------------------


Group                           Leakage       Percentage 
                                Power         (%)        
-----------------------------------------------------------------------------------------
Sequential                        0.1477       88.05
Macro                                  0           0
IO                                     0           0
Combinational                    0.02005       11.95
Clock (Combinational)                  0           0
Clock (Sequential)                     0           0
-----------------------------------------------------------------------------------------
Total                             0.1678         100
-----------------------------------------------------------------------------------------


Rail                  Voltage   Leakage       Percentage 
                                Power         (%)        
-----------------------------------------------------------------------------------------
VDD                       0.9     0.1678         100
 
 
-----------------------------------------------------------------------------------------
*	Power Distribution Summary: 
* 		Highest Average Power:              add_q_reg_3_ (EDFQD4): 	 0.0001156
* 		Highest Leakage Power:              add_q_reg_3_ (EDFQD4): 	 0.0001156
* 		Total Cap: 	2.60591e-11 F
* 		Total instances in design:  4384
* 		Total instances in design with no power:     0
*                Total instances in design with no activty:     0

* 		Total Fillers and Decap:     0
-----------------------------------------------------------------------------------------
 
Total leakage power = 0.167765 mW
Cell usage statistics:  
Library tcbn65gpluswc , 4384 cells ( 100.000000%) , 0.167765 mW ( 100.000000% ) 
Ended Static Power Report Generation: (cpu=0:00:00, real=0:00:00,
mem(process/total)=720.70MB/720.70MB)

OptMgr: Leakage power optimization took: 2 seconds
OptMgr: End leakage power optimization
The useful skew maximum allowed delay is: 0.2
**INFO: Num dontuse cells 97, Num usable cells 750
optDesignOneStep: Leakage Power Flow
**INFO: Num dontuse cells 97, Num usable cells 750
Info: 1 clock net  excluded from IPO operation.
*info: There are 18 candidate Buffer cells
*info: There are 18 candidate Inverter cells
Innovus terminated by external (TERM) signal.
