###############################################################
#  Generated by:      Cadence Innovus 15.23-s045_1
#  OS:                Linux x86_64(Host ID ieng6-ece-20.ucsd.edu)
#  Generated on:      Sat Mar  7 15:15:51 2026
#  Design:            sram_160b_w16
#  Command:           report_timing -max_paths 5 > ${design}.post_route.timing.rpt
###############################################################
Path 1: VIOLATED Late External Delay Assertion 
Endpoint:   Q[18]          (^) checked with  leading edge of 'CLK'
Beginpoint: add_q_reg_2_/Q (v) triggered by  leading edge of 'CLK'
Path Groups: {CLK}
Analysis View: WC_VIEW
Other End Arrival Time          0.000
- External Delay                0.100
+ Phase Shift                   1.000
+ CPPR Adjustment               0.000
= Required Time                 0.900
- Arrival Time                  0.963
= Slack Time                   -0.063
     Clock Rise Edge                 0.000
     + Clock Network Latency (Prop)  0.153
     = Beginpoint Arrival Time       0.153
     +--------------------------------------------------------------------+ 
     |   Instance   |     Arc      |  Cell   | Delay | Arrival | Required | 
     |              |              |         |       |  Time   |   Time   | 
     |--------------+--------------+---------+-------+---------+----------| 
     | add_q_reg_2_ | CP ^         |         |       |   0.153 |    0.090 | 
     | add_q_reg_2_ | CP ^ -> Q v  | EDFQD4  | 0.147 |   0.300 |    0.237 | 
     | FE_RC_6_0    | A1 v -> ZN v | IND2D4  | 0.059 |   0.359 |    0.296 | 
     | FE_RC_15_0   | A1 v -> ZN v | IND2D4  | 0.072 |   0.431 |    0.367 | 
     | FE_RC_16_0   | I v -> ZN ^  | CKND16  | 0.136 |   0.567 |    0.503 | 
     | U2658        | B1 ^ -> ZN v | AOI22D2 | 0.273 |   0.839 |    0.776 | 
     | U2277        | A2 v -> Z v  | AN4D2   | 0.087 |   0.926 |    0.863 | 
     | U2661        | A2 v -> ZN ^ | ND2D3   | 0.036 |   0.962 |    0.899 | 
     |              | Q[18] ^      |         | 0.001 |   0.963 |    0.900 | 
     +--------------------------------------------------------------------+ 
Path 2: VIOLATED Late External Delay Assertion 
Endpoint:   Q[6]           (^) checked with  leading edge of 'CLK'
Beginpoint: add_q_reg_2_/Q (v) triggered by  leading edge of 'CLK'
Path Groups: {CLK}
Analysis View: WC_VIEW
Other End Arrival Time          0.000
- External Delay                0.100
+ Phase Shift                   1.000
+ CPPR Adjustment               0.000
= Required Time                 0.900
- Arrival Time                  0.962
= Slack Time                   -0.062
     Clock Rise Edge                 0.000
     + Clock Network Latency (Prop)  0.153
     = Beginpoint Arrival Time       0.153
     +--------------------------------------------------------------------+ 
     |   Instance   |     Arc      |  Cell   | Delay | Arrival | Required | 
     |              |              |         |       |  Time   |   Time   | 
     |--------------+--------------+---------+-------+---------+----------| 
     | add_q_reg_2_ | CP ^         |         |       |   0.153 |    0.091 | 
     | add_q_reg_2_ | CP ^ -> Q v  | EDFQD4  | 0.147 |   0.300 |    0.238 | 
     | FE_RC_6_0    | A1 v -> ZN v | IND2D4  | 0.059 |   0.359 |    0.296 | 
     | FE_RC_15_0   | A1 v -> ZN v | IND2D4  | 0.072 |   0.431 |    0.368 | 
     | FE_RC_16_0   | I v -> ZN ^  | CKND16  | 0.136 |   0.567 |    0.504 | 
     | U3396        | B1 ^ -> ZN v | AOI22D2 | 0.282 |   0.849 |    0.786 | 
     | U2261        | A2 v -> Z v  | AN4D4   | 0.083 |   0.932 |    0.870 | 
     | U3399        | A2 v -> ZN ^ | ND2D2   | 0.030 |   0.962 |    0.900 | 
     |              | Q[6] ^       |         | 0.000 |   0.962 |    0.900 | 
     +--------------------------------------------------------------------+ 
Path 3: VIOLATED Late External Delay Assertion 
Endpoint:   Q[0]           (^) checked with  leading edge of 'CLK'
Beginpoint: add_q_reg_2_/Q (v) triggered by  leading edge of 'CLK'
Path Groups: {CLK}
Analysis View: WC_VIEW
Other End Arrival Time          0.000
- External Delay                0.100
+ Phase Shift                   1.000
+ CPPR Adjustment               0.000
= Required Time                 0.900
- Arrival Time                  0.960
= Slack Time                   -0.060
     Clock Rise Edge                 0.000
     + Clock Network Latency (Prop)  0.153
     = Beginpoint Arrival Time       0.153
     +--------------------------------------------------------------------+ 
     |   Instance   |     Arc      |  Cell   | Delay | Arrival | Required | 
     |              |              |         |       |  Time   |   Time   | 
     |--------------+--------------+---------+-------+---------+----------| 
     | add_q_reg_2_ | CP ^         |         |       |   0.153 |    0.093 | 
     | add_q_reg_2_ | CP ^ -> Q v  | EDFQD4  | 0.147 |   0.300 |    0.240 | 
     | FE_RC_6_0    | A1 v -> ZN v | IND2D4  | 0.059 |   0.359 |    0.298 | 
     | FE_RC_15_0   | A1 v -> ZN v | IND2D4  | 0.072 |   0.431 |    0.370 | 
     | FE_RC_16_0   | I v -> ZN ^  | CKND16  | 0.136 |   0.567 |    0.506 | 
     | U3439        | B1 ^ -> ZN v | AOI22D2 | 0.276 |   0.842 |    0.782 | 
     | U2591        | A2 v -> Z v  | AN4D2   | 0.086 |   0.928 |    0.868 | 
     | U1915        | A2 v -> ZN ^ | ND2D3   | 0.032 |   0.960 |    0.899 | 
     |              | Q[0] ^       |         | 0.001 |   0.960 |    0.900 | 
     +--------------------------------------------------------------------+ 
Path 4: VIOLATED Late External Delay Assertion 
Endpoint:   Q[9]           (^) checked with  leading edge of 'CLK'
Beginpoint: add_q_reg_2_/Q (v) triggered by  leading edge of 'CLK'
Path Groups: {CLK}
Analysis View: WC_VIEW
Other End Arrival Time          0.000
- External Delay                0.100
+ Phase Shift                   1.000
+ CPPR Adjustment               0.000
= Required Time                 0.900
- Arrival Time                  0.960
= Slack Time                   -0.060
     Clock Rise Edge                 0.000
     + Clock Network Latency (Prop)  0.153
     = Beginpoint Arrival Time       0.153
     +--------------------------------------------------------------------+ 
     |   Instance   |     Arc      |  Cell   | Delay | Arrival | Required | 
     |              |              |         |       |  Time   |   Time   | 
     |--------------+--------------+---------+-------+---------+----------| 
     | add_q_reg_2_ | CP ^         |         |       |   0.153 |    0.093 | 
     | add_q_reg_2_ | CP ^ -> Q v  | EDFQD4  | 0.147 |   0.300 |    0.240 | 
     | FE_RC_6_0    | A1 v -> ZN v | IND2D4  | 0.059 |   0.359 |    0.298 | 
     | FE_RC_15_0   | A1 v -> ZN v | IND2D4  | 0.072 |   0.431 |    0.370 | 
     | FE_RC_16_0   | I v -> ZN ^  | CKND16  | 0.136 |   0.567 |    0.506 | 
     | U3373        | B1 ^ -> ZN v | AOI22D2 | 0.270 |   0.837 |    0.776 | 
     | U3375        | A2 v -> Z v  | AN4D2   | 0.086 |   0.923 |    0.863 | 
     | U2604        | A2 v -> ZN ^ | ND2D3   | 0.036 |   0.959 |    0.899 | 
     |              | Q[9] ^       |         | 0.001 |   0.960 |    0.900 | 
     +--------------------------------------------------------------------+ 
Path 5: VIOLATED Late External Delay Assertion 
Endpoint:   Q[28]          (^) checked with  leading edge of 'CLK'
Beginpoint: add_q_reg_2_/Q (v) triggered by  leading edge of 'CLK'
Path Groups: {CLK}
Analysis View: WC_VIEW
Other End Arrival Time          0.000
- External Delay                0.100
+ Phase Shift                   1.000
+ CPPR Adjustment               0.000
= Required Time                 0.900
- Arrival Time                  0.959
= Slack Time                   -0.059
     Clock Rise Edge                 0.000
     + Clock Network Latency (Prop)  0.153
     = Beginpoint Arrival Time       0.153
     +--------------------------------------------------------------------+ 
     |   Instance   |     Arc      |  Cell   | Delay | Arrival | Required | 
     |              |              |         |       |  Time   |   Time   | 
     |--------------+--------------+---------+-------+---------+----------| 
     | add_q_reg_2_ | CP ^         |         |       |   0.153 |    0.094 | 
     | add_q_reg_2_ | CP ^ -> Q v  | EDFQD4  | 0.147 |   0.300 |    0.241 | 
     | FE_RC_6_0    | A1 v -> ZN v | IND2D4  | 0.059 |   0.359 |    0.299 | 
     | FE_RC_15_0   | A1 v -> ZN v | IND2D4  | 0.072 |   0.431 |    0.371 | 
     | FE_RC_16_0   | I v -> ZN ^  | CKND16  | 0.136 |   0.567 |    0.507 | 
     | U3661        | B1 ^ -> ZN v | AOI22D2 | 0.266 |   0.833 |    0.773 | 
     | U2288        | A2 v -> Z v  | AN4D2   | 0.084 |   0.916 |    0.857 | 
     | U1874        | A2 v -> ZN ^ | ND2D3   | 0.042 |   0.958 |    0.899 | 
     |              | Q[28] ^      |         | 0.001 |   0.959 |    0.900 | 
     +--------------------------------------------------------------------+ 

