###############################################################
#  Generated by:      Cadence Innovus 15.23-s045_1
#  OS:                Linux x86_64(Host ID ieng6-ece-20.ucsd.edu)
#  Generated on:      Tue Mar 10 18:08:06 2026
#  Design:            fullchip
#  Command:           report_timing -max_paths 5 > ${design}.post_route.timing.rpt
###############################################################
Path 1: VIOLATED Late External Delay Assertion 
Endpoint:   out[77]                                                           
(v) checked with  leading edge of 'clk'
Beginpoint: core_instance/ofifo_inst/col_idx_3__fifo_instance/rd_ptr_reg_0_/Q 
(^) triggered by  leading edge of 'clk'
Path Groups: {clk}
Analysis View: WC_VIEW
Other End Arrival Time          0.000
- External Delay                0.100
+ Phase Shift                   1.000
+ CPPR Adjustment               0.000
= Required Time                 0.900
- Arrival Time                  1.808
= Slack Time                   -0.908
     Clock Rise Edge                 0.000
     + Clock Network Latency (Prop)  1.051
     = Beginpoint Arrival Time       1.051
     +-----------------------------------------------------------------------------------------------------------+ 
     |                      Instance                      |     Arc      |   Cell   | Delay | Arrival | Required | 
     |                                                    |              |          |       |  Time   |   Time   | 
     |----------------------------------------------------+--------------+----------+-------+---------+----------| 
     | core_instance/ofifo_inst/col_idx_3__fifo_instance/ | CP ^         |          |       |   1.051 |    0.142 | 
     | rd_ptr_reg_0_                                      |              |          |       |         |          | 
     | core_instance/ofifo_inst/col_idx_3__fifo_instance/ | CP ^ -> Q ^  | DFCND4   | 0.216 |   1.267 |    0.358 | 
     | rd_ptr_reg_0_                                      |              |          |       |         |          | 
     | core_instance/ofifo_inst/col_idx_3__fifo_instance/ | I ^ -> ZN v  | INVD16   | 0.049 |   1.316 |    0.408 | 
     | FE_OFC2000_rd_ptr_0_                               |              |          |       |         |          | 
     | core_instance/ofifo_inst/col_idx_3__fifo_instance/ | I v -> ZN ^  | CKND16   | 0.055 |   1.371 |    0.463 | 
     | FE_OCPC6059_FE_OFN2000_rd_ptr_0_                   |              |          |       |         |          | 
     | core_instance/ofifo_inst/col_idx_3__fifo_instance/ | S ^ -> Z v   | MUX2D1   | 0.085 |   1.456 |    0.548 | 
     | fifo_mux_16_1a/mux_8_1a/fifo_mux_2_1d/U20          |              |          |       |         |          | 
     | core_instance/ofifo_inst/col_idx_3__fifo_instance/ | B1 v -> ZN v | MOAI22D1 | 0.063 |   1.519 |    0.611 | 
     | fifo_mux_16_1a/mux_8_1a/fifo_mux_2_1f/FE_RC_14474_ |              |          |       |         |          | 
     | 0                                                  |              |          |       |         |          | 
     | core_instance/ofifo_inst/col_idx_3__fifo_instance/ | A1 v -> ZN ^ | ND2D2    | 0.025 |   1.545 |    0.636 | 
     | fifo_mux_16_1a/mux_8_1a/fifo_mux_2_1g/FE_RC_13357_ |              |          |       |         |          | 
     | 0                                                  |              |          |       |         |          | 
     | core_instance/ofifo_inst/col_idx_3__fifo_instance/ | A1 ^ -> ZN v | CKND2D2  | 0.025 |   1.570 |    0.661 | 
     | fifo_mux_16_1a/mux_8_1a/fifo_mux_2_1g/FE_RC_13356_ |              |          |       |         |          | 
     | 0                                                  |              |          |       |         |          | 
     | core_instance/ofifo_inst/col_idx_3__fifo_instance/ | A1 v -> ZN ^ | ND2D2    | 0.021 |   1.591 |    0.682 | 
     | fifo_mux_16_1a/mux_2_1a/FE_RC_18061_0              |              |          |       |         |          | 
     | core_instance/ofifo_inst/col_idx_3__fifo_instance/ | A2 ^ -> ZN v | CKND2D3  | 0.031 |   1.622 |    0.714 | 
     | fifo_mux_16_1a/mux_2_1a/FE_RC_18059_0              |              |          |       |         |          | 
     | core_instance/FE_OCPC5152_pmem_in_77_              | I v -> Z v   | BUFFD16  | 0.053 |   1.675 |    0.767 | 
     | core_instance/FE_RC_15571_0                        | A1 v -> ZN ^ | ND2D8    | 0.039 |   1.714 |    0.806 | 
     | core_instance/FE_RC_15570_0                        | A1 ^ -> ZN v | ND2D8    | 0.091 |   1.805 |    0.897 | 
     |                                                    | out[77] v    |          | 0.003 |   1.808 |    0.900 | 
     +-----------------------------------------------------------------------------------------------------------+ 
Path 2: VIOLATED Late External Delay Assertion 
Endpoint:   out[132]                                                          
(^) checked with  leading edge of 'clk'
Beginpoint: core_instance/ofifo_inst/col_idx_6__fifo_instance/rd_ptr_reg_0_/Q 
(v) triggered by  leading edge of 'clk'
Path Groups: {clk}
Analysis View: WC_VIEW
Other End Arrival Time          0.000
- External Delay                0.100
+ Phase Shift                   1.000
+ CPPR Adjustment               0.000
= Required Time                 0.900
- Arrival Time                  1.807
= Slack Time                   -0.907
     Clock Rise Edge                 0.000
     + Clock Network Latency (Prop)  0.932
     = Beginpoint Arrival Time       0.932
     +-----------------------------------------------------------------------------------------------------------+ 
     |                      Instance                      |     Arc      |   Cell   | Delay | Arrival | Required | 
     |                                                    |              |          |       |  Time   |   Time   | 
     |----------------------------------------------------+--------------+----------+-------+---------+----------| 
     | core_instance/ofifo_inst/col_idx_6__fifo_instance/ | CP ^         |          |       |   0.932 |    0.025 | 
     | rd_ptr_reg_0_                                      |              |          |       |         |          | 
     | core_instance/ofifo_inst/col_idx_6__fifo_instance/ | CP ^ -> Q v  | DFCND1   | 0.168 |   1.100 |    0.193 | 
     | rd_ptr_reg_0_                                      |              |          |       |         |          | 
     | core_instance/ofifo_inst/col_idx_6__fifo_instance/ | I v -> ZN ^  | INVD2    | 0.042 |   1.142 |    0.235 | 
     | FE_RC_4276_0                                       |              |          |       |         |          | 
     | core_instance/ofifo_inst/col_idx_6__fifo_instance/ | I ^ -> ZN v  | CKND12   | 0.046 |   1.188 |    0.281 | 
     | FE_OFC2658_rd_ptr_0_                               |              |          |       |         |          | 
     | core_instance/ofifo_inst/col_idx_6__fifo_instance/ | I v -> Z v   | BUFFD16  | 0.082 |   1.270 |    0.363 | 
     | fifo_mux_16_1a/FE_OFC2662_rd_ptr_0_                |              |          |       |         |          | 
     | core_instance/ofifo_inst/col_idx_6__fifo_instance/ | S v -> Z ^   | MUX2D4   | 0.085 |   1.355 |    0.448 | 
     | fifo_mux_16_1a/mux_8_1b/fifo_mux_2_1a/U3           |              |          |       |         |          | 
     | core_instance/ofifo_inst/col_idx_6__fifo_instance/ | I ^ -> ZN v  | INVD1    | 0.018 |   1.373 |    0.466 | 
     | fifo_mux_16_1a/mux_8_1b/fifo_mux_2_1e/FE_RC_3253_0 |              |          |       |         |          | 
     | core_instance/ofifo_inst/col_idx_6__fifo_instance/ | A1 v -> ZN ^ | MOAI22D1 | 0.040 |   1.413 |    0.506 | 
     | fifo_mux_16_1a/mux_8_1b/fifo_mux_2_1e/FE_RC_3252_0 |              |          |       |         |          | 
     | core_instance/ofifo_inst/col_idx_6__fifo_instance/ | I0 ^ -> Z ^  | MUX2D2   | 0.089 |   1.502 |    0.595 | 
     | fifo_mux_16_1a/mux_8_1b/fifo_mux_2_1g/U4           |              |          |       |         |          | 
     | core_instance/ofifo_inst/col_idx_6__fifo_instance/ | A1 ^ -> ZN ^ | IOA21D2  | 0.072 |   1.574 |    0.667 | 
     | fifo_mux_16_1a/mux_2_1a/FE_RC_19586_0              |              |          |       |         |          | 
     | core_instance/FE_OCPC4645_pmem_in_132_             | I ^ -> Z ^   | BUFFD16  | 0.073 |   1.647 |    0.740 | 
     | core_instance/U184                                 | I0 ^ -> Z ^  | MUX2D4   | 0.157 |   1.804 |    0.897 | 
     |                                                    | out[132] ^   |          | 0.003 |   1.807 |    0.900 | 
     +-----------------------------------------------------------------------------------------------------------+ 
Path 3: VIOLATED Late External Delay Assertion 
Endpoint:   out[111]                                                          
(v) checked with  leading edge of 'clk'
Beginpoint: core_instance/ofifo_inst/col_idx_5__fifo_instance/rd_ptr_reg_0_/Q 
(^) triggered by  leading edge of 'clk'
Path Groups: {clk}
Analysis View: WC_VIEW
Other End Arrival Time          0.000
- External Delay                0.100
+ Phase Shift                   1.000
+ CPPR Adjustment               0.000
= Required Time                 0.900
- Arrival Time                  1.807
= Slack Time                   -0.907
     Clock Rise Edge                 0.000
     + Clock Network Latency (Prop)  1.044
     = Beginpoint Arrival Time       1.044
     +-----------------------------------------------------------------------------------------------------------+ 
     |                      Instance                      |     Arc      |   Cell   | Delay | Arrival | Required | 
     |                                                    |              |          |       |  Time   |   Time   | 
     |----------------------------------------------------+--------------+----------+-------+---------+----------| 
     | core_instance/ofifo_inst/col_idx_5__fifo_instance/ | CP ^         |          |       |   1.044 |    0.138 | 
     | rd_ptr_reg_0_                                      |              |          |       |         |          | 
     | core_instance/ofifo_inst/col_idx_5__fifo_instance/ | CP ^ -> Q ^  | DFCND4   | 0.214 |   1.258 |    0.351 | 
     | rd_ptr_reg_0_                                      |              |          |       |         |          | 
     | core_instance/ofifo_inst/col_idx_5__fifo_instance/ | I ^ -> ZN v  | INVD16   | 0.046 |   1.304 |    0.397 | 
     | FE_OFC2116_rd_ptr_0_                               |              |          |       |         |          | 
     | core_instance/ofifo_inst/col_idx_5__fifo_instance/ | I v -> ZN ^  | CKND16   | 0.055 |   1.359 |    0.452 | 
     | fifo_mux_16_1a/FE_OCPC6051_FE_OFN2116_rd_ptr_0_    |              |          |       |         |          | 
     | core_instance/ofifo_inst/col_idx_5__fifo_instance/ | S ^ -> Z v   | MUX2D1   | 0.081 |   1.440 |    0.533 | 
     | fifo_mux_16_1a/mux_8_1b/fifo_mux_2_1d/U7           |              |          |       |         |          | 
     | core_instance/ofifo_inst/col_idx_5__fifo_instance/ | B1 v -> ZN v | MOAI22D1 | 0.068 |   1.508 |    0.602 | 
     | fifo_mux_16_1a/mux_8_1b/fifo_mux_2_1f/FE_RC_19228_ |              |          |       |         |          | 
     | 0                                                  |              |          |       |         |          | 
     | core_instance/ofifo_inst/col_idx_5__fifo_instance/ | A1 v -> ZN ^ | ND2D2    | 0.037 |   1.545 |    0.639 | 
     | fifo_mux_16_1a/mux_8_1b/fifo_mux_2_1g/FE_RC_3161_0 |              |          |       |         |          | 
     | core_instance/ofifo_inst/col_idx_5__fifo_instance/ | A1 ^ -> ZN v | CKND2D4  | 0.033 |   1.578 |    0.672 | 
     | fifo_mux_16_1a/mux_8_1b/fifo_mux_2_1g/FE_RC_19072_ |              |          |       |         |          | 
     | 0                                                  |              |          |       |         |          | 
     | core_instance/ofifo_inst/col_idx_5__fifo_instance/ | A1 v -> ZN ^ | ND2D4    | 0.025 |   1.604 |    0.697 | 
     | fifo_mux_16_1a/mux_2_1a/FE_RC_13953_0              |              |          |       |         |          | 
     | core_instance/ofifo_inst/col_idx_5__fifo_instance/ | A1 ^ -> ZN v | CKND2D8  | 0.076 |   1.679 |    0.773 | 
     | fifo_mux_16_1a/mux_2_1a/FE_RC_13952_0              |              |          |       |         |          | 
     | core_instance/FE_RC_20833_0                        | A1 v -> ZN ^ | AOI21D4  | 0.065 |   1.744 |    0.838 | 
     | core_instance/FE_RC_18569_0                        | I ^ -> ZN v  | INVD8    | 0.061 |   1.805 |    0.898 | 
     |                                                    | out[111] v   |          | 0.002 |   1.807 |    0.900 | 
     +-----------------------------------------------------------------------------------------------------------+ 
Path 4: VIOLATED Late External Delay Assertion 
Endpoint:   out[115]                                                          
(^) checked with  leading edge of 'clk'
Beginpoint: core_instance/ofifo_inst/col_idx_5__fifo_instance/rd_ptr_reg_0_/Q 
(^) triggered by  leading edge of 'clk'
Path Groups: {clk}
Analysis View: WC_VIEW
Other End Arrival Time          0.000
- External Delay                0.100
+ Phase Shift                   1.000
+ CPPR Adjustment               0.000
= Required Time                 0.900
- Arrival Time                  1.805
= Slack Time                   -0.905
     Clock Rise Edge                 0.000
     + Clock Network Latency (Prop)  1.044
     = Beginpoint Arrival Time       1.044
     +-----------------------------------------------------------------------------------------------------------+ 
     |                      Instance                      |     Arc      |   Cell   | Delay | Arrival | Required | 
     |                                                    |              |          |       |  Time   |   Time   | 
     |----------------------------------------------------+--------------+----------+-------+---------+----------| 
     | core_instance/ofifo_inst/col_idx_5__fifo_instance/ | CP ^         |          |       |   1.044 |    0.139 | 
     | rd_ptr_reg_0_                                      |              |          |       |         |          | 
     | core_instance/ofifo_inst/col_idx_5__fifo_instance/ | CP ^ -> Q ^  | DFCND4   | 0.214 |   1.258 |    0.353 | 
     | rd_ptr_reg_0_                                      |              |          |       |         |          | 
     | core_instance/ofifo_inst/col_idx_5__fifo_instance/ | I ^ -> ZN v  | INVD16   | 0.046 |   1.304 |    0.398 | 
     | FE_OFC2116_rd_ptr_0_                               |              |          |       |         |          | 
     | core_instance/ofifo_inst/col_idx_5__fifo_instance/ | I v -> ZN ^  | CKND16   | 0.055 |   1.359 |    0.453 | 
     | fifo_mux_16_1a/FE_OCPC6051_FE_OFN2116_rd_ptr_0_    |              |          |       |         |          | 
     | core_instance/ofifo_inst/col_idx_5__fifo_instance/ | I ^ -> Z ^   | BUFFD4   | 0.045 |   1.403 |    0.498 | 
     | fifo_mux_16_1a/mux_8_1a/FE_OCPC6258_FE_OFN2116_rd_ |              |          |       |         |          | 
     | ptr_0_                                             |              |          |       |         |          | 
     | core_instance/ofifo_inst/col_idx_5__fifo_instance/ | S ^ -> Z ^   | MUX2D1   | 0.049 |   1.452 |    0.547 | 
     | fifo_mux_16_1a/mux_8_1a/fifo_mux_2_1a/U5           |              |          |       |         |          | 
     | core_instance/ofifo_inst/col_idx_5__fifo_instance/ | I0 ^ -> Z ^  | CKMUX2D1 | 0.073 |   1.525 |    0.619 | 
     | fifo_mux_16_1a/mux_8_1a/fifo_mux_2_1e/U5           |              |          |       |         |          | 
     | core_instance/ofifo_inst/col_idx_5__fifo_instance/ | B1 ^ -> ZN v | IND2D1   | 0.036 |   1.560 |    0.655 | 
     | fifo_mux_16_1a/mux_8_1a/fifo_mux_2_1g/FE_RC_19122_ |              |          |       |         |          | 
     | 0                                                  |              |          |       |         |          | 
     | core_instance/ofifo_inst/col_idx_5__fifo_instance/ | B v -> ZN ^  | IOA21D2  | 0.026 |   1.586 |    0.681 | 
     | fifo_mux_16_1a/mux_8_1a/fifo_mux_2_1g/FE_RC_19121_ |              |          |       |         |          | 
     | 0                                                  |              |          |       |         |          | 
     | core_instance/ofifo_inst/col_idx_5__fifo_instance/ | B1 ^ -> ZN v | IND2D2   | 0.034 |   1.620 |    0.715 | 
     | fifo_mux_16_1a/mux_2_1a/FE_RC_14350_0              |              |          |       |         |          | 
     | core_instance/ofifo_inst/col_idx_5__fifo_instance/ | A1 v -> ZN ^ | CKND2D4  | 0.028 |   1.648 |    0.742 | 
     | fifo_mux_16_1a/mux_2_1a/FE_RC_14348_0              |              |          |       |         |          | 
     | core_instance/FE_OFC3004_pmem_in_115_              | I ^ -> Z ^   | BUFFD16  | 0.068 |   1.716 |    0.810 | 
     | core_instance/FE_RC_20048_0                        | A1 ^ -> ZN v | ND2D4    | 0.037 |   1.753 |    0.848 | 
     | core_instance/FE_RC_20047_0                        | A1 v -> ZN ^ | CKND2D8  | 0.046 |   1.799 |    0.893 | 
     |                                                    | out[115] ^   |          | 0.007 |   1.805 |    0.900 | 
     +-----------------------------------------------------------------------------------------------------------+ 
Path 5: VIOLATED Late External Delay Assertion 
Endpoint:   out[66]                                                           
(v) checked with  leading edge of 'clk'
Beginpoint: core_instance/ofifo_inst/col_idx_3__fifo_instance/rd_ptr_reg_0_/Q 
(^) triggered by  leading edge of 'clk'
Path Groups: {clk}
Analysis View: WC_VIEW
Other End Arrival Time          0.000
- External Delay                0.100
+ Phase Shift                   1.000
+ CPPR Adjustment               0.000
= Required Time                 0.900
- Arrival Time                  1.805
= Slack Time                   -0.905
     Clock Rise Edge                 0.000
     + Clock Network Latency (Prop)  1.051
     = Beginpoint Arrival Time       1.051
     +----------------------------------------------------------------------------------------------------------+ 
     |                      Instance                      |     Arc      |  Cell   | Delay | Arrival | Required | 
     |                                                    |              |         |       |  Time   |   Time   | 
     |----------------------------------------------------+--------------+---------+-------+---------+----------| 
     | core_instance/ofifo_inst/col_idx_3__fifo_instance/ | CP ^         |         |       |   1.051 |    0.146 | 
     | rd_ptr_reg_0_                                      |              |         |       |         |          | 
     | core_instance/ofifo_inst/col_idx_3__fifo_instance/ | CP ^ -> Q ^  | DFCND4  | 0.216 |   1.267 |    0.362 | 
     | rd_ptr_reg_0_                                      |              |         |       |         |          | 
     | core_instance/ofifo_inst/col_idx_3__fifo_instance/ | I ^ -> ZN v  | INVD16  | 0.049 |   1.316 |    0.411 | 
     | FE_OFC2000_rd_ptr_0_                               |              |         |       |         |          | 
     | core_instance/ofifo_inst/col_idx_3__fifo_instance/ | I v -> ZN ^  | CKND16  | 0.055 |   1.371 |    0.466 | 
     | FE_OCPC6059_FE_OFN2000_rd_ptr_0_                   |              |         |       |         |          | 
     | core_instance/ofifo_inst/col_idx_3__fifo_instance/ | S ^ -> Z v   | MUX2D1  | 0.095 |   1.466 |    0.561 | 
     | fifo_mux_16_1a/mux_8_1b/fifo_mux_2_1a/U18          |              |         |       |         |          | 
     | core_instance/ofifo_inst/col_idx_3__fifo_instance/ | B1 v -> ZN ^ | IND2D2  | 0.028 |   1.494 |    0.589 | 
     | fifo_mux_16_1a/mux_8_1b/fifo_mux_2_1e/FE_RC_13850_ |              |         |       |         |          | 
     | 0                                                  |              |         |       |         |          | 
     | core_instance/ofifo_inst/col_idx_3__fifo_instance/ | A1 ^ -> ZN v | CKND2D2 | 0.025 |   1.518 |    0.613 | 
     | fifo_mux_16_1a/mux_8_1b/fifo_mux_2_1e/FE_RC_13848_ |              |         |       |         |          | 
     | 0                                                  |              |         |       |         |          | 
     | core_instance/ofifo_inst/col_idx_3__fifo_instance/ | B1 v -> ZN ^ | IND2D2  | 0.025 |   1.543 |    0.638 | 
     | fifo_mux_16_1a/mux_8_1b/fifo_mux_2_1g/FE_RC_14079_ |              |         |       |         |          | 
     | 0                                                  |              |         |       |         |          | 
     | core_instance/ofifo_inst/col_idx_3__fifo_instance/ | A1 ^ -> ZN v | CKND2D3 | 0.030 |   1.573 |    0.668 | 
     | fifo_mux_16_1a/mux_8_1b/fifo_mux_2_1g/FE_RC_14077_ |              |         |       |         |          | 
     | 0                                                  |              |         |       |         |          | 
     | core_instance/ofifo_inst/col_idx_3__fifo_instance/ | B1 v -> ZN ^ | AOI22D4 | 0.060 |   1.633 |    0.728 | 
     | fifo_mux_16_1a/mux_2_1a/FE_RC_18570_0              |              |         |       |         |          | 
     | core_instance/ofifo_inst/col_idx_3__fifo_instance/ | I ^ -> ZN v  | INVD6   | 0.041 |   1.674 |    0.769 | 
     | fifo_mux_16_1a/mux_2_1a/FE_RC_18571_0              |              |         |       |         |          | 
     | core_instance/FE_RC_13532_0                        | A1 v -> ZN ^ | ND2D4   | 0.027 |   1.701 |    0.796 | 
     | core_instance/FE_RC_13531_0                        | A1 ^ -> ZN v | CKND2D4 | 0.025 |   1.726 |    0.821 | 
     | FE_OCPC5342_out_66_                                | I v -> Z v   | BUFFD16 | 0.052 |   1.778 |    0.874 | 
     |                                                    | out[66] v    |         | 0.026 |   1.805 |    0.900 | 
     +----------------------------------------------------------------------------------------------------------+ 

