###############################################################
#  Generated by:      Cadence Innovus 15.23-s045_1
#  OS:                Linux x86_64(Host ID ieng6-ece-02.ucsd.edu)
#  Generated on:      Fri Mar  6 02:13:27 2026
#  Design:            fullchip
#  Command:           verifyGeometry
###############################################################

SHORT: Regular Via of Net core_instance/mac_array_instance/col_idx_5__mac_col_inst/mac_8in_instance/FE_RN_365_0 & Blockage of Cell core_instance/mac_array_instance/col_idx_5__mac_col_inst/mac_8in_instance/FE_RC_459_0  ( M1 )
Bounds : ( 148.610, 448.750 ) ( 148.990, 448.850 )


SHORT: Regular Via of Net core_instance/mac_array_instance/col_idx_5__mac_col_inst/mac_8in_instance/n262 & Blockage of Cell core_instance/mac_array_instance/col_idx_5__mac_col_inst/mac_8in_instance/U12  ( M1 )
Bounds : ( 121.010, 381.150 ) ( 121.390, 381.250 )


SHORT: Regular Via of Net core_instance/mac_array_instance/col_idx_6__mac_col_inst/mac_8in_instance/DP_OP_38J7_122_4029_n1294 & Blockage of Cell core_instance/mac_array_instance/col_idx_6__mac_col_inst/mac_8in_instance/U261  ( M1 )
Bounds : ( 108.210, 320.300 ) ( 108.390, 320.400 )


SHORT: Regular Via of Net core_instance/mac_array_instance/col_idx_6__mac_col_inst/mac_8in_instance/DP_OP_38J7_122_4029_n843 & Blockage of Cell core_instance/mac_array_instance/col_idx_6__mac_col_inst/mac_8in_instance/U339  ( M1 )
Bounds : ( 73.410, 277.100 ) ( 73.590, 277.200 )


SHORT: Regular Via of Net core_instance/mac_array_instance/col_idx_7__mac_col_inst/mac_8in_instance/FE_RN_5 & Blockage of Cell core_instance/mac_array_instance/col_idx_7__mac_col_inst/mac_8in_instance/U55_dup  ( M1 )
Bounds : ( 248.810, 236.350 ) ( 249.190, 236.450 )


SHORT: Regular Via of Net core_instance/mac_array_instance/col_idx_8__mac_col_inst/mac_8in_instance/n577 & Blockage of Cell core_instance/mac_array_instance/col_idx_8__mac_col_inst/mac_8in_instance/FE_RC_4035_0  ( M1 )
Bounds : ( 252.980, 133.675 ) ( 253.220, 133.775 )


SHORT: Regular Via of Net core_instance/mac_array_instance/col_idx_8__mac_col_inst/mac_8in_instance/n512 & Blockage of Cell core_instance/mac_array_instance/col_idx_8__mac_col_inst/mac_8in_instance/FE_RC_1975_0  ( M1 )
Bounds : ( 305.210, 137.275 ) ( 305.390, 137.375 )



Begin Summary ...
  Cells       : 0
  SameNet     : 0
  Wiring      : 0
  Antenna     : 0
  Short       : 7
  Overlap     : 0
End Summary

  Total Violations : 7 Viols.
