VCD info: dumpfile fullchip_tb.vcd opened for output.
##### Q data txt reading #####
##### K data txt reading #####
##### Estimated multiplication result #####
prd @cycle 0: 00006fffa3000640000cfffa0fffe0fffea00003
prd @cycle 1: 000230000100023fffe0ffffc00002ffff00004b
prd @cycle 2: fffc6fffa50005400030fffde0000a0002cffff0
prd @cycle 3: 00005fffd000050fffe7fffabfffaffffeafffbd
prd @cycle 4: 00028ffff80004b00038fffd6fffdffffd20000b
prd @cycle 5: 0004200040ffffd0002e000250005f00024ffff6
prd @cycle 6: 0006100075fffd60001d000260002bffffefffd3
prd @cycle 7: 00004fffef0001a0000b0000000008ffff40001e
##### Qmem writing  #####
##### Kmem writing #####
##### K data loading to processor #####
##### execute #####
##### move ofifo to pmem #####
Memory write to PSUM mem add 0 00006fffa3000640000cfffa0fffe0fffea00003 
Memory write to PSUM mem add 1 000230000100023fffe0ffffc00002ffff00004b 
Memory write to PSUM mem add 2 fffc6fffa50005400030fffde0000a0002cffff0 
Memory write to PSUM mem add 3 00005fffd000050fffe7fffabfffaffffeafffbd 
Memory write to PSUM mem add 4 00028ffff80004b00038fffd6fffdffffd20000b 
Memory write to PSUM mem add 5 0004200040ffffd0002e000250005f00024ffff6 
Memory write to PSUM mem add 6 0006100075fffd60001d000260002bffffefffd3 
Memory write to PSUM mem add 7 00004fffef0001a0000b0000000008ffff40001e 
